Parameters: GAD=1 vflib=1 dir=0 label=0 lowerbound=1 fileNameGp=../../cp2016-max-common-connected-subgraph-paper/datasets/graphsdb/mcs10/m2D/m2Dr6/mcs10_m2Dr6_s50.A02 fileNameGt=../../cp2016-max-common-connected-subgraph-paper/datasets/graphsdb/mcs10/m2D/m2Dr6/mcs10_m2Dr6_s50.B02
Reading graphs...
50 :  113
50 :  113
Initializing...
maxdom : 50
D->valSize : 2500
Solving...
Blb : 2 (clique : 28)
currentSize : 28 <-- 0.094949 s
currentSize : 29 <-- 0.095616 s
currentSize : 30 <-- 0.204282 s
currentSize : 31 <-- 0.892475 s
currentSize : 32 <-- 3.667733 s

TIMEOUT
maxsize : 32
nodes : 134988565.000000
filtered : 5798869435.000000
time : 1000.000000


Display solution 

0 --> 46
5 --> 14
8 --> 7
9 --> 43
10 --> 41
11 --> 31
12 --> 25
13 --> 0
14 --> 1
16 --> 21
17 --> 29
18 --> 15
19 --> 30
20 --> 33
21 --> 32
22 --> 8
23 --> 35
24 --> 18
25 --> 12
26 --> 23
28 --> 48
29 --> 5
30 --> 45
35 --> 2
38 --> 17
39 --> 10
41 --> 22
42 --> 28
43 --> 4
44 --> 44
45 --> 19
47 --> 39
