Parameters: GAD=1 vflib=1 dir=0 label=0 lowerbound=1 fileNameGp=../../cp2016-max-common-connected-subgraph-paper/datasets/graphsdb/mcs10/m2D/m2Dr6/mcs10_m2Dr6_s50.A03 fileNameGt=../../cp2016-max-common-connected-subgraph-paper/datasets/graphsdb/mcs10/m2D/m2Dr6/mcs10_m2Dr6_s50.B03
Reading graphs...
50 :  111
50 :  109
Initializing...
maxdom : 50
D->valSize : 2500
Solving...
Blb : 2 (clique : 25)
currentSize : 25 <-- 0.095040 s
currentSize : 26 <-- 0.095387 s
currentSize : 27 <-- 0.095597 s
currentSize : 28 <-- 0.105159 s
currentSize : 29 <-- 0.132406 s
currentSize : 30 <-- 0.370752 s
currentSize : 31 <-- 58.864769 s
currentSize : 32 <-- 79.469505 s

TIMEOUT
maxsize : 32
nodes : 138011708.000000
filtered : 5975684389.000000
time : 1000.000061


Display solution 

0 --> 20
1 --> 12
2 --> 23
3 --> 39
4 --> 37
5 --> 30
6 --> 33
7 --> 16
10 --> 48
12 --> 45
13 --> 5
14 --> 2
16 --> 9
17 --> 36
18 --> 21
19 --> 42
20 --> 1
21 --> 49
24 --> 43
25 --> 15
26 --> 26
27 --> 0
28 --> 29
31 --> 4
32 --> 11
33 --> 8
38 --> 25
40 --> 6
41 --> 40
42 --> 10
45 --> 14
47 --> 19
