Parameters: GAD=1 vflib=1 dir=0 label=0 lowerbound=1 fileNameGp=../../cp2016-max-common-connected-subgraph-paper/datasets/graphsdb/mcs10/m2D/m2D/mcs10_m2D_s50.A09 fileNameGt=../../cp2016-max-common-connected-subgraph-paper/datasets/graphsdb/mcs10/m2D/m2D/mcs10_m2D_s50.B09
Reading graphs...
50 :  85
50 :  84
Initializing...
maxdom : 50
D->valSize : 2500
Solving...
Blb : 2 (clique : 25)
currentSize : 25 <-- 0.099589 s
currentSize : 28 <-- 0.099949 s
currentSize : 29 <-- 0.100018 s
currentSize : 30 <-- 0.105666 s
currentSize : 31 <-- 0.110796 s
currentSize : 32 <-- 0.112233 s
currentSize : 33 <-- 0.134236 s
currentSize : 34 <-- 29.139751 s
currentSize : 35 <-- 39.612968 s
currentSize : 36 <-- 60.053299 s

TIMEOUT
maxsize : 36
nodes : 112366170.000000
filtered : 4953531588.000000
time : 1000.000000


Display solution 

0 --> 35
2 --> 34
3 --> 6
4 --> 24
5 --> 48
9 --> 14
10 --> 37
11 --> 32
12 --> 47
14 --> 40
16 --> 30
17 --> 22
18 --> 15
20 --> 38
22 --> 12
23 --> 19
24 --> 29
25 --> 16
26 --> 45
29 --> 28
30 --> 13
31 --> 11
32 --> 2
34 --> 44
35 --> 18
36 --> 41
38 --> 42
39 --> 23
40 --> 8
42 --> 31
43 --> 25
44 --> 5
45 --> 36
46 --> 0
48 --> 33
49 --> 10
