Parameters: GAD=1 vflib=1 dir=0 label=0 lowerbound=1 fileNameGp=../../cp2016-max-common-connected-subgraph-paper/datasets/graphsdb/mcs10/rand/r005/mcs10_r005_s40.A06 fileNameGt=../../cp2016-max-common-connected-subgraph-paper/datasets/graphsdb/mcs10/rand/r005/mcs10_r005_s40.B06
Reading graphs...
40 :  79
40 :  80
Initializing...
maxdom : 40
D->valSize : 1600
Solving...
Blb : 2 (clique : 22)
currentSize : 22 <-- 0.034994 s
currentSize : 23 <-- 0.037447 s
currentSize : 24 <-- 0.044390 s
currentSize : 25 <-- 0.048650 s
currentSize : 26 <-- 1.591093 s
currentSize : 27 <-- 2.176298 s
currentSize : 28 <-- 89.869888 s

TIMEOUT
maxsize : 28
nodes : 137664935.000000
filtered : 6219936729.000000
time : 1000.000000


Display solution 

0 --> 6
4 --> 9
6 --> 20
7 --> 24
8 --> 16
11 --> 7
12 --> 32
13 --> 13
14 --> 35
15 --> 23
16 --> 34
18 --> 39
19 --> 17
20 --> 21
21 --> 37
22 --> 1
24 --> 12
25 --> 18
26 --> 36
27 --> 29
28 --> 15
29 --> 5
30 --> 2
32 --> 38
35 --> 11
36 --> 0
38 --> 8
39 --> 14
