Parameters: GAD=1 vflib=1 dir=0 label=0 lowerbound=1 fileNameGp=../../cp2016-max-common-connected-subgraph-paper/datasets/graphsdb/mcs10/rand/r01/mcs10_r01_s20.A02 fileNameGt=../../cp2016-max-common-connected-subgraph-paper/datasets/graphsdb/mcs10/rand/r01/mcs10_r01_s20.B02
Reading graphs...
20 :  38
20 :  38
Initializing...
maxdom : 20
D->valSize : 400
Solving...
Blb : 2 (clique : 10)
currentSize : 10 <-- 0.002280 s
currentSize : 11 <-- 0.003103 s
currentSize : 12 <-- 0.003132 s
currentSize : 13 <-- 0.003313 s
currentSize : 14 <-- 0.167814 s

maxsize : 14
nodes : 124449.000000
filtered : 1936315.000000
time : 0.388899


Display solution 

0 --> 11
3 --> 15
4 --> 13
5 --> 7
7 --> 4
9 --> 2
10 --> 9
11 --> 17
12 --> 3
13 --> 5
15 --> 8
16 --> 6
18 --> 18
19 --> 0
