Parameters: GAD=1 vflib=1 dir=0 label=0 lowerbound=1 fileNameGp=../../cp2016-max-common-connected-subgraph-paper/datasets/graphsdb/mcs10/rand/r02/mcs10_r02_s20.A04 fileNameGt=../../cp2016-max-common-connected-subgraph-paper/datasets/graphsdb/mcs10/rand/r02/mcs10_r02_s20.B04
Reading graphs...
20 :  69
20 :  73
Initializing...
maxdom : 20
D->valSize : 400
Solving...
Blb : 2 (clique : 8)
currentSize : 8 <-- 0.002117 s
currentSize : 9 <-- 0.002251 s
currentSize : 10 <-- 0.002950 s
currentSize : 11 <-- 0.006433 s
currentSize : 12 <-- 1.579824 s

maxsize : 12
nodes : 655906.000000
filtered : 6895789.000000
time : 1.796985


Display solution 

2 --> 9
4 --> 4
6 --> 19
7 --> 1
8 --> 2
9 --> 18
10 --> 6
11 --> 5
15 --> 14
16 --> 11
17 --> 12
19 --> 7
