Parameters: GAD=1 vflib=1 dir=0 label=0 lowerbound=1 fileNameGp=../../cp2016-max-common-connected-subgraph-paper/datasets/graphsdb/mcs10/rand/r01/mcs10_r01_s35.A00 fileNameGt=../../cp2016-max-common-connected-subgraph-paper/datasets/graphsdb/mcs10/rand/r01/mcs10_r01_s35.B00
Reading graphs...
35 :  114
35 :  116
Initializing...
maxdom : 35
D->valSize : 1225
Solving...
Blb : 2 (clique : 13)
currentSize : 13 <-- 0.021052 s
currentSize : 14 <-- 0.021182 s
currentSize : 15 <-- 0.021271 s
currentSize : 16 <-- 0.021337 s
currentSize : 17 <-- 0.021717 s
currentSize : 18 <-- 0.022923 s
currentSize : 19 <-- 0.070143 s
currentSize : 20 <-- 23.228296 s

TIMEOUT
maxsize : 20
nodes : 188671348.000000
filtered : 6056088147.000000
time : 1000.000000


Display solution 

0 --> 33
3 --> 16
4 --> 5
6 --> 11
7 --> 9
8 --> 0
9 --> 28
10 --> 23
11 --> 6
12 --> 12
14 --> 20
15 --> 30
18 --> 7
20 --> 15
21 --> 25
27 --> 32
29 --> 17
30 --> 1
31 --> 31
33 --> 24
