Parameters: GAD=1 vflib=1 dir=0 label=0 lowerbound=1 fileNameGp=../../cp2016-max-common-connected-subgraph-paper/datasets/graphsdb/mcs10/m2D/m2Dr4/mcs10_m2Dr4_s40.A01 fileNameGt=../../cp2016-max-common-connected-subgraph-paper/datasets/graphsdb/mcs10/m2D/m2Dr4/mcs10_m2Dr4_s40.B01
Reading graphs...
40 :  82
40 :  82
Initializing...
maxdom : 40
D->valSize : 1600
Solving...
Blb : 2 (clique : 20)
currentSize : 20 <-- 0.035448 s
currentSize : 21 <-- 0.035816 s
currentSize : 22 <-- 0.074626 s
currentSize : 23 <-- 0.093551 s
currentSize : 24 <-- 0.331021 s
currentSize : 25 <-- 3.116783 s
currentSize : 26 <-- 97.436699 s
currentSize : 27 <-- 483.832550 s
currentSize : 28 <-- 740.985291 s

TIMEOUT
maxsize : 28
nodes : 135882364.000000
filtered : 6565886182.000000
time : 1000.000000


Display solution 

0 --> 28
1 --> 17
2 --> 24
3 --> 19
6 --> 7
9 --> 0
10 --> 25
11 --> 14
13 --> 37
14 --> 21
15 --> 10
17 --> 33
18 --> 4
19 --> 31
20 --> 9
21 --> 38
22 --> 39
23 --> 12
24 --> 15
25 --> 2
28 --> 35
29 --> 3
30 --> 30
33 --> 11
34 --> 23
35 --> 1
37 --> 5
38 --> 8
