Parameters: GAD=1 vflib=1 dir=0 label=0 lowerbound=1 fileNameGp=../../cp2016-max-common-connected-subgraph-paper/datasets/graphsdb/mcs10/rand/r01/mcs10_r01_s35.A09 fileNameGt=../../cp2016-max-common-connected-subgraph-paper/datasets/graphsdb/mcs10/rand/r01/mcs10_r01_s35.B09
Reading graphs...
35 :  116
35 :  118
Initializing...
maxdom : 35
D->valSize : 1225
Solving...
Blb : 2 (clique : 15)
currentSize : 15 <-- 0.018919 s
currentSize : 16 <-- 0.019294 s
currentSize : 17 <-- 0.019600 s
currentSize : 18 <-- 0.066386 s
currentSize : 19 <-- 11.120147 s
currentSize : 20 <-- 372.303070 s

TIMEOUT
maxsize : 20
nodes : 200274478.000000
filtered : 5669278944.000000
time : 1000.000000


Display solution 

0 --> 26
1 --> 2
2 --> 18
3 --> 31
4 --> 32
6 --> 0
7 --> 28
10 --> 15
12 --> 6
13 --> 23
17 --> 3
19 --> 20
20 --> 33
21 --> 16
23 --> 22
24 --> 24
25 --> 5
27 --> 34
29 --> 25
30 --> 1
