Parameters: GAD=1 vflib=1 dir=0 label=0 lowerbound=1 fileNameGp=../../cp2016-max-common-connected-subgraph-paper/datasets/graphsdb/mcs10/rand/r005/mcs10_r005_s30.A00 fileNameGt=../../cp2016-max-common-connected-subgraph-paper/datasets/graphsdb/mcs10/rand/r005/mcs10_r005_s30.B00
Reading graphs...
30 :  43
30 :  44
Initializing...
maxdom : 30
D->valSize : 900
Solving...
Blb : 2 (clique : 18)
currentSize : 18 <-- 0.011207 s
currentSize : 19 <-- 0.011522 s
currentSize : 20 <-- 0.011625 s
currentSize : 21 <-- 0.012518 s
currentSize : 22 <-- 0.528567 s
currentSize : 23 <-- 2.394140 s
currentSize : 24 <-- 25.471838 s

maxsize : 24
nodes : 5186274.000000
filtered : 218134686.000000
time : 32.890663


Display solution 

0 --> 25
1 --> 5
2 --> 0
3 --> 4
4 --> 14
5 --> 10
6 --> 29
7 --> 3
8 --> 23
10 --> 6
11 --> 13
12 --> 27
13 --> 18
14 --> 24
15 --> 8
16 --> 28
19 --> 9
20 --> 1
22 --> 20
24 --> 19
26 --> 17
27 --> 7
28 --> 22
29 --> 16
