Parameters: GAD=1 vflib=1 dir=0 label=0 lowerbound=1 fileNameGp=../../cp2016-max-common-connected-subgraph-paper/datasets/graphsdb/mcs10/m2D/m2D/mcs10_m2D_s40.A00 fileNameGt=../../cp2016-max-common-connected-subgraph-paper/datasets/graphsdb/mcs10/m2D/m2D/mcs10_m2D_s40.B00
Reading graphs...
40 :  66
40 :  66
Initializing...
maxdom : 40
D->valSize : 1600
Solving...
Blb : 2 (clique : 23)
currentSize : 23 <-- 0.036149 s
currentSize : 24 <-- 0.036390 s
currentSize : 25 <-- 0.036570 s
currentSize : 26 <-- 0.041379 s
currentSize : 27 <-- 0.417539 s
currentSize : 28 <-- 0.431187 s
currentSize : 29 <-- 3.447310 s
currentSize : 30 <-- 60.788925 s

TIMEOUT
maxsize : 30
nodes : 112962382.000000
filtered : 6913427105.000000
time : 1000.000000


Display solution 

0 --> 27
1 --> 23
2 --> 30
4 --> 24
6 --> 14
8 --> 17
9 --> 3
11 --> 19
12 --> 13
14 --> 29
15 --> 38
17 --> 28
19 --> 35
20 --> 33
21 --> 21
22 --> 37
24 --> 5
25 --> 10
27 --> 0
28 --> 2
29 --> 8
30 --> 12
31 --> 32
32 --> 36
34 --> 22
35 --> 18
36 --> 9
37 --> 15
38 --> 16
39 --> 39
