Parameters: GAD=1 vflib=1 dir=0 label=0 lowerbound=1 fileNameGp=../../cp2016-max-common-connected-subgraph-paper/datasets/graphsdb/mcs10/rand/r01/mcs10_r01_s35.A08 fileNameGt=../../cp2016-max-common-connected-subgraph-paper/datasets/graphsdb/mcs10/rand/r01/mcs10_r01_s35.B08
Reading graphs...
35 :  115
35 :  115
Initializing...
maxdom : 35
D->valSize : 1225
Solving...
Blb : 2 (clique : 14)
currentSize : 14 <-- 0.019019 s
currentSize : 16 <-- 0.019157 s
currentSize : 17 <-- 0.070991 s
currentSize : 18 <-- 0.896251 s
currentSize : 19 <-- 6.224995 s
currentSize : 20 <-- 151.650208 s

TIMEOUT
maxsize : 20
nodes : 202573613.000000
filtered : 5568898459.000000
time : 1000.000000


Display solution 

0 --> 17
1 --> 29
2 --> 13
4 --> 4
6 --> 30
7 --> 33
8 --> 3
10 --> 9
12 --> 34
13 --> 27
14 --> 6
15 --> 14
17 --> 15
20 --> 28
22 --> 5
27 --> 19
29 --> 23
32 --> 8
33 --> 7
34 --> 31
