Parameters: GAD=1 vflib=1 dir=0 label=0 lowerbound=1 fileNameGp=../../cp2016-max-common-connected-subgraph-paper/datasets/graphsdb/mcs10/rand/r02/mcs10_r02_s40.A08 fileNameGt=../../cp2016-max-common-connected-subgraph-paper/datasets/graphsdb/mcs10/rand/r02/mcs10_r02_s40.B08
Reading graphs...
40 :  280
40 :  282
Initializing...
maxdom : 40
D->valSize : 1600
Solving...
Blb : 2 (clique : 12)
currentSize : 12 <-- 0.050003 s
currentSize : 13 <-- 0.050709 s
currentSize : 14 <-- 0.122875 s
currentSize : 15 <-- 3.030347 s
currentSize : 16 <-- 27.393276 s

TIMEOUT
maxsize : 16
nodes : 261846639.000000
filtered : 3047686185.000000
time : 1000.000000


Display solution 

0 --> 9
1 --> 4
5 --> 32
7 --> 12
8 --> 7
9 --> 35
12 --> 34
14 --> 17
15 --> 27
17 --> 31
24 --> 19
28 --> 21
30 --> 33
31 --> 11
32 --> 39
39 --> 5
