Parameters: GAD=1 vflib=1 dir=0 label=0 lowerbound=1 fileNameGp=../../cp2016-max-common-connected-subgraph-paper/datasets/graphsdb/mcs10/rand/r005/mcs10_r005_s35.A04 fileNameGt=../../cp2016-max-common-connected-subgraph-paper/datasets/graphsdb/mcs10/rand/r005/mcs10_r005_s35.B04
Reading graphs...
35 :  58
35 :  60
Initializing...
maxdom : 35
D->valSize : 1225
Solving...
Blb : 2 (clique : 20)
currentSize : 20 <-- 0.020742 s
currentSize : 21 <-- 0.025568 s
currentSize : 22 <-- 0.536635 s
currentSize : 23 <-- 1.976572 s
currentSize : 24 <-- 3.764534 s
currentSize : 25 <-- 54.932133 s
currentSize : 26 <-- 191.587997 s

TIMEOUT
maxsize : 26
nodes : 132285924.000000
filtered : 7678529797.000000
time : 1000.000000


Display solution 

0 --> 7
1 --> 16
2 --> 6
4 --> 1
6 --> 9
8 --> 31
9 --> 23
10 --> 5
11 --> 8
12 --> 19
13 --> 28
14 --> 14
15 --> 27
18 --> 15
20 --> 2
21 --> 20
24 --> 12
26 --> 3
27 --> 0
28 --> 29
29 --> 11
30 --> 21
31 --> 25
32 --> 24
33 --> 17
34 --> 10
