Parameters: GAD=1 vflib=1 dir=0 label=0 lowerbound=1 fileNameGp=../../cp2016-max-common-connected-subgraph-paper/datasets/graphsdb/mcs10/m2D/m2D/mcs10_m2D_s40.A09 fileNameGt=../../cp2016-max-common-connected-subgraph-paper/datasets/graphsdb/mcs10/m2D/m2D/mcs10_m2D_s40.B09
Reading graphs...
40 :  67
40 :  66
Initializing...
maxdom : 40
D->valSize : 1600
Solving...
Blb : 2 (clique : 26)
currentSize : 26 <-- 0.035892 s
currentSize : 27 <-- 0.140137 s
currentSize : 28 <-- 0.738681 s
currentSize : 29 <-- 5.244995 s
currentSize : 30 <-- 11.081179 s

TIMEOUT
maxsize : 30
nodes : 109552508.000000
filtered : 6904286068.000000
time : 1000.000000


Display solution 

0 --> 30
2 --> 11
3 --> 19
4 --> 10
5 --> 7
6 --> 25
7 --> 4
9 --> 8
10 --> 17
11 --> 18
12 --> 23
13 --> 27
14 --> 21
16 --> 31
17 --> 12
18 --> 29
19 --> 32
21 --> 20
24 --> 2
25 --> 9
29 --> 16
31 --> 24
32 --> 36
33 --> 26
34 --> 34
35 --> 28
36 --> 37
37 --> 14
38 --> 6
39 --> 15
