Parameters: GAD=1 vflib=1 dir=0 label=0 lowerbound=1 fileNameGp=../../cp2016-max-common-connected-subgraph-paper/datasets/graphsdb/mcs10/m2D/m2Dr4/mcs10_m2Dr4_s40.A04 fileNameGt=../../cp2016-max-common-connected-subgraph-paper/datasets/graphsdb/mcs10/m2D/m2Dr4/mcs10_m2Dr4_s40.B04
Reading graphs...
40 :  82
40 :  80
Initializing...
maxdom : 40
D->valSize : 1600
Solving...
Blb : 2 (clique : 20)
currentSize : 20 <-- 0.035708 s
currentSize : 21 <-- 0.035938 s
currentSize : 22 <-- 0.035991 s
currentSize : 23 <-- 0.036868 s
currentSize : 24 <-- 0.041617 s
currentSize : 25 <-- 0.120238 s
currentSize : 26 <-- 9.563572 s
currentSize : 27 <-- 9.581462 s

TIMEOUT
maxsize : 27
nodes : 134359998.000000
filtered : 6946549715.000000
time : 1000.000000


Display solution 

0 --> 13
2 --> 2
3 --> 8
4 --> 3
5 --> 18
6 --> 22
7 --> 15
8 --> 20
9 --> 34
10 --> 19
11 --> 30
12 --> 33
16 --> 14
17 --> 28
18 --> 1
19 --> 23
21 --> 39
23 --> 11
25 --> 9
26 --> 6
27 --> 7
28 --> 36
29 --> 26
30 --> 25
31 --> 4
35 --> 27
36 --> 21
