Parameters: GAD=1 vflib=1 dir=0 label=0 lowerbound=1 fileNameGp=../../cp2016-max-common-connected-subgraph-paper/datasets/graphsdb/mcs10/bvg/b03/mcs10_b03_s50.A03 fileNameGt=../../cp2016-max-common-connected-subgraph-paper/datasets/graphsdb/mcs10/bvg/b03/mcs10_b03_s50.B03
Reading graphs...
50 :  75
50 :  74
Initializing...
maxdom : 50
D->valSize : 2500
Solving...
Blb : 2 (clique : 32)
currentSize : 32 <-- 0.099174 s
currentSize : 33 <-- 0.099684 s
currentSize : 34 <-- 0.100292 s
currentSize : 35 <-- 5.014463 s
currentSize : 36 <-- 7.477366 s
currentSize : 37 <-- 30.530058 s

TIMEOUT
maxsize : 37
nodes : 107077999.000000
filtered : 6322843068.000000
time : 1000.000000


Display solution 

0 --> 8
1 --> 22
2 --> 3
3 --> 1
4 --> 15
5 --> 31
6 --> 40
8 --> 16
10 --> 0
11 --> 46
12 --> 5
14 --> 41
15 --> 33
16 --> 26
17 --> 32
18 --> 14
19 --> 21
21 --> 19
22 --> 23
24 --> 49
25 --> 28
26 --> 47
27 --> 39
28 --> 12
29 --> 35
31 --> 25
32 --> 45
33 --> 29
35 --> 30
36 --> 20
37 --> 27
41 --> 43
42 --> 42
43 --> 9
44 --> 10
45 --> 4
48 --> 38
