Parameters: GAD=1 vflib=1 dir=0 label=0 lowerbound=1 fileNameGp=../../cp2016-max-common-connected-subgraph-paper/datasets/graphsdb/mcs10/bvg/b03/mcs10_b03_s50.A05 fileNameGt=../../cp2016-max-common-connected-subgraph-paper/datasets/graphsdb/mcs10/bvg/b03/mcs10_b03_s50.B05
Reading graphs...
50 :  74
50 :  73
Initializing...
maxdom : 50
D->valSize : 2500
Solving...
Blb : 2 (clique : 29)
currentSize : 29 <-- 0.101165 s
currentSize : 30 <-- 0.101532 s
currentSize : 31 <-- 0.101555 s
currentSize : 32 <-- 0.117143 s
currentSize : 33 <-- 45.293968 s
currentSize : 34 <-- 57.395115 s
currentSize : 35 <-- 886.343750 s
currentSize : 36 <-- 886.363953 s
currentSize : 37 <-- 912.754761 s

TIMEOUT
maxsize : 37
nodes : 242677461.000000
filtered : 5326089515.000000
time : 1000.000061


Display solution 

0 --> 21
1 --> 4
2 --> 0
3 --> 34
4 --> 30
5 --> 8
7 --> 1
9 --> 49
11 --> 15
13 --> 27
14 --> 17
15 --> 14
17 --> 22
18 --> 13
19 --> 5
21 --> 44
22 --> 42
23 --> 23
24 --> 41
26 --> 26
30 --> 33
31 --> 25
32 --> 38
33 --> 6
34 --> 3
35 --> 40
36 --> 16
37 --> 11
38 --> 2
39 --> 36
40 --> 9
41 --> 24
42 --> 7
45 --> 10
46 --> 29
48 --> 46
49 --> 18
