Parameters: GAD=1 vflib=1 dir=0 label=0 lowerbound=1 fileNameGp=../../cp2016-max-common-connected-subgraph-paper/datasets/graphsdb/mcs10/m2D/m2D/mcs10_m2D_s40.A05 fileNameGt=../../cp2016-max-common-connected-subgraph-paper/datasets/graphsdb/mcs10/m2D/m2D/mcs10_m2D_s40.B05
Reading graphs...
40 :  66
40 :  67
Initializing...
maxdom : 40
D->valSize : 1600
Solving...
Blb : 2 (clique : 23)
currentSize : 23 <-- 0.036954 s
currentSize : 24 <-- 0.037226 s
currentSize : 25 <-- 0.037429 s
currentSize : 26 <-- 0.049594 s
currentSize : 27 <-- 0.058516 s
currentSize : 28 <-- 16.184229 s

TIMEOUT
maxsize : 28
nodes : 131288147.000000
filtered : 6538247878.000000
time : 1000.000000


Display solution 

0 --> 7
3 --> 31
4 --> 13
5 --> 4
6 --> 3
7 --> 5
9 --> 28
10 --> 39
12 --> 35
13 --> 11
15 --> 38
17 --> 21
18 --> 9
19 --> 16
20 --> 12
24 --> 18
26 --> 36
27 --> 10
28 --> 1
30 --> 20
32 --> 25
33 --> 22
34 --> 29
35 --> 6
36 --> 14
37 --> 15
38 --> 23
39 --> 32
