Parameters: GAD=1 vflib=1 dir=0 label=0 lowerbound=1 fileNameGp=../../cp2016-max-common-connected-subgraph-paper/datasets/graphsdb/mcs10/m2D/m2Dr6/mcs10_m2Dr6_s50.A05 fileNameGt=../../cp2016-max-common-connected-subgraph-paper/datasets/graphsdb/mcs10/m2D/m2Dr6/mcs10_m2Dr6_s50.B05
Reading graphs...
50 :  114
50 :  112
Initializing...
maxdom : 50
D->valSize : 2500
Solving...
Blb : 2 (clique : 25)
currentSize : 25 <-- 0.113682 s
currentSize : 26 <-- 0.114236 s
currentSize : 27 <-- 0.114259 s
currentSize : 28 <-- 0.114344 s
currentSize : 29 <-- 0.114761 s
currentSize : 30 <-- 0.115835 s
currentSize : 31 <-- 0.116249 s
currentSize : 32 <-- 981.856812 s

TIMEOUT
maxsize : 32
nodes : 142591641.000000
filtered : 5853313039.000000
time : 1000.000000


Display solution 

0 --> 49
1 --> 0
2 --> 22
3 --> 47
4 --> 9
6 --> 7
7 --> 40
9 --> 14
12 --> 21
13 --> 30
14 --> 33
15 --> 36
16 --> 29
17 --> 43
18 --> 38
19 --> 6
21 --> 20
22 --> 45
23 --> 24
25 --> 17
28 --> 4
29 --> 42
30 --> 2
32 --> 23
37 --> 18
38 --> 12
39 --> 10
41 --> 15
44 --> 31
45 --> 41
47 --> 8
48 --> 1
