Parameters: GAD=1 vflib=1 dir=0 label=0 lowerbound=1 fileNameGp=../../cp2016-max-common-connected-subgraph-paper/datasets/graphsdb/mcs10/rand/r005/mcs10_r005_s35.A00 fileNameGt=../../cp2016-max-common-connected-subgraph-paper/datasets/graphsdb/mcs10/rand/r005/mcs10_r005_s35.B00
Reading graphs...
35 :  60
35 :  60
Initializing...
maxdom : 35
D->valSize : 1225
Solving...
Blb : 2 (clique : 22)
currentSize : 22 <-- 0.020656 s
currentSize : 23 <-- 0.023488 s
currentSize : 24 <-- 0.661225 s
currentSize : 25 <-- 1.270005 s
currentSize : 26 <-- 1.415810 s

TIMEOUT
maxsize : 26
nodes : 131352701.000000
filtered : 6555707085.000000
time : 1000.000061


Display solution 

0 --> 22
1 --> 19
2 --> 17
3 --> 16
4 --> 0
5 --> 33
6 --> 27
7 --> 11
9 --> 13
10 --> 8
11 --> 7
12 --> 18
13 --> 34
14 --> 6
15 --> 3
17 --> 9
21 --> 15
22 --> 2
23 --> 21
24 --> 10
27 --> 14
29 --> 29
30 --> 26
31 --> 30
32 --> 25
34 --> 24
