Parameters: GAD=1 vflib=1 dir=0 label=0 lowerbound=1 fileNameGp=../../cp2016-max-common-connected-subgraph-paper/datasets/graphsdb/mcs10/m2D/m2Dr4/mcs10_m2Dr4_s50.A00 fileNameGt=../../cp2016-max-common-connected-subgraph-paper/datasets/graphsdb/mcs10/m2D/m2Dr4/mcs10_m2Dr4_s50.B00
Reading graphs...
50 :  104
50 :  103
Initializing...
maxdom : 50
D->valSize : 2500
Solving...
Blb : 2 (clique : 26)
currentSize : 26 <-- 0.096824 s
currentSize : 27 <-- 0.098028 s
currentSize : 28 <-- 0.118271 s
currentSize : 29 <-- 0.119234 s
currentSize : 30 <-- 0.258666 s
currentSize : 31 <-- 1.519719 s
currentSize : 32 <-- 29.219641 s
currentSize : 33 <-- 32.391384 s

TIMEOUT
maxsize : 33
nodes : 115731759.000000
filtered : 6277719296.000000
time : 1000.000061


Display solution 

0 --> 44
1 --> 36
4 --> 41
5 --> 39
7 --> 13
8 --> 26
9 --> 25
10 --> 21
11 --> 11
13 --> 48
15 --> 7
16 --> 2
18 --> 18
19 --> 43
23 --> 32
24 --> 5
25 --> 47
26 --> 38
31 --> 12
32 --> 15
33 --> 1
35 --> 16
36 --> 33
37 --> 29
38 --> 0
40 --> 30
41 --> 49
43 --> 23
45 --> 3
46 --> 34
47 --> 40
48 --> 24
49 --> 42
