Parameters: GAD=1 vflib=1 dir=0 label=0 lowerbound=1 fileNameGp=../../cp2016-max-common-connected-subgraph-paper/datasets/graphsdb/mcs10/rand/r01/mcs10_r01_s40.A06 fileNameGt=../../cp2016-max-common-connected-subgraph-paper/datasets/graphsdb/mcs10/rand/r01/mcs10_r01_s40.B06
Reading graphs...
40 :  151
40 :  151
Initializing...
maxdom : 40
D->valSize : 1600
Solving...
Blb : 2 (clique : 15)
currentSize : 15 <-- 0.055742 s
currentSize : 16 <-- 0.057157 s
currentSize : 17 <-- 0.064518 s
currentSize : 18 <-- 0.140345 s
currentSize : 19 <-- 0.141632 s
currentSize : 20 <-- 8.032807 s
currentSize : 21 <-- 132.200745 s

TIMEOUT
maxsize : 21
nodes : 210256125.000000
filtered : 4597335946.000000
time : 1000.000000


Display solution 

0 --> 7
1 --> 13
3 --> 0
5 --> 18
6 --> 10
8 --> 9
10 --> 17
12 --> 36
13 --> 4
14 --> 1
16 --> 35
18 --> 37
19 --> 27
20 --> 38
23 --> 20
25 --> 28
28 --> 15
30 --> 12
31 --> 16
34 --> 6
39 --> 39
