Parameters: GAD=1 vflib=1 dir=0 label=0 lowerbound=1 fileNameGp=../../cp2016-max-common-connected-subgraph-paper/datasets/graphsdb/mcs10/rand/r01/mcs10_r01_s50.A07 fileNameGt=../../cp2016-max-common-connected-subgraph-paper/datasets/graphsdb/mcs10/rand/r01/mcs10_r01_s50.B07
Reading graphs...
50 :  235
50 :  236
Initializing...
maxdom : 50
D->valSize : 2500
Solving...
Blb : 2 (clique : 16)
currentSize : 16 <-- 0.083913 s
currentSize : 18 <-- 0.084158 s
currentSize : 19 <-- 0.084185 s
currentSize : 20 <-- 0.084218 s
currentSize : 21 <-- 0.654753 s
currentSize : 22 <-- 115.661606 s
currentSize : 23 <-- 258.805450 s

TIMEOUT
maxsize : 23
nodes : 202956701.000000
filtered : 3815634537.000000
time : 1000.000000


Display solution 

0 --> 48
1 --> 18
5 --> 0
6 --> 29
7 --> 2
12 --> 42
13 --> 25
14 --> 15
19 --> 40
20 --> 23
21 --> 32
25 --> 3
27 --> 43
30 --> 20
32 --> 35
35 --> 11
42 --> 9
43 --> 49
44 --> 31
45 --> 22
46 --> 41
47 --> 39
48 --> 16
