Parameters: GAD=1 vflib=1 dir=0 label=0 lowerbound=1 fileNameGp=../../cp2016-max-common-connected-subgraph-paper/datasets/graphsdb/mcs10/rand/r01/mcs10_r01_s50.A00 fileNameGt=../../cp2016-max-common-connected-subgraph-paper/datasets/graphsdb/mcs10/rand/r01/mcs10_r01_s50.B00
Reading graphs...
50 :  236
50 :  236
Initializing...
maxdom : 50
D->valSize : 2500
Solving...
Blb : 2 (clique : 16)
currentSize : 16 <-- 0.084327 s
currentSize : 17 <-- 0.084569 s
currentSize : 18 <-- 0.084594 s
currentSize : 19 <-- 0.088642 s
currentSize : 20 <-- 0.099649 s
currentSize : 21 <-- 5.543963 s
currentSize : 22 <-- 96.968811 s

TIMEOUT
maxsize : 22
nodes : 213980171.000000
filtered : 3948940531.000000
time : 1000.000000


Display solution 

0 --> 35
2 --> 22
3 --> 4
4 --> 8
6 --> 20
12 --> 18
15 --> 5
17 --> 13
21 --> 6
22 --> 33
25 --> 10
27 --> 38
28 --> 48
29 --> 39
30 --> 15
31 --> 21
41 --> 11
42 --> 46
44 --> 43
45 --> 23
46 --> 45
48 --> 14
