Parameters: GAD=1 vflib=1 dir=0 label=0 lowerbound=1 fileNameGp=../../cp2016-max-common-connected-subgraph-paper/datasets/graphsdb/mcs10/m2D/m2Dr4/mcs10_m2Dr4_s50.A09 fileNameGt=../../cp2016-max-common-connected-subgraph-paper/datasets/graphsdb/mcs10/m2D/m2Dr4/mcs10_m2Dr4_s50.B09
Reading graphs...
50 :  103
50 :  103
Initializing...
maxdom : 50
D->valSize : 2500
Solving...
Blb : 2 (clique : 27)
currentSize : 27 <-- 0.097219 s
currentSize : 28 <-- 0.100795 s
currentSize : 29 <-- 0.105281 s
currentSize : 30 <-- 1.128921 s
currentSize : 31 <-- 1.129089 s
currentSize : 32 <-- 33.818943 s
currentSize : 33 <-- 62.429146 s

TIMEOUT
maxsize : 33
nodes : 122511271.000000
filtered : 6229128888.000000
time : 1000.000000


Display solution 

0 --> 39
1 --> 35
2 --> 20
3 --> 2
6 --> 38
8 --> 9
9 --> 42
10 --> 11
11 --> 22
12 --> 19
14 --> 23
15 --> 40
16 --> 47
17 --> 32
18 --> 18
19 --> 45
20 --> 25
21 --> 43
22 --> 44
23 --> 8
24 --> 6
26 --> 37
31 --> 28
33 --> 33
34 --> 31
36 --> 49
39 --> 34
41 --> 10
43 --> 41
44 --> 15
45 --> 30
46 --> 7
49 --> 5
