Parameters: GAD=1 vflib=1 dir=0 label=0 lowerbound=1 fileNameGp=../../cp2016-max-common-connected-subgraph-paper/datasets/graphsdb/mcs10/rand/r01/mcs10_r01_s50.A03 fileNameGt=../../cp2016-max-common-connected-subgraph-paper/datasets/graphsdb/mcs10/rand/r01/mcs10_r01_s50.B03
Reading graphs...
50 :  233
50 :  236
Initializing...
maxdom : 50
D->valSize : 2500
Solving...
Blb : 2 (clique : 17)
currentSize : 17 <-- 0.084993 s
currentSize : 18 <-- 0.089305 s
currentSize : 19 <-- 0.089671 s
currentSize : 20 <-- 0.093364 s
currentSize : 21 <-- 0.591585 s
currentSize : 22 <-- 5.955470 s

TIMEOUT
maxsize : 22
nodes : 196329818.000000
filtered : 4363466601.000000
time : 1000.000000


Display solution 

0 --> 26
1 --> 30
2 --> 18
5 --> 31
6 --> 32
7 --> 15
10 --> 33
11 --> 8
12 --> 1
13 --> 28
16 --> 12
21 --> 10
23 --> 9
26 --> 40
27 --> 41
28 --> 25
31 --> 27
32 --> 17
38 --> 35
44 --> 20
45 --> 0
47 --> 37
