Parameters: GAD=1 vflib=1 dir=0 label=0 lowerbound=1 fileNameGp=../../cp2016-max-common-connected-subgraph-paper/datasets/graphsdb/mcs10/rand/r02/mcs10_r02_s25.A00 fileNameGt=../../cp2016-max-common-connected-subgraph-paper/datasets/graphsdb/mcs10/rand/r02/mcs10_r02_s25.B00
Reading graphs...
25 :  113
25 :  108
Initializing...
maxdom : 25
D->valSize : 625
Solving...
Blb : 3 (clique : 9)
currentSize : 9 <-- 0.004738 s
currentSize : 10 <-- 0.004891 s
currentSize : 11 <-- 0.005268 s
currentSize : 12 <-- 0.008837 s
currentSize : 13 <-- 0.010761 s

maxsize : 13
nodes : 5862847.000000
filtered : 80442737.000000
time : 19.081747


Display solution 

0 --> 0
2 --> 21
4 --> 12
5 --> 11
9 --> 9
11 --> 7
12 --> 16
13 --> 3
14 --> 19
16 --> 5
20 --> 13
23 --> 18
24 --> 10
