Parameters: GAD=1 vflib=1 dir=0 label=0 lowerbound=1 fileNameGp=../../cp2016-max-common-connected-subgraph-paper/datasets/graphsdb/mcs10/rand/r01/mcs10_r01_s50.A08 fileNameGt=../../cp2016-max-common-connected-subgraph-paper/datasets/graphsdb/mcs10/rand/r01/mcs10_r01_s50.B08
Reading graphs...
50 :  237
50 :  243
Initializing...
maxdom : 50
D->valSize : 2500
Solving...
Blb : 2 (clique : 16)
currentSize : 16 <-- 0.085861 s
currentSize : 17 <-- 0.086100 s
currentSize : 18 <-- 0.086128 s
currentSize : 19 <-- 0.096728 s
currentSize : 20 <-- 0.305752 s
currentSize : 21 <-- 1.570984 s
currentSize : 22 <-- 32.795788 s

TIMEOUT
maxsize : 22
nodes : 202696908.000000
filtered : 3946576291.000000
time : 1000.000000


Display solution 

0 --> 1
2 --> 7
3 --> 49
5 --> 6
6 --> 45
12 --> 26
13 --> 18
14 --> 16
15 --> 36
16 --> 25
18 --> 14
19 --> 28
20 --> 15
21 --> 8
27 --> 11
31 --> 22
33 --> 38
36 --> 10
38 --> 48
41 --> 32
42 --> 43
43 --> 21
