Parameters: GAD=1 vflib=1 dir=0 label=0 lowerbound=1 fileNameGp=../../cp2016-max-common-connected-subgraph-paper/datasets/graphsdb/mcs10/m2D/m2Dr6/mcs10_m2Dr6_s50.A01 fileNameGt=../../cp2016-max-common-connected-subgraph-paper/datasets/graphsdb/mcs10/m2D/m2Dr6/mcs10_m2Dr6_s50.B01
Reading graphs...
50 :  111
50 :  109
Initializing...
maxdom : 50
D->valSize : 2500
Solving...
Blb : 2 (clique : 23)
currentSize : 23 <-- 0.095606 s
currentSize : 25 <-- 0.095933 s
currentSize : 26 <-- 0.095976 s
currentSize : 27 <-- 0.096043 s
currentSize : 28 <-- 0.096099 s
currentSize : 29 <-- 0.096596 s
currentSize : 30 <-- 0.096980 s
currentSize : 31 <-- 0.162210 s
currentSize : 32 <-- 299.158234 s

TIMEOUT
maxsize : 32
nodes : 121038630.000000
filtered : 5954544688.000000
time : 1000.000061


Display solution 

0 --> 31
1 --> 14
2 --> 24
4 --> 6
5 --> 44
11 --> 1
12 --> 18
13 --> 47
14 --> 11
15 --> 7
17 --> 46
18 --> 5
19 --> 28
21 --> 33
23 --> 9
24 --> 29
26 --> 12
28 --> 34
29 --> 49
32 --> 3
33 --> 19
34 --> 45
36 --> 40
40 --> 26
41 --> 25
42 --> 2
43 --> 27
44 --> 21
46 --> 10
47 --> 39
48 --> 0
49 --> 23
