Parameters: GAD=1 vflib=1 dir=0 label=0 lowerbound=1 fileNameGp=../../cp2016-max-common-connected-subgraph-paper/datasets/graphsdb/mcs10/m2D/m2D/mcs10_m2D_s50.A05 fileNameGt=../../cp2016-max-common-connected-subgraph-paper/datasets/graphsdb/mcs10/m2D/m2D/mcs10_m2D_s50.B05
Reading graphs...
50 :  85
50 :  82
Initializing...
maxdom : 50
D->valSize : 2500
Solving...
Blb : 2 (clique : 28)
currentSize : 28 <-- 0.097072 s
currentSize : 29 <-- 0.097626 s
currentSize : 30 <-- 0.098605 s
currentSize : 31 <-- 0.132861 s
currentSize : 32 <-- 0.150679 s
currentSize : 33 <-- 0.327286 s
currentSize : 34 <-- 1.895996 s
currentSize : 35 <-- 203.190231 s

TIMEOUT
maxsize : 35
nodes : 124836903.000000
filtered : 6932358171.000000
time : 1000.000000


Display solution 

0 --> 49
1 --> 12
2 --> 15
4 --> 11
7 --> 0
8 --> 8
10 --> 23
11 --> 6
12 --> 9
14 --> 40
15 --> 39
16 --> 25
17 --> 29
18 --> 46
19 --> 20
20 --> 16
21 --> 36
22 --> 31
23 --> 48
24 --> 32
26 --> 42
27 --> 19
29 --> 1
30 --> 7
31 --> 13
32 --> 35
34 --> 24
35 --> 3
39 --> 4
40 --> 43
42 --> 2
44 --> 27
45 --> 22
46 --> 33
47 --> 30
