Parameters: GAD=1 vflib=1 dir=0 label=0 lowerbound=1 fileNameGp=../../cp2016-max-common-connected-subgraph-paper/datasets/graphsdb/mcs10/rand/r01/mcs10_r01_s30.A08 fileNameGt=../../cp2016-max-common-connected-subgraph-paper/datasets/graphsdb/mcs10/rand/r01/mcs10_r01_s30.B08
Reading graphs...
30 :  82
30 :  86
Initializing...
maxdom : 30
D->valSize : 900
Solving...
Blb : 2 (clique : 14)
currentSize : 14 <-- 0.010423 s
currentSize : 15 <-- 0.015161 s
currentSize : 16 <-- 0.186288 s
currentSize : 17 <-- 0.197181 s
currentSize : 18 <-- 6.350852 s

maxsize : 18
nodes : 97745802.000000
filtered : 2355186494.000000
time : 417.998535


Display solution 

0 --> 25
1 --> 4
2 --> 12
3 --> 8
4 --> 29
5 --> 6
6 --> 21
8 --> 7
11 --> 1
12 --> 24
14 --> 18
17 --> 28
19 --> 2
20 --> 15
22 --> 3
24 --> 20
28 --> 19
29 --> 11
