Parameters: GAD=1 vflib=1 dir=0 label=0 lowerbound=1 fileNameGp=../../cp2016-max-common-connected-subgraph-paper/datasets/graphsdb/mcs10/bvg/b03m/mcs10_b03m_s40.A04 fileNameGt=../../cp2016-max-common-connected-subgraph-paper/datasets/graphsdb/mcs10/bvg/b03m/mcs10_b03m_s40.B04
Reading graphs...
40 :  59
40 :  59
Initializing...
maxdom : 40
D->valSize : 1600
Solving...
Blb : 2 (clique : 24)
currentSize : 24 <-- 0.037392 s
currentSize : 25 <-- 0.037636 s
currentSize : 26 <-- 0.037700 s
currentSize : 27 <-- 0.482161 s
currentSize : 28 <-- 2.066000 s
currentSize : 29 <-- 69.155807 s
currentSize : 30 <-- 373.731445 s

TIMEOUT
maxsize : 30
nodes : 123515575.000000
filtered : 6445718687.000000
time : 1000.000000


Display solution 

0 --> 27
1 --> 14
2 --> 37
3 --> 38
4 --> 11
5 --> 2
6 --> 31
7 --> 15
8 --> 5
9 --> 28
10 --> 24
12 --> 22
13 --> 34
14 --> 6
16 --> 9
18 --> 20
20 --> 13
22 --> 8
23 --> 18
25 --> 33
27 --> 7
28 --> 1
31 --> 21
32 --> 19
33 --> 30
34 --> 12
35 --> 16
37 --> 39
38 --> 17
39 --> 32
