Parameters: GAD=1 vflib=1 dir=0 label=0 lowerbound=1 fileNameGp=../../cp2016-max-common-connected-subgraph-paper/datasets/graphsdb/mcs10/m2D/m2Dr4/mcs10_m2Dr4_s50.A05 fileNameGt=../../cp2016-max-common-connected-subgraph-paper/datasets/graphsdb/mcs10/m2D/m2Dr4/mcs10_m2Dr4_s50.B05
Reading graphs...
50 :  103
50 :  100
Initializing...
maxdom : 50
D->valSize : 2500
Solving...
Blb : 2 (clique : 26)
currentSize : 26 <-- 0.096068 s
currentSize : 27 <-- 0.096989 s
currentSize : 28 <-- 0.097584 s
currentSize : 29 <-- 0.132540 s
currentSize : 30 <-- 0.134707 s
currentSize : 31 <-- 0.258438 s
currentSize : 32 <-- 0.299483 s
currentSize : 33 <-- 265.629669 s

TIMEOUT
maxsize : 33
nodes : 124466200.000000
filtered : 6292322159.000000
time : 1000.000000


Display solution 

0 --> 35
1 --> 18
3 --> 45
4 --> 28
5 --> 42
6 --> 33
7 --> 32
10 --> 25
12 --> 14
13 --> 22
14 --> 0
15 --> 21
16 --> 30
18 --> 12
19 --> 11
21 --> 17
25 --> 10
26 --> 49
27 --> 41
28 --> 38
30 --> 43
32 --> 29
33 --> 1
34 --> 2
35 --> 46
36 --> 5
37 --> 27
40 --> 9
42 --> 16
44 --> 7
45 --> 3
47 --> 34
49 --> 36
