Parameters: GAD=1 vflib=1 dir=0 label=0 lowerbound=1 fileNameGp=../../cp2016-max-common-connected-subgraph-paper/datasets/graphsdb/mcs10/rand/r01/mcs10_r01_s35.A01 fileNameGt=../../cp2016-max-common-connected-subgraph-paper/datasets/graphsdb/mcs10/rand/r01/mcs10_r01_s35.B01
Reading graphs...
35 :  117
35 :  117
Initializing...
maxdom : 35
D->valSize : 1225
Solving...
Blb : 2 (clique : 14)
currentSize : 14 <-- 0.034814 s
currentSize : 15 <-- 0.035026 s
currentSize : 16 <-- 0.035145 s
currentSize : 17 <-- 0.041037 s
currentSize : 18 <-- 0.156223 s
currentSize : 19 <-- 0.259187 s
currentSize : 20 <-- 273.696259 s

TIMEOUT
maxsize : 20
nodes : 196594915.000000
filtered : 5912262491.000000
time : 1000.000000


Display solution 

0 --> 9
1 --> 27
2 --> 30
4 --> 8
6 --> 31
7 --> 6
9 --> 11
10 --> 33
11 --> 22
12 --> 1
13 --> 20
16 --> 23
17 --> 32
19 --> 29
21 --> 10
22 --> 5
30 --> 25
31 --> 18
32 --> 3
34 --> 12
