Parameters: GAD=1 vflib=1 dir=0 label=0 lowerbound=1 fileNameGp=../../cp2016-max-common-connected-subgraph-paper/datasets/graphsdb/mcs10/bvg/b03m/mcs10_b03m_s50.A07 fileNameGt=../../cp2016-max-common-connected-subgraph-paper/datasets/graphsdb/mcs10/bvg/b03m/mcs10_b03m_s50.B07
Reading graphs...
50 :  73
50 :  74
Initializing...
maxdom : 50
D->valSize : 2500
Solving...
Blb : 2 (clique : 32)
currentSize : 32 <-- 0.098564 s
currentSize : 33 <-- 0.193766 s
currentSize : 34 <-- 16.407488 s
currentSize : 35 <-- 21.937252 s
currentSize : 36 <-- 24.562197 s
currentSize : 37 <-- 76.014717 s
currentSize : 38 <-- 685.756165 s

TIMEOUT
maxsize : 38
nodes : 150417327.000000
filtered : 6007150490.000000
time : 1000.000061


Display solution 

0 --> 33
2 --> 31
5 --> 14
6 --> 19
7 --> 43
8 --> 24
9 --> 46
10 --> 23
11 --> 22
12 --> 28
13 --> 47
16 --> 41
17 --> 21
18 --> 17
19 --> 40
20 --> 6
21 --> 35
23 --> 3
25 --> 7
26 --> 20
27 --> 2
28 --> 1
30 --> 42
32 --> 13
33 --> 39
34 --> 10
35 --> 8
36 --> 12
38 --> 18
39 --> 30
41 --> 49
42 --> 15
43 --> 34
45 --> 11
46 --> 5
47 --> 32
48 --> 36
49 --> 9
