Parameters: GAD=1 vflib=1 dir=0 label=0 lowerbound=1 fileNameGp=../../cp2016-max-common-connected-subgraph-paper/datasets/graphsdb/mcs10/m2D/m2Dr4/mcs10_m2Dr4_s40.A00 fileNameGt=../../cp2016-max-common-connected-subgraph-paper/datasets/graphsdb/mcs10/m2D/m2Dr4/mcs10_m2Dr4_s40.B00
Reading graphs...
40 :  83
40 :  79
Initializing...
maxdom : 40
D->valSize : 1600
Solving...
Blb : 2 (clique : 21)
currentSize : 21 <-- 0.035342 s
currentSize : 22 <-- 0.035551 s
currentSize : 23 <-- 0.046209 s
currentSize : 24 <-- 0.046242 s
currentSize : 25 <-- 0.057846 s
currentSize : 26 <-- 0.377403 s
currentSize : 27 <-- 0.564081 s
currentSize : 28 <-- 559.864014 s

TIMEOUT
maxsize : 28
nodes : 122146529.000000
filtered : 7633142187.000000
time : 1000.000061


Display solution 

0 --> 39
1 --> 25
2 --> 29
3 --> 26
4 --> 38
5 --> 13
8 --> 6
9 --> 9
11 --> 10
12 --> 17
13 --> 5
14 --> 14
15 --> 32
16 --> 19
17 --> 22
21 --> 34
22 --> 4
23 --> 31
24 --> 27
25 --> 8
27 --> 15
28 --> 18
29 --> 16
30 --> 28
34 --> 20
36 --> 35
37 --> 30
38 --> 0
