Parameters: GAD=1 vflib=1 dir=0 label=0 lowerbound=1 fileNameGp=../../cp2016-max-common-connected-subgraph-paper/datasets/graphsdb/mcs10/rand/r005/mcs10_r005_s50.A01 fileNameGt=../../cp2016-max-common-connected-subgraph-paper/datasets/graphsdb/mcs10/rand/r005/mcs10_r005_s50.B01
Reading graphs...
50 :  122
50 :  123
Initializing...
maxdom : 50
D->valSize : 2500
Solving...
Blb : 2 (clique : 25)
currentSize : 25 <-- 0.094253 s
currentSize : 26 <-- 0.094579 s
currentSize : 27 <-- 0.094850 s
currentSize : 28 <-- 0.146255 s
currentSize : 29 <-- 0.233044 s
currentSize : 30 <-- 1.253910 s

TIMEOUT
maxsize : 30
nodes : 120718900.000000
filtered : 6087552919.000000
time : 1000.000000


Display solution 

0 --> 5
1 --> 47
2 --> 19
3 --> 42
4 --> 29
5 --> 9
7 --> 8
8 --> 1
9 --> 15
10 --> 0
11 --> 28
12 --> 12
14 --> 17
15 --> 37
16 --> 14
17 --> 39
18 --> 20
19 --> 30
20 --> 46
21 --> 24
23 --> 10
24 --> 27
26 --> 33
27 --> 22
37 --> 11
38 --> 13
42 --> 18
47 --> 26
48 --> 31
49 --> 32
