Parameters: GAD=1 vflib=1 dir=0 label=0 lowerbound=1 fileNameGp=../../cp2016-max-common-connected-subgraph-paper/datasets/graphsdb/mcs10/bvg/b03/mcs10_b03_s40.A06 fileNameGt=../../cp2016-max-common-connected-subgraph-paper/datasets/graphsdb/mcs10/bvg/b03/mcs10_b03_s40.B06
Reading graphs...
40 :  59
40 :  60
Initializing...
maxdom : 40
D->valSize : 1600
Solving...
Blb : 2 (clique : 26)
currentSize : 26 <-- 0.037100 s
currentSize : 27 <-- 1.318833 s
currentSize : 28 <-- 1.387273 s
currentSize : 29 <-- 1.759883 s
currentSize : 30 <-- 36.528282 s
currentSize : 31 <-- 76.302200 s

TIMEOUT
maxsize : 31
nodes : 109883138.000000
filtered : 6656128123.000000
time : 1000.000000


Display solution 

0 --> 30
1 --> 4
2 --> 35
3 --> 7
4 --> 18
5 --> 13
7 --> 9
8 --> 39
9 --> 28
11 --> 1
12 --> 12
14 --> 8
15 --> 26
16 --> 14
17 --> 10
18 --> 33
19 --> 21
20 --> 22
22 --> 29
23 --> 20
24 --> 2
25 --> 3
26 --> 17
27 --> 0
28 --> 11
29 --> 27
31 --> 16
33 --> 5
34 --> 25
37 --> 36
38 --> 34
