Parameters: GAD=1 vflib=1 dir=0 label=0 lowerbound=1 fileNameGp=../../cp2016-max-common-connected-subgraph-paper/datasets/graphsdb/mcs10/m2D/m2Dr4/mcs10_m2Dr4_s50.A01 fileNameGt=../../cp2016-max-common-connected-subgraph-paper/datasets/graphsdb/mcs10/m2D/m2Dr4/mcs10_m2Dr4_s50.B01
Reading graphs...
50 :  103
50 :  104
Initializing...
maxdom : 50
D->valSize : 2500
Solving...
Blb : 2 (clique : 25)
currentSize : 25 <-- 0.096509 s
currentSize : 27 <-- 0.096843 s
currentSize : 28 <-- 0.096948 s
currentSize : 29 <-- 0.137935 s
currentSize : 30 <-- 0.138283 s
currentSize : 31 <-- 0.150901 s
currentSize : 32 <-- 64.233368 s
currentSize : 33 <-- 480.470306 s

TIMEOUT
maxsize : 33
nodes : 115765949.000000
filtered : 5833032158.000000
time : 1000.000000


Display solution 

0 --> 43
1 --> 38
2 --> 45
4 --> 7
5 --> 2
8 --> 35
9 --> 13
11 --> 44
12 --> 4
13 --> 10
14 --> 41
15 --> 29
16 --> 12
17 --> 46
20 --> 31
21 --> 36
22 --> 5
23 --> 21
25 --> 1
28 --> 20
29 --> 26
30 --> 37
32 --> 23
33 --> 0
36 --> 3
39 --> 6
40 --> 22
41 --> 47
42 --> 14
44 --> 40
45 --> 18
48 --> 39
49 --> 24
