Parameters: GAD=1 vflib=1 dir=0 label=0 lowerbound=1 fileNameGp=../../cp2016-max-common-connected-subgraph-paper/datasets/graphsdb/mcs10/rand/r005/mcs10_r005_s35.A09 fileNameGt=../../cp2016-max-common-connected-subgraph-paper/datasets/graphsdb/mcs10/rand/r005/mcs10_r005_s35.B09
Reading graphs...
35 :  61
35 :  60
Initializing...
maxdom : 35
D->valSize : 1225
Solving...
Blb : 2 (clique : 20)
currentSize : 20 <-- 0.020524 s
currentSize : 21 <-- 0.020723 s
currentSize : 22 <-- 0.020772 s
currentSize : 23 <-- 0.020909 s
currentSize : 24 <-- 0.048660 s
currentSize : 25 <-- 0.715586 s
currentSize : 26 <-- 306.087463 s

TIMEOUT
maxsize : 26
nodes : 141478100.000000
filtered : 7173163941.000000
time : 1000.000000


Display solution 

0 --> 14
1 --> 15
2 --> 25
3 --> 9
4 --> 22
5 --> 8
7 --> 4
8 --> 19
9 --> 10
10 --> 24
11 --> 17
12 --> 6
15 --> 21
17 --> 26
18 --> 0
19 --> 34
21 --> 29
22 --> 1
23 --> 18
26 --> 23
27 --> 2
28 --> 13
30 --> 11
31 --> 16
32 --> 31
34 --> 7
