Parameters: GAD=1 vflib=1 dir=0 label=0 lowerbound=1 fileNameGp=../../cp2016-max-common-connected-subgraph-paper/datasets/graphsdb/mcs10/rand/r005/mcs10_r005_s40.A08 fileNameGt=../../cp2016-max-common-connected-subgraph-paper/datasets/graphsdb/mcs10/rand/r005/mcs10_r005_s40.B08
Reading graphs...
40 :  81
40 :  79
Initializing...
maxdom : 40
D->valSize : 1600
Solving...
Blb : 2 (clique : 20)
currentSize : 20 <-- 0.035150 s
currentSize : 21 <-- 0.035352 s
currentSize : 22 <-- 0.045047 s
currentSize : 23 <-- 0.045140 s
currentSize : 24 <-- 0.081795 s
currentSize : 25 <-- 0.715248 s
currentSize : 26 <-- 50.536888 s
currentSize : 27 <-- 237.669250 s

TIMEOUT
maxsize : 27
nodes : 143819403.000000
filtered : 5983072238.000000
time : 1000.000000


Display solution 

0 --> 37
1 --> 24
2 --> 2
4 --> 30
5 --> 10
6 --> 33
8 --> 18
9 --> 22
10 --> 1
12 --> 11
13 --> 36
14 --> 27
15 --> 39
16 --> 15
17 --> 31
18 --> 4
20 --> 0
21 --> 25
24 --> 20
26 --> 38
27 --> 5
28 --> 23
30 --> 29
31 --> 8
33 --> 12
34 --> 32
37 --> 26
