Parameters: GAD=1 vflib=1 dir=0 label=0 lowerbound=1 fileNameGp=../../cp2016-max-common-connected-subgraph-paper/datasets/graphsdb/mcs10/rand/r005/mcs10_r005_s35.A05 fileNameGt=../../cp2016-max-common-connected-subgraph-paper/datasets/graphsdb/mcs10/rand/r005/mcs10_r005_s35.B05
Reading graphs...
35 :  61
35 :  59
Initializing...
maxdom : 35
D->valSize : 1225
Solving...
Blb : 2 (clique : 19)
currentSize : 19 <-- 0.020584 s
currentSize : 20 <-- 0.020754 s
currentSize : 21 <-- 0.020915 s
currentSize : 22 <-- 0.021039 s
currentSize : 23 <-- 0.021237 s
currentSize : 24 <-- 0.024808 s
currentSize : 25 <-- 0.103836 s
currentSize : 26 <-- 3.679912 s
currentSize : 27 <-- 117.235252 s

maxsize : 27
nodes : 20454090.000000
filtered : 994133267.000000
time : 148.807617


Display solution 

0 --> 24
3 --> 12
4 --> 34
5 --> 21
6 --> 4
7 --> 29
8 --> 20
9 --> 2
10 --> 0
11 --> 1
12 --> 28
13 --> 5
14 --> 31
15 --> 7
16 --> 17
17 --> 25
20 --> 15
21 --> 33
23 --> 6
24 --> 23
26 --> 26
27 --> 8
29 --> 9
30 --> 14
31 --> 18
32 --> 27
33 --> 30
