Parameters: GAD=1 vflib=1 dir=0 label=0 lowerbound=1 fileNameGp=../../cp2016-max-common-connected-subgraph-paper/datasets/graphsdb/mcs10/rand/r02/mcs10_r02_s35.A09 fileNameGt=../../cp2016-max-common-connected-subgraph-paper/datasets/graphsdb/mcs10/rand/r02/mcs10_r02_s35.B09
Reading graphs...
35 :  210
35 :  214
Initializing...
maxdom : 35
D->valSize : 1225
Solving...
Blb : 2 (clique : 11)
currentSize : 11 <-- 0.017229 s
currentSize : 12 <-- 0.017390 s
currentSize : 13 <-- 0.020808 s
currentSize : 14 <-- 0.153866 s
currentSize : 15 <-- 52.218742 s

TIMEOUT
maxsize : 15
nodes : 275621900.000000
filtered : 3265160625.000000
time : 1000.000000


Display solution 

0 --> 32
2 --> 0
4 --> 3
6 --> 9
7 --> 18
10 --> 33
11 --> 13
13 --> 16
17 --> 12
18 --> 29
19 --> 17
21 --> 27
26 --> 30
33 --> 8
34 --> 28
