Parameters: GAD=1 vflib=1 dir=0 label=0 lowerbound=1 fileNameGp=../../cp2016-max-common-connected-subgraph-paper/datasets/graphsdb/mcs10/m2D/m2Dr4/mcs10_m2Dr4_s40.A09 fileNameGt=../../cp2016-max-common-connected-subgraph-paper/datasets/graphsdb/mcs10/m2D/m2Dr4/mcs10_m2Dr4_s40.B09
Reading graphs...
40 :  79
40 :  82
Initializing...
maxdom : 40
D->valSize : 1600
Solving...
Blb : 2 (clique : 24)
currentSize : 24 <-- 0.035197 s
currentSize : 25 <-- 0.172604 s
currentSize : 26 <-- 0.500072 s
currentSize : 27 <-- 1.641726 s
currentSize : 28 <-- 169.728851 s

TIMEOUT
maxsize : 28
nodes : 129680119.000000
filtered : 6803593967.000000
time : 1000.000000


Display solution 

0 --> 5
1 --> 4
2 --> 22
3 --> 12
5 --> 14
7 --> 19
9 --> 3
10 --> 10
11 --> 29
12 --> 21
14 --> 9
16 --> 16
20 --> 11
21 --> 26
22 --> 31
23 --> 28
24 --> 36
25 --> 35
26 --> 24
27 --> 2
28 --> 18
30 --> 32
31 --> 1
32 --> 8
34 --> 34
36 --> 30
38 --> 15
39 --> 6
