Parameters: GAD=1 vflib=1 dir=0 label=0 lowerbound=1 fileNameGp=../../cp2016-max-common-connected-subgraph-paper/datasets/graphsdb/mcs30/bvg/b06m/mcs30_b06m_s40.A05 fileNameGt=../../cp2016-max-common-connected-subgraph-paper/datasets/graphsdb/mcs30/bvg/b06m/mcs30_b06m_s40.B05
Reading graphs...
40 :  113
40 :  117
Initializing...
maxdom : 40
D->valSize : 1600
Solving...
Blb : 2 (clique : 16)
currentSize : 16 <-- 0.033886 s
currentSize : 17 <-- 0.034093 s
currentSize : 18 <-- 0.035570 s
currentSize : 19 <-- 0.035966 s
currentSize : 20 <-- 0.058443 s
currentSize : 21 <-- 0.078408 s
currentSize : 22 <-- 0.146711 s
currentSize : 23 <-- 4.533148 s
currentSize : 24 <-- 22.135817 s

TIMEOUT
maxsize : 24
nodes : 164272728.000000
filtered : 6157427669.000000
time : 1000.000000


Display solution 

0 --> 3
2 --> 26
5 --> 30
6 --> 0
7 --> 16
9 --> 12
10 --> 6
11 --> 14
12 --> 35
14 --> 27
16 --> 29
18 --> 19
19 --> 1
22 --> 39
25 --> 38
26 --> 2
29 --> 34
30 --> 4
31 --> 8
34 --> 18
35 --> 25
36 --> 9
37 --> 7
39 --> 17
