Parameters: GAD=1 vflib=1 dir=0 label=0 lowerbound=1 fileNameGp=../../cp2016-max-common-connected-subgraph-paper/datasets/graphsdb/mcs30/rand/r005/mcs30_r005_s35.A01 fileNameGt=../../cp2016-max-common-connected-subgraph-paper/datasets/graphsdb/mcs30/rand/r005/mcs30_r005_s35.B01
Reading graphs...
35 :  63
35 :  64
Initializing...
maxdom : 35
D->valSize : 1225
Solving...
Blb : 2 (clique : 21)
currentSize : 21 <-- 0.020551 s
currentSize : 22 <-- 0.126536 s
currentSize : 23 <-- 0.175267 s
currentSize : 24 <-- 1.772104 s
currentSize : 25 <-- 306.730530 s

TIMEOUT
maxsize : 25
nodes : 145526064.000000
filtered : 6674912147.000000
time : 1000.000000


Display solution 

0 --> 6
1 --> 10
2 --> 0
4 --> 30
6 --> 5
7 --> 27
8 --> 3
9 --> 9
10 --> 20
11 --> 29
12 --> 19
14 --> 7
15 --> 24
18 --> 31
19 --> 28
20 --> 14
21 --> 4
22 --> 25
25 --> 11
26 --> 13
27 --> 18
28 --> 17
29 --> 15
30 --> 16
34 --> 21
