Parameters: GAD=1 vflib=1 dir=0 label=0 lowerbound=1 fileNameGp=../../cp2016-max-common-connected-subgraph-paper/datasets/graphsdb/mcs30/bvg/b06/mcs30_b06_s50.A05 fileNameGt=../../cp2016-max-common-connected-subgraph-paper/datasets/graphsdb/mcs30/bvg/b06/mcs30_b06_s50.B05
Reading graphs...
50 :  150
50 :  149
Initializing...
maxdom : 50
D->valSize : 2500
Solving...
Blb : 2 (clique : 21)
currentSize : 21 <-- 0.113405 s
currentSize : 22 <-- 0.113700 s
currentSize : 23 <-- 0.190279 s
currentSize : 24 <-- 0.234884 s
currentSize : 25 <-- 0.304571 s
currentSize : 26 <-- 2.299497 s
currentSize : 27 <-- 160.204529 s
currentSize : 28 <-- 213.696625 s

TIMEOUT
maxsize : 28
nodes : 153819315.000000
filtered : 5121069457.000000
time : 1000.000000


Display solution 

0 --> 23
2 --> 19
3 --> 46
4 --> 41
5 --> 43
6 --> 22
7 --> 33
8 --> 5
10 --> 26
12 --> 28
13 --> 9
14 --> 14
15 --> 18
19 --> 25
21 --> 38
24 --> 3
25 --> 44
26 --> 36
27 --> 24
28 --> 40
30 --> 42
31 --> 30
32 --> 34
35 --> 1
36 --> 35
40 --> 48
42 --> 45
45 --> 12
