Parameters: GAD=1 vflib=1 dir=0 label=0 lowerbound=1 fileNameGp=../../cp2016-max-common-connected-subgraph-paper/datasets/graphsdb/mcs30/m3D/m3D/mcs30_m3D_s40.A01 fileNameGt=../../cp2016-max-common-connected-subgraph-paper/datasets/graphsdb/mcs30/m3D/m3D/mcs30_m3D_s40.B01
Reading graphs...
40 :  83
40 :  82
Initializing...
maxdom : 40
D->valSize : 1600
Solving...
Blb : 2 (clique : 21)
currentSize : 21 <-- 0.034972 s
currentSize : 22 <-- 0.035270 s
currentSize : 23 <-- 0.044141 s
currentSize : 24 <-- 0.066568 s
currentSize : 25 <-- 0.073431 s
currentSize : 26 <-- 0.073510 s
currentSize : 27 <-- 475.334381 s
currentSize : 28 <-- 482.726532 s

TIMEOUT
maxsize : 28
nodes : 152444088.000000
filtered : 5910838687.000000
time : 1000.000000


Display solution 

0 --> 17
1 --> 0
4 --> 29
5 --> 36
6 --> 32
7 --> 16
8 --> 13
9 --> 3
11 --> 4
12 --> 7
13 --> 38
14 --> 30
15 --> 5
17 --> 33
18 --> 22
20 --> 34
21 --> 9
23 --> 11
24 --> 26
25 --> 20
26 --> 14
27 --> 2
29 --> 12
32 --> 37
33 --> 24
34 --> 27
35 --> 18
36 --> 25
