Parameters: GAD=1 vflib=1 dir=0 label=0 lowerbound=1 fileNameGp=../../cp2016-max-common-connected-subgraph-paper/datasets/graphsdb/mcs30/m3D/m3Dr6/mcs30_m3Dr6_s40.A07 fileNameGt=../../cp2016-max-common-connected-subgraph-paper/datasets/graphsdb/mcs30/m3D/m3Dr6/mcs30_m3Dr6_s40.B07
Reading graphs...
40 :  106
40 :  106
Initializing...
maxdom : 40
D->valSize : 1600
Solving...
Blb : 2 (clique : 18)
currentSize : 18 <-- 0.060033 s
currentSize : 19 <-- 0.060317 s
currentSize : 20 <-- 0.063477 s
currentSize : 21 <-- 0.066721 s
currentSize : 22 <-- 0.073485 s
currentSize : 23 <-- 0.097201 s
currentSize : 24 <-- 2.601719 s

TIMEOUT
maxsize : 24
nodes : 178778117.000000
filtered : 5397478337.000000
time : 1000.000000


Display solution 

0 --> 7
1 --> 28
3 --> 13
4 --> 9
5 --> 3
7 --> 22
8 --> 33
9 --> 30
10 --> 38
12 --> 27
14 --> 14
16 --> 2
17 --> 37
20 --> 31
21 --> 26
22 --> 8
26 --> 18
27 --> 21
29 --> 24
30 --> 6
34 --> 1
35 --> 16
37 --> 23
38 --> 10
