Parameters: GAD=1 vflib=1 dir=0 label=0 lowerbound=1 fileNameGp=../../cp2016-max-common-connected-subgraph-paper/datasets/graphsdb/mcs30/bvg/b03/mcs30_b03_s35.A02 fileNameGt=../../cp2016-max-common-connected-subgraph-paper/datasets/graphsdb/mcs30/bvg/b03/mcs30_b03_s35.B02
Reading graphs...
35 :  52
35 :  52
Initializing...
maxdom : 35
D->valSize : 1225
Solving...
Blb : 2 (clique : 21)
currentSize : 21 <-- 0.036862 s
currentSize : 22 <-- 0.037204 s
currentSize : 23 <-- 0.038580 s
currentSize : 24 <-- 0.109509 s
currentSize : 25 <-- 0.129825 s
currentSize : 26 <-- 0.653983 s
currentSize : 27 <-- 66.762871 s
currentSize : 28 <-- 156.276718 s

maxsize : 28
nodes : 42467728.000000
filtered : 2033618025.000000
time : 302.724823


Display solution 

0 --> 0
2 --> 5
3 --> 20
4 --> 21
5 --> 10
6 --> 4
7 --> 11
8 --> 9
9 --> 32
10 --> 33
12 --> 17
13 --> 30
14 --> 18
15 --> 13
16 --> 26
18 --> 16
19 --> 23
21 --> 15
22 --> 19
23 --> 12
24 --> 28
25 --> 3
26 --> 1
27 --> 8
28 --> 24
29 --> 7
30 --> 29
33 --> 2
