Parameters: GAD=1 vflib=1 dir=0 label=0 lowerbound=1 fileNameGp=../../cp2016-max-common-connected-subgraph-paper/datasets/graphsdb/mcs30/rand/r02/mcs30_r02_s50.A02 fileNameGt=../../cp2016-max-common-connected-subgraph-paper/datasets/graphsdb/mcs30/rand/r02/mcs30_r02_s50.B02
Reading graphs...
50 :  432
50 :  441
Initializing...
maxdom : 50
D->valSize : 2500
Solving...
Blb : 2 (clique : 12)
currentSize : 12 <-- 0.125812 s
currentSize : 13 <-- 0.127705 s
currentSize : 14 <-- 0.143512 s
currentSize : 15 <-- 0.157059 s
currentSize : 16 <-- 1.219661 s
currentSize : 17 <-- 601.231750 s

TIMEOUT
maxsize : 17
nodes : 260866183.000000
filtered : 2167024495.000000
time : 1000.000000


Display solution 

0 --> 34
3 --> 8
4 --> 36
10 --> 35
12 --> 3
13 --> 19
17 --> 12
18 --> 44
19 --> 28
21 --> 27
23 --> 17
28 --> 37
30 --> 42
33 --> 1
37 --> 20
39 --> 31
44 --> 46
