Parameters: GAD=1 vflib=1 dir=0 label=0 lowerbound=1 fileNameGp=../../cp2016-max-common-connected-subgraph-paper/datasets/graphsdb/mcs30/m3D/m3Dr2/mcs30_m3Dr2_s40.A05 fileNameGt=../../cp2016-max-common-connected-subgraph-paper/datasets/graphsdb/mcs30/m3D/m3Dr2/mcs30_m3Dr2_s40.B05
Reading graphs...
40 :  92
40 :  90
Initializing...
maxdom : 40
D->valSize : 1600
Solving...
Blb : 2 (clique : 21)
currentSize : 21 <-- 0.034886 s
currentSize : 22 <-- 0.035170 s
currentSize : 23 <-- 0.077317 s
currentSize : 24 <-- 0.747096 s
currentSize : 25 <-- 77.877983 s
currentSize : 26 <-- 105.072884 s

TIMEOUT
maxsize : 26
nodes : 138251183.000000
filtered : 6731053101.000000
time : 1000.000061


Display solution 

0 --> 14
1 --> 11
2 --> 13
3 --> 12
5 --> 23
6 --> 3
7 --> 36
8 --> 0
9 --> 6
10 --> 33
13 --> 25
14 --> 4
17 --> 26
18 --> 18
20 --> 28
21 --> 37
23 --> 29
25 --> 2
28 --> 32
30 --> 10
31 --> 35
32 --> 8
33 --> 22
36 --> 39
37 --> 30
39 --> 38
