Parameters: GAD=1 vflib=1 dir=0 label=0 lowerbound=1 fileNameGp=../../cp2016-max-common-connected-subgraph-paper/datasets/graphsdb/mcs30/m3D/m3Dr4/mcs30_m3Dr4_s30.A09 fileNameGt=../../cp2016-max-common-connected-subgraph-paper/datasets/graphsdb/mcs30/m3D/m3Dr4/mcs30_m3Dr4_s30.B09
Reading graphs...
30 :  72
30 :  70
Initializing...
maxdom : 30
D->valSize : 900
Solving...
Blb : 2 (clique : 16)
currentSize : 16 <-- 0.018562 s
currentSize : 17 <-- 0.027626 s
currentSize : 18 <-- 0.383796 s
currentSize : 19 <-- 1.625696 s
currentSize : 20 <-- 3.093087 s

maxsize : 20
nodes : 24145159.000000
filtered : 796644257.000000
time : 124.318275


Display solution 

0 --> 26
1 --> 18
6 --> 15
8 --> 8
9 --> 2
10 --> 20
11 --> 3
12 --> 19
13 --> 0
17 --> 4
18 --> 11
19 --> 28
20 --> 6
21 --> 14
22 --> 23
25 --> 17
26 --> 13
27 --> 5
28 --> 25
29 --> 12
