Parameters: GAD=1 vflib=1 dir=0 label=0 lowerbound=1 fileNameGp=../../cp2016-max-common-connected-subgraph-paper/datasets/graphsdb/mcs30/bvg/b09m/mcs30_b09m_s40.A06 fileNameGt=../../cp2016-max-common-connected-subgraph-paper/datasets/graphsdb/mcs30/bvg/b09m/mcs30_b09m_s40.B06
Reading graphs...
40 :  171
40 :  175
Initializing...
maxdom : 40
D->valSize : 1600
Solving...
Blb : 2 (clique : 15)
currentSize : 15 <-- 0.045541 s
currentSize : 16 <-- 0.045710 s
currentSize : 17 <-- 0.048295 s
currentSize : 18 <-- 0.487798 s
currentSize : 19 <-- 3.820865 s
currentSize : 20 <-- 35.613094 s

TIMEOUT
maxsize : 20
nodes : 207602661.000000
filtered : 4546977386.000000
time : 1000.000000


Display solution 

0 --> 28
1 --> 6
3 --> 3
4 --> 36
6 --> 18
7 --> 37
8 --> 27
10 --> 26
11 --> 32
14 --> 34
15 --> 23
17 --> 38
23 --> 30
24 --> 33
28 --> 16
29 --> 31
30 --> 0
33 --> 8
34 --> 4
36 --> 24
