Parameters: GAD=1 vflib=1 dir=0 label=0 lowerbound=1 fileNameGp=../../cp2016-max-common-connected-subgraph-paper/datasets/graphsdb/mcs30/bvg/b09m/mcs30_b09m_s35.A05 fileNameGt=../../cp2016-max-common-connected-subgraph-paper/datasets/graphsdb/mcs30/bvg/b09m/mcs30_b09m_s35.B05
Reading graphs...
35 :  144
35 :  145
Initializing...
maxdom : 35
D->valSize : 1225
Solving...
Blb : 5 (clique : 13)
currentSize : 13 <-- 0.018593 s
currentSize : 14 <-- 0.018721 s
currentSize : 15 <-- 0.023708 s
currentSize : 16 <-- 0.072672 s
currentSize : 17 <-- 0.381632 s
currentSize : 18 <-- 39.433044 s
currentSize : 19 <-- 52.279446 s

TIMEOUT
maxsize : 19
nodes : 198492981.000000
filtered : 5566279434.000000
time : 1000.000000


Display solution 

0 --> 9
2 --> 7
4 --> 19
6 --> 29
7 --> 4
8 --> 25
10 --> 6
12 --> 18
13 --> 26
14 --> 12
19 --> 22
20 --> 1
21 --> 32
24 --> 20
26 --> 3
27 --> 21
29 --> 0
31 --> 14
32 --> 5
