Parameters: GAD=1 vflib=1 dir=0 label=0 lowerbound=1 fileNameGp=../../cp2016-max-common-connected-subgraph-paper/datasets/graphsdb/mcs30/m3D/m3Dr6/mcs30_m3Dr6_s40.A04 fileNameGt=../../cp2016-max-common-connected-subgraph-paper/datasets/graphsdb/mcs30/m3D/m3Dr6/mcs30_m3Dr6_s40.B04
Reading graphs...
40 :  105
40 :  103
Initializing...
maxdom : 40
D->valSize : 1600
Solving...
Blb : 5 (clique : 18)
currentSize : 18 <-- 0.034363 s
currentSize : 19 <-- 0.034562 s
currentSize : 20 <-- 0.035453 s
currentSize : 21 <-- 0.038826 s
currentSize : 22 <-- 0.043502 s
currentSize : 23 <-- 0.067928 s
currentSize : 24 <-- 8.162092 s
currentSize : 25 <-- 58.959431 s

TIMEOUT
maxsize : 25
nodes : 166196854.000000
filtered : 6315385920.000000
time : 1000.000000


Display solution 

0 --> 16
2 --> 22
4 --> 31
5 --> 5
6 --> 2
7 --> 9
10 --> 11
11 --> 18
12 --> 37
13 --> 17
14 --> 34
15 --> 29
16 --> 25
17 --> 26
19 --> 30
21 --> 3
26 --> 14
29 --> 32
31 --> 21
34 --> 36
35 --> 15
36 --> 35
37 --> 27
38 --> 24
39 --> 10
