Parameters: GAD=1 vflib=1 dir=0 label=0 lowerbound=1 fileNameGp=../../cp2016-max-common-connected-subgraph-paper/datasets/graphsdb/mcs30/bvg/b03m/mcs30_b03m_s50.A03 fileNameGt=../../cp2016-max-common-connected-subgraph-paper/datasets/graphsdb/mcs30/bvg/b03m/mcs30_b03m_s50.B03
Reading graphs...
50 :  74
50 :  74
Initializing...
maxdom : 50
D->valSize : 2500
Solving...
Blb : 2 (clique : 32)
currentSize : 32 <-- 0.097646 s
currentSize : 33 <-- 213.613953 s
currentSize : 34 <-- 248.784515 s
currentSize : 35 <-- 277.146393 s

TIMEOUT
maxsize : 35
nodes : 212976028.000000
filtered : 5583841449.000000
time : 1000.000061


Display solution 

0 --> 49
1 --> 25
2 --> 7
3 --> 39
6 --> 45
7 --> 5
8 --> 4
9 --> 11
10 --> 40
11 --> 10
12 --> 31
14 --> 41
16 --> 8
17 --> 33
19 --> 12
21 --> 17
22 --> 0
23 --> 30
24 --> 27
25 --> 6
27 --> 18
28 --> 43
29 --> 37
31 --> 38
34 --> 29
35 --> 48
37 --> 44
41 --> 34
42 --> 16
43 --> 26
45 --> 1
46 --> 46
47 --> 14
48 --> 23
49 --> 47
