Parameters: GAD=1 vflib=1 dir=0 label=0 lowerbound=1 fileNameGp=../../cp2016-max-common-connected-subgraph-paper/datasets/graphsdb/mcs30/bvg/b09/mcs30_b09_s35.A07 fileNameGt=../../cp2016-max-common-connected-subgraph-paper/datasets/graphsdb/mcs30/bvg/b09/mcs30_b09_s35.B07
Reading graphs...
35 :  150
35 :  152
Initializing...
maxdom : 35
D->valSize : 1225
Solving...
Blb : 3 (clique : 14)
currentSize : 14 <-- 0.019185 s
currentSize : 17 <-- 0.019315 s
currentSize : 18 <-- 0.022350 s
currentSize : 19 <-- 0.051477 s
currentSize : 20 <-- 257.007507 s

TIMEOUT
maxsize : 20
nodes : 206670138.000000
filtered : 5318617309.000000
time : 1000.000000


Display solution 

0 --> 34
2 --> 20
3 --> 0
4 --> 23
5 --> 1
6 --> 24
7 --> 6
8 --> 19
10 --> 32
11 --> 3
16 --> 18
17 --> 25
18 --> 12
21 --> 14
23 --> 15
24 --> 7
28 --> 4
30 --> 29
33 --> 31
34 --> 8
