Parameters: GAD=1 vflib=1 dir=0 label=0 lowerbound=1 fileNameGp=../../cp2016-max-common-connected-subgraph-paper/datasets/graphsdb/mcs30/rand/r005/mcs30_r005_s35.A04 fileNameGt=../../cp2016-max-common-connected-subgraph-paper/datasets/graphsdb/mcs30/rand/r005/mcs30_r005_s35.B04
Reading graphs...
35 :  61
35 :  62
Initializing...
maxdom : 35
D->valSize : 1225
Solving...
Blb : 2 (clique : 19)
currentSize : 19 <-- 0.020590 s
currentSize : 20 <-- 0.020794 s
currentSize : 21 <-- 0.020829 s
currentSize : 22 <-- 0.026004 s
currentSize : 23 <-- 0.089292 s
currentSize : 24 <-- 3.183458 s
currentSize : 25 <-- 24.824562 s
currentSize : 26 <-- 499.933624 s

maxsize : 26
nodes : 116026047.000000
filtered : 5396836836.000000
time : 787.666992


Display solution 

0 --> 9
1 --> 8
2 --> 14
3 --> 34
5 --> 7
7 --> 20
9 --> 5
10 --> 17
11 --> 26
12 --> 2
13 --> 29
14 --> 16
15 --> 12
16 --> 21
18 --> 18
19 --> 22
20 --> 32
21 --> 27
23 --> 33
24 --> 31
25 --> 25
27 --> 3
28 --> 28
29 --> 6
30 --> 1
34 --> 30
