Parameters: GAD=1 vflib=1 dir=0 label=0 lowerbound=1 fileNameGp=../../cp2016-max-common-connected-subgraph-paper/datasets/graphsdb/mcs30/bvg/b09/mcs30_b09_s50.A06 fileNameGt=../../cp2016-max-common-connected-subgraph-paper/datasets/graphsdb/mcs30/bvg/b09/mcs30_b09_s50.B06
Reading graphs...
50 :  220
50 :  221
Initializing...
maxdom : 50
D->valSize : 2500
Solving...
Blb : 2 (clique : 19)
currentSize : 19 <-- 0.100061 s
currentSize : 20 <-- 0.100524 s
currentSize : 21 <-- 0.145658 s
currentSize : 22 <-- 0.432834 s
currentSize : 23 <-- 2.040724 s
currentSize : 24 <-- 298.272308 s

TIMEOUT
maxsize : 24
nodes : 183773957.000000
filtered : 4595487544.000000
time : 1000.000000


Display solution 

0 --> 17
1 --> 5
2 --> 6
3 --> 28
5 --> 31
9 --> 29
10 --> 30
12 --> 40
14 --> 0
15 --> 34
16 --> 42
17 --> 2
18 --> 9
19 --> 46
22 --> 26
25 --> 15
27 --> 47
29 --> 38
32 --> 25
34 --> 44
35 --> 35
46 --> 20
47 --> 8
49 --> 24
