Parameters: GAD=1 vflib=1 dir=0 label=0 lowerbound=1 fileNameGp=../../cp2016-max-common-connected-subgraph-paper/datasets/graphsdb/mcs30/bvg/b09m/mcs30_b09m_s35.A03 fileNameGt=../../cp2016-max-common-connected-subgraph-paper/datasets/graphsdb/mcs30/bvg/b09m/mcs30_b09m_s35.B03
Reading graphs...
35 :  146
35 :  146
Initializing...
maxdom : 35
D->valSize : 1225
Solving...
Blb : 2 (clique : 13)
currentSize : 13 <-- 0.018751 s
currentSize : 15 <-- 0.018891 s
currentSize : 16 <-- 0.019824 s
currentSize : 17 <-- 0.111798 s
currentSize : 18 <-- 0.121016 s
currentSize : 19 <-- 195.832581 s

TIMEOUT
maxsize : 19
nodes : 196369971.000000
filtered : 5935933395.000000
time : 1000.000000


Display solution 

0 --> 17
1 --> 16
2 --> 7
5 --> 5
8 --> 31
9 --> 15
10 --> 30
11 --> 32
13 --> 10
14 --> 0
15 --> 9
17 --> 8
21 --> 18
25 --> 33
27 --> 13
28 --> 2
30 --> 34
31 --> 14
34 --> 12
