Parameters: GAD=1 vflib=1 dir=0 label=0 lowerbound=1 fileNameGp=../../cp2016-max-common-connected-subgraph-paper/datasets/graphsdb/mcs30/bvg/b06m/mcs30_b06m_s40.A00 fileNameGt=../../cp2016-max-common-connected-subgraph-paper/datasets/graphsdb/mcs30/bvg/b06m/mcs30_b06m_s40.B00
Reading graphs...
40 :  116
40 :  116
Initializing...
maxdom : 40
D->valSize : 1600
Solving...
Blb : 2 (clique : 17)
currentSize : 17 <-- 0.033533 s
currentSize : 18 <-- 0.033711 s
currentSize : 19 <-- 0.033856 s
currentSize : 20 <-- 0.056299 s
currentSize : 21 <-- 0.187945 s
currentSize : 22 <-- 4.147567 s
currentSize : 23 <-- 37.171009 s
currentSize : 24 <-- 542.409607 s

TIMEOUT
maxsize : 24
nodes : 173459736.000000
filtered : 5885780070.000000
time : 1000.000000


Display solution 

0 --> 39
2 --> 13
4 --> 6
5 --> 0
6 --> 30
7 --> 3
10 --> 25
13 --> 16
14 --> 7
16 --> 19
18 --> 29
20 --> 20
21 --> 1
24 --> 21
25 --> 2
27 --> 37
28 --> 17
29 --> 22
30 --> 32
32 --> 36
33 --> 12
34 --> 26
38 --> 34
39 --> 35
