Parameters: GAD=1 vflib=1 dir=0 label=0 lowerbound=1 fileNameGp=../../cp2016-max-common-connected-subgraph-paper/datasets/graphsdb/mcs30/m2D/m2Dr2/mcs30_m2Dr2_s50.A09 fileNameGt=../../cp2016-max-common-connected-subgraph-paper/datasets/graphsdb/mcs30/m2D/m2Dr2/mcs30_m2Dr2_s50.B09
Reading graphs...
50 :  94
50 :  94
Initializing...
maxdom : 50
D->valSize : 2500
Solving...
Blb : 2 (clique : 27)
currentSize : 27 <-- 0.095054 s
currentSize : 28 <-- 0.095425 s
currentSize : 29 <-- 0.095621 s
currentSize : 30 <-- 0.097840 s
currentSize : 31 <-- 0.292692 s
currentSize : 32 <-- 0.683585 s
currentSize : 33 <-- 22.264433 s
currentSize : 34 <-- 50.902905 s

TIMEOUT
maxsize : 34
nodes : 112674189.000000
filtered : 6808168124.000000
time : 1000.000061


Display solution 

0 --> 25
1 --> 30
2 --> 49
3 --> 29
4 --> 9
6 --> 10
7 --> 41
8 --> 22
10 --> 5
11 --> 16
12 --> 3
13 --> 48
15 --> 32
16 --> 15
18 --> 42
19 --> 14
22 --> 47
24 --> 39
25 --> 11
27 --> 46
31 --> 33
32 --> 4
33 --> 0
34 --> 35
36 --> 1
37 --> 38
38 --> 43
41 --> 37
43 --> 21
44 --> 28
45 --> 17
46 --> 20
47 --> 24
49 --> 31
