Parameters: GAD=1 vflib=1 dir=0 label=0 lowerbound=1 fileNameGp=../../cp2016-max-common-connected-subgraph-paper/datasets/graphsdb/mcs30/bvg/b06/mcs30_b06_s30.A09 fileNameGt=../../cp2016-max-common-connected-subgraph-paper/datasets/graphsdb/mcs30/bvg/b06/mcs30_b06_s30.B09
Reading graphs...
30 :  88
30 :  90
Initializing...
maxdom : 30
D->valSize : 900
Solving...
Blb : 2 (clique : 13)
currentSize : 13 <-- 0.017876 s
currentSize : 14 <-- 0.018049 s
currentSize : 15 <-- 0.018124 s
currentSize : 16 <-- 0.020949 s
currentSize : 17 <-- 0.057673 s
currentSize : 18 <-- 1.308295 s
currentSize : 19 <-- 1.806095 s

maxsize : 19
nodes : 9019052.000000
filtered : 303398669.000000
time : 46.376431


Display solution 

0 --> 27
2 --> 12
3 --> 15
4 --> 1
7 --> 26
8 --> 10
9 --> 14
13 --> 23
15 --> 7
16 --> 9
17 --> 16
20 --> 24
21 --> 17
22 --> 13
23 --> 3
24 --> 18
26 --> 5
27 --> 19
29 --> 29
