Parameters: GAD=1 vflib=1 dir=0 label=0 lowerbound=1 fileNameGp=../../cp2016-max-common-connected-subgraph-paper/datasets/graphsdb/mcs30/bvg/b09/mcs30_b09_s50.A00 fileNameGt=../../cp2016-max-common-connected-subgraph-paper/datasets/graphsdb/mcs30/bvg/b09/mcs30_b09_s50.B00
Reading graphs...
50 :  221
50 :  220
Initializing...
maxdom : 50
D->valSize : 2500
Solving...
Blb : 2 (clique : 18)
currentSize : 18 <-- 0.111051 s
currentSize : 19 <-- 0.114316 s
currentSize : 20 <-- 0.129255 s
currentSize : 21 <-- 0.135154 s
currentSize : 22 <-- 0.904291 s
currentSize : 23 <-- 17.373764 s
currentSize : 24 <-- 18.047482 s
currentSize : 25 <-- 426.936646 s

TIMEOUT
maxsize : 25
nodes : 182070647.000000
filtered : 4613139040.000000
time : 1000.000000


Display solution 

0 --> 14
1 --> 0
5 --> 3
8 --> 43
9 --> 19
11 --> 21
13 --> 20
15 --> 36
16 --> 38
17 --> 23
18 --> 30
19 --> 45
22 --> 7
25 --> 46
26 --> 2
28 --> 18
30 --> 41
31 --> 6
33 --> 4
35 --> 47
37 --> 17
42 --> 31
43 --> 26
46 --> 10
47 --> 39
