Parameters: GAD=1 vflib=1 dir=0 label=0 lowerbound=1 fileNameGp=../../cp2016-max-common-connected-subgraph-paper/datasets/graphsdb/mcs30/rand/r01/mcs30_r01_s40.A00 fileNameGt=../../cp2016-max-common-connected-subgraph-paper/datasets/graphsdb/mcs30/rand/r01/mcs30_r01_s40.B00
Reading graphs...
40 :  146
40 :  150
Initializing...
maxdom : 40
D->valSize : 1600
Solving...
Blb : 2 (clique : 16)
currentSize : 16 <-- 0.032380 s
currentSize : 17 <-- 0.033985 s
currentSize : 18 <-- 0.041390 s
currentSize : 19 <-- 0.075009 s
currentSize : 20 <-- 0.128965 s
currentSize : 21 <-- 49.311333 s
currentSize : 22 <-- 283.647552 s

TIMEOUT
maxsize : 22
nodes : 187783588.000000
filtered : 5202467703.000000
time : 1000.000000


Display solution 

0 --> 6
2 --> 24
4 --> 11
5 --> 32
7 --> 4
8 --> 10
9 --> 36
10 --> 12
11 --> 3
12 --> 30
15 --> 31
17 --> 2
18 --> 35
20 --> 19
22 --> 18
23 --> 7
24 --> 1
27 --> 39
32 --> 27
36 --> 25
38 --> 21
39 --> 34
