Parameters: GAD=1 vflib=1 dir=0 label=0 lowerbound=1 fileNameGp=../../cp2016-max-common-connected-subgraph-paper/datasets/graphsdb/mcs30/rand/r005/mcs30_r005_s40.A09 fileNameGt=../../cp2016-max-common-connected-subgraph-paper/datasets/graphsdb/mcs30/rand/r005/mcs30_r005_s40.B09
Reading graphs...
40 :  81
40 :  82
Initializing...
maxdom : 40
D->valSize : 1600
Solving...
Blb : 2 (clique : 20)
currentSize : 20 <-- 0.059895 s
currentSize : 22 <-- 0.060098 s
currentSize : 23 <-- 0.062518 s
currentSize : 24 <-- 0.071388 s
currentSize : 25 <-- 0.120502 s
currentSize : 26 <-- 2.460626 s
currentSize : 27 <-- 3.921688 s

TIMEOUT
maxsize : 27
nodes : 139211822.000000
filtered : 6537362659.000000
time : 1000.000000


Display solution 

0 --> 10
2 --> 4
3 --> 32
4 --> 13
5 --> 29
10 --> 0
11 --> 22
13 --> 6
15 --> 39
16 --> 38
17 --> 7
19 --> 12
23 --> 37
24 --> 18
25 --> 31
26 --> 35
27 --> 2
29 --> 30
30 --> 27
31 --> 33
33 --> 9
34 --> 20
35 --> 15
36 --> 3
37 --> 26
38 --> 36
39 --> 24
