Parameters: GAD=1 vflib=1 dir=0 label=0 lowerbound=1 fileNameGp=../../cp2016-max-common-connected-subgraph-paper/datasets/graphsdb/mcs30/m4D/m4Dr4/mcs30_m4Dr4_s50.A01 fileNameGt=../../cp2016-max-common-connected-subgraph-paper/datasets/graphsdb/mcs30/m4D/m4Dr4/mcs30_m4Dr4_s50.B01
Reading graphs...
50 :  107
50 :  105
Initializing...
maxdom : 50
D->valSize : 2500
Solving...
Blb : 2 (clique : 27)
currentSize : 27 <-- 0.094184 s
currentSize : 28 <-- 0.452898 s
currentSize : 29 <-- 1.551960 s
currentSize : 30 <-- 3.697121 s
currentSize : 31 <-- 15.182182 s
currentSize : 32 <-- 123.101570 s

TIMEOUT
maxsize : 32
nodes : 109448485.000000
filtered : 5545640708.000000
time : 1000.000061


Display solution 

0 --> 9
1 --> 11
2 --> 20
3 --> 13
4 --> 49
6 --> 23
7 --> 25
8 --> 7
9 --> 4
11 --> 27
14 --> 35
15 --> 29
16 --> 32
17 --> 36
18 --> 21
20 --> 10
21 --> 41
22 --> 22
23 --> 26
24 --> 31
25 --> 37
27 --> 48
30 --> 45
33 --> 15
34 --> 8
37 --> 24
38 --> 19
40 --> 16
42 --> 33
43 --> 5
46 --> 6
47 --> 43
