Parameters: GAD=1 vflib=1 dir=0 label=0 lowerbound=1 fileNameGp=../../cp2016-max-common-connected-subgraph-paper/datasets/graphsdb/mcs30/bvg/b09m/mcs30_b09m_s35.A01 fileNameGt=../../cp2016-max-common-connected-subgraph-paper/datasets/graphsdb/mcs30/bvg/b09m/mcs30_b09m_s35.B01
Reading graphs...
35 :  148
35 :  146
Initializing...
maxdom : 35
D->valSize : 1225
Solving...
Blb : 2 (clique : 14)
currentSize : 14 <-- 0.018140 s
currentSize : 15 <-- 0.018294 s
currentSize : 16 <-- 0.023039 s
currentSize : 17 <-- 0.072578 s
currentSize : 18 <-- 10.162756 s

TIMEOUT
maxsize : 18
nodes : 212567777.000000
filtered : 5477207263.000000
time : 1000.000000


Display solution 

0 --> 19
1 --> 12
2 --> 7
4 --> 13
6 --> 14
7 --> 26
13 --> 17
16 --> 10
17 --> 21
20 --> 6
21 --> 20
22 --> 9
25 --> 34
26 --> 24
28 --> 15
31 --> 23
32 --> 0
34 --> 30
