Parameters: GAD=1 vflib=1 dir=0 label=0 lowerbound=1 fileNameGp=../../cp2016-max-common-connected-subgraph-paper/datasets/graphsdb/mcs30/m2D/m2Dr4/mcs30_m2Dr4_s50.A00 fileNameGt=../../cp2016-max-common-connected-subgraph-paper/datasets/graphsdb/mcs30/m2D/m2Dr4/mcs30_m2Dr4_s50.B00
Reading graphs...
50 :  102
50 :  103
Initializing...
maxdom : 50
D->valSize : 2500
Solving...
Blb : 2 (clique : 25)
currentSize : 25 <-- 0.125645 s
currentSize : 26 <-- 0.125971 s
currentSize : 27 <-- 0.125988 s
currentSize : 28 <-- 0.167782 s
currentSize : 29 <-- 0.459134 s
currentSize : 30 <-- 0.486181 s
currentSize : 31 <-- 0.651760 s
currentSize : 32 <-- 8.243429 s
currentSize : 33 <-- 78.003326 s
currentSize : 34 <-- 380.072327 s

TIMEOUT
maxsize : 34
nodes : 109410777.000000
filtered : 6433857280.000000
time : 1000.000061


Display solution 

0 --> 14
2 --> 18
3 --> 6
5 --> 37
6 --> 26
7 --> 35
8 --> 9
9 --> 29
10 --> 22
11 --> 49
12 --> 42
15 --> 39
16 --> 4
17 --> 47
18 --> 34
20 --> 38
22 --> 36
23 --> 0
24 --> 48
26 --> 27
27 --> 30
28 --> 17
30 --> 15
31 --> 20
32 --> 19
33 --> 3
36 --> 2
39 --> 5
40 --> 11
42 --> 43
44 --> 1
45 --> 28
46 --> 23
47 --> 46
