Parameters: GAD=1 vflib=1 dir=0 label=0 lowerbound=1 fileNameGp=../../cp2016-max-common-connected-subgraph-paper/datasets/graphsdb/mcs30/bvg/b03m/mcs30_b03m_s35.A00 fileNameGt=../../cp2016-max-common-connected-subgraph-paper/datasets/graphsdb/mcs30/bvg/b03m/mcs30_b03m_s35.B00
Reading graphs...
35 :  52
35 :  52
Initializing...
maxdom : 35
D->valSize : 1225
Solving...
Blb : 2 (clique : 22)
currentSize : 22 <-- 0.021091 s
currentSize : 23 <-- 0.021371 s
currentSize : 24 <-- 0.142865 s
currentSize : 25 <-- 0.211605 s
currentSize : 26 <-- 1.069509 s
currentSize : 27 <-- 81.924339 s

maxsize : 27
nodes : 51612242.000000
filtered : 2618449624.000000
time : 381.475220


Display solution 

0 --> 6
1 --> 8
2 --> 16
3 --> 18
4 --> 9
5 --> 26
6 --> 34
7 --> 28
8 --> 17
9 --> 3
10 --> 29
12 --> 25
13 --> 4
14 --> 27
15 --> 2
16 --> 21
17 --> 30
18 --> 13
19 --> 32
20 --> 19
21 --> 23
23 --> 24
24 --> 12
25 --> 33
31 --> 11
33 --> 14
34 --> 10
