Parameters: GAD=1 vflib=1 dir=0 label=0 lowerbound=1 fileNameGp=../../cp2016-max-common-connected-subgraph-paper/datasets/graphsdb/mcs30/rand/r02/mcs30_r02_s35.A00 fileNameGt=../../cp2016-max-common-connected-subgraph-paper/datasets/graphsdb/mcs30/rand/r02/mcs30_r02_s35.B00
Reading graphs...
35 :  209
35 :  214
Initializing...
maxdom : 35
D->valSize : 1225
Solving...
Blb : 2 (clique : 10)
currentSize : 10 <-- 0.029463 s
currentSize : 11 <-- 0.029631 s
currentSize : 12 <-- 0.030203 s
currentSize : 13 <-- 0.031943 s
currentSize : 14 <-- 0.070120 s
currentSize : 15 <-- 5.659472 s
currentSize : 16 <-- 768.317871 s

TIMEOUT
maxsize : 16
nodes : 277491590.000000
filtered : 3214074799.000000
time : 1000.000000


Display solution 

0 --> 5
1 --> 26
2 --> 33
4 --> 4
6 --> 27
7 --> 13
11 --> 34
12 --> 1
14 --> 14
15 --> 23
16 --> 6
19 --> 15
21 --> 31
23 --> 24
27 --> 30
28 --> 3
