Parameters: GAD=1 vflib=1 dir=0 label=0 lowerbound=1 fileNameGp=../../cp2016-max-common-connected-subgraph-paper/datasets/graphsdb/mcs30/m2D/m2Dr2/mcs30_m2Dr2_s50.A08 fileNameGt=../../cp2016-max-common-connected-subgraph-paper/datasets/graphsdb/mcs30/m2D/m2Dr2/mcs30_m2Dr2_s50.B08
Reading graphs...
50 :  93
50 :  92
Initializing...
maxdom : 50
D->valSize : 2500
Solving...
Blb : 2 (clique : 27)
currentSize : 27 <-- 0.116747 s
currentSize : 28 <-- 0.117174 s
currentSize : 29 <-- 0.122247 s
currentSize : 30 <-- 0.128854 s
currentSize : 31 <-- 0.183255 s
currentSize : 32 <-- 0.274205 s
currentSize : 33 <-- 0.794018 s
currentSize : 34 <-- 242.581696 s

TIMEOUT
maxsize : 34
nodes : 127061407.000000
filtered : 5975333801.000000
time : 1000.000000


Display solution 

0 --> 45
1 --> 20
3 --> 38
5 --> 34
6 --> 16
8 --> 1
9 --> 23
10 --> 41
11 --> 39
14 --> 17
15 --> 13
16 --> 36
17 --> 22
18 --> 9
19 --> 30
21 --> 35
22 --> 28
24 --> 25
26 --> 12
28 --> 0
29 --> 46
30 --> 24
31 --> 48
32 --> 37
33 --> 21
35 --> 19
36 --> 32
37 --> 43
38 --> 27
42 --> 40
43 --> 26
44 --> 18
45 --> 42
46 --> 44
