Parameters: GAD=1 vflib=1 dir=0 label=0 lowerbound=1 fileNameGp=../../cp2016-max-common-connected-subgraph-paper/datasets/graphsdb/mcs30/bvg/b09m/mcs30_b09m_s40.A00 fileNameGt=../../cp2016-max-common-connected-subgraph-paper/datasets/graphsdb/mcs30/bvg/b09m/mcs30_b09m_s40.B00
Reading graphs...
40 :  172
40 :  167
Initializing...
maxdom : 40
D->valSize : 1600
Solving...
Blb : 2 (clique : 15)
currentSize : 15 <-- 0.032590 s
currentSize : 16 <-- 0.034021 s
currentSize : 17 <-- 0.041695 s
currentSize : 18 <-- 0.478839 s
currentSize : 19 <-- 17.257156 s
currentSize : 20 <-- 411.422363 s

TIMEOUT
maxsize : 20
nodes : 215003391.000000
filtered : 4596893459.000000
time : 1000.000000


Display solution 

0 --> 9
2 --> 31
3 --> 26
4 --> 14
5 --> 25
7 --> 29
10 --> 15
11 --> 19
13 --> 22
16 --> 16
17 --> 10
18 --> 32
20 --> 3
21 --> 2
28 --> 24
29 --> 6
33 --> 37
34 --> 27
35 --> 38
39 --> 13
