Parameters: GAD=1 vflib=1 dir=0 label=0 lowerbound=1 fileNameGp=../../cp2016-max-common-connected-subgraph-paper/datasets/graphsdb/mcs30/m2D/m2Dr4/mcs30_m2Dr4_s30.A04 fileNameGt=../../cp2016-max-common-connected-subgraph-paper/datasets/graphsdb/mcs30/m2D/m2Dr4/mcs30_m2Dr4_s30.B04
Reading graphs...
30 :  61
30 :  60
Initializing...
maxdom : 30
D->valSize : 900
Solving...
Blb : 5 (clique : 17)
currentSize : 17 <-- 0.010758 s
currentSize : 18 <-- 0.012100 s
currentSize : 19 <-- 0.066605 s
currentSize : 20 <-- 0.128860 s
currentSize : 21 <-- 1.663543 s

maxsize : 21
nodes : 9115737.000000
filtered : 349077131.000000
time : 50.258514


Display solution 

0 --> 16
3 --> 18
5 --> 15
6 --> 9
10 --> 7
11 --> 22
12 --> 29
13 --> 11
14 --> 14
16 --> 5
17 --> 25
18 --> 0
19 --> 21
20 --> 20
23 --> 10
24 --> 27
25 --> 1
26 --> 3
27 --> 24
28 --> 13
29 --> 23
