Parameters: GAD=1 vflib=1 dir=0 label=0 lowerbound=1 fileNameGp=../../cp2016-max-common-connected-subgraph-paper/datasets/graphsdb/mcs30/rand/r02/mcs30_r02_s50.A07 fileNameGt=../../cp2016-max-common-connected-subgraph-paper/datasets/graphsdb/mcs30/rand/r02/mcs30_r02_s50.B07
Reading graphs...
50 :  437
50 :  426
Initializing...
maxdom : 50
D->valSize : 2500
Solving...
Blb : 2 (clique : 13)
currentSize : 13 <-- 0.086606 s
currentSize : 14 <-- 0.088249 s
currentSize : 15 <-- 0.097452 s
currentSize : 16 <-- 0.184186 s
currentSize : 17 <-- 21.339865 s

TIMEOUT
maxsize : 17
nodes : 245280091.000000
filtered : 2620550258.000000
time : 1000.000000


Display solution 

0 --> 30
3 --> 49
4 --> 24
5 --> 4
7 --> 39
8 --> 23
10 --> 2
13 --> 1
18 --> 11
21 --> 18
26 --> 17
27 --> 40
29 --> 48
31 --> 3
46 --> 9
47 --> 44
48 --> 33
