Parameters: GAD=1 vflib=1 dir=0 label=0 lowerbound=1 fileNameGp=../../cp2016-max-common-connected-subgraph-paper/datasets/graphsdb/mcs30/bvg/b06/mcs30_b06_s35.A05 fileNameGt=../../cp2016-max-common-connected-subgraph-paper/datasets/graphsdb/mcs30/bvg/b06/mcs30_b06_s35.B05
Reading graphs...
35 :  103
35 :  104
Initializing...
maxdom : 35
D->valSize : 1225
Solving...
Blb : 2 (clique : 14)
currentSize : 14 <-- 0.019125 s
currentSize : 15 <-- 0.019388 s
currentSize : 16 <-- 0.019401 s
currentSize : 17 <-- 0.021424 s
currentSize : 18 <-- 0.031686 s
currentSize : 19 <-- 0.884347 s
currentSize : 20 <-- 1.390013 s
currentSize : 21 <-- 9.976435 s
currentSize : 22 <-- 907.445618 s

TIMEOUT
maxsize : 22
nodes : 174185786.000000
filtered : 6097954215.000000
time : 1000.000000


Display solution 

0 --> 24
2 --> 7
4 --> 9
6 --> 33
7 --> 28
11 --> 17
12 --> 29
13 --> 10
15 --> 22
18 --> 18
20 --> 23
21 --> 20
22 --> 21
23 --> 1
24 --> 25
25 --> 0
26 --> 19
27 --> 15
28 --> 16
29 --> 2
32 --> 26
33 --> 31
