Parameters: GAD=1 vflib=1 dir=0 label=0 lowerbound=1 fileNameGp=../../cp2016-max-common-connected-subgraph-paper/datasets/graphsdb/mcs30/bvg/b09m/mcs30_b09m_s35.A06 fileNameGt=../../cp2016-max-common-connected-subgraph-paper/datasets/graphsdb/mcs30/bvg/b09m/mcs30_b09m_s35.B06
Reading graphs...
35 :  142
35 :  148
Initializing...
maxdom : 35
D->valSize : 1225
Solving...
Blb : 2 (clique : 13)
currentSize : 13 <-- 0.018329 s
currentSize : 14 <-- 0.018452 s
currentSize : 15 <-- 0.018703 s
currentSize : 16 <-- 0.070082 s
currentSize : 17 <-- 0.941262 s
currentSize : 18 <-- 5.333624 s

TIMEOUT
maxsize : 18
nodes : 206522798.000000
filtered : 5532593278.000000
time : 1000.000000


Display solution 

0 --> 22
1 --> 18
3 --> 20
4 --> 30
5 --> 19
7 --> 33
8 --> 29
9 --> 21
13 --> 5
15 --> 4
17 --> 34
18 --> 27
19 --> 11
24 --> 15
27 --> 31
28 --> 8
31 --> 26
32 --> 23
