Parameters: GAD=1 vflib=1 dir=0 label=0 lowerbound=1 fileNameGp=../../cp2016-max-common-connected-subgraph-paper/datasets/graphsdb/mcs30/m4D/m4Dr6/mcs30_m4Dr6_s50.A09 fileNameGt=../../cp2016-max-common-connected-subgraph-paper/datasets/graphsdb/mcs30/m4D/m4Dr6/mcs30_m4Dr6_s50.B09
Reading graphs...
50 :  116
50 :  113
Initializing...
maxdom : 50
D->valSize : 2500
Solving...
Blb : 2 (clique : 27)
currentSize : 27 <-- 0.093755 s
currentSize : 28 <-- 0.115721 s
currentSize : 29 <-- 0.115771 s
currentSize : 30 <-- 0.212181 s
currentSize : 31 <-- 6.757923 s
currentSize : 32 <-- 43.152008 s

TIMEOUT
maxsize : 32
nodes : 125805917.000000
filtered : 6100049722.000000
time : 1000.000061


Display solution 

0 --> 0
1 --> 22
4 --> 14
6 --> 17
7 --> 12
8 --> 19
9 --> 18
10 --> 23
11 --> 32
13 --> 8
14 --> 38
15 --> 43
17 --> 27
18 --> 16
19 --> 29
21 --> 3
23 --> 34
24 --> 13
25 --> 33
26 --> 28
28 --> 37
29 --> 24
30 --> 46
31 --> 31
32 --> 9
33 --> 47
37 --> 20
40 --> 42
42 --> 6
43 --> 48
44 --> 49
49 --> 1
