Parameters: GAD=1 vflib=1 dir=0 label=0 lowerbound=1 fileNameGp=../../cp2016-max-common-connected-subgraph-paper/datasets/graphsdb/mcs30/m3D/m3D/mcs30_m3D_s30.A05 fileNameGt=../../cp2016-max-common-connected-subgraph-paper/datasets/graphsdb/mcs30/m3D/m3D/mcs30_m3D_s30.B05
Reading graphs...
30 :  61
30 :  60
Initializing...
maxdom : 30
D->valSize : 900
Solving...
Blb : 2 (clique : 16)
currentSize : 16 <-- 0.011585 s
currentSize : 17 <-- 0.011719 s
currentSize : 18 <-- 0.011965 s
currentSize : 19 <-- 0.013177 s
currentSize : 20 <-- 0.015307 s
currentSize : 21 <-- 135.550980 s

maxsize : 21
nodes : 52412522.000000
filtered : 1760514555.000000
time : 268.081909


Display solution 

0 --> 29
2 --> 5
3 --> 19
6 --> 28
7 --> 22
8 --> 6
9 --> 1
10 --> 8
11 --> 23
13 --> 4
14 --> 21
15 --> 12
16 --> 13
17 --> 2
18 --> 27
19 --> 20
20 --> 14
22 --> 26
24 --> 18
25 --> 15
27 --> 17
