Parameters: GAD=1 vflib=1 dir=0 label=0 lowerbound=1 fileNameGp=../../cp2016-max-common-connected-subgraph-paper/datasets/graphsdb/mcs30/m2D/m2D/mcs30_m2D_s50.A00 fileNameGt=../../cp2016-max-common-connected-subgraph-paper/datasets/graphsdb/mcs30/m2D/m2D/mcs30_m2D_s50.B00
Reading graphs...
50 :  85
50 :  83
Initializing...
maxdom : 50
D->valSize : 2500
Solving...
Blb : 2 (clique : 33)
currentSize : 33 <-- 0.097011 s
currentSize : 34 <-- 23.480360 s
currentSize : 35 <-- 33.925129 s
currentSize : 36 <-- 57.546970 s

TIMEOUT
maxsize : 36
nodes : 100774813.000000
filtered : 6358045460.000000
time : 1000.000061


Display solution 

0 --> 11
1 --> 1
2 --> 30
3 --> 49
4 --> 43
5 --> 25
6 --> 21
7 --> 24
9 --> 46
10 --> 36
11 --> 40
14 --> 4
17 --> 3
18 --> 31
19 --> 13
20 --> 22
22 --> 44
23 --> 28
24 --> 37
26 --> 20
27 --> 9
29 --> 19
30 --> 7
31 --> 18
34 --> 48
35 --> 14
36 --> 6
37 --> 35
38 --> 23
39 --> 32
41 --> 29
42 --> 41
43 --> 2
44 --> 26
46 --> 15
49 --> 8
