Parameters: GAD=1 vflib=1 dir=0 label=0 lowerbound=1 fileNameGp=../../cp2016-max-common-connected-subgraph-paper/datasets/graphsdb/mcs30/bvg/b06m/mcs30_b06m_s30.A03 fileNameGt=../../cp2016-max-common-connected-subgraph-paper/datasets/graphsdb/mcs30/bvg/b06m/mcs30_b06m_s30.B03
Reading graphs...
30 :  85
30 :  87
Initializing...
maxdom : 30
D->valSize : 900
Solving...
Blb : 2 (clique : 14)
currentSize : 14 <-- 0.010217 s
currentSize : 15 <-- 0.010325 s
currentSize : 16 <-- 0.010448 s
currentSize : 17 <-- 0.109645 s
currentSize : 18 <-- 1.688222 s

maxsize : 18
nodes : 50084679.000000
filtered : 1322365057.000000
time : 225.689362


Display solution 

0 --> 21
1 --> 2
2 --> 0
3 --> 1
5 --> 25
7 --> 3
9 --> 20
10 --> 22
13 --> 8
17 --> 29
18 --> 13
19 --> 23
20 --> 24
21 --> 28
22 --> 9
23 --> 10
24 --> 17
28 --> 27
