Parameters: GAD=1 vflib=1 dir=0 label=0 lowerbound=1 fileNameGp=../../cp2016-max-common-connected-subgraph-paper/datasets/graphsdb/mcs30/rand/r01/mcs30_r01_s50.A08 fileNameGt=../../cp2016-max-common-connected-subgraph-paper/datasets/graphsdb/mcs30/rand/r01/mcs30_r01_s50.B08
Reading graphs...
50 :  233
50 :  229
Initializing...
maxdom : 50
D->valSize : 2500
Solving...
Blb : 2 (clique : 18)
currentSize : 18 <-- 0.084670 s
currentSize : 19 <-- 0.085105 s
currentSize : 20 <-- 0.085855 s
currentSize : 21 <-- 0.098520 s
currentSize : 22 <-- 1.307220 s
currentSize : 23 <-- 64.947174 s

TIMEOUT
maxsize : 23
nodes : 187249330.000000
filtered : 4609094674.000000
time : 1000.000000


Display solution 

0 --> 0
1 --> 43
3 --> 39
4 --> 10
6 --> 26
7 --> 1
8 --> 19
12 --> 37
13 --> 8
15 --> 31
20 --> 38
22 --> 5
26 --> 33
27 --> 14
28 --> 27
31 --> 16
32 --> 13
36 --> 32
37 --> 41
38 --> 30
39 --> 23
46 --> 18
47 --> 45
