Parameters: GAD=1 vflib=1 dir=0 label=0 lowerbound=1 fileNameGp=../../cp2016-max-common-connected-subgraph-paper/datasets/graphsdb/mcs30/bvg/b06/mcs30_b06_s30.A02 fileNameGt=../../cp2016-max-common-connected-subgraph-paper/datasets/graphsdb/mcs30/bvg/b06/mcs30_b06_s30.B02
Reading graphs...
30 :  88
30 :  87
Initializing...
maxdom : 30
D->valSize : 900
Solving...
Blb : 2 (clique : 14)
currentSize : 14 <-- 0.018014 s
currentSize : 15 <-- 0.018550 s
currentSize : 16 <-- 0.021446 s
currentSize : 17 <-- 1.151189 s
currentSize : 18 <-- 46.539097 s

maxsize : 18
nodes : 33689651.000000
filtered : 962498142.000000
time : 158.035675


Display solution 

0 --> 9
4 --> 1
5 --> 18
6 --> 15
8 --> 7
9 --> 16
10 --> 6
12 --> 8
13 --> 0
14 --> 4
15 --> 28
16 --> 14
17 --> 25
23 --> 11
24 --> 29
25 --> 22
27 --> 13
28 --> 5
