Parameters: GAD=1 vflib=1 dir=0 label=0 lowerbound=1 fileNameGp=../../cp2016-max-common-connected-subgraph-paper/datasets/graphsdb/mcs30/bvg/b06m/mcs30_b06m_s50.A05 fileNameGt=../../cp2016-max-common-connected-subgraph-paper/datasets/graphsdb/mcs30/bvg/b06m/mcs30_b06m_s50.B05
Reading graphs...
50 :  143
50 :  144
Initializing...
maxdom : 50
D->valSize : 2500
Solving...
Blb : 2 (clique : 24)
currentSize : 24 <-- 0.091739 s
currentSize : 25 <-- 0.293404 s
currentSize : 26 <-- 0.797349 s
currentSize : 27 <-- 8.256595 s
currentSize : 28 <-- 16.685772 s
currentSize : 29 <-- 29.753428 s
currentSize : 30 <-- 81.428230 s

TIMEOUT
maxsize : 30
nodes : 136196046.000000
filtered : 5475725486.000000
time : 1000.000000


Display solution 

0 --> 23
1 --> 9
2 --> 13
4 --> 40
5 --> 12
7 --> 31
9 --> 19
10 --> 34
11 --> 5
12 --> 33
14 --> 37
16 --> 47
18 --> 0
23 --> 35
26 --> 3
27 --> 16
28 --> 48
29 --> 6
31 --> 30
33 --> 38
35 --> 2
37 --> 27
38 --> 43
39 --> 32
40 --> 39
43 --> 11
45 --> 41
47 --> 46
48 --> 15
49 --> 45
