Parameters: GAD=1 vflib=1 dir=0 label=0 lowerbound=1 fileNameGp=../../cp2016-max-common-connected-subgraph-paper/datasets/graphsdb/mcs30/rand/r01/mcs30_r01_s20.A08 fileNameGt=../../cp2016-max-common-connected-subgraph-paper/datasets/graphsdb/mcs30/rand/r01/mcs30_r01_s20.B08
Reading graphs...
20 :  39
20 :  39
Initializing...
maxdom : 20
D->valSize : 400
Solving...
Blb : 2 (clique : 10)
currentSize : 10 <-- 0.002372 s
currentSize : 11 <-- 0.002428 s
currentSize : 12 <-- 0.002478 s
currentSize : 13 <-- 0.002734 s
currentSize : 14 <-- 0.777882 s

maxsize : 14
nodes : 282090.000000
filtered : 4408581.000000
time : 0.873285


Display solution 

1 --> 12
3 --> 17
4 --> 18
5 --> 2
6 --> 15
7 --> 9
10 --> 14
11 --> 1
12 --> 4
13 --> 7
14 --> 3
17 --> 10
18 --> 11
19 --> 19
