Parameters: GAD=1 vflib=1 dir=0 label=0 lowerbound=1 fileNameGp=../../cp2016-max-common-connected-subgraph-paper/datasets/graphsdb/mcs30/bvg/b03m/mcs30_b03m_s40.A08 fileNameGt=../../cp2016-max-common-connected-subgraph-paper/datasets/graphsdb/mcs30/bvg/b03m/mcs30_b03m_s40.B08
Reading graphs...
40 :  59
40 :  58
Initializing...
maxdom : 40
D->valSize : 1600
Solving...
Blb : 2 (clique : 25)
currentSize : 25 <-- 0.036692 s
currentSize : 26 <-- 0.038221 s
currentSize : 27 <-- 0.278515 s
currentSize : 28 <-- 0.352016 s
currentSize : 29 <-- 6.827332 s
currentSize : 30 <-- 107.569016 s
currentSize : 31 <-- 161.070847 s

TIMEOUT
maxsize : 31
nodes : 112521876.000000
filtered : 7044180886.000000
time : 1000.000000


Display solution 

0 --> 14
1 --> 0
2 --> 33
3 --> 5
4 --> 38
7 --> 28
8 --> 32
10 --> 15
11 --> 11
12 --> 12
13 --> 2
14 --> 25
15 --> 4
16 --> 13
17 --> 17
18 --> 37
19 --> 19
20 --> 26
21 --> 7
24 --> 21
25 --> 18
26 --> 24
27 --> 6
29 --> 20
30 --> 39
31 --> 27
32 --> 23
34 --> 9
35 --> 22
36 --> 31
37 --> 35
