Parameters: GAD=1 vflib=1 dir=0 label=0 lowerbound=1 fileNameGp=../../cp2016-max-common-connected-subgraph-paper/datasets/graphsdb/mcs30/rand/r02/mcs30_r02_s50.A08 fileNameGt=../../cp2016-max-common-connected-subgraph-paper/datasets/graphsdb/mcs30/rand/r02/mcs30_r02_s50.B08
Reading graphs...
50 :  438
50 :  431
Initializing...
maxdom : 50
D->valSize : 2500
Solving...
Blb : 2 (clique : 13)
currentSize : 13 <-- 0.074584 s
currentSize : 14 <-- 0.079506 s
currentSize : 15 <-- 1.176650 s
currentSize : 16 <-- 7.636820 s

TIMEOUT
maxsize : 16
nodes : 260822993.000000
filtered : 2321341331.000000
time : 1000.000000


Display solution 

0 --> 5
2 --> 46
3 --> 21
5 --> 9
6 --> 25
9 --> 32
11 --> 43
17 --> 11
20 --> 34
31 --> 27
34 --> 15
35 --> 47
39 --> 24
40 --> 48
41 --> 42
42 --> 8
