Parameters: GAD=1 vflib=1 dir=0 label=0 lowerbound=1 fileNameGp=../../cp2016-max-common-connected-subgraph-paper/datasets/graphsdb/mcs30/rand/r01/mcs30_r01_s35.A04 fileNameGt=../../cp2016-max-common-connected-subgraph-paper/datasets/graphsdb/mcs30/rand/r01/mcs30_r01_s35.B04
Reading graphs...
35 :  115
35 :  113
Initializing...
maxdom : 35
D->valSize : 1225
Solving...
Blb : 2 (clique : 16)
currentSize : 16 <-- 0.018841 s
currentSize : 17 <-- 0.019123 s
currentSize : 18 <-- 0.036082 s
currentSize : 19 <-- 1.543669 s
currentSize : 20 <-- 225.817413 s

TIMEOUT
maxsize : 20
nodes : 218488089.000000
filtered : 4998463497.000000
time : 1000.000000


Display solution 

0 --> 22
1 --> 27
3 --> 34
6 --> 4
7 --> 18
8 --> 6
9 --> 10
10 --> 12
12 --> 31
14 --> 21
19 --> 32
20 --> 11
21 --> 17
22 --> 23
24 --> 15
26 --> 28
27 --> 8
28 --> 13
29 --> 19
33 --> 26
