Parameters: GAD=1 vflib=1 dir=0 label=0 lowerbound=1 fileNameGp=../../cp2016-max-common-connected-subgraph-paper/datasets/graphsdb/mcs30/rand/r005/mcs30_r005_s50.A01 fileNameGt=../../cp2016-max-common-connected-subgraph-paper/datasets/graphsdb/mcs30/rand/r005/mcs30_r005_s50.B01
Reading graphs...
50 :  125
50 :  126
Initializing...
maxdom : 50
D->valSize : 2500
Solving...
Blb : 2 (clique : 24)
currentSize : 24 <-- 0.093475 s
currentSize : 25 <-- 0.093949 s
currentSize : 26 <-- 0.099656 s
currentSize : 27 <-- 0.258731 s
currentSize : 28 <-- 0.278743 s
currentSize : 29 <-- 3.575844 s
currentSize : 30 <-- 57.681168 s
currentSize : 31 <-- 205.088165 s

TIMEOUT
maxsize : 31
nodes : 147360529.000000
filtered : 5051191990.000000
time : 1000.000061


Display solution 

0 --> 34
1 --> 23
2 --> 24
4 --> 22
6 --> 32
7 --> 6
9 --> 1
10 --> 36
11 --> 30
12 --> 42
13 --> 49
14 --> 26
16 --> 28
17 --> 46
20 --> 0
22 --> 19
23 --> 29
25 --> 27
26 --> 12
31 --> 48
32 --> 17
34 --> 14
35 --> 35
36 --> 16
37 --> 41
38 --> 15
40 --> 33
42 --> 18
44 --> 3
46 --> 21
49 --> 10
