Parameters: GAD=1 vflib=1 dir=0 label=0 lowerbound=1 fileNameGp=../../cp2016-max-common-connected-subgraph-paper/datasets/graphsdb/mcs30/bvg/b03m/mcs30_b03m_s30.A07 fileNameGt=../../cp2016-max-common-connected-subgraph-paper/datasets/graphsdb/mcs30/bvg/b03m/mcs30_b03m_s30.B07
Reading graphs...
30 :  43
30 :  44
Initializing...
maxdom : 30
D->valSize : 900
Solving...
Blb : 2 (clique : 17)
currentSize : 17 <-- 0.011387 s
currentSize : 18 <-- 0.011533 s
currentSize : 19 <-- 0.021974 s
currentSize : 20 <-- 0.022501 s
currentSize : 21 <-- 1.348619 s
currentSize : 22 <-- 1.402827 s
currentSize : 23 <-- 4.685650 s

maxsize : 23
nodes : 10476656.000000
filtered : 488854019.000000
time : 67.634361


Display solution 

0 --> 10
1 --> 29
3 --> 14
4 --> 20
5 --> 18
6 --> 0
8 --> 11
9 --> 3
13 --> 12
15 --> 2
16 --> 13
17 --> 15
18 --> 26
19 --> 28
20 --> 9
22 --> 27
23 --> 5
24 --> 16
25 --> 6
26 --> 8
27 --> 22
28 --> 23
29 --> 25
