Parameters: GAD=1 vflib=1 dir=0 label=0 lowerbound=1 fileNameGp=../../cp2016-max-common-connected-subgraph-paper/datasets/graphsdb/mcs30/m4D/m4Dr2/mcs30_m4Dr2_s50.A02 fileNameGt=../../cp2016-max-common-connected-subgraph-paper/datasets/graphsdb/mcs30/m4D/m4Dr2/mcs30_m4Dr2_s50.B02
Reading graphs...
50 :  94
50 :  96
Initializing...
maxdom : 50
D->valSize : 2500
Solving...
Blb : 2 (clique : 27)
currentSize : 27 <-- 0.094948 s
currentSize : 30 <-- 0.095312 s
currentSize : 31 <-- 0.095417 s
currentSize : 32 <-- 16.444176 s
currentSize : 33 <-- 159.204926 s
currentSize : 34 <-- 483.657684 s
currentSize : 35 <-- 799.319031 s

TIMEOUT
maxsize : 35
nodes : 158495387.000000
filtered : 5546210333.000000
time : 1000.000000


Display solution 

0 --> 44
1 --> 23
3 --> 34
4 --> 30
6 --> 13
7 --> 18
8 --> 43
9 --> 47
10 --> 8
11 --> 45
12 --> 10
13 --> 28
14 --> 37
16 --> 31
18 --> 49
19 --> 0
21 --> 16
22 --> 1
24 --> 24
25 --> 7
26 --> 11
27 --> 38
29 --> 21
32 --> 12
35 --> 48
36 --> 29
37 --> 6
38 --> 5
39 --> 20
42 --> 26
44 --> 22
45 --> 2
46 --> 35
47 --> 32
48 --> 46
