Parameters: GAD=1 vflib=1 dir=0 label=0 lowerbound=1 fileNameGp=../../cp2016-max-common-connected-subgraph-paper/datasets/graphsdb/mcs30/bvg/b03m/mcs30_b03m_s25.A01 fileNameGt=../../cp2016-max-common-connected-subgraph-paper/datasets/graphsdb/mcs30/bvg/b03m/mcs30_b03m_s25.B01
Reading graphs...
25 :  37
25 :  37
Initializing...
maxdom : 25
D->valSize : 625
Solving...
Blb : 2 (clique : 14)
currentSize : 14 <-- 0.005588 s
currentSize : 15 <-- 0.005675 s
currentSize : 16 <-- 0.006181 s
currentSize : 17 <-- 0.007116 s
currentSize : 18 <-- 0.008959 s
currentSize : 19 <-- 0.154648 s

maxsize : 19
nodes : 1224640.000000
filtered : 43041520.000000
time : 6.191615


Display solution 

0 --> 16
1 --> 23
3 --> 22
4 --> 4
5 --> 24
6 --> 2
7 --> 20
8 --> 17
9 --> 10
10 --> 8
11 --> 5
13 --> 3
15 --> 21
16 --> 12
17 --> 0
19 --> 1
21 --> 18
22 --> 7
24 --> 13
