Parameters: GAD=1 vflib=1 dir=0 label=0 lowerbound=1 fileNameGp=../../cp2016-max-common-connected-subgraph-paper/datasets/graphsdb/mcs30/m3D/m3D/mcs30_m3D_s25.A00 fileNameGt=../../cp2016-max-common-connected-subgraph-paper/datasets/graphsdb/mcs30/m3D/m3D/mcs30_m3D_s25.B00
Reading graphs...
25 :  49
25 :  49
Initializing...
maxdom : 25
D->valSize : 625
Solving...
Blb : 2 (clique : 13)
currentSize : 13 <-- 0.009356 s
currentSize : 14 <-- 0.009626 s
currentSize : 15 <-- 0.010177 s
currentSize : 16 <-- 0.017966 s
currentSize : 17 <-- 0.053195 s
currentSize : 18 <-- 7.071504 s

maxsize : 18
nodes : 2028293.000000
filtered : 58965897.000000
time : 8.675555


Display solution 

1 --> 20
2 --> 13
5 --> 1
6 --> 19
7 --> 24
8 --> 12
9 --> 23
11 --> 2
12 --> 14
13 --> 17
14 --> 9
15 --> 11
17 --> 22
18 --> 0
19 --> 3
21 --> 8
22 --> 7
23 --> 18
