Parameters: GAD=1 vflib=1 dir=0 label=0 lowerbound=1 fileNameGp=../../cp2016-max-common-connected-subgraph-paper/datasets/graphsdb/mcs30/m3D/m3Dr4/mcs30_m3Dr4_s30.A05 fileNameGt=../../cp2016-max-common-connected-subgraph-paper/datasets/graphsdb/mcs30/m3D/m3Dr4/mcs30_m3Dr4_s30.B05
Reading graphs...
30 :  71
30 :  67
Initializing...
maxdom : 30
D->valSize : 900
Solving...
Blb : 2 (clique : 14)
currentSize : 14 <-- 0.010760 s
currentSize : 15 <-- 0.011019 s
currentSize : 16 <-- 0.012084 s
currentSize : 17 <-- 0.018916 s
currentSize : 18 <-- 0.033964 s
currentSize : 19 <-- 0.127144 s

maxsize : 19
nodes : 101064663.000000
filtered : 3139287901.000000
time : 485.468170


Display solution 

0 --> 27
1 --> 23
2 --> 5
3 --> 17
4 --> 18
5 --> 6
6 --> 16
7 --> 21
12 --> 28
13 --> 15
16 --> 20
17 --> 2
19 --> 12
21 --> 11
22 --> 14
24 --> 24
25 --> 9
27 --> 4
28 --> 0
