Parameters: GAD=1 vflib=1 dir=0 label=0 lowerbound=1 fileNameGp=../../cp2016-max-common-connected-subgraph-paper/datasets/graphsdb/mcs30/bvg/b03m/mcs30_b03m_s30.A02 fileNameGt=../../cp2016-max-common-connected-subgraph-paper/datasets/graphsdb/mcs30/bvg/b03m/mcs30_b03m_s30.B02
Reading graphs...
30 :  45
30 :  45
Initializing...
maxdom : 30
D->valSize : 900
Solving...
Blb : 2 (clique : 18)
currentSize : 18 <-- 0.010977 s
currentSize : 19 <-- 0.011252 s
currentSize : 20 <-- 0.011385 s
currentSize : 21 <-- 0.068263 s
currentSize : 22 <-- 0.239874 s
currentSize : 23 <-- 0.778692 s

maxsize : 23
nodes : 1396911.000000
filtered : 56694648.000000
time : 8.416285


Display solution 

0 --> 0
1 --> 10
2 --> 4
4 --> 27
5 --> 26
6 --> 25
7 --> 7
8 --> 11
9 --> 28
10 --> 19
11 --> 1
12 --> 17
13 --> 14
14 --> 8
18 --> 2
19 --> 24
22 --> 20
23 --> 29
24 --> 22
25 --> 9
27 --> 13
28 --> 15
29 --> 12
