Parameters: GAD=1 vflib=1 dir=0 label=0 lowerbound=1 fileNameGp=../../cp2016-max-common-connected-subgraph-paper/datasets/graphsdb/mcs30/bvg/b06/mcs30_b06_s30.A05 fileNameGt=../../cp2016-max-common-connected-subgraph-paper/datasets/graphsdb/mcs30/bvg/b06/mcs30_b06_s30.B05
Reading graphs...
30 :  87
30 :  87
Initializing...
maxdom : 30
D->valSize : 900
Solving...
Blb : 2 (clique : 12)
currentSize : 12 <-- 0.011065 s
currentSize : 15 <-- 0.011166 s
currentSize : 16 <-- 0.011352 s
currentSize : 17 <-- 0.013594 s
currentSize : 18 <-- 0.760561 s

maxsize : 18
nodes : 45475839.000000
filtered : 1288270589.000000
time : 215.551651


Display solution 

0 --> 13
2 --> 17
3 --> 4
4 --> 22
5 --> 26
7 --> 18
8 --> 23
9 --> 21
10 --> 10
12 --> 20
15 --> 8
16 --> 28
17 --> 16
18 --> 5
21 --> 19
23 --> 7
25 --> 9
27 --> 25
