Parameters: GAD=1 vflib=1 dir=0 label=0 lowerbound=1 fileNameGp=../../cp2016-max-common-connected-subgraph-paper/datasets/graphsdb/mcs30/m4D/m4Dr6/mcs30_m4Dr6_s50.A01 fileNameGt=../../cp2016-max-common-connected-subgraph-paper/datasets/graphsdb/mcs30/m4D/m4Dr6/mcs30_m4Dr6_s50.B01
Reading graphs...
50 :  113
50 :  110
Initializing...
maxdom : 50
D->valSize : 2500
Solving...
Blb : 2 (clique : 25)
currentSize : 25 <-- 0.093604 s
currentSize : 26 <-- 0.093933 s
currentSize : 27 <-- 0.096694 s
currentSize : 28 <-- 0.097369 s
currentSize : 29 <-- 0.102360 s
currentSize : 30 <-- 0.623249 s
currentSize : 31 <-- 0.783799 s
currentSize : 32 <-- 22.181812 s
currentSize : 33 <-- 249.581985 s

TIMEOUT
maxsize : 33
nodes : 129738286.000000
filtered : 6082206633.000000
time : 1000.000061


Display solution 

0 --> 11
1 --> 40
2 --> 5
4 --> 9
6 --> 22
7 --> 1
8 --> 31
11 --> 38
12 --> 24
14 --> 8
17 --> 6
18 --> 33
20 --> 32
21 --> 7
23 --> 26
24 --> 43
26 --> 28
27 --> 10
28 --> 49
29 --> 25
30 --> 2
33 --> 46
36 --> 13
39 --> 16
40 --> 0
41 --> 47
42 --> 12
43 --> 20
44 --> 4
45 --> 18
47 --> 45
48 --> 30
49 --> 29
