Parameters: GAD=1 vflib=1 dir=0 label=0 lowerbound=1 fileNameGp=../../cp2016-max-common-connected-subgraph-paper/datasets/graphsdb/mcs30/bvg/b03m/mcs30_b03m_s40.A00 fileNameGt=../../cp2016-max-common-connected-subgraph-paper/datasets/graphsdb/mcs30/bvg/b03m/mcs30_b03m_s40.B00
Reading graphs...
40 :  59
40 :  59
Initializing...
maxdom : 40
D->valSize : 1600
Solving...
Blb : 2 (clique : 27)
currentSize : 27 <-- 0.036501 s
currentSize : 28 <-- 0.131824 s
currentSize : 29 <-- 0.133587 s
currentSize : 30 <-- 0.185640 s
currentSize : 31 <-- 6.591846 s
currentSize : 32 <-- 206.276215 s

TIMEOUT
maxsize : 32
nodes : 96891673.000000
filtered : 6240722556.000000
time : 1000.000000


Display solution 

0 --> 16
1 --> 12
2 --> 17
4 --> 10
5 --> 20
6 --> 30
7 --> 27
8 --> 23
9 --> 21
10 --> 33
12 --> 36
13 --> 3
14 --> 2
15 --> 39
16 --> 35
17 --> 6
18 --> 29
19 --> 14
20 --> 32
21 --> 7
22 --> 9
23 --> 19
24 --> 22
25 --> 28
26 --> 4
27 --> 25
28 --> 18
32 --> 31
34 --> 1
35 --> 34
38 --> 13
39 --> 24
