Parameters: GAD=1 vflib=1 dir=0 label=0 lowerbound=1 fileNameGp=../../cp2016-max-common-connected-subgraph-paper/datasets/graphsdb/mcs30/bvg/b03m/mcs30_b03m_s50.A04 fileNameGt=../../cp2016-max-common-connected-subgraph-paper/datasets/graphsdb/mcs30/bvg/b03m/mcs30_b03m_s50.B04
Reading graphs...
50 :  73
50 :  74
Initializing...
maxdom : 50
D->valSize : 2500
Solving...
Blb : 2 (clique : 30)
currentSize : 30 <-- 0.097769 s
currentSize : 31 <-- 2.223956 s
currentSize : 32 <-- 2.307304 s
currentSize : 33 <-- 4.440751 s
currentSize : 34 <-- 22.800964 s
currentSize : 35 <-- 92.345001 s
currentSize : 36 <-- 117.172760 s
currentSize : 37 <-- 816.004395 s
currentSize : 38 <-- 907.021301 s
currentSize : 39 <-- 966.863403 s

TIMEOUT
maxsize : 39
nodes : 145405052.000000
filtered : 6167254921.000000
time : 1000.000061


Display solution 

0 --> 29
1 --> 48
2 --> 18
4 --> 30
5 --> 16
7 --> 40
8 --> 27
10 --> 42
11 --> 0
13 --> 44
14 --> 47
15 --> 15
16 --> 46
17 --> 5
18 --> 41
19 --> 43
20 --> 1
21 --> 11
24 --> 14
25 --> 26
26 --> 35
27 --> 31
28 --> 20
29 --> 13
30 --> 38
31 --> 24
32 --> 4
33 --> 32
34 --> 33
35 --> 39
36 --> 37
37 --> 36
38 --> 23
39 --> 22
40 --> 17
41 --> 2
46 --> 6
47 --> 21
49 --> 25
