Parameters: GAD=1 vflib=1 dir=0 label=0 lowerbound=1 fileNameGp=../../cp2016-max-common-connected-subgraph-paper/datasets/graphsdb/mcs30/bvg/b09/mcs30_b09_s40.A06 fileNameGt=../../cp2016-max-common-connected-subgraph-paper/datasets/graphsdb/mcs30/bvg/b09/mcs30_b09_s40.B06
Reading graphs...
40 :  176
40 :  173
Initializing...
maxdom : 40
D->valSize : 1600
Solving...
Blb : 2 (clique : 15)
currentSize : 15 <-- 0.054671 s
currentSize : 16 <-- 0.054917 s
currentSize : 17 <-- 0.054943 s
currentSize : 18 <-- 0.142265 s
currentSize : 19 <-- 0.196608 s
currentSize : 20 <-- 2.237421 s
currentSize : 21 <-- 7.264541 s

TIMEOUT
maxsize : 21
nodes : 183715867.000000
filtered : 5515222412.000000
time : 1000.000000


Display solution 

0 --> 4
1 --> 20
2 --> 33
3 --> 37
4 --> 8
5 --> 2
8 --> 24
11 --> 12
12 --> 31
14 --> 32
15 --> 10
16 --> 3
17 --> 18
18 --> 13
19 --> 9
20 --> 35
21 --> 34
22 --> 26
23 --> 11
28 --> 17
38 --> 22
