Parameters: GAD=1 vflib=1 dir=0 label=0 lowerbound=1 fileNameGp=../../cp2016-max-common-connected-subgraph-paper/datasets/graphsdb/mcs30/m3D/m3Dr4/mcs30_m3Dr4_s40.A01 fileNameGt=../../cp2016-max-common-connected-subgraph-paper/datasets/graphsdb/mcs30/m3D/m3Dr4/mcs30_m3Dr4_s40.B01
Reading graphs...
40 :  98
40 :  98
Initializing...
maxdom : 40
D->valSize : 1600
Solving...
Blb : 2 (clique : 20)
currentSize : 20 <-- 0.034307 s
currentSize : 21 <-- 0.045960 s
currentSize : 22 <-- 0.206049 s
currentSize : 23 <-- 2.593213 s
currentSize : 24 <-- 10.199090 s
currentSize : 25 <-- 219.434753 s

TIMEOUT
maxsize : 25
nodes : 166077154.000000
filtered : 5831985197.000000
time : 1000.000000


Display solution 

0 --> 5
1 --> 33
3 --> 18
5 --> 15
6 --> 23
8 --> 27
9 --> 4
10 --> 11
13 --> 9
14 --> 35
15 --> 13
16 --> 24
17 --> 30
19 --> 7
21 --> 17
23 --> 36
24 --> 25
25 --> 6
26 --> 20
28 --> 1
29 --> 10
31 --> 31
33 --> 26
38 --> 14
39 --> 32
