Parameters: GAD=1 vflib=1 dir=0 label=0 lowerbound=1 fileNameGp=../../cp2016-max-common-connected-subgraph-paper/datasets/graphsdb/mcs30/bvg/b06m/mcs30_b06m_s35.A04 fileNameGt=../../cp2016-max-common-connected-subgraph-paper/datasets/graphsdb/mcs30/bvg/b06m/mcs30_b06m_s35.B04
Reading graphs...
35 :  102
35 :  103
Initializing...
maxdom : 35
D->valSize : 1225
Solving...
Blb : 2 (clique : 16)
currentSize : 16 <-- 0.019102 s
currentSize : 18 <-- 0.019248 s
currentSize : 19 <-- 0.019677 s
currentSize : 20 <-- 1.956400 s
currentSize : 21 <-- 24.633848 s

TIMEOUT
maxsize : 21
nodes : 187909837.000000
filtered : 5898959408.000000
time : 1000.000000


Display solution 

0 --> 27
1 --> 11
2 --> 5
3 --> 29
4 --> 14
6 --> 19
8 --> 15
9 --> 31
10 --> 4
11 --> 25
18 --> 16
20 --> 34
21 --> 2
22 --> 17
23 --> 13
25 --> 26
26 --> 12
29 --> 23
30 --> 9
31 --> 28
34 --> 0
