Parameters: GAD=1 vflib=1 dir=0 label=0 lowerbound=1 fileNameGp=../../cp2016-max-common-connected-subgraph-paper/datasets/graphsdb/mcs30/rand/r02/mcs30_r02_s40.A05 fileNameGt=../../cp2016-max-common-connected-subgraph-paper/datasets/graphsdb/mcs30/rand/r02/mcs30_r02_s40.B05
Reading graphs...
40 :  279
40 :  270
Initializing...
maxdom : 40
D->valSize : 1600
Solving...
Blb : 2 (clique : 11)
currentSize : 11 <-- 0.029295 s
currentSize : 12 <-- 0.029459 s
currentSize : 13 <-- 0.030526 s
currentSize : 14 <-- 0.030636 s
currentSize : 15 <-- 0.984499 s
currentSize : 16 <-- 115.399719 s

TIMEOUT
maxsize : 16
nodes : 269628291.000000
filtered : 3039559625.000000
time : 1000.000000


Display solution 

0 --> 37
1 --> 11
2 --> 0
9 --> 32
10 --> 6
11 --> 24
12 --> 23
18 --> 15
21 --> 1
24 --> 33
26 --> 20
30 --> 4
31 --> 3
32 --> 36
36 --> 28
38 --> 21
