Parameters: GAD=1 vflib=1 dir=0 label=0 lowerbound=1 fileNameGp=../../cp2016-max-common-connected-subgraph-paper/datasets/graphsdb/mcs30/rand/r02/mcs30_r02_s35.A02 fileNameGt=../../cp2016-max-common-connected-subgraph-paper/datasets/graphsdb/mcs30/rand/r02/mcs30_r02_s35.B02
Reading graphs...
35 :  207
35 :  214
Initializing...
maxdom : 35
D->valSize : 1225
Solving...
Blb : 2 (clique : 11)
currentSize : 11 <-- 0.018187 s
currentSize : 12 <-- 0.018310 s
currentSize : 13 <-- 0.018363 s
currentSize : 14 <-- 0.033564 s
currentSize : 15 <-- 2.998206 s
currentSize : 16 <-- 74.989494 s

TIMEOUT
maxsize : 16
nodes : 247113817.000000
filtered : 4023657087.000000
time : 1000.000000


Display solution 

0 --> 15
1 --> 10
4 --> 24
5 --> 20
7 --> 32
9 --> 1
10 --> 3
15 --> 6
17 --> 0
18 --> 30
24 --> 31
25 --> 25
27 --> 18
29 --> 8
30 --> 11
31 --> 4
