Parameters: GAD=1 vflib=1 dir=0 label=0 lowerbound=1 fileNameGp=../../cp2016-max-common-connected-subgraph-paper/datasets/graphsdb/mcs30/m3D/m3Dr2/mcs30_m3Dr2_s40.A09 fileNameGt=../../cp2016-max-common-connected-subgraph-paper/datasets/graphsdb/mcs30/m3D/m3Dr2/mcs30_m3Dr2_s40.B09
Reading graphs...
40 :  91
40 :  90
Initializing...
maxdom : 40
D->valSize : 1600
Solving...
Blb : 2 (clique : 19)
currentSize : 19 <-- 0.061486 s
currentSize : 20 <-- 0.061778 s
currentSize : 21 <-- 0.061998 s
currentSize : 22 <-- 0.064350 s
currentSize : 23 <-- 0.193746 s
currentSize : 24 <-- 0.943968 s
currentSize : 25 <-- 15.257173 s

TIMEOUT
maxsize : 25
nodes : 164095088.000000
filtered : 5750568238.000000
time : 1000.000000


Display solution 

0 --> 0
1 --> 3
3 --> 5
4 --> 14
5 --> 7
7 --> 25
8 --> 31
9 --> 19
11 --> 36
12 --> 10
13 --> 28
17 --> 24
19 --> 26
21 --> 11
22 --> 18
23 --> 6
25 --> 39
27 --> 27
30 --> 30
31 --> 32
32 --> 2
34 --> 33
35 --> 9
37 --> 21
38 --> 8
