Parameters: GAD=1 vflib=1 dir=0 label=0 lowerbound=1 fileNameGp=../../cp2016-max-common-connected-subgraph-paper/datasets/graphsdb/mcs30/rand/r01/mcs30_r01_s35.A06 fileNameGt=../../cp2016-max-common-connected-subgraph-paper/datasets/graphsdb/mcs30/rand/r01/mcs30_r01_s35.B06
Reading graphs...
35 :  112
35 :  116
Initializing...
maxdom : 35
D->valSize : 1225
Solving...
Blb : 2 (clique : 16)
currentSize : 16 <-- 0.018798 s
currentSize : 17 <-- 0.021221 s
currentSize : 18 <-- 0.021618 s
currentSize : 19 <-- 2.017466 s
currentSize : 20 <-- 72.507896 s

TIMEOUT
maxsize : 20
nodes : 199632837.000000
filtered : 5187300240.000000
time : 1000.000000


Display solution 

0 --> 9
3 --> 32
4 --> 27
8 --> 31
9 --> 12
10 --> 33
11 --> 19
15 --> 6
16 --> 30
17 --> 23
21 --> 8
23 --> 7
24 --> 34
26 --> 2
27 --> 15
28 --> 20
30 --> 14
31 --> 16
32 --> 13
33 --> 21
