Parameters: GAD=1 vflib=1 dir=0 label=0 lowerbound=1 fileNameGp=../../cp2016-max-common-connected-subgraph-paper/datasets/graphsdb/mcs30/rand/r02/mcs30_r02_s30.A04 fileNameGt=../../cp2016-max-common-connected-subgraph-paper/datasets/graphsdb/mcs30/rand/r02/mcs30_r02_s30.B04
Reading graphs...
30 :  154
30 :  153
Initializing...
maxdom : 30
D->valSize : 900
Solving...
Blb : 5 (clique : 11)
currentSize : 11 <-- 0.016531 s
currentSize : 12 <-- 0.019435 s
currentSize : 13 <-- 0.052283 s
currentSize : 14 <-- 13.099349 s
currentSize : 15 <-- 377.339722 s

maxsize : 15
nodes : 125784617.000000
filtered : 1649972653.000000
time : 429.399811


Display solution 

2 --> 4
3 --> 11
4 --> 26
10 --> 12
12 --> 14
15 --> 21
17 --> 0
19 --> 23
20 --> 7
21 --> 25
22 --> 10
23 --> 16
24 --> 22
25 --> 28
28 --> 17
