Parameters: GAD=1 vflib=1 dir=0 label=0 lowerbound=1 fileNameGp=../../cp2016-max-common-connected-subgraph-paper/datasets/graphsdb/mcs30/bvg/b06/mcs30_b06_s35.A03 fileNameGt=../../cp2016-max-common-connected-subgraph-paper/datasets/graphsdb/mcs30/bvg/b06/mcs30_b06_s35.B03
Reading graphs...
35 :  102
35 :  102
Initializing...
maxdom : 35
D->valSize : 1225
Solving...
Blb : 2 (clique : 17)
currentSize : 17 <-- 0.019401 s
currentSize : 18 <-- 0.025448 s
currentSize : 19 <-- 0.272469 s
currentSize : 20 <-- 1.044528 s
currentSize : 21 <-- 740.224792 s

TIMEOUT
maxsize : 21
nodes : 194936804.000000
filtered : 5943186359.000000
time : 1000.000000


Display solution 

0 --> 7
1 --> 24
2 --> 13
3 --> 8
4 --> 16
5 --> 0
7 --> 23
9 --> 1
11 --> 11
14 --> 18
16 --> 30
20 --> 22
22 --> 15
23 --> 34
24 --> 25
28 --> 17
29 --> 33
30 --> 9
31 --> 14
32 --> 5
33 --> 31
