Parameters: GAD=1 vflib=1 dir=0 label=0 lowerbound=1 fileNameGp=../../cp2016-max-common-connected-subgraph-paper/datasets/graphsdb/mcs30/rand/r005/mcs30_r005_s40.A00 fileNameGt=../../cp2016-max-common-connected-subgraph-paper/datasets/graphsdb/mcs30/rand/r005/mcs30_r005_s40.B00
Reading graphs...
40 :  81
40 :  82
Initializing...
maxdom : 40
D->valSize : 1600
Solving...
Blb : 2 (clique : 20)
currentSize : 20 <-- 0.058781 s
currentSize : 21 <-- 0.063768 s
currentSize : 22 <-- 0.074272 s
currentSize : 23 <-- 0.471332 s
currentSize : 24 <-- 0.836596 s
currentSize : 25 <-- 2.234642 s
currentSize : 26 <-- 19.097815 s
currentSize : 27 <-- 48.769234 s

TIMEOUT
maxsize : 27
nodes : 152792384.000000
filtered : 5807885873.000000
time : 1000.000000


Display solution 

0 --> 7
2 --> 12
3 --> 24
4 --> 13
6 --> 30
7 --> 2
8 --> 36
9 --> 3
10 --> 28
13 --> 8
14 --> 27
15 --> 29
16 --> 10
17 --> 17
19 --> 11
21 --> 34
22 --> 39
24 --> 38
27 --> 33
30 --> 23
32 --> 37
34 --> 15
35 --> 19
36 --> 26
37 --> 0
38 --> 6
39 --> 25
