Parameters: GAD=1 vflib=1 dir=0 label=0 lowerbound=1 fileNameGp=../../cp2016-max-common-connected-subgraph-paper/datasets/graphsdb/mcs30/m3D/m3Dr6/mcs30_m3Dr6_s30.A06 fileNameGt=../../cp2016-max-common-connected-subgraph-paper/datasets/graphsdb/mcs30/m3D/m3Dr6/mcs30_m3Dr6_s30.B06
Reading graphs...
30 :  77
30 :  77
Initializing...
maxdom : 30
D->valSize : 900
Solving...
Blb : 2 (clique : 14)
currentSize : 14 <-- 0.018635 s
currentSize : 15 <-- 0.018989 s
currentSize : 16 <-- 0.019614 s
currentSize : 17 <-- 0.031107 s
currentSize : 18 <-- 0.503939 s
currentSize : 19 <-- 8.301224 s

maxsize : 19
nodes : 35730465.000000
filtered : 960007963.000000
time : 161.513443


Display solution 

0 --> 8
1 --> 2
3 --> 24
5 --> 27
6 --> 1
9 --> 10
10 --> 26
11 --> 18
13 --> 4
14 --> 0
16 --> 13
17 --> 11
19 --> 19
20 --> 5
21 --> 16
25 --> 9
26 --> 22
27 --> 15
28 --> 14
