Parameters: GAD=1 vflib=1 dir=0 label=0 lowerbound=1 fileNameGp=../../cp2016-max-common-connected-subgraph-paper/datasets/graphsdb/mcs30/m4D/m4D/mcs30_m4D_s50.A09 fileNameGt=../../cp2016-max-common-connected-subgraph-paper/datasets/graphsdb/mcs30/m4D/m4D/mcs30_m4D_s50.B09
Reading graphs...
50 :  87
50 :  87
Initializing...
maxdom : 50
D->valSize : 2500
Solving...
Blb : 2 (clique : 30)
currentSize : 30 <-- 0.116807 s
currentSize : 31 <-- 0.129566 s
currentSize : 32 <-- 0.136160 s
currentSize : 33 <-- 0.299149 s
currentSize : 34 <-- 1.171047 s
currentSize : 35 <-- 1.332384 s
currentSize : 36 <-- 50.785679 s

TIMEOUT
maxsize : 36
nodes : 106841148.000000
filtered : 6515225727.000000
time : 1000.000061


Display solution 

0 --> 10
1 --> 44
2 --> 16
3 --> 46
4 --> 38
5 --> 7
6 --> 17
7 --> 49
8 --> 40
9 --> 23
10 --> 19
11 --> 4
14 --> 42
16 --> 32
17 --> 15
18 --> 21
19 --> 27
20 --> 14
23 --> 13
24 --> 8
26 --> 30
27 --> 5
28 --> 25
29 --> 20
32 --> 9
35 --> 47
37 --> 36
39 --> 12
40 --> 41
41 --> 1
42 --> 2
44 --> 37
45 --> 6
46 --> 45
47 --> 0
49 --> 48
