Parameters: GAD=1 vflib=1 dir=0 label=0 lowerbound=1 fileNameGp=../../cp2016-max-common-connected-subgraph-paper/datasets/graphsdb/mcs30/bvg/b03/mcs30_b03_s15.A00 fileNameGt=../../cp2016-max-common-connected-subgraph-paper/datasets/graphsdb/mcs30/bvg/b03/mcs30_b03_s15.B00
Reading graphs...
15 :  22
15 :  22
Initializing...
maxdom : 15
D->valSize : 225
Solving...
Blb : 2 (clique : 10)
currentSize : 10 <-- 0.001057 s
currentSize : 11 <-- 0.001166 s

maxsize : 11
nodes : 9993.000000
filtered : 166322.000000
time : 0.028452


Display solution 

0 --> 0
1 --> 7
2 --> 8
3 --> 10
4 --> 12
5 --> 13
8 --> 3
9 --> 9
11 --> 4
12 --> 5
13 --> 6
