Parameters: GAD=1 vflib=1 dir=0 label=0 lowerbound=1 fileNameGp=../../cp2016-max-common-connected-subgraph-paper/datasets/graphsdb/mcs30/bvg/b06m/mcs30_b06m_s30.A06 fileNameGt=../../cp2016-max-common-connected-subgraph-paper/datasets/graphsdb/mcs30/bvg/b06m/mcs30_b06m_s30.B06
Reading graphs...
30 :  86
30 :  85
Initializing...
maxdom : 30
D->valSize : 900
Solving...
Blb : 2 (clique : 14)
currentSize : 14 <-- 0.010607 s
currentSize : 15 <-- 0.010821 s
currentSize : 16 <-- 0.120876 s
currentSize : 17 <-- 0.774866 s
currentSize : 18 <-- 0.923753 s
currentSize : 19 <-- 48.498974 s

maxsize : 19
nodes : 25544930.000000
filtered : 763212086.000000
time : 122.731865


Display solution 

0 --> 7
1 --> 23
2 --> 2
4 --> 12
5 --> 10
7 --> 4
8 --> 18
9 --> 14
10 --> 5
12 --> 26
13 --> 17
14 --> 22
15 --> 0
22 --> 13
24 --> 21
25 --> 6
26 --> 3
27 --> 15
29 --> 8
