Parameters: GAD=1 vflib=1 dir=0 label=0 lowerbound=1 fileNameGp=../../cp2016-max-common-connected-subgraph-paper/datasets/graphsdb/mcs30/bvg/b03m/mcs30_b03m_s40.A09 fileNameGt=../../cp2016-max-common-connected-subgraph-paper/datasets/graphsdb/mcs30/bvg/b03m/mcs30_b03m_s40.B09
Reading graphs...
40 :  59
40 :  58
Initializing...
maxdom : 40
D->valSize : 1600
Solving...
Blb : 2 (clique : 26)
currentSize : 26 <-- 0.036289 s
currentSize : 27 <-- 0.105566 s
currentSize : 28 <-- 0.194906 s
currentSize : 29 <-- 6.230337 s
currentSize : 30 <-- 8.019888 s
currentSize : 31 <-- 818.330872 s

TIMEOUT
maxsize : 31
nodes : 140622721.000000
filtered : 6835143392.000000
time : 1000.000000


Display solution 

0 --> 16
1 --> 26
2 --> 29
4 --> 13
5 --> 10
6 --> 18
9 --> 9
11 --> 17
12 --> 14
13 --> 35
14 --> 39
15 --> 28
16 --> 31
17 --> 33
18 --> 34
19 --> 1
20 --> 20
23 --> 24
24 --> 2
25 --> 15
26 --> 5
27 --> 30
28 --> 38
29 --> 6
31 --> 36
32 --> 21
33 --> 4
35 --> 7
36 --> 3
38 --> 22
39 --> 32
