Parameters: GAD=1 vflib=1 dir=0 label=0 lowerbound=1 fileNameGp=../../cp2016-max-common-connected-subgraph-paper/datasets/graphsdb/mcs30/m3D/m3Dr4/mcs30_m3Dr4_s40.A08 fileNameGt=../../cp2016-max-common-connected-subgraph-paper/datasets/graphsdb/mcs30/m3D/m3Dr4/mcs30_m3Dr4_s40.B08
Reading graphs...
40 :  97
40 :  93
Initializing...
maxdom : 40
D->valSize : 1600
Solving...
Blb : 2 (clique : 20)
currentSize : 20 <-- 0.034675 s
currentSize : 21 <-- 0.035150 s
currentSize : 22 <-- 0.038247 s
currentSize : 23 <-- 0.104358 s
currentSize : 24 <-- 1.200594 s
currentSize : 25 <-- 271.739777 s

TIMEOUT
maxsize : 25
nodes : 158176000.000000
filtered : 6193899981.000000
time : 1000.000000


Display solution 

0 --> 39
1 --> 35
2 --> 5
3 --> 23
4 --> 18
5 --> 21
6 --> 22
9 --> 7
10 --> 12
12 --> 13
15 --> 11
16 --> 25
19 --> 24
20 --> 0
21 --> 36
22 --> 38
24 --> 34
25 --> 26
29 --> 17
32 --> 30
34 --> 1
35 --> 28
36 --> 10
38 --> 9
39 --> 2
