Parameters: GAD=1 vflib=1 dir=0 label=0 lowerbound=1 fileNameGp=../../cp2016-max-common-connected-subgraph-paper/datasets/graphsdb/mcs30/bvg/b03m/mcs30_b03m_s40.A03 fileNameGt=../../cp2016-max-common-connected-subgraph-paper/datasets/graphsdb/mcs30/bvg/b03m/mcs30_b03m_s40.B03
Reading graphs...
40 :  59
40 :  60
Initializing...
maxdom : 40
D->valSize : 1600
Solving...
Blb : 2 (clique : 25)
currentSize : 25 <-- 0.036380 s
currentSize : 26 <-- 0.046072 s
currentSize : 27 <-- 0.047456 s
currentSize : 28 <-- 2.374683 s
currentSize : 29 <-- 8.625569 s
currentSize : 30 <-- 11.699096 s
currentSize : 31 <-- 493.014313 s

TIMEOUT
maxsize : 31
nodes : 124098318.000000
filtered : 7182905307.000000
time : 1000.000000


Display solution 

0 --> 4
1 --> 21
2 --> 3
3 --> 38
4 --> 11
5 --> 22
6 --> 31
7 --> 20
8 --> 13
9 --> 27
10 --> 9
11 --> 2
12 --> 15
15 --> 30
16 --> 0
17 --> 39
18 --> 28
19 --> 32
20 --> 23
21 --> 8
22 --> 25
23 --> 6
24 --> 19
26 --> 37
27 --> 18
30 --> 33
33 --> 1
34 --> 36
36 --> 12
37 --> 14
39 --> 26
