Parameters: GAD=1 vflib=1 dir=0 label=0 lowerbound=1 fileNameGp=../../cp2016-max-common-connected-subgraph-paper/datasets/graphsdb/mcs30/m3D/m3Dr4/mcs30_m3Dr4_s30.A00 fileNameGt=../../cp2016-max-common-connected-subgraph-paper/datasets/graphsdb/mcs30/m3D/m3Dr4/mcs30_m3Dr4_s30.B00
Reading graphs...
30 :  70
30 :  70
Initializing...
maxdom : 30
D->valSize : 900
Solving...
Blb : 2 (clique : 16)
currentSize : 16 <-- 0.018799 s
currentSize : 17 <-- 0.019235 s
currentSize : 18 <-- 0.127665 s
currentSize : 19 <-- 0.463052 s
currentSize : 20 <-- 47.621426 s

maxsize : 20
nodes : 34989762.000000
filtered : 1154247625.000000
time : 179.487228


Display solution 

0 --> 10
1 --> 20
2 --> 0
5 --> 28
6 --> 23
8 --> 18
9 --> 25
10 --> 7
11 --> 15
13 --> 11
14 --> 27
15 --> 9
16 --> 13
17 --> 8
19 --> 22
20 --> 19
21 --> 6
23 --> 17
24 --> 12
29 --> 24
