Parameters: GAD=1 vflib=1 dir=0 label=0 lowerbound=1 fileNameGp=../../cp2016-max-common-connected-subgraph-paper/datasets/graphsdb/mcs30/m2D/m2Dr6/mcs30_m2Dr6_s30.A03 fileNameGt=../../cp2016-max-common-connected-subgraph-paper/datasets/graphsdb/mcs30/m2D/m2Dr6/mcs30_m2Dr6_s30.B03
Reading graphs...
30 :  65
30 :  63
Initializing...
maxdom : 30
D->valSize : 900
Solving...
Blb : 2 (clique : 16)
currentSize : 16 <-- 0.019112 s
currentSize : 17 <-- 0.019290 s
currentSize : 18 <-- 0.020118 s
currentSize : 19 <-- 0.070897 s
currentSize : 20 <-- 0.113993 s
currentSize : 21 <-- 28.837963 s

maxsize : 21
nodes : 32638737.000000
filtered : 1346832332.000000
time : 186.435471


Display solution 

0 --> 15
1 --> 7
2 --> 24
3 --> 21
4 --> 14
5 --> 29
7 --> 12
9 --> 25
10 --> 3
11 --> 6
12 --> 18
15 --> 4
16 --> 11
17 --> 16
18 --> 22
21 --> 17
23 --> 28
25 --> 5
26 --> 26
27 --> 1
29 --> 10
