Parameters: GAD=1 vflib=1 dir=0 label=0 lowerbound=1 fileNameGp=../../cp2016-max-common-connected-subgraph-paper/datasets/graphsdb/mcs30/rand/r01/mcs30_r01_s50.A00 fileNameGt=../../cp2016-max-common-connected-subgraph-paper/datasets/graphsdb/mcs30/rand/r01/mcs30_r01_s50.B00
Reading graphs...
50 :  236
50 :  232
Initializing...
maxdom : 50
D->valSize : 2500
Solving...
Blb : 2 (clique : 18)
currentSize : 18 <-- 0.085690 s
currentSize : 19 <-- 0.085956 s
currentSize : 20 <-- 0.086722 s
currentSize : 21 <-- 0.107666 s
currentSize : 22 <-- 0.273083 s

TIMEOUT
maxsize : 22
nodes : 203202516.000000
filtered : 4229526116.000000
time : 1000.000000


Display solution 

0 --> 31
1 --> 19
2 --> 35
4 --> 33
5 --> 23
6 --> 46
8 --> 13
16 --> 39
21 --> 27
23 --> 41
24 --> 38
25 --> 22
31 --> 8
32 --> 18
34 --> 6
36 --> 24
40 --> 7
42 --> 3
44 --> 45
45 --> 36
46 --> 37
49 --> 29
