Parameters: GAD=1 vflib=1 dir=0 label=0 lowerbound=1 fileNameGp=../../cp2016-max-common-connected-subgraph-paper/datasets/graphsdb/mcs30/rand/r01/mcs30_r01_s30.A08 fileNameGt=../../cp2016-max-common-connected-subgraph-paper/datasets/graphsdb/mcs30/rand/r01/mcs30_r01_s30.B08
Reading graphs...
30 :  85
30 :  83
Initializing...
maxdom : 30
D->valSize : 900
Solving...
Blb : 2 (clique : 13)
currentSize : 13 <-- 0.010389 s
currentSize : 14 <-- 0.010496 s
currentSize : 15 <-- 0.010524 s
currentSize : 16 <-- 0.010632 s
currentSize : 17 <-- 0.062052 s
currentSize : 18 <-- 0.534351 s

maxsize : 18
nodes : 73994102.000000
filtered : 1784925056.000000
time : 318.238342


Display solution 

0 --> 14
1 --> 21
4 --> 29
6 --> 0
7 --> 9
8 --> 26
9 --> 17
10 --> 20
11 --> 12
13 --> 18
14 --> 6
17 --> 7
18 --> 25
23 --> 24
24 --> 1
25 --> 15
26 --> 23
29 --> 3
