Parameters: GAD=1 vflib=1 dir=0 label=0 lowerbound=1 fileNameGp=../../cp2016-max-common-connected-subgraph-paper/datasets/graphsdb/mcs30/rand/r02/mcs30_r02_s20.A01 fileNameGt=../../cp2016-max-common-connected-subgraph-paper/datasets/graphsdb/mcs30/rand/r02/mcs30_r02_s20.B01
Reading graphs...
20 :  69
20 :  68
Initializing...
maxdom : 20
D->valSize : 400
Solving...
Blb : 2 (clique : 8)
currentSize : 8 <-- 0.002905 s
currentSize : 9 <-- 0.002967 s
currentSize : 10 <-- 0.002991 s
currentSize : 11 <-- 0.019569 s
currentSize : 12 <-- 0.128352 s

maxsize : 12
nodes : 248597.000000
filtered : 3492831.000000
time : 0.729147


Display solution 

0 --> 6
2 --> 2
3 --> 4
4 --> 14
6 --> 0
8 --> 1
9 --> 16
12 --> 18
13 --> 10
15 --> 11
16 --> 13
17 --> 7
