Parameters: GAD=1 vflib=1 dir=0 label=0 lowerbound=1 fileNameGp=../../cp2016-max-common-connected-subgraph-paper/datasets/graphsdb/mcs30/rand/r005/mcs30_r005_s35.A08 fileNameGt=../../cp2016-max-common-connected-subgraph-paper/datasets/graphsdb/mcs30/rand/r005/mcs30_r005_s35.B08
Reading graphs...
35 :  64
35 :  62
Initializing...
maxdom : 35
D->valSize : 1225
Solving...
Blb : 2 (clique : 19)
currentSize : 19 <-- 0.021027 s
currentSize : 20 <-- 0.021369 s
currentSize : 21 <-- 0.024304 s
currentSize : 22 <-- 0.040227 s
currentSize : 23 <-- 0.131526 s
currentSize : 24 <-- 1.045166 s
currentSize : 25 <-- 6.649075 s
currentSize : 26 <-- 232.634186 s

maxsize : 26
nodes : 100771605.000000
filtered : 4557795296.000000
time : 685.622681


Display solution 

0 --> 21
1 --> 7
2 --> 18
4 --> 26
5 --> 29
6 --> 1
7 --> 11
8 --> 27
9 --> 31
10 --> 5
12 --> 10
13 --> 17
14 --> 22
15 --> 8
16 --> 33
17 --> 9
18 --> 25
22 --> 4
23 --> 0
25 --> 15
28 --> 24
30 --> 30
31 --> 13
32 --> 32
33 --> 3
34 --> 20
