Parameters: GAD=1 vflib=1 dir=0 label=0 lowerbound=1 fileNameGp=../../cp2016-max-common-connected-subgraph-paper/datasets/graphsdb/mcs30/m3D/m3Dr4/mcs30_m3Dr4_s40.A05 fileNameGt=../../cp2016-max-common-connected-subgraph-paper/datasets/graphsdb/mcs30/m3D/m3Dr4/mcs30_m3Dr4_s40.B05
Reading graphs...
40 :  99
40 :  99
Initializing...
maxdom : 40
D->valSize : 1600
Solving...
Blb : 2 (clique : 18)
currentSize : 18 <-- 0.061257 s
currentSize : 20 <-- 0.061990 s
currentSize : 21 <-- 0.063738 s
currentSize : 22 <-- 0.205293 s
currentSize : 23 <-- 1.493836 s
currentSize : 24 <-- 17.974724 s
currentSize : 25 <-- 332.506348 s

TIMEOUT
maxsize : 25
nodes : 157315728.000000
filtered : 6501238054.000000
time : 1000.000000


Display solution 

0 --> 9
1 --> 6
2 --> 5
3 --> 1
5 --> 35
7 --> 13
8 --> 28
9 --> 7
10 --> 15
13 --> 30
14 --> 33
15 --> 37
16 --> 36
17 --> 17
18 --> 10
20 --> 21
21 --> 4
30 --> 14
31 --> 16
32 --> 3
34 --> 23
35 --> 19
36 --> 20
37 --> 24
39 --> 27
