Parameters: GAD=1 vflib=1 dir=0 label=0 lowerbound=1 fileNameGp=../../cp2016-max-common-connected-subgraph-paper/datasets/graphsdb/mcs30/m2D/m2Dr4/mcs30_m2Dr4_s50.A08 fileNameGt=../../cp2016-max-common-connected-subgraph-paper/datasets/graphsdb/mcs30/m2D/m2Dr4/mcs30_m2Dr4_s50.B08
Reading graphs...
50 :  104
50 :  104
Initializing...
maxdom : 50
D->valSize : 2500
Solving...
Blb : 2 (clique : 26)
currentSize : 26 <-- 0.093992 s
currentSize : 27 <-- 0.094347 s
currentSize : 28 <-- 0.094367 s
currentSize : 29 <-- 0.098416 s
currentSize : 30 <-- 0.105300 s
currentSize : 31 <-- 0.557592 s
currentSize : 32 <-- 2.804430 s
currentSize : 33 <-- 592.668762 s

TIMEOUT
maxsize : 33
nodes : 123592922.000000
filtered : 5993689182.000000
time : 1000.000000


Display solution 

0 --> 0
1 --> 15
4 --> 27
5 --> 34
6 --> 21
7 --> 41
8 --> 3
9 --> 19
11 --> 28
12 --> 24
13 --> 40
14 --> 30
16 --> 33
17 --> 6
18 --> 8
19 --> 10
20 --> 23
21 --> 36
25 --> 49
27 --> 5
29 --> 44
31 --> 29
32 --> 18
33 --> 35
34 --> 12
37 --> 37
39 --> 46
41 --> 1
42 --> 32
43 --> 17
45 --> 47
48 --> 26
49 --> 2
