Parameters: GAD=1 vflib=1 dir=0 label=0 lowerbound=1 fileNameGp=../../cp2016-max-common-connected-subgraph-paper/datasets/graphsdb/mcs30/m2D/m2Dr2/mcs30_m2Dr2_s50.A00 fileNameGt=../../cp2016-max-common-connected-subgraph-paper/datasets/graphsdb/mcs30/m2D/m2Dr2/mcs30_m2Dr2_s50.B00
Reading graphs...
50 :  94
50 :  93
Initializing...
maxdom : 50
D->valSize : 2500
Solving...
Blb : 2 (clique : 26)
currentSize : 26 <-- 0.163962 s
currentSize : 27 <-- 0.164632 s
currentSize : 28 <-- 0.165006 s
currentSize : 29 <-- 0.165142 s
currentSize : 30 <-- 0.165450 s
currentSize : 31 <-- 2.685214 s
currentSize : 32 <-- 2.956365 s
currentSize : 33 <-- 4.122634 s
currentSize : 34 <-- 87.190376 s

TIMEOUT
maxsize : 34
nodes : 106824050.000000
filtered : 6120091078.000000
time : 1000.000061


Display solution 

0 --> 7
1 --> 45
2 --> 3
3 --> 36
5 --> 17
6 --> 49
7 --> 40
8 --> 33
9 --> 31
10 --> 9
12 --> 18
13 --> 16
14 --> 47
15 --> 42
16 --> 13
17 --> 24
20 --> 28
21 --> 26
22 --> 27
23 --> 6
26 --> 46
27 --> 23
29 --> 37
33 --> 2
34 --> 30
37 --> 25
38 --> 14
40 --> 0
41 --> 15
42 --> 48
43 --> 20
44 --> 19
45 --> 38
48 --> 41
