Parameters: GAD=1 vflib=1 dir=0 label=0 lowerbound=1 fileNameGp=../../cp2016-max-common-connected-subgraph-paper/datasets/graphsdb/mcs30/bvg/b06/mcs30_b06_s40.A06 fileNameGt=../../cp2016-max-common-connected-subgraph-paper/datasets/graphsdb/mcs30/bvg/b06/mcs30_b06_s40.B06
Reading graphs...
40 :  120
40 :  119
Initializing...
maxdom : 40
D->valSize : 1600
Solving...
Blb : 2 (clique : 17)
currentSize : 17 <-- 0.033540 s
currentSize : 19 <-- 0.033737 s
currentSize : 20 <-- 0.034273 s
currentSize : 21 <-- 0.048745 s
currentSize : 22 <-- 0.163205 s
currentSize : 23 <-- 51.234505 s
currentSize : 24 <-- 137.516998 s

TIMEOUT
maxsize : 24
nodes : 170351990.000000
filtered : 5811673438.000000
time : 1000.000000


Display solution 

0 --> 29
1 --> 38
2 --> 14
3 --> 12
4 --> 17
8 --> 27
9 --> 34
11 --> 31
17 --> 32
18 --> 11
21 --> 7
22 --> 10
23 --> 23
24 --> 22
26 --> 18
30 --> 15
31 --> 0
32 --> 9
33 --> 25
34 --> 28
35 --> 20
36 --> 30
37 --> 33
38 --> 19
