Parameters: GAD=1 vflib=1 dir=0 label=0 lowerbound=1 fileNameGp=../../cp2016-max-common-connected-subgraph-paper/datasets/graphsdb/mcs30/m3D/m3D/mcs30_m3D_s40.A00 fileNameGt=../../cp2016-max-common-connected-subgraph-paper/datasets/graphsdb/mcs30/m3D/m3D/mcs30_m3D_s40.B00
Reading graphs...
40 :  82
40 :  79
Initializing...
maxdom : 40
D->valSize : 1600
Solving...
Blb : 2 (clique : 21)
currentSize : 21 <-- 0.035046 s
currentSize : 22 <-- 0.049297 s
currentSize : 23 <-- 0.073015 s
currentSize : 24 <-- 0.080044 s
currentSize : 25 <-- 0.331618 s
currentSize : 26 <-- 0.744778 s
currentSize : 27 <-- 38.539463 s
currentSize : 28 <-- 899.659485 s

TIMEOUT
maxsize : 28
nodes : 159017670.000000
filtered : 6229325375.000000
time : 1000.000000


Display solution 

0 --> 7
1 --> 8
3 --> 6
4 --> 14
6 --> 10
7 --> 19
8 --> 25
11 --> 0
13 --> 39
14 --> 13
16 --> 4
17 --> 2
18 --> 36
19 --> 16
20 --> 15
21 --> 20
22 --> 28
23 --> 21
24 --> 38
26 --> 1
27 --> 24
30 --> 32
32 --> 30
33 --> 5
34 --> 26
36 --> 17
37 --> 11
38 --> 9
