Parameters: GAD=1 vflib=1 dir=0 label=0 lowerbound=1 fileNameGp=../../cp2016-max-common-connected-subgraph-paper/datasets/graphsdb/mcs30/rand/r005/mcs30_r005_s35.A00 fileNameGt=../../cp2016-max-common-connected-subgraph-paper/datasets/graphsdb/mcs30/rand/r005/mcs30_r005_s35.B00
Reading graphs...
35 :  62
35 :  62
Initializing...
maxdom : 35
D->valSize : 1225
Solving...
Blb : 2 (clique : 19)
currentSize : 19 <-- 0.020675 s
currentSize : 20 <-- 0.020840 s
currentSize : 21 <-- 0.021587 s
currentSize : 22 <-- 0.022657 s
currentSize : 23 <-- 0.030959 s
currentSize : 24 <-- 0.035578 s
currentSize : 25 <-- 3.386224 s
currentSize : 26 <-- 292.399902 s

maxsize : 26
nodes : 102607326.000000
filtered : 5333984182.000000
time : 741.164307


Display solution 

0 --> 21
1 --> 7
2 --> 15
4 --> 17
5 --> 2
6 --> 30
7 --> 4
9 --> 23
10 --> 28
12 --> 33
13 --> 26
14 --> 11
15 --> 0
16 --> 22
18 --> 19
19 --> 6
21 --> 20
22 --> 3
23 --> 9
26 --> 16
27 --> 32
29 --> 24
30 --> 12
31 --> 8
33 --> 18
34 --> 13
