Parameters: GAD=1 vflib=1 dir=0 label=0 lowerbound=1 fileNameGp=../../cp2016-max-common-connected-subgraph-paper/datasets/graphsdb/mcs30/bvg/b03/mcs30_b03_s30.A02 fileNameGt=../../cp2016-max-common-connected-subgraph-paper/datasets/graphsdb/mcs30/bvg/b03/mcs30_b03_s30.B02
Reading graphs...
30 :  45
30 :  45
Initializing...
maxdom : 30
D->valSize : 900
Solving...
Blb : 2 (clique : 17)
currentSize : 17 <-- 0.011127 s
currentSize : 18 <-- 0.011509 s
currentSize : 19 <-- 0.015334 s
currentSize : 20 <-- 0.016966 s
currentSize : 21 <-- 0.285508 s
currentSize : 22 <-- 0.289240 s
currentSize : 23 <-- 2.322125 s

maxsize : 23
nodes : 5088269.000000
filtered : 205476938.000000
time : 29.919044


Display solution 

0 --> 13
2 --> 29
3 --> 25
4 --> 9
5 --> 1
6 --> 28
7 --> 8
8 --> 4
9 --> 26
11 --> 10
12 --> 12
15 --> 22
16 --> 27
19 --> 5
20 --> 15
21 --> 2
22 --> 20
23 --> 11
24 --> 7
25 --> 19
26 --> 3
27 --> 16
29 --> 14
