Parameters: GAD=1 vflib=1 dir=0 label=0 lowerbound=1 fileNameGp=../../cp2016-max-common-connected-subgraph-paper/datasets/graphsdb/mcs30/rand/r02/mcs30_r02_s25.A01 fileNameGt=../../cp2016-max-common-connected-subgraph-paper/datasets/graphsdb/mcs30/rand/r02/mcs30_r02_s25.B01
Reading graphs...
25 :  104
25 :  108
Initializing...
maxdom : 25
D->valSize : 625
Solving...
Blb : 2 (clique : 9)
currentSize : 9 <-- 0.004657 s
currentSize : 10 <-- 0.004728 s
currentSize : 11 <-- 0.004873 s
currentSize : 12 <-- 0.004893 s
currentSize : 13 <-- 2.197142 s

maxsize : 13
nodes : 8793180.000000
filtered : 110290609.000000
time : 28.281471


Display solution 

0 --> 6
4 --> 9
7 --> 0
11 --> 23
14 --> 15
15 --> 16
16 --> 13
17 --> 18
18 --> 19
19 --> 1
20 --> 4
22 --> 11
23 --> 24
