Parameters: GAD=1 vflib=1 dir=0 label=0 lowerbound=1 fileNameGp=../../cp2016-max-common-connected-subgraph-paper/datasets/graphsdb/mcs30/rand/r01/mcs30_r01_s40.A06 fileNameGt=../../cp2016-max-common-connected-subgraph-paper/datasets/graphsdb/mcs30/rand/r01/mcs30_r01_s40.B06
Reading graphs...
40 :  153
40 :  150
Initializing...
maxdom : 40
D->valSize : 1600
Solving...
Blb : 2 (clique : 16)
currentSize : 16 <-- 0.032604 s
currentSize : 17 <-- 0.033524 s
currentSize : 18 <-- 0.042801 s
currentSize : 19 <-- 0.460843 s
currentSize : 20 <-- 12.595878 s
currentSize : 21 <-- 145.541656 s

TIMEOUT
maxsize : 21
nodes : 202633240.000000
filtered : 5013723285.000000
time : 1000.000000


Display solution 

0 --> 34
1 --> 7
3 --> 26
4 --> 12
6 --> 36
7 --> 14
10 --> 10
11 --> 4
13 --> 29
14 --> 23
15 --> 19
21 --> 0
22 --> 17
24 --> 37
25 --> 3
30 --> 16
32 --> 18
34 --> 13
35 --> 11
36 --> 9
37 --> 6
