Parameters: GAD=1 vflib=1 dir=0 label=0 lowerbound=1 fileNameGp=../../cp2016-max-common-connected-subgraph-paper/datasets/graphsdb/mcs30/bvg/b03m/mcs30_b03m_s35.A01 fileNameGt=../../cp2016-max-common-connected-subgraph-paper/datasets/graphsdb/mcs30/bvg/b03m/mcs30_b03m_s35.B01
Reading graphs...
35 :  52
35 :  52
Initializing...
maxdom : 35
D->valSize : 1225
Solving...
Blb : 2 (clique : 20)
currentSize : 20 <-- 0.037412 s
currentSize : 21 <-- 0.037665 s
currentSize : 22 <-- 0.037888 s
currentSize : 23 <-- 0.190754 s
currentSize : 24 <-- 3.804254 s
currentSize : 25 <-- 4.182560 s
currentSize : 26 <-- 8.143827 s
currentSize : 27 <-- 48.116489 s

maxsize : 27
nodes : 56321272.000000
filtered : 2848053844.000000
time : 407.393097


Display solution 

0 --> 14
3 --> 28
5 --> 18
6 --> 15
8 --> 6
9 --> 13
10 --> 9
11 --> 22
12 --> 31
14 --> 26
15 --> 32
17 --> 23
18 --> 25
19 --> 11
20 --> 29
22 --> 19
23 --> 5
25 --> 27
26 --> 2
27 --> 10
28 --> 33
29 --> 7
30 --> 34
31 --> 16
32 --> 3
33 --> 30
34 --> 20
