Parameters: GAD=1 vflib=1 dir=0 label=0 lowerbound=1 fileNameGp=../../cp2016-max-common-connected-subgraph-paper/datasets/graphsdb/mcs30/rand/r01/mcs30_r01_s40.A02 fileNameGt=../../cp2016-max-common-connected-subgraph-paper/datasets/graphsdb/mcs30/rand/r01/mcs30_r01_s40.B02
Reading graphs...
40 :  149
40 :  146
Initializing...
maxdom : 40
D->valSize : 1600
Solving...
Blb : 2 (clique : 17)
currentSize : 17 <-- 0.032558 s
currentSize : 18 <-- 0.032744 s
currentSize : 19 <-- 0.032760 s
currentSize : 20 <-- 0.086653 s
currentSize : 21 <-- 0.189139 s
currentSize : 22 <-- 42.950947 s

TIMEOUT
maxsize : 22
nodes : 170550752.000000
filtered : 6247998913.000000
time : 1000.000000


Display solution 

0 --> 31
2 --> 37
3 --> 29
4 --> 8
5 --> 2
7 --> 17
8 --> 7
9 --> 1
13 --> 30
16 --> 16
17 --> 18
19 --> 11
20 --> 21
23 --> 33
25 --> 36
26 --> 0
28 --> 4
29 --> 19
31 --> 13
32 --> 23
34 --> 6
37 --> 25
