Parameters: GAD=1 vflib=1 dir=0 label=0 lowerbound=1 fileNameGp=../../cp2016-max-common-connected-subgraph-paper/datasets/graphsdb/mcs30/bvg/b06m/mcs30_b06m_s50.A08 fileNameGt=../../cp2016-max-common-connected-subgraph-paper/datasets/graphsdb/mcs30/bvg/b06m/mcs30_b06m_s50.B08
Reading graphs...
50 :  143
50 :  143
Initializing...
maxdom : 50
D->valSize : 2500
Solving...
Blb : 2 (clique : 23)
currentSize : 23 <-- 0.148620 s
currentSize : 24 <-- 0.149103 s
currentSize : 25 <-- 0.149893 s
currentSize : 26 <-- 0.229356 s
currentSize : 27 <-- 0.365376 s
currentSize : 28 <-- 0.645919 s
currentSize : 29 <-- 4.701704 s
currentSize : 30 <-- 33.571537 s

TIMEOUT
maxsize : 30
nodes : 117028193.000000
filtered : 6456589037.000000
time : 1000.000000


Display solution 

0 --> 41
2 --> 28
3 --> 0
4 --> 34
5 --> 4
9 --> 25
11 --> 33
12 --> 38
13 --> 32
14 --> 47
16 --> 20
17 --> 49
19 --> 22
20 --> 10
21 --> 21
22 --> 1
23 --> 15
26 --> 13
27 --> 48
28 --> 18
29 --> 23
30 --> 9
31 --> 29
32 --> 30
37 --> 37
39 --> 45
41 --> 3
42 --> 8
43 --> 12
48 --> 16
