Parameters: GAD=1 vflib=1 dir=0 label=0 lowerbound=1 fileNameGp=../../cp2016-max-common-connected-subgraph-paper/datasets/graphsdb/mcs30/rand/r01/mcs30_r01_s40.A07 fileNameGt=../../cp2016-max-common-connected-subgraph-paper/datasets/graphsdb/mcs30/rand/r01/mcs30_r01_s40.B07
Reading graphs...
40 :  150
40 :  147
Initializing...
maxdom : 40
D->valSize : 1600
Solving...
Blb : 2 (clique : 16)
currentSize : 16 <-- 0.032410 s
currentSize : 17 <-- 0.032885 s
currentSize : 18 <-- 0.033091 s
currentSize : 19 <-- 0.038869 s
currentSize : 20 <-- 1.489558 s
currentSize : 21 <-- 6.808091 s

TIMEOUT
maxsize : 21
nodes : 217587426.000000
filtered : 4454138852.000000
time : 1000.000000


Display solution 

0 --> 9
1 --> 29
3 --> 7
8 --> 16
9 --> 24
11 --> 18
12 --> 19
13 --> 0
14 --> 39
16 --> 37
17 --> 20
18 --> 38
19 --> 5
20 --> 4
21 --> 23
24 --> 21
25 --> 13
27 --> 33
28 --> 10
32 --> 1
33 --> 3
