Parameters: GAD=1 vflib=1 dir=0 label=0 lowerbound=1 fileNameGp=../../cp2016-max-common-connected-subgraph-paper/datasets/graphsdb/mcs30/bvg/b09/mcs30_b09_s40.A03 fileNameGt=../../cp2016-max-common-connected-subgraph-paper/datasets/graphsdb/mcs30/bvg/b09/mcs30_b09_s40.B03
Reading graphs...
40 :  175
40 :  175
Initializing...
maxdom : 40
D->valSize : 1600
Solving...
Blb : 2 (clique : 15)
currentSize : 15 <-- 0.055657 s
currentSize : 16 <-- 0.058257 s
currentSize : 17 <-- 0.062867 s
currentSize : 18 <-- 0.256292 s
currentSize : 19 <-- 10.949302 s
currentSize : 20 <-- 11.472303 s

TIMEOUT
maxsize : 20
nodes : 212733442.000000
filtered : 4594212913.000000
time : 1000.000000


Display solution 

0 --> 24
2 --> 30
3 --> 12
4 --> 3
7 --> 22
8 --> 6
9 --> 27
14 --> 13
15 --> 5
19 --> 31
22 --> 39
23 --> 10
24 --> 20
27 --> 7
29 --> 23
31 --> 17
32 --> 35
34 --> 37
37 --> 0
39 --> 14
