Parameters: GAD=1 vflib=1 dir=0 label=0 lowerbound=1 fileNameGp=../../cp2016-max-common-connected-subgraph-paper/datasets/graphsdb/mcs30/bvg/b03m/mcs30_b03m_s40.A01 fileNameGt=../../cp2016-max-common-connected-subgraph-paper/datasets/graphsdb/mcs30/bvg/b03m/mcs30_b03m_s40.B01
Reading graphs...
40 :  60
40 :  59
Initializing...
maxdom : 40
D->valSize : 1600
Solving...
Blb : 2 (clique : 23)
currentSize : 23 <-- 0.036619 s
currentSize : 28 <-- 0.036861 s
currentSize : 29 <-- 0.040332 s
currentSize : 30 <-- 2.173879 s
currentSize : 31 <-- 100.430931 s

TIMEOUT
maxsize : 31
nodes : 109287791.000000
filtered : 7694747366.000000
time : 1000.000061


Display solution 

0 --> 13
1 --> 8
2 --> 23
5 --> 17
7 --> 30
8 --> 37
9 --> 25
10 --> 39
11 --> 3
12 --> 15
13 --> 24
14 --> 2
17 --> 26
18 --> 9
20 --> 32
22 --> 7
23 --> 31
25 --> 14
26 --> 38
27 --> 29
28 --> 34
30 --> 5
31 --> 35
32 --> 6
33 --> 1
34 --> 16
35 --> 11
36 --> 28
37 --> 10
38 --> 19
39 --> 0
