Parameters: GAD=1 vflib=1 dir=0 label=0 lowerbound=1 fileNameGp=../../cp2016-max-common-connected-subgraph-paper/datasets/graphsdb/mcs30/m2D/m2Dr2/mcs30_m2Dr2_s30.A09 fileNameGt=../../cp2016-max-common-connected-subgraph-paper/datasets/graphsdb/mcs30/m2D/m2Dr2/mcs30_m2Dr2_s30.B09
Reading graphs...
30 :  54
30 :  52
Initializing...
maxdom : 30
D->valSize : 900
Solving...
Blb : 2 (clique : 17)
currentSize : 17 <-- 0.018869 s
currentSize : 19 <-- 0.020076 s
currentSize : 20 <-- 0.022969 s
currentSize : 21 <-- 0.249200 s
currentSize : 22 <-- 1.531362 s

maxsize : 22
nodes : 4035415.000000
filtered : 173341810.000000
time : 23.635218


Display solution 

0 --> 26
1 --> 21
3 --> 7
4 --> 4
7 --> 19
10 --> 22
11 --> 16
12 --> 12
13 --> 8
14 --> 2
15 --> 20
17 --> 0
18 --> 24
19 --> 13
20 --> 18
21 --> 29
22 --> 10
23 --> 17
25 --> 15
27 --> 3
28 --> 27
29 --> 6
