Parameters: GAD=1 vflib=1 dir=0 label=0 lowerbound=1 fileNameGp=../../cp2016-max-common-connected-subgraph-paper/datasets/graphsdb/mcs30/bvg/b03/mcs30_b03_s40.A04 fileNameGt=../../cp2016-max-common-connected-subgraph-paper/datasets/graphsdb/mcs30/bvg/b03/mcs30_b03_s40.B04
Reading graphs...
40 :  59
40 :  59
Initializing...
maxdom : 40
D->valSize : 1600
Solving...
Blb : 2 (clique : 26)
currentSize : 26 <-- 0.064465 s
currentSize : 27 <-- 3.240641 s
currentSize : 28 <-- 3.308126 s
currentSize : 29 <-- 3.528584 s
currentSize : 30 <-- 7.681002 s
currentSize : 31 <-- 11.618798 s

TIMEOUT
maxsize : 31
nodes : 111798470.000000
filtered : 6420029325.000000
time : 1000.000000


Display solution 

0 --> 27
1 --> 26
2 --> 17
4 --> 14
5 --> 35
6 --> 8
8 --> 28
9 --> 4
10 --> 37
11 --> 25
12 --> 2
13 --> 7
14 --> 29
15 --> 31
16 --> 5
17 --> 13
20 --> 24
21 --> 9
22 --> 22
23 --> 11
25 --> 32
29 --> 33
30 --> 18
31 --> 1
32 --> 23
33 --> 36
34 --> 34
35 --> 21
36 --> 3
37 --> 19
38 --> 10
