Parameters: GAD=1 vflib=1 dir=0 label=0 lowerbound=1 fileNameGp=../../cp2016-max-common-connected-subgraph-paper/datasets/graphsdb/mcs30/rand/r005/mcs30_r005_s40.A04 fileNameGt=../../cp2016-max-common-connected-subgraph-paper/datasets/graphsdb/mcs30/rand/r005/mcs30_r005_s40.B04
Reading graphs...
40 :  83
40 :  82
Initializing...
maxdom : 40
D->valSize : 1600
Solving...
Blb : 2 (clique : 22)
currentSize : 22 <-- 0.034956 s
currentSize : 23 <-- 0.038936 s
currentSize : 24 <-- 0.039275 s
currentSize : 25 <-- 0.041373 s
currentSize : 26 <-- 0.311536 s
currentSize : 27 <-- 247.593491 s

TIMEOUT
maxsize : 27
nodes : 139028589.000000
filtered : 7246337700.000000
time : 1000.000000


Display solution 

0 --> 23
1 --> 33
2 --> 12
3 --> 29
4 --> 34
5 --> 24
7 --> 36
8 --> 1
11 --> 2
12 --> 5
13 --> 35
14 --> 3
15 --> 27
16 --> 20
17 --> 17
18 --> 11
19 --> 19
22 --> 32
23 --> 14
25 --> 25
26 --> 10
30 --> 6
31 --> 15
33 --> 22
34 --> 21
36 --> 4
37 --> 8
