Parameters: GAD=1 vflib=1 dir=0 label=0 lowerbound=1 fileNameGp=../../cp2016-max-common-connected-subgraph-paper/datasets/graphsdb/mcs30/bvg/b06m/mcs30_b06m_s50.A00 fileNameGt=../../cp2016-max-common-connected-subgraph-paper/datasets/graphsdb/mcs30/bvg/b06m/mcs30_b06m_s50.B00
Reading graphs...
50 :  149
50 :  143
Initializing...
maxdom : 50
D->valSize : 2500
Solving...
Blb : 2 (clique : 21)
currentSize : 21 <-- 0.091685 s
currentSize : 23 <-- 0.091966 s
currentSize : 24 <-- 0.092087 s
currentSize : 25 <-- 0.097684 s
currentSize : 26 <-- 1.091222 s
currentSize : 27 <-- 33.251881 s
currentSize : 28 <-- 158.865891 s

TIMEOUT
maxsize : 28
nodes : 142698741.000000
filtered : 6881628148.000000
time : 1000.000000


Display solution 

0 --> 16
2 --> 40
5 --> 30
6 --> 0
11 --> 39
12 --> 22
13 --> 43
15 --> 21
16 --> 14
17 --> 33
20 --> 44
21 --> 10
25 --> 5
26 --> 49
27 --> 24
28 --> 3
30 --> 36
34 --> 38
37 --> 23
39 --> 6
40 --> 19
41 --> 15
42 --> 4
43 --> 20
44 --> 17
45 --> 42
46 --> 34
49 --> 2
