Parameters: GAD=1 vflib=1 dir=0 label=0 lowerbound=1 fileNameGp=../../cp2016-max-common-connected-subgraph-paper/datasets/graphsdb/mcs30/bvg/b09/mcs30_b09_s50.A03 fileNameGt=../../cp2016-max-common-connected-subgraph-paper/datasets/graphsdb/mcs30/bvg/b09/mcs30_b09_s50.B03
Reading graphs...
50 :  221
50 :  217
Initializing...
maxdom : 50
D->valSize : 2500
Solving...
Blb : 2 (clique : 18)
currentSize : 18 <-- 0.134020 s
currentSize : 19 <-- 0.137578 s
currentSize : 20 <-- 0.138640 s
currentSize : 21 <-- 0.621334 s
currentSize : 22 <-- 0.721100 s
currentSize : 23 <-- 2.079280 s
currentSize : 24 <-- 84.085915 s

TIMEOUT
maxsize : 24
nodes : 193333490.000000
filtered : 4565299400.000000
time : 1000.000000


Display solution 

0 --> 23
2 --> 6
3 --> 11
6 --> 30
7 --> 40
9 --> 39
11 --> 17
12 --> 31
14 --> 13
15 --> 25
16 --> 24
20 --> 9
22 --> 4
23 --> 3
27 --> 29
29 --> 45
30 --> 37
31 --> 41
36 --> 5
38 --> 2
40 --> 34
42 --> 14
46 --> 38
49 --> 27
