Parameters: GAD=1 vflib=1 dir=0 label=0 lowerbound=1 fileNameGp=../../cp2016-max-common-connected-subgraph-paper/datasets/graphsdb/mcs30/rand/r01/mcs30_r01_s35.A05 fileNameGt=../../cp2016-max-common-connected-subgraph-paper/datasets/graphsdb/mcs30/rand/r01/mcs30_r01_s35.B05
Reading graphs...
35 :  116
35 :  115
Initializing...
maxdom : 35
D->valSize : 1225
Solving...
Blb : 2 (clique : 15)
currentSize : 15 <-- 0.019021 s
currentSize : 16 <-- 0.019777 s
currentSize : 17 <-- 0.020295 s
currentSize : 18 <-- 0.159562 s
currentSize : 19 <-- 0.259601 s
currentSize : 20 <-- 55.997879 s

TIMEOUT
maxsize : 20
nodes : 185122797.000000
filtered : 6403818674.000000
time : 1000.000000


Display solution 

0 --> 32
2 --> 16
6 --> 4
8 --> 20
9 --> 13
10 --> 19
12 --> 34
13 --> 14
16 --> 21
21 --> 18
22 --> 31
23 --> 11
25 --> 9
27 --> 8
28 --> 7
30 --> 2
31 --> 5
32 --> 10
33 --> 30
34 --> 15
