Parameters: GAD=1 vflib=1 dir=0 label=0 lowerbound=1 fileNameGp=../../cp2016-max-common-connected-subgraph-paper/datasets/graphsdb/mcs30/m3D/m3Dr2/mcs30_m3Dr2_s40.A04 fileNameGt=../../cp2016-max-common-connected-subgraph-paper/datasets/graphsdb/mcs30/m3D/m3Dr2/mcs30_m3Dr2_s40.B04
Reading graphs...
40 :  91
40 :  88
Initializing...
maxdom : 40
D->valSize : 1600
Solving...
Blb : 2 (clique : 20)
currentSize : 20 <-- 0.054708 s
currentSize : 21 <-- 0.055616 s
currentSize : 22 <-- 0.055709 s
currentSize : 23 <-- 0.057431 s
currentSize : 24 <-- 0.061344 s
currentSize : 25 <-- 58.920963 s
currentSize : 26 <-- 954.118286 s

TIMEOUT
maxsize : 26
nodes : 160030100.000000
filtered : 7155943296.000000
time : 1000.000000


Display solution 

0 --> 37
1 --> 22
4 --> 38
5 --> 11
6 --> 23
7 --> 28
8 --> 17
9 --> 27
10 --> 26
11 --> 12
12 --> 0
14 --> 8
16 --> 39
17 --> 13
18 --> 16
19 --> 5
20 --> 7
23 --> 33
24 --> 6
26 --> 20
28 --> 29
30 --> 3
32 --> 14
35 --> 21
36 --> 9
39 --> 4
