Parameters: GAD=1 vflib=1 dir=0 label=0 lowerbound=1 fileNameGp=../../cp2016-max-common-connected-subgraph-paper/datasets/graphsdb/mcs30/bvg/b06/mcs30_b06_s35.A08 fileNameGt=../../cp2016-max-common-connected-subgraph-paper/datasets/graphsdb/mcs30/bvg/b06/mcs30_b06_s35.B08
Reading graphs...
35 :  100
35 :  105
Initializing...
maxdom : 35
D->valSize : 1225
Solving...
Blb : 2 (clique : 16)
currentSize : 16 <-- 0.033220 s
currentSize : 17 <-- 0.033558 s
currentSize : 18 <-- 0.035476 s
currentSize : 19 <-- 0.040599 s
currentSize : 20 <-- 0.331637 s
currentSize : 21 <-- 1.217139 s

TIMEOUT
maxsize : 21
nodes : 179621595.000000
filtered : 6300421555.000000
time : 1000.000000


Display solution 

0 --> 17
1 --> 12
2 --> 14
3 --> 26
4 --> 10
6 --> 5
7 --> 20
8 --> 6
9 --> 4
10 --> 28
11 --> 24
12 --> 18
16 --> 31
18 --> 33
20 --> 22
21 --> 34
23 --> 21
25 --> 0
28 --> 15
30 --> 11
31 --> 30
