Parameters: GAD=1 vflib=1 dir=0 label=0 lowerbound=1 fileNameGp=../../cp2016-max-common-connected-subgraph-paper/datasets/graphsdb/mcs30/m3D/m3D/mcs30_m3D_s30.A03 fileNameGt=../../cp2016-max-common-connected-subgraph-paper/datasets/graphsdb/mcs30/m3D/m3D/mcs30_m3D_s30.B03
Reading graphs...
30 :  60
30 :  59
Initializing...
maxdom : 30
D->valSize : 900
Solving...
Blb : 2 (clique : 15)
currentSize : 15 <-- 0.010816 s
currentSize : 16 <-- 0.010938 s
currentSize : 17 <-- 0.011450 s
currentSize : 18 <-- 0.011889 s
currentSize : 19 <-- 0.013482 s
currentSize : 20 <-- 0.192103 s
currentSize : 21 <-- 3.273215 s

maxsize : 21
nodes : 21587223.000000
filtered : 979556185.000000
time : 129.842010


Display solution 

0 --> 2
1 --> 19
2 --> 7
3 --> 27
4 --> 11
6 --> 9
8 --> 14
9 --> 3
10 --> 8
11 --> 25
14 --> 13
17 --> 22
18 --> 24
20 --> 17
21 --> 12
23 --> 26
24 --> 28
25 --> 23
26 --> 29
27 --> 15
28 --> 6
