Parameters: GAD=1 vflib=1 dir=0 label=0 lowerbound=1 fileNameGp=../../cp2016-max-common-connected-subgraph-paper/datasets/graphsdb/mcs30/bvg/b06/mcs30_b06_s25.A07 fileNameGt=../../cp2016-max-common-connected-subgraph-paper/datasets/graphsdb/mcs30/bvg/b06/mcs30_b06_s25.B07
Reading graphs...
25 :  73
25 :  72
Initializing...
maxdom : 25
D->valSize : 625
Solving...
Blb : 3 (clique : 12)
currentSize : 12 <-- 0.005706 s
currentSize : 13 <-- 0.006363 s
currentSize : 14 <-- 0.006673 s
currentSize : 15 <-- 0.007662 s
currentSize : 16 <-- 0.691687 s

maxsize : 16
nodes : 1130630.000000
filtered : 23391352.000000
time : 4.290948


Display solution 

0 --> 2
2 --> 23
3 --> 21
5 --> 7
6 --> 12
7 --> 4
8 --> 10
9 --> 6
11 --> 1
14 --> 20
16 --> 9
18 --> 18
19 --> 14
20 --> 19
21 --> 11
24 --> 17
