Parameters: GAD=1 vflib=1 dir=0 label=0 lowerbound=1 fileNameGp=../../cp2016-max-common-connected-subgraph-paper/datasets/graphsdb/mcs30/rand/r02/mcs30_r02_s40.A09 fileNameGt=../../cp2016-max-common-connected-subgraph-paper/datasets/graphsdb/mcs30/rand/r02/mcs30_r02_s40.B09
Reading graphs...
40 :  286
40 :  274
Initializing...
maxdom : 40
D->valSize : 1600
Solving...
Blb : 5 (clique : 11)
currentSize : 11 <-- 0.029294 s
currentSize : 12 <-- 0.029446 s
currentSize : 13 <-- 0.029724 s
currentSize : 14 <-- 0.030430 s
currentSize : 15 <-- 0.332891 s
currentSize : 16 <-- 37.320663 s

TIMEOUT
maxsize : 16
nodes : 257119197.000000
filtered : 3344772399.000000
time : 1000.000000


Display solution 

0 --> 8
2 --> 21
4 --> 20
12 --> 28
13 --> 29
14 --> 4
21 --> 30
22 --> 3
27 --> 19
30 --> 0
33 --> 14
35 --> 35
36 --> 2
37 --> 25
38 --> 33
39 --> 11
