Parameters: GAD=1 vflib=1 dir=0 label=0 lowerbound=1 fileNameGp=../../cp2016-max-common-connected-subgraph-paper/datasets/graphsdb/mcs30/bvg/b06/mcs30_b06_s40.A09 fileNameGt=../../cp2016-max-common-connected-subgraph-paper/datasets/graphsdb/mcs30/bvg/b06/mcs30_b06_s40.B09
Reading graphs...
40 :  118
40 :  120
Initializing...
maxdom : 40
D->valSize : 1600
Solving...
Blb : 2 (clique : 18)
currentSize : 18 <-- 0.034150 s
currentSize : 19 <-- 0.034349 s
currentSize : 20 <-- 0.034409 s
currentSize : 21 <-- 0.034527 s
currentSize : 22 <-- 0.039617 s
currentSize : 23 <-- 0.138110 s
currentSize : 24 <-- 6.908068 s

TIMEOUT
maxsize : 24
nodes : 153581170.000000
filtered : 6578806071.000000
time : 1000.000000


Display solution 

0 --> 3
3 --> 7
4 --> 4
5 --> 33
6 --> 36
8 --> 25
10 --> 12
13 --> 15
16 --> 32
17 --> 6
18 --> 16
19 --> 28
21 --> 30
22 --> 9
23 --> 1
25 --> 27
28 --> 38
30 --> 26
31 --> 34
33 --> 8
34 --> 39
35 --> 10
36 --> 14
39 --> 21
