Parameters: GAD=1 vflib=1 dir=0 label=0 lowerbound=1 fileNameGp=../../cp2016-max-common-connected-subgraph-paper/datasets/graphsdb/mcs30/bvg/b06/mcs30_b06_s35.A01 fileNameGt=../../cp2016-max-common-connected-subgraph-paper/datasets/graphsdb/mcs30/bvg/b06/mcs30_b06_s35.B01
Reading graphs...
35 :  104
35 :  102
Initializing...
maxdom : 35
D->valSize : 1225
Solving...
Blb : 2 (clique : 16)
currentSize : 16 <-- 0.019372 s
currentSize : 17 <-- 0.019760 s
currentSize : 18 <-- 0.020441 s
currentSize : 19 <-- 0.074669 s
currentSize : 20 <-- 0.256956 s
currentSize : 21 <-- 26.926218 s

TIMEOUT
maxsize : 21
nodes : 177655696.000000
filtered : 6362387537.000000
time : 1000.000000


Display solution 

0 --> 6
2 --> 11
3 --> 33
5 --> 28
7 --> 21
9 --> 3
13 --> 0
14 --> 34
15 --> 19
16 --> 1
18 --> 15
19 --> 23
20 --> 27
21 --> 17
26 --> 14
27 --> 16
30 --> 2
31 --> 24
32 --> 22
33 --> 26
34 --> 25
