Parameters: GAD=1 vflib=1 dir=0 label=0 lowerbound=1 fileNameGp=../../cp2016-max-common-connected-subgraph-paper/datasets/graphsdb/mcs30/bvg/b09m/mcs30_b09m_s50.A00 fileNameGt=../../cp2016-max-common-connected-subgraph-paper/datasets/graphsdb/mcs30/bvg/b09m/mcs30_b09m_s50.B00
Reading graphs...
50 :  216
50 :  214
Initializing...
maxdom : 50
D->valSize : 2500
Solving...
Blb : 2 (clique : 19)
currentSize : 19 <-- 0.085843 s
currentSize : 20 <-- 0.086233 s
currentSize : 21 <-- 0.086486 s
currentSize : 22 <-- 0.086898 s
currentSize : 23 <-- 0.863732 s
currentSize : 24 <-- 191.160507 s

TIMEOUT
maxsize : 24
nodes : 186575669.000000
filtered : 4810306623.000000
time : 1000.000000


Display solution 

0 --> 13
2 --> 25
3 --> 43
4 --> 44
6 --> 32
7 --> 47
10 --> 5
12 --> 28
15 --> 15
17 --> 37
18 --> 36
19 --> 8
20 --> 27
22 --> 24
24 --> 0
25 --> 10
27 --> 34
28 --> 38
29 --> 42
30 --> 18
31 --> 45
32 --> 1
33 --> 41
47 --> 11
