Parameters: GAD=1 vflib=1 dir=0 label=0 lowerbound=1 fileNameGp=../../cp2016-max-common-connected-subgraph-paper/datasets/graphsdb/mcs30/bvg/b03m/mcs30_b03m_s25.A08 fileNameGt=../../cp2016-max-common-connected-subgraph-paper/datasets/graphsdb/mcs30/bvg/b03m/mcs30_b03m_s25.B08
Reading graphs...
25 :  36
25 :  37
Initializing...
maxdom : 25
D->valSize : 625
Solving...
Blb : 2 (clique : 14)
currentSize : 14 <-- 0.005456 s
currentSize : 15 <-- 0.005958 s
currentSize : 16 <-- 0.006004 s
currentSize : 17 <-- 0.013831 s
currentSize : 18 <-- 0.269915 s
currentSize : 19 <-- 392.698303 s

maxsize : 19
nodes : 95804266.000000
filtered : 2594678867.000000
time : 404.054565


Display solution 

2 --> 4
3 --> 10
4 --> 9
5 --> 23
6 --> 19
7 --> 3
9 --> 16
11 --> 8
12 --> 2
13 --> 11
14 --> 7
15 --> 21
16 --> 6
17 --> 5
19 --> 20
20 --> 14
22 --> 1
23 --> 15
24 --> 17
