Parameters: GAD=1 vflib=1 dir=0 label=0 lowerbound=1 fileNameGp=../../cp2016-max-common-connected-subgraph-paper/datasets/graphsdb/mcs30/bvg/b06/mcs30_b06_s50.A06 fileNameGt=../../cp2016-max-common-connected-subgraph-paper/datasets/graphsdb/mcs30/bvg/b06/mcs30_b06_s50.B06
Reading graphs...
50 :  148
50 :  148
Initializing...
maxdom : 50
D->valSize : 2500
Solving...
Blb : 2 (clique : 23)
currentSize : 23 <-- 0.155372 s
currentSize : 24 <-- 0.181819 s
currentSize : 25 <-- 0.206296 s
currentSize : 26 <-- 0.236913 s
currentSize : 27 <-- 0.535892 s
currentSize : 28 <-- 2.007745 s
currentSize : 29 <-- 276.033051 s

TIMEOUT
maxsize : 29
nodes : 132179520.000000
filtered : 6009820230.000000
time : 1000.000061


Display solution 

0 --> 11
1 --> 47
2 --> 2
4 --> 37
5 --> 4
6 --> 7
7 --> 44
8 --> 0
11 --> 48
14 --> 31
15 --> 6
18 --> 26
21 --> 32
22 --> 33
23 --> 49
24 --> 46
28 --> 20
29 --> 19
33 --> 13
36 --> 5
37 --> 41
39 --> 27
41 --> 35
42 --> 29
43 --> 45
45 --> 18
46 --> 10
48 --> 25
49 --> 42
