Parameters: GAD=1 vflib=1 dir=0 label=0 lowerbound=1 fileNameGp=../../cp2016-max-common-connected-subgraph-paper/datasets/graphsdb/mcs30/rand/r02/mcs30_r02_s35.A07 fileNameGt=../../cp2016-max-common-connected-subgraph-paper/datasets/graphsdb/mcs30/rand/r02/mcs30_r02_s35.B07
Reading graphs...
35 :  216
35 :  216
Initializing...
maxdom : 35
D->valSize : 1225
Solving...
Blb : 2 (clique : 12)
currentSize : 12 <-- 0.017343 s
currentSize : 13 <-- 0.017749 s
currentSize : 14 <-- 0.461018 s
currentSize : 15 <-- 74.319016 s
currentSize : 16 <-- 529.091675 s

TIMEOUT
maxsize : 16
nodes : 264931800.000000
filtered : 3670250613.000000
time : 1000.000000


Display solution 

0 --> 27
2 --> 32
3 --> 34
5 --> 14
6 --> 30
7 --> 9
8 --> 22
15 --> 29
19 --> 25
20 --> 4
21 --> 31
24 --> 24
28 --> 16
29 --> 13
32 --> 12
33 --> 0
