Parameters: GAD=1 vflib=1 dir=0 label=0 lowerbound=1 fileNameGp=../../cp2016-max-common-connected-subgraph-paper/datasets/graphsdb/mcs30/rand/r02/mcs30_r02_s35.A04 fileNameGt=../../cp2016-max-common-connected-subgraph-paper/datasets/graphsdb/mcs30/rand/r02/mcs30_r02_s35.B04
Reading graphs...
35 :  213
35 :  219
Initializing...
maxdom : 35
D->valSize : 1225
Solving...
Blb : 2 (clique : 11)
currentSize : 11 <-- 0.017306 s
currentSize : 12 <-- 0.017445 s
currentSize : 13 <-- 0.017727 s
currentSize : 14 <-- 0.228035 s
currentSize : 15 <-- 63.402023 s

TIMEOUT
maxsize : 15
nodes : 282279611.000000
filtered : 3159926423.000000
time : 1000.000000


Display solution 

0 --> 10
4 --> 34
7 --> 31
11 --> 8
16 --> 24
19 --> 28
20 --> 22
21 --> 0
22 --> 5
24 --> 2
25 --> 6
28 --> 1
29 --> 29
31 --> 3
33 --> 32
