Parameters: GAD=1 vflib=1 dir=0 label=0 lowerbound=1 fileNameGp=../../cp2016-max-common-connected-subgraph-paper/datasets/graphsdb/mcs30/bvg/b06/mcs30_b06_s35.A09 fileNameGt=../../cp2016-max-common-connected-subgraph-paper/datasets/graphsdb/mcs30/bvg/b06/mcs30_b06_s35.B09
Reading graphs...
35 :  105
35 :  102
Initializing...
maxdom : 35
D->valSize : 1225
Solving...
Blb : 2 (clique : 16)
currentSize : 16 <-- 0.028260 s
currentSize : 17 <-- 0.028483 s
currentSize : 18 <-- 0.028572 s
currentSize : 19 <-- 0.028960 s
currentSize : 20 <-- 0.139098 s
currentSize : 21 <-- 0.825966 s

TIMEOUT
maxsize : 21
nodes : 173077500.000000
filtered : 6748539593.000000
time : 1000.000000


Display solution 

0 --> 31
1 --> 25
3 --> 14
4 --> 19
6 --> 26
8 --> 18
9 --> 2
10 --> 16
11 --> 28
12 --> 33
13 --> 30
15 --> 12
16 --> 3
18 --> 6
19 --> 9
20 --> 22
21 --> 8
23 --> 7
29 --> 13
32 --> 24
34 --> 34
