Parameters: GAD=1 vflib=1 dir=0 label=0 lowerbound=1 fileNameGp=../../cp2016-max-common-connected-subgraph-paper/datasets/graphsdb/mcs30/bvg/b03/mcs30_b03_s50.A09 fileNameGt=../../cp2016-max-common-connected-subgraph-paper/datasets/graphsdb/mcs30/bvg/b03/mcs30_b03_s50.B09
Reading graphs...
50 :  75
50 :  75
Initializing...
maxdom : 50
D->valSize : 2500
Solving...
Blb : 2 (clique : 32)
currentSize : 32 <-- 0.117244 s
currentSize : 33 <-- 0.120549 s
currentSize : 34 <-- 0.131498 s
currentSize : 35 <-- 0.134402 s
currentSize : 36 <-- 0.772457 s
currentSize : 37 <-- 1.049041 s
currentSize : 38 <-- 29.346399 s

TIMEOUT
maxsize : 38
nodes : 79259509.000000
filtered : 6000083886.000000
time : 1000.000061


Display solution 

0 --> 14
1 --> 48
2 --> 27
3 --> 29
5 --> 40
8 --> 28
10 --> 7
11 --> 16
12 --> 13
13 --> 12
14 --> 38
15 --> 39
16 --> 21
17 --> 34
18 --> 47
19 --> 17
21 --> 36
22 --> 24
23 --> 2
24 --> 11
25 --> 25
26 --> 42
27 --> 1
28 --> 23
29 --> 41
30 --> 9
31 --> 0
32 --> 22
33 --> 20
34 --> 5
40 --> 26
41 --> 18
44 --> 43
45 --> 35
46 --> 44
47 --> 15
48 --> 45
49 --> 33
