Parameters: GAD=1 vflib=1 dir=0 label=0 lowerbound=1 fileNameGp=../../cp2016-max-common-connected-subgraph-paper/datasets/graphsdb/mcs30/rand/r005/mcs30_r005_s50.A07 fileNameGt=../../cp2016-max-common-connected-subgraph-paper/datasets/graphsdb/mcs30/rand/r005/mcs30_r005_s50.B07
Reading graphs...
50 :  123
50 :  125
Initializing...
maxdom : 50
D->valSize : 2500
Solving...
Blb : 2 (clique : 26)
currentSize : 26 <-- 0.092642 s
currentSize : 27 <-- 0.178352 s
currentSize : 28 <-- 0.877607 s
currentSize : 29 <-- 0.916037 s
currentSize : 30 <-- 5.904548 s
currentSize : 31 <-- 519.101929 s

TIMEOUT
maxsize : 31
nodes : 119341717.000000
filtered : 6185652014.000000
time : 1000.000000


Display solution 

0 --> 21
1 --> 45
4 --> 38
5 --> 10
6 --> 22
7 --> 47
9 --> 14
10 --> 2
11 --> 17
15 --> 44
16 --> 7
18 --> 24
21 --> 26
22 --> 0
23 --> 20
24 --> 40
25 --> 29
26 --> 23
27 --> 4
29 --> 15
31 --> 42
32 --> 8
33 --> 30
34 --> 3
39 --> 27
40 --> 6
41 --> 33
42 --> 13
43 --> 25
45 --> 5
49 --> 28
