Parameters: GAD=1 vflib=1 dir=0 label=0 lowerbound=1 fileNameGp=../../cp2016-max-common-connected-subgraph-paper/datasets/graphsdb/mcs30/bvg/b03/mcs30_b03_s25.A02 fileNameGt=../../cp2016-max-common-connected-subgraph-paper/datasets/graphsdb/mcs30/bvg/b03/mcs30_b03_s25.B02
Reading graphs...
25 :  36
25 :  36
Initializing...
maxdom : 25
D->valSize : 625
Solving...
Blb : 2 (clique : 15)
currentSize : 15 <-- 0.009473 s
currentSize : 17 <-- 0.009615 s
currentSize : 18 <-- 0.009641 s
currentSize : 19 <-- 60.220390 s

maxsize : 19
nodes : 28158574.000000
filtered : 876694762.000000
time : 116.622734


Display solution 

0 --> 19
2 --> 24
3 --> 14
4 --> 18
6 --> 5
7 --> 7
8 --> 9
10 --> 11
11 --> 20
12 --> 4
13 --> 10
16 --> 1
17 --> 17
19 --> 16
20 --> 0
21 --> 8
22 --> 15
23 --> 2
24 --> 23
