Parameters: GAD=1 vflib=1 dir=0 label=0 lowerbound=1 fileNameGp=../../cp2016-max-common-connected-subgraph-paper/datasets/graphsdb/mcs30/rand/r01/mcs30_r01_s35.A03 fileNameGt=../../cp2016-max-common-connected-subgraph-paper/datasets/graphsdb/mcs30/rand/r01/mcs30_r01_s35.B03
Reading graphs...
35 :  113
35 :  114
Initializing...
maxdom : 35
D->valSize : 1225
Solving...
Blb : 2 (clique : 14)
currentSize : 14 <-- 0.018886 s
currentSize : 15 <-- 0.019683 s
currentSize : 16 <-- 0.024131 s
currentSize : 17 <-- 0.042912 s
currentSize : 18 <-- 0.419605 s
currentSize : 19 <-- 1.294966 s
currentSize : 20 <-- 762.460938 s

TIMEOUT
maxsize : 20
nodes : 228090314.000000
filtered : 4879538804.000000
time : 1000.000000


Display solution 

0 --> 0
1 --> 13
3 --> 32
5 --> 14
7 --> 16
8 --> 6
9 --> 25
10 --> 21
11 --> 30
13 --> 4
14 --> 27
16 --> 2
17 --> 31
18 --> 7
22 --> 5
25 --> 22
28 --> 29
32 --> 10
33 --> 33
34 --> 1
