Parameters: GAD=1 vflib=1 dir=0 label=0 lowerbound=1 fileNameGp=../../cp2016-max-common-connected-subgraph-paper/datasets/graphsdb/mcs30/m3D/m3Dr2/mcs30_m3Dr2_s30.A01 fileNameGt=../../cp2016-max-common-connected-subgraph-paper/datasets/graphsdb/mcs30/m3D/m3Dr2/mcs30_m3Dr2_s30.B01
Reading graphs...
30 :  65
30 :  65
Initializing...
maxdom : 30
D->valSize : 900
Solving...
Blb : 2 (clique : 17)
currentSize : 17 <-- 0.019107 s
currentSize : 18 <-- 0.019677 s
currentSize : 19 <-- 0.032638 s
currentSize : 20 <-- 1.062956 s
currentSize : 21 <-- 8.354946 s

maxsize : 21
nodes : 9267596.000000
filtered : 335638535.000000
time : 51.699177


Display solution 

0 --> 5
1 --> 0
2 --> 11
3 --> 9
4 --> 14
5 --> 6
6 --> 15
9 --> 7
12 --> 17
13 --> 28
14 --> 20
16 --> 21
18 --> 22
19 --> 4
20 --> 2
21 --> 19
22 --> 12
23 --> 27
26 --> 24
28 --> 10
29 --> 16
