Parameters: GAD=1 vflib=1 dir=0 label=0 lowerbound=1 fileNameGp=../../cp2016-max-common-connected-subgraph-paper/datasets/graphsdb/mcs30/rand/r005/mcs30_r005_s20.A06 fileNameGt=../../cp2016-max-common-connected-subgraph-paper/datasets/graphsdb/mcs30/rand/r005/mcs30_r005_s20.B06
Reading graphs...
20 :  23
20 :  22
Initializing...
maxdom : 20
D->valSize : 400
Solving...
Blb : 2 (clique : 14)
currentSize : 14 <-- 0.004333 s
currentSize : 15 <-- 0.004473 s
currentSize : 16 <-- 0.015516 s

maxsize : 16
nodes : 174972.000000
filtered : 4169433.000000
time : 0.708574


Display solution 

0 --> 7
1 --> 3
3 --> 9
4 --> 18
5 --> 11
6 --> 0
7 --> 4
8 --> 2
10 --> 19
11 --> 12
12 --> 10
13 --> 16
15 --> 13
16 --> 8
18 --> 17
19 --> 15
