Parameters: GAD=1 vflib=1 dir=0 label=0 lowerbound=1 fileNameGp=../../cp2016-max-common-connected-subgraph-paper/datasets/graphsdb/mcs30/m4D/m4Dr2/mcs30_m4Dr2_s50.A09 fileNameGt=../../cp2016-max-common-connected-subgraph-paper/datasets/graphsdb/mcs30/m4D/m4Dr2/mcs30_m4Dr2_s50.B09
Reading graphs...
50 :  96
50 :  95
Initializing...
maxdom : 50
D->valSize : 2500
Solving...
Blb : 2 (clique : 28)
currentSize : 28 <-- 0.095199 s
currentSize : 29 <-- 0.095571 s
currentSize : 30 <-- 0.095786 s
currentSize : 31 <-- 0.108850 s
currentSize : 32 <-- 0.111231 s
currentSize : 33 <-- 0.121082 s
currentSize : 34 <-- 0.778434 s
currentSize : 35 <-- 77.850365 s
currentSize : 36 <-- 273.243134 s

TIMEOUT
maxsize : 36
nodes : 105545912.000000
filtered : 6614716316.000000
time : 1000.000061


Display solution 

0 --> 41
1 --> 22
2 --> 33
5 --> 25
6 --> 1
7 --> 24
8 --> 27
10 --> 40
11 --> 36
12 --> 11
14 --> 18
16 --> 42
17 --> 34
18 --> 45
20 --> 26
21 --> 7
24 --> 15
26 --> 2
27 --> 31
30 --> 3
32 --> 9
33 --> 39
34 --> 35
35 --> 21
36 --> 16
37 --> 6
38 --> 47
39 --> 29
41 --> 20
42 --> 5
43 --> 14
44 --> 19
45 --> 37
46 --> 28
48 --> 32
49 --> 8
