Parameters: GAD=1 vflib=1 dir=0 label=0 lowerbound=1 fileNameGp=../../cp2016-max-common-connected-subgraph-paper/datasets/graphsdb/mcs30/bvg/b03/mcs30_b03_s50.A02 fileNameGt=../../cp2016-max-common-connected-subgraph-paper/datasets/graphsdb/mcs30/bvg/b03/mcs30_b03_s50.B02
Reading graphs...
50 :  75
50 :  75
Initializing...
maxdom : 50
D->valSize : 2500
Solving...
Blb : 2 (clique : 29)
currentSize : 29 <-- 0.096930 s
currentSize : 30 <-- 0.097633 s
currentSize : 31 <-- 0.097781 s
currentSize : 32 <-- 0.098773 s
currentSize : 33 <-- 2.527033 s
currentSize : 34 <-- 5.840905 s
currentSize : 35 <-- 12.991536 s
currentSize : 36 <-- 54.792992 s
currentSize : 37 <-- 174.985306 s
currentSize : 38 <-- 281.845673 s

TIMEOUT
maxsize : 38
nodes : 112022249.000000
filtered : 6334100199.000000
time : 1000.000061


Display solution 

0 --> 43
1 --> 1
2 --> 40
3 --> 39
7 --> 15
8 --> 13
9 --> 22
11 --> 33
12 --> 10
13 --> 38
14 --> 31
15 --> 18
16 --> 25
17 --> 8
18 --> 4
20 --> 16
21 --> 37
22 --> 42
24 --> 5
26 --> 23
28 --> 12
29 --> 28
30 --> 30
32 --> 21
34 --> 19
36 --> 49
37 --> 0
38 --> 9
39 --> 2
40 --> 46
41 --> 36
43 --> 48
44 --> 27
45 --> 47
46 --> 26
47 --> 3
48 --> 14
49 --> 20
