Parameters: GAD=1 vflib=1 dir=0 label=0 lowerbound=1 fileNameGp=../../cp2016-max-common-connected-subgraph-paper/datasets/graphsdb/mcs30/bvg/b06m/mcs30_b06m_s40.A04 fileNameGt=../../cp2016-max-common-connected-subgraph-paper/datasets/graphsdb/mcs30/bvg/b06m/mcs30_b06m_s40.B04
Reading graphs...
40 :  115
40 :  119
Initializing...
maxdom : 40
D->valSize : 1600
Solving...
Blb : 2 (clique : 18)
currentSize : 18 <-- 0.033749 s
currentSize : 19 <-- 0.033954 s
currentSize : 20 <-- 0.034128 s
currentSize : 21 <-- 0.034850 s
currentSize : 22 <-- 0.047839 s
currentSize : 23 <-- 78.398392 s
currentSize : 24 <-- 93.399391 s

TIMEOUT
maxsize : 24
nodes : 162732796.000000
filtered : 6291513097.000000
time : 1000.000000


Display solution 

0 --> 34
1 --> 26
5 --> 29
6 --> 18
7 --> 9
9 --> 7
10 --> 6
11 --> 14
12 --> 21
13 --> 30
15 --> 20
16 --> 12
20 --> 38
21 --> 19
22 --> 32
25 --> 1
26 --> 15
27 --> 37
31 --> 17
33 --> 35
34 --> 0
35 --> 5
37 --> 22
38 --> 4
