Parameters: GAD=1 vflib=1 dir=0 label=0 lowerbound=1 fileNameGp=../../cp2016-max-common-connected-subgraph-paper/datasets/graphsdb/mcs30/rand/r02/mcs30_r02_s50.A09 fileNameGt=../../cp2016-max-common-connected-subgraph-paper/datasets/graphsdb/mcs30/rand/r02/mcs30_r02_s50.B09
Reading graphs...
50 :  440
50 :  436
Initializing...
maxdom : 50
D->valSize : 2500
Solving...
Blb : 5 (clique : 12)
currentSize : 12 <-- 0.074462 s
currentSize : 13 <-- 0.074800 s
currentSize : 14 <-- 0.074914 s
currentSize : 15 <-- 0.192086 s
currentSize : 16 <-- 5.553540 s
currentSize : 17 <-- 487.002991 s

TIMEOUT
maxsize : 17
nodes : 252573578.000000
filtered : 2486316581.000000
time : 1000.000000


Display solution 

0 --> 37
2 --> 42
4 --> 49
9 --> 22
10 --> 3
18 --> 19
21 --> 29
24 --> 45
27 --> 8
29 --> 47
30 --> 9
31 --> 25
33 --> 21
36 --> 14
41 --> 36
42 --> 13
43 --> 34
