Parameters: GAD=1 vflib=1 dir=0 label=0 lowerbound=1 fileNameGp=../../cp2016-max-common-connected-subgraph-paper/datasets/graphsdb/mcs30/m2D/m2Dr6/mcs30_m2Dr6_s30.A01 fileNameGt=../../cp2016-max-common-connected-subgraph-paper/datasets/graphsdb/mcs30/m2D/m2Dr6/mcs30_m2Dr6_s30.B01
Reading graphs...
30 :  63
30 :  64
Initializing...
maxdom : 30
D->valSize : 900
Solving...
Blb : 2 (clique : 15)
currentSize : 15 <-- 0.018667 s
currentSize : 16 <-- 0.018849 s
currentSize : 17 <-- 0.022724 s
currentSize : 18 <-- 0.023625 s
currentSize : 19 <-- 0.170805 s
currentSize : 20 <-- 2.365363 s
currentSize : 21 <-- 21.289616 s

maxsize : 21
nodes : 17249073.000000
filtered : 592869358.000000
time : 90.780136


Display solution 

0 --> 15
1 --> 7
3 --> 28
4 --> 3
7 --> 23
9 --> 9
10 --> 10
12 --> 11
14 --> 24
15 --> 27
16 --> 22
18 --> 8
19 --> 25
20 --> 16
21 --> 6
22 --> 13
25 --> 26
26 --> 2
27 --> 18
28 --> 1
29 --> 29
