Parameters: GAD=1 vflib=1 dir=0 label=0 lowerbound=1 fileNameGp=../../cp2016-max-common-connected-subgraph-paper/datasets/graphsdb/mcs30/bvg/b03/mcs30_b03_s25.A01 fileNameGt=../../cp2016-max-common-connected-subgraph-paper/datasets/graphsdb/mcs30/bvg/b03/mcs30_b03_s25.B01
Reading graphs...
25 :  36
25 :  37
Initializing...
maxdom : 25
D->valSize : 625
Solving...
Blb : 2 (clique : 15)
currentSize : 15 <-- 0.005609 s
currentSize : 16 <-- 0.007562 s
currentSize : 17 <-- 0.009098 s
currentSize : 18 <-- 0.009233 s
currentSize : 19 <-- 0.077082 s
currentSize : 20 <-- 0.102470 s

maxsize : 20
nodes : 134633.000000
filtered : 4828300.000000
time : 0.709081


Display solution 

0 --> 24
2 --> 23
4 --> 18
5 --> 8
6 --> 22
7 --> 2
9 --> 1
10 --> 0
11 --> 15
12 --> 10
13 --> 20
14 --> 19
16 --> 14
17 --> 16
19 --> 11
20 --> 9
21 --> 17
22 --> 3
23 --> 13
24 --> 7
