Parameters: GAD=1 vflib=1 dir=0 label=0 lowerbound=1 fileNameGp=../../cp2016-max-common-connected-subgraph-paper/datasets/graphsdb/mcs30/m4D/m4Dr6/mcs30_m4Dr6_s50.A08 fileNameGt=../../cp2016-max-common-connected-subgraph-paper/datasets/graphsdb/mcs30/m4D/m4Dr6/mcs30_m4Dr6_s50.B08
Reading graphs...
50 :  112
50 :  112
Initializing...
maxdom : 50
D->valSize : 2500
Solving...
Blb : 2 (clique : 26)
currentSize : 26 <-- 0.115657 s
currentSize : 27 <-- 0.115995 s
currentSize : 28 <-- 0.119418 s
currentSize : 29 <-- 0.119763 s
currentSize : 30 <-- 0.340549 s
currentSize : 31 <-- 0.470015 s
currentSize : 32 <-- 114.855751 s

TIMEOUT
maxsize : 32
nodes : 127359389.000000
filtered : 6449623164.000000
time : 1000.000061


Display solution 

0 --> 38
1 --> 20
3 --> 44
6 --> 22
7 --> 27
9 --> 3
10 --> 39
13 --> 26
14 --> 10
15 --> 28
17 --> 47
19 --> 30
20 --> 9
21 --> 16
22 --> 1
23 --> 11
26 --> 43
29 --> 2
30 --> 12
32 --> 14
34 --> 31
35 --> 24
36 --> 42
37 --> 21
38 --> 19
39 --> 40
40 --> 23
42 --> 41
44 --> 33
47 --> 49
48 --> 37
49 --> 15
