Parameters: GAD=1 vflib=1 dir=0 label=0 lowerbound=1 fileNameGp=../../cp2016-max-common-connected-subgraph-paper/datasets/graphsdb/mcs30/m3D/m3Dr6/mcs30_m3Dr6_s30.A01 fileNameGt=../../cp2016-max-common-connected-subgraph-paper/datasets/graphsdb/mcs30/m3D/m3Dr6/mcs30_m3Dr6_s30.B01
Reading graphs...
30 :  75
30 :  74
Initializing...
maxdom : 30
D->valSize : 900
Solving...
Blb : 2 (clique : 15)
currentSize : 15 <-- 0.018432 s
currentSize : 16 <-- 0.021286 s
currentSize : 17 <-- 0.037351 s
currentSize : 18 <-- 0.077032 s
currentSize : 19 <-- 2.732102 s

maxsize : 19
nodes : 116398284.000000
filtered : 3634105636.000000
time : 569.178833


Display solution 

0 --> 8
1 --> 16
2 --> 27
3 --> 1
4 --> 19
5 --> 10
9 --> 25
10 --> 6
11 --> 21
12 --> 20
13 --> 11
14 --> 22
15 --> 26
18 --> 3
19 --> 7
21 --> 5
23 --> 4
27 --> 28
28 --> 9
