Parameters: GAD=1 vflib=1 dir=0 label=0 lowerbound=1 fileNameGp=../../cp2016-max-common-connected-subgraph-paper/datasets/graphsdb/mcs30/bvg/b03/mcs30_b03_s50.A04 fileNameGt=../../cp2016-max-common-connected-subgraph-paper/datasets/graphsdb/mcs30/bvg/b03/mcs30_b03_s50.B04
Reading graphs...
50 :  75
50 :  75
Initializing...
maxdom : 50
D->valSize : 2500
Solving...
Blb : 2 (clique : 29)
currentSize : 29 <-- 0.097366 s
currentSize : 31 <-- 0.097750 s
currentSize : 32 <-- 0.097836 s
currentSize : 33 <-- 0.108006 s
currentSize : 34 <-- 1.584229 s
currentSize : 35 <-- 67.864395 s
currentSize : 36 <-- 67.866249 s
currentSize : 37 <-- 69.204788 s

TIMEOUT
maxsize : 37
nodes : 138644448.000000
filtered : 5815298176.000000
time : 1000.000000


Display solution 

0 --> 45
1 --> 32
2 --> 25
4 --> 16
7 --> 8
8 --> 30
10 --> 26
11 --> 29
13 --> 22
14 --> 24
16 --> 19
17 --> 41
18 --> 17
19 --> 43
20 --> 2
21 --> 31
22 --> 42
23 --> 46
24 --> 11
25 --> 35
27 --> 27
28 --> 0
29 --> 34
30 --> 21
31 --> 39
32 --> 37
33 --> 12
34 --> 15
35 --> 4
38 --> 14
39 --> 5
40 --> 33
41 --> 20
43 --> 47
44 --> 7
46 --> 10
47 --> 9
