Parameters: GAD=1 vflib=1 dir=0 label=0 lowerbound=1 fileNameGp=../../cp2016-max-common-connected-subgraph-paper/datasets/graphsdb/mcs30/rand/r01/mcs30_r01_s40.A05 fileNameGt=../../cp2016-max-common-connected-subgraph-paper/datasets/graphsdb/mcs30/rand/r01/mcs30_r01_s40.B05
Reading graphs...
40 :  142
40 :  149
Initializing...
maxdom : 40
D->valSize : 1600
Solving...
Blb : 2 (clique : 15)
currentSize : 15 <-- 0.032810 s
currentSize : 17 <-- 0.032988 s
currentSize : 18 <-- 0.036247 s
currentSize : 19 <-- 0.137318 s
currentSize : 20 <-- 0.732256 s
currentSize : 21 <-- 47.749676 s

TIMEOUT
maxsize : 21
nodes : 204288202.000000
filtered : 5273681542.000000
time : 1000.000000


Display solution 

0 --> 32
2 --> 18
4 --> 34
6 --> 3
8 --> 22
13 --> 0
14 --> 10
15 --> 7
16 --> 28
19 --> 12
22 --> 1
25 --> 21
26 --> 33
27 --> 8
29 --> 13
31 --> 29
33 --> 20
34 --> 24
36 --> 39
37 --> 30
39 --> 26
