Parameters: GAD=1 vflib=1 dir=0 label=0 lowerbound=1 fileNameGp=../../cp2016-max-common-connected-subgraph-paper/datasets/graphsdb/mcs30/m4D/m4Dr2/mcs30_m4Dr2_s50.A07 fileNameGt=../../cp2016-max-common-connected-subgraph-paper/datasets/graphsdb/mcs30/m4D/m4Dr2/mcs30_m4Dr2_s50.B07
Reading graphs...
50 :  96
50 :  95
Initializing...
maxdom : 50
D->valSize : 2500
Solving...
Blb : 2 (clique : 27)
currentSize : 27 <-- 0.124928 s
currentSize : 28 <-- 0.127114 s
currentSize : 29 <-- 0.129926 s
currentSize : 30 <-- 0.416427 s
currentSize : 31 <-- 6.966138 s
currentSize : 32 <-- 46.825298 s
currentSize : 33 <-- 91.176910 s
currentSize : 34 <-- 97.087151 s
currentSize : 35 <-- 174.312927 s

TIMEOUT
maxsize : 35
nodes : 123740964.000000
filtered : 6539944673.000000
time : 1000.000061


Display solution 

0 --> 2
1 --> 34
2 --> 30
3 --> 36
4 --> 42
7 --> 1
9 --> 19
10 --> 6
11 --> 49
12 --> 16
13 --> 31
14 --> 48
15 --> 11
16 --> 12
17 --> 14
20 --> 9
21 --> 28
23 --> 13
24 --> 29
25 --> 41
28 --> 8
29 --> 44
30 --> 7
31 --> 3
34 --> 5
36 --> 35
39 --> 10
40 --> 46
42 --> 20
43 --> 37
44 --> 40
46 --> 21
47 --> 43
48 --> 25
49 --> 24
