Parameters: GAD=1 vflib=1 dir=0 label=0 lowerbound=1 fileNameGp=../../cp2016-max-common-connected-subgraph-paper/datasets/graphsdb/mcs30/bvg/b06m/mcs30_b06m_s50.A02 fileNameGt=../../cp2016-max-common-connected-subgraph-paper/datasets/graphsdb/mcs30/bvg/b06m/mcs30_b06m_s50.B02
Reading graphs...
50 :  145
50 :  147
Initializing...
maxdom : 50
D->valSize : 2500
Solving...
Blb : 2 (clique : 22)
currentSize : 22 <-- 0.110811 s
currentSize : 23 <-- 0.112126 s
currentSize : 24 <-- 0.119603 s
currentSize : 25 <-- 0.129903 s
currentSize : 26 <-- 0.178191 s
currentSize : 27 <-- 11.030732 s
currentSize : 28 <-- 13.415275 s
currentSize : 29 <-- 62.192631 s

TIMEOUT
maxsize : 29
nodes : 144045119.000000
filtered : 5237966414.000000
time : 1000.000000


Display solution 

0 --> 44
2 --> 37
5 --> 7
7 --> 29
8 --> 23
9 --> 3
10 --> 41
11 --> 21
14 --> 40
15 --> 19
16 --> 13
18 --> 46
19 --> 47
20 --> 49
21 --> 36
24 --> 32
28 --> 22
29 --> 11
30 --> 39
31 --> 30
32 --> 17
35 --> 0
37 --> 25
38 --> 14
42 --> 43
44 --> 12
45 --> 15
46 --> 6
49 --> 9
