Parameters: GAD=1 vflib=1 dir=0 label=0 lowerbound=1 fileNameGp=../../cp2016-max-common-connected-subgraph-paper/datasets/graphsdb/mcs30/m2D/m2D/mcs30_m2D_s50.A02 fileNameGt=../../cp2016-max-common-connected-subgraph-paper/datasets/graphsdb/mcs30/m2D/m2D/mcs30_m2D_s50.B02
Reading graphs...
50 :  85
50 :  85
Initializing...
maxdom : 50
D->valSize : 2500
Solving...
Blb : 5 (clique : 29)
currentSize : 29 <-- 0.148640 s
currentSize : 30 <-- 0.458703 s
currentSize : 31 <-- 0.458802 s
currentSize : 32 <-- 9.662941 s
currentSize : 33 <-- 27.489447 s
currentSize : 34 <-- 30.174391 s
currentSize : 35 <-- 32.519753 s

TIMEOUT
maxsize : 35
nodes : 100695689.000000
filtered : 6093026698.000000
time : 1000.000000


Display solution 

0 --> 16
1 --> 24
2 --> 45
3 --> 28
5 --> 37
6 --> 12
7 --> 11
8 --> 3
9 --> 27
10 --> 0
12 --> 20
13 --> 5
14 --> 30
15 --> 29
17 --> 8
20 --> 35
21 --> 13
22 --> 41
23 --> 2
24 --> 15
26 --> 39
27 --> 7
29 --> 18
32 --> 44
33 --> 43
34 --> 19
35 --> 9
36 --> 17
38 --> 14
39 --> 34
43 --> 48
44 --> 1
46 --> 22
47 --> 49
48 --> 40
