Parameters: GAD=1 vflib=1 dir=0 label=0 lowerbound=1 fileNameGp=../../cp2016-max-common-connected-subgraph-paper/datasets/graphsdb/mcs30/rand/r005/mcs30_r005_s40.A08 fileNameGt=../../cp2016-max-common-connected-subgraph-paper/datasets/graphsdb/mcs30/rand/r005/mcs30_r005_s40.B08
Reading graphs...
40 :  83
40 :  82
Initializing...
maxdom : 40
D->valSize : 1600
Solving...
Blb : 2 (clique : 21)
currentSize : 21 <-- 0.062404 s
currentSize : 22 <-- 0.062754 s
currentSize : 23 <-- 0.062932 s
currentSize : 24 <-- 0.063190 s
currentSize : 25 <-- 0.064350 s
currentSize : 26 <-- 0.079390 s
currentSize : 27 <-- 68.307243 s

TIMEOUT
maxsize : 27
nodes : 134244345.000000
filtered : 7615299593.000000
time : 1000.000000


Display solution 

0 --> 37
2 --> 16
3 --> 23
4 --> 14
5 --> 0
6 --> 13
7 --> 6
10 --> 11
11 --> 4
16 --> 34
17 --> 28
18 --> 30
20 --> 10
21 --> 36
22 --> 31
25 --> 7
26 --> 19
27 --> 8
28 --> 27
29 --> 22
30 --> 17
31 --> 24
32 --> 15
33 --> 1
35 --> 39
36 --> 20
37 --> 21
