Parameters: GAD=1 vflib=1 dir=0 label=0 lowerbound=1 fileNameGp=../../cp2016-max-common-connected-subgraph-paper/datasets/graphsdb/mcs30/bvg/b09m/mcs30_b09m_s40.A01 fileNameGt=../../cp2016-max-common-connected-subgraph-paper/datasets/graphsdb/mcs30/bvg/b09m/mcs30_b09m_s40.B01
Reading graphs...
40 :  170
40 :  168
Initializing...
maxdom : 40
D->valSize : 1600
Solving...
Blb : 2 (clique : 15)
currentSize : 15 <-- 0.034018 s
currentSize : 16 <-- 0.034192 s
currentSize : 17 <-- 0.035025 s
currentSize : 18 <-- 0.054382 s
currentSize : 19 <-- 0.217301 s
currentSize : 20 <-- 2.655862 s
currentSize : 21 <-- 367.267975 s

TIMEOUT
maxsize : 21
nodes : 197154462.000000
filtered : 5461301752.000000
time : 1000.000000


Display solution 

0 --> 31
2 --> 0
4 --> 23
5 --> 34
6 --> 12
7 --> 13
8 --> 27
9 --> 7
12 --> 32
13 --> 36
14 --> 38
20 --> 3
23 --> 37
26 --> 8
27 --> 9
29 --> 18
30 --> 33
31 --> 5
32 --> 15
35 --> 1
36 --> 24
