Parameters: GAD=1 vflib=1 dir=0 label=0 lowerbound=1 fileNameGp=../../cp2016-max-common-connected-subgraph-paper/datasets/graphsdb/mcs30/m4D/m4Dr6/mcs30_m4Dr6_s50.A02 fileNameGt=../../cp2016-max-common-connected-subgraph-paper/datasets/graphsdb/mcs30/m4D/m4Dr6/mcs30_m4Dr6_s50.B02
Reading graphs...
50 :  117
50 :  115
Initializing...
maxdom : 50
D->valSize : 2500
Solving...
Blb : 2 (clique : 23)
currentSize : 23 <-- 0.125218 s
currentSize : 24 <-- 0.126136 s
currentSize : 25 <-- 0.165129 s
currentSize : 26 <-- 2.956813 s
currentSize : 27 <-- 3.537358 s
currentSize : 28 <-- 4.460883 s
currentSize : 29 <-- 5.926449 s
currentSize : 30 <-- 6.927050 s
currentSize : 31 <-- 11.954322 s
currentSize : 32 <-- 12.371985 s

TIMEOUT
maxsize : 32
nodes : 130165212.000000
filtered : 5756130966.000000
time : 1000.000000


Display solution 

0 --> 29
1 --> 11
2 --> 0
3 --> 32
4 --> 38
6 --> 13
10 --> 14
12 --> 7
13 --> 12
15 --> 20
17 --> 9
18 --> 31
19 --> 1
20 --> 39
23 --> 34
24 --> 49
26 --> 37
28 --> 23
30 --> 35
32 --> 27
34 --> 24
35 --> 48
36 --> 40
39 --> 30
41 --> 46
42 --> 33
43 --> 43
44 --> 22
45 --> 2
47 --> 28
48 --> 4
49 --> 45
