Parameters: GAD=1 vflib=1 dir=0 label=0 lowerbound=1 fileNameGp=../../cp2016-max-common-connected-subgraph-paper/datasets/graphsdb/mcs30/bvg/b06m/mcs30_b06m_s25.A00 fileNameGt=../../cp2016-max-common-connected-subgraph-paper/datasets/graphsdb/mcs30/bvg/b06m/mcs30_b06m_s25.B00
Reading graphs...
25 :  67
25 :  70
Initializing...
maxdom : 25
D->valSize : 625
Solving...
Blb : 2 (clique : 12)
currentSize : 12 <-- 0.005109 s
currentSize : 13 <-- 0.018332 s
currentSize : 14 <-- 0.206265 s
currentSize : 15 <-- 0.424450 s
currentSize : 16 <-- 1.564447 s

maxsize : 16
nodes : 1785058.000000
filtered : 41965361.000000
time : 7.240915


Display solution 

0 --> 12
2 --> 16
3 --> 24
4 --> 19
6 --> 5
7 --> 13
8 --> 0
9 --> 17
10 --> 18
12 --> 1
17 --> 9
18 --> 15
19 --> 4
21 --> 2
22 --> 10
23 --> 8
