Parameters: GAD=1 vflib=1 dir=0 label=0 lowerbound=1 fileNameGp=../../cp2016-max-common-connected-subgraph-paper/datasets/graphsdb/mcs30/bvg/b09m/mcs30_b09m_s40.A07 fileNameGt=../../cp2016-max-common-connected-subgraph-paper/datasets/graphsdb/mcs30/bvg/b09m/mcs30_b09m_s40.B07
Reading graphs...
40 :  168
40 :  172
Initializing...
maxdom : 40
D->valSize : 1600
Solving...
Blb : 2 (clique : 15)
currentSize : 15 <-- 0.032087 s
currentSize : 16 <-- 0.032393 s
currentSize : 17 <-- 0.032691 s
currentSize : 18 <-- 0.236851 s
currentSize : 19 <-- 1.110827 s
currentSize : 20 <-- 5.440679 s
currentSize : 21 <-- 403.731232 s

TIMEOUT
maxsize : 21
nodes : 192040031.000000
filtered : 5522947050.000000
time : 1000.000000


Display solution 

0 --> 16
5 --> 22
10 --> 12
12 --> 18
14 --> 38
15 --> 14
17 --> 1
18 --> 4
19 --> 28
21 --> 39
23 --> 6
25 --> 35
26 --> 36
27 --> 0
29 --> 32
30 --> 27
32 --> 17
35 --> 2
36 --> 13
37 --> 31
39 --> 29
