Parameters: GAD=1 vflib=1 dir=0 label=0 lowerbound=1 fileNameGp=../../cp2016-max-common-connected-subgraph-paper/datasets/graphsdb/mcs30/m2D/m2Dr6/mcs30_m2Dr6_s50.A07 fileNameGt=../../cp2016-max-common-connected-subgraph-paper/datasets/graphsdb/mcs30/m2D/m2Dr6/mcs30_m2Dr6_s50.B07
Reading graphs...
50 :  114
50 :  111
Initializing...
maxdom : 50
D->valSize : 2500
Solving...
Blb : 2 (clique : 25)
currentSize : 25 <-- 0.093204 s
currentSize : 26 <-- 0.093549 s
currentSize : 27 <-- 4.307499 s
currentSize : 28 <-- 4.309253 s
currentSize : 29 <-- 4.618921 s
currentSize : 30 <-- 60.981785 s
currentSize : 31 <-- 78.176369 s
currentSize : 32 <-- 698.487671 s

TIMEOUT
maxsize : 32
nodes : 132593333.000000
filtered : 6015921539.000000
time : 1000.000061


Display solution 

0 --> 8
1 --> 27
2 --> 48
7 --> 10
8 --> 23
11 --> 25
13 --> 3
14 --> 22
15 --> 11
16 --> 34
17 --> 47
19 --> 42
20 --> 2
21 --> 4
22 --> 30
23 --> 37
25 --> 36
26 --> 18
27 --> 14
30 --> 46
31 --> 0
33 --> 21
35 --> 43
36 --> 32
37 --> 20
39 --> 38
40 --> 44
41 --> 28
42 --> 33
43 --> 1
44 --> 39
46 --> 35
