Parameters: GAD=1 vflib=1 dir=0 label=0 lowerbound=1 fileNameGp=../../cp2016-max-common-connected-subgraph-paper/datasets/graphsdb/mcs30/rand/r005/mcs30_r005_s30.A06 fileNameGt=../../cp2016-max-common-connected-subgraph-paper/datasets/graphsdb/mcs30/rand/r005/mcs30_r005_s30.B06
Reading graphs...
30 :  46
30 :  46
Initializing...
maxdom : 30
D->valSize : 900
Solving...
Blb : 2 (clique : 17)
currentSize : 17 <-- 0.011093 s
currentSize : 18 <-- 0.011254 s
currentSize : 19 <-- 0.012181 s
currentSize : 20 <-- 0.017379 s
currentSize : 21 <-- 0.281479 s
currentSize : 22 <-- 0.326000 s
currentSize : 23 <-- 889.119934 s

TIMEOUT
maxsize : 23
nodes : 173512405.000000
filtered : 7834094966.000000
time : 1000.000000


Display solution 

1 --> 8
2 --> 25
3 --> 14
4 --> 2
5 --> 7
6 --> 1
7 --> 22
8 --> 17
9 --> 27
10 --> 3
11 --> 29
13 --> 16
14 --> 15
17 --> 6
18 --> 28
19 --> 24
20 --> 0
21 --> 5
22 --> 18
23 --> 4
25 --> 26
26 --> 11
28 --> 21
