Parameters: GAD=1 vflib=1 dir=0 label=0 lowerbound=1 fileNameGp=../../cp2016-max-common-connected-subgraph-paper/datasets/graphsdb/mcs50/rand/r02/mcs50_r02_s20.A02 fileNameGt=../../cp2016-max-common-connected-subgraph-paper/datasets/graphsdb/mcs50/rand/r02/mcs50_r02_s20.B02
Reading graphs...
20 :  66
20 :  69
Initializing...
maxdom : 20
D->valSize : 400
Solving...
Blb : 3 (clique : 9)
currentSize : 9 <-- 0.003577 s
currentSize : 10 <-- 0.003730 s
currentSize : 11 <-- 0.013407 s
currentSize : 12 <-- 0.233202 s

maxsize : 12
nodes : 350775.000000
filtered : 4235888.000000
time : 1.007887


Display solution 

0 --> 7
3 --> 1
4 --> 3
5 --> 4
8 --> 11
11 --> 17
13 --> 15
14 --> 5
15 --> 6
16 --> 13
17 --> 19
19 --> 10
