Parameters: GAD=1 vflib=1 dir=0 label=0 lowerbound=1 fileNameGp=../../cp2016-max-common-connected-subgraph-paper/datasets/graphsdb/mcs50/bvg/b03/mcs50_b03_s40.A06 fileNameGt=../../cp2016-max-common-connected-subgraph-paper/datasets/graphsdb/mcs50/bvg/b03/mcs50_b03_s40.B06
Reading graphs...
40 :  59
40 :  60
Initializing...
maxdom : 40
D->valSize : 1600
Solving...
Blb : 2 (clique : 24)
currentSize : 24 <-- 0.037612 s
currentSize : 25 <-- 0.037847 s
currentSize : 26 <-- 0.065888 s
currentSize : 27 <-- 2.298346 s
currentSize : 28 <-- 2.836903 s
currentSize : 29 <-- 4.130018 s
currentSize : 30 <-- 343.654358 s
currentSize : 31 <-- 592.352783 s

TIMEOUT
maxsize : 31
nodes : 122329369.000000
filtered : 6687419795.000000
time : 1000.000000


Display solution 

0 --> 2
1 --> 37
2 --> 4
3 --> 22
4 --> 5
5 --> 10
6 --> 17
7 --> 13
8 --> 29
10 --> 39
12 --> 12
13 --> 26
14 --> 33
15 --> 34
16 --> 31
17 --> 38
18 --> 23
19 --> 1
20 --> 7
21 --> 9
22 --> 25
23 --> 24
24 --> 11
27 --> 20
28 --> 30
29 --> 16
30 --> 32
31 --> 35
32 --> 36
36 --> 6
38 --> 0
