Parameters: GAD=1 vflib=1 dir=0 label=0 lowerbound=1 fileNameGp=../../cp2016-max-common-connected-subgraph-paper/datasets/graphsdb/mcs50/m4D/m4Dr6/mcs50_m4Dr6_s40.A09 fileNameGt=../../cp2016-max-common-connected-subgraph-paper/datasets/graphsdb/mcs50/m4D/m4Dr6/mcs50_m4Dr6_s40.B09
Reading graphs...
40 :  94
40 :  91
Initializing...
maxdom : 40
D->valSize : 1600
Solving...
Blb : 2 (clique : 20)
currentSize : 20 <-- 0.055942 s
currentSize : 21 <-- 0.056166 s
currentSize : 22 <-- 0.058199 s
currentSize : 23 <-- 0.059153 s
currentSize : 24 <-- 0.060491 s
currentSize : 25 <-- 1.598494 s
currentSize : 26 <-- 44.068825 s

TIMEOUT
maxsize : 26
nodes : 145303669.000000
filtered : 7605038539.000000
time : 1000.000000


Display solution 

0 --> 30
2 --> 36
3 --> 7
5 --> 31
6 --> 37
7 --> 28
8 --> 0
13 --> 32
14 --> 35
15 --> 25
17 --> 9
19 --> 8
20 --> 12
21 --> 22
22 --> 29
23 --> 33
25 --> 19
27 --> 38
28 --> 17
30 --> 26
31 --> 15
33 --> 14
35 --> 20
37 --> 4
38 --> 39
39 --> 16
