Parameters: GAD=1 vflib=1 dir=0 label=0 lowerbound=1 fileNameGp=../../cp2016-max-common-connected-subgraph-paper/datasets/graphsdb/mcs50/rand/r02/mcs50_r02_s35.A08 fileNameGt=../../cp2016-max-common-connected-subgraph-paper/datasets/graphsdb/mcs50/rand/r02/mcs50_r02_s35.B08
Reading graphs...
35 :  213
35 :  211
Initializing...
maxdom : 35
D->valSize : 1225
Solving...
Blb : 2 (clique : 12)
currentSize : 12 <-- 0.017346 s
currentSize : 13 <-- 0.017676 s
currentSize : 14 <-- 0.060176 s
currentSize : 15 <-- 30.322990 s
currentSize : 16 <-- 879.443848 s

TIMEOUT
maxsize : 16
nodes : 278699969.000000
filtered : 3231999954.000000
time : 1000.000000


Display solution 

0 --> 23
2 --> 32
6 --> 10
8 --> 14
9 --> 16
10 --> 26
12 --> 4
13 --> 25
15 --> 3
16 --> 6
18 --> 28
21 --> 34
25 --> 20
26 --> 7
27 --> 0
31 --> 1
