Parameters: GAD=1 vflib=1 dir=0 label=0 lowerbound=1 fileNameGp=../../cp2016-max-common-connected-subgraph-paper/datasets/graphsdb/mcs50/bvg/b03/mcs50_b03_s40.A04 fileNameGt=../../cp2016-max-common-connected-subgraph-paper/datasets/graphsdb/mcs50/bvg/b03/mcs50_b03_s40.B04
Reading graphs...
40 :  60
40 :  60
Initializing...
maxdom : 40
D->valSize : 1600
Solving...
Blb : 2 (clique : 24)
currentSize : 24 <-- 0.036912 s
currentSize : 25 <-- 0.037168 s
currentSize : 26 <-- 0.037469 s
currentSize : 27 <-- 0.045796 s
currentSize : 28 <-- 1.759638 s
currentSize : 29 <-- 61.674374 s
currentSize : 30 <-- 61.691349 s

TIMEOUT
maxsize : 30
nodes : 125572092.000000
filtered : 6779944006.000000
time : 1000.000000


Display solution 

0 --> 15
1 --> 16
2 --> 10
3 --> 19
4 --> 38
5 --> 5
6 --> 0
7 --> 21
8 --> 31
10 --> 34
11 --> 23
12 --> 24
13 --> 17
14 --> 32
15 --> 8
16 --> 6
17 --> 26
22 --> 11
24 --> 3
25 --> 14
26 --> 28
27 --> 37
28 --> 39
30 --> 2
31 --> 22
33 --> 36
34 --> 1
35 --> 25
36 --> 35
38 --> 9
