Parameters: GAD=1 vflib=1 dir=0 label=0 lowerbound=1 fileNameGp=../../cp2016-max-common-connected-subgraph-paper/datasets/graphsdb/mcs50/bvg/b06/mcs50_b06_s35.A02 fileNameGt=../../cp2016-max-common-connected-subgraph-paper/datasets/graphsdb/mcs50/bvg/b06/mcs50_b06_s35.B02
Reading graphs...
35 :  104
35 :  102
Initializing...
maxdom : 35
D->valSize : 1225
Solving...
Blb : 2 (clique : 15)
currentSize : 15 <-- 0.034026 s
currentSize : 17 <-- 0.034242 s
currentSize : 18 <-- 0.034272 s
currentSize : 19 <-- 0.053733 s
currentSize : 20 <-- 0.058667 s
currentSize : 21 <-- 1.957704 s
currentSize : 22 <-- 169.967453 s
currentSize : 23 <-- 297.588013 s

maxsize : 23
nodes : 109266999.000000
filtered : 4500470369.000000
time : 656.283569


Display solution 

0 --> 29
1 --> 27
3 --> 3
4 --> 34
6 --> 0
7 --> 19
9 --> 1
10 --> 22
12 --> 13
13 --> 28
14 --> 26
15 --> 16
19 --> 11
20 --> 18
25 --> 2
26 --> 7
27 --> 24
28 --> 20
29 --> 12
31 --> 23
32 --> 25
33 --> 5
34 --> 6
