Parameters: GAD=1 vflib=1 dir=0 label=0 lowerbound=1 fileNameGp=../../cp2016-max-common-connected-subgraph-paper/datasets/graphsdb/mcs50/bvg/b09/mcs50_b09_s50.A05 fileNameGt=../../cp2016-max-common-connected-subgraph-paper/datasets/graphsdb/mcs50/bvg/b09/mcs50_b09_s50.B05
Reading graphs...
50 :  219
50 :  222
Initializing...
maxdom : 50
D->valSize : 2500
Solving...
Blb : 2 (clique : 17)
currentSize : 17 <-- 0.106231 s
currentSize : 18 <-- 0.106593 s
currentSize : 19 <-- 0.107642 s
currentSize : 20 <-- 0.119832 s
currentSize : 21 <-- 0.135945 s
currentSize : 22 <-- 1.984085 s
currentSize : 23 <-- 2.174587 s

TIMEOUT
maxsize : 23
nodes : 180313173.000000
filtered : 4734271371.000000
time : 1000.000000


Display solution 

0 --> 8
5 --> 18
8 --> 19
9 --> 9
10 --> 7
12 --> 22
14 --> 45
16 --> 20
17 --> 49
19 --> 34
24 --> 21
25 --> 1
26 --> 6
30 --> 47
31 --> 28
33 --> 39
34 --> 30
37 --> 42
38 --> 38
41 --> 12
45 --> 44
47 --> 5
48 --> 13
