Parameters: GAD=1 vflib=1 dir=0 label=0 lowerbound=1 fileNameGp=../../cp2016-max-common-connected-subgraph-paper/datasets/graphsdb/mcs50/bvg/b09/mcs50_b09_s30.A08 fileNameGt=../../cp2016-max-common-connected-subgraph-paper/datasets/graphsdb/mcs50/bvg/b09/mcs50_b09_s30.B08
Reading graphs...
30 :  133
30 :  129
Initializing...
maxdom : 30
D->valSize : 900
Solving...
Blb : 2 (clique : 11)
currentSize : 11 <-- 0.009580 s
currentSize : 12 <-- 0.009759 s
currentSize : 13 <-- 0.010880 s
currentSize : 14 <-- 0.023563 s
currentSize : 15 <-- 0.135148 s
currentSize : 16 <-- 0.244099 s
currentSize : 17 <-- 0.433827 s

maxsize : 17
nodes : 11238416.000000
filtered : 290514873.000000
time : 50.451153


Display solution 

0 --> 2
2 --> 0
5 --> 20
6 --> 1
9 --> 9
10 --> 3
11 --> 12
12 --> 11
14 --> 16
17 --> 25
18 --> 7
20 --> 15
22 --> 13
24 --> 10
26 --> 8
27 --> 28
29 --> 6
