Parameters: GAD=1 vflib=1 dir=0 label=0 lowerbound=1 fileNameGp=../../cp2016-max-common-connected-subgraph-paper/datasets/graphsdb/mcs50/bvg/b03/mcs50_b03_s35.A01 fileNameGt=../../cp2016-max-common-connected-subgraph-paper/datasets/graphsdb/mcs50/bvg/b03/mcs50_b03_s35.B01
Reading graphs...
35 :  52
35 :  52
Initializing...
maxdom : 35
D->valSize : 1225
Solving...
Blb : 2 (clique : 23)
currentSize : 23 <-- 0.020768 s
currentSize : 24 <-- 0.023010 s
currentSize : 25 <-- 0.964600 s
currentSize : 26 <-- 0.982732 s
currentSize : 27 <-- 370.555939 s

TIMEOUT
maxsize : 27
nodes : 135693231.000000
filtered : 6584783889.000000
time : 1000.000000


Display solution 

0 --> 6
1 --> 4
2 --> 7
3 --> 2
4 --> 10
6 --> 0
8 --> 28
10 --> 11
11 --> 26
12 --> 9
14 --> 32
15 --> 16
18 --> 13
19 --> 3
20 --> 17
22 --> 22
23 --> 31
24 --> 21
25 --> 19
26 --> 12
27 --> 25
28 --> 27
29 --> 33
31 --> 23
32 --> 30
33 --> 1
34 --> 5
