Parameters: GAD=1 vflib=1 dir=0 label=0 lowerbound=1 fileNameGp=../../cp2016-max-common-connected-subgraph-paper/datasets/graphsdb/mcs50/bvg/b09/mcs50_b09_s30.A03 fileNameGt=../../cp2016-max-common-connected-subgraph-paper/datasets/graphsdb/mcs50/bvg/b09/mcs50_b09_s30.B03
Reading graphs...
30 :  131
30 :  132
Initializing...
maxdom : 30
D->valSize : 900
Solving...
Blb : 2 (clique : 11)
currentSize : 11 <-- 0.010320 s
currentSize : 12 <-- 0.010431 s
currentSize : 13 <-- 0.013350 s
currentSize : 14 <-- 0.018803 s
currentSize : 15 <-- 0.068366 s
currentSize : 16 <-- 1.429117 s
currentSize : 17 <-- 5.832918 s

maxsize : 17
nodes : 15436227.000000
filtered : 415462498.000000
time : 70.048576


Display solution 

0 --> 16
1 --> 13
2 --> 6
4 --> 19
6 --> 20
7 --> 12
10 --> 2
11 --> 29
13 --> 4
14 --> 24
15 --> 26
16 --> 3
17 --> 11
19 --> 1
27 --> 7
28 --> 0
29 --> 27
