Parameters: GAD=1 vflib=1 dir=0 label=0 lowerbound=1 fileNameGp=../../cp2016-max-common-connected-subgraph-paper/datasets/graphsdb/mcs50/bvg/b09/mcs50_b09_s40.A06 fileNameGt=../../cp2016-max-common-connected-subgraph-paper/datasets/graphsdb/mcs50/bvg/b09/mcs50_b09_s40.B06
Reading graphs...
40 :  176
40 :  176
Initializing...
maxdom : 40
D->valSize : 1600
Solving...
Blb : 2 (clique : 16)
currentSize : 16 <-- 0.055515 s
currentSize : 17 <-- 0.106732 s
currentSize : 18 <-- 0.145183 s
currentSize : 19 <-- 0.167695 s
currentSize : 22 <-- 3.207201 s
currentSize : 23 <-- 3.207311 s

TIMEOUT
maxsize : 23
nodes : 161178756.000000
filtered : 6295130808.000000
time : 1000.000000


Display solution 

0 --> 9
3 --> 28
5 --> 37
6 --> 3
8 --> 6
9 --> 1
11 --> 4
12 --> 34
14 --> 7
15 --> 38
16 --> 23
18 --> 12
19 --> 8
20 --> 20
22 --> 11
27 --> 36
28 --> 5
29 --> 24
30 --> 17
31 --> 32
34 --> 26
37 --> 33
38 --> 13
