Parameters: GAD=1 vflib=1 dir=0 label=0 lowerbound=1 fileNameGp=../../cp2016-max-common-connected-subgraph-paper/datasets/graphsdb/mcs50/rand/r02/mcs50_r02_s35.A04 fileNameGt=../../cp2016-max-common-connected-subgraph-paper/datasets/graphsdb/mcs50/rand/r02/mcs50_r02_s35.B04
Reading graphs...
35 :  217
35 :  215
Initializing...
maxdom : 35
D->valSize : 1225
Solving...
Blb : 2 (clique : 12)
currentSize : 12 <-- 0.030309 s
currentSize : 13 <-- 0.042868 s
currentSize : 14 <-- 0.707180 s
currentSize : 15 <-- 2.313217 s
currentSize : 16 <-- 47.785725 s
currentSize : 17 <-- 50.592396 s

TIMEOUT
maxsize : 17
nodes : 237831891.000000
filtered : 4319467107.000000
time : 1000.000000


Display solution 

0 --> 23
1 --> 8
3 --> 6
6 --> 5
7 --> 32
8 --> 9
9 --> 16
11 --> 28
15 --> 11
16 --> 25
17 --> 0
19 --> 31
20 --> 33
21 --> 12
24 --> 4
25 --> 18
31 --> 29
