Parameters: GAD=1 vflib=1 dir=0 label=0 lowerbound=1 fileNameGp=../../cp2016-max-common-connected-subgraph-paper/datasets/graphsdb/mcs50/rand/r005/mcs50_r005_s50.A00 fileNameGt=../../cp2016-max-common-connected-subgraph-paper/datasets/graphsdb/mcs50/rand/r005/mcs50_r005_s50.B00
Reading graphs...
50 :  118
50 :  121
Initializing...
maxdom : 50
D->valSize : 2500
Solving...
Blb : 2 (clique : 23)
currentSize : 23 <-- 0.093429 s
currentSize : 24 <-- 0.093729 s
currentSize : 25 <-- 0.094021 s
currentSize : 26 <-- 0.094102 s
currentSize : 27 <-- 0.295615 s
currentSize : 28 <-- 0.637056 s
currentSize : 29 <-- 45.979252 s
currentSize : 30 <-- 77.560043 s

TIMEOUT
maxsize : 30
nodes : 159596970.000000
filtered : 4803261488.000000
time : 1000.000061


Display solution 

0 --> 6
1 --> 46
2 --> 40
3 --> 8
6 --> 35
8 --> 9
10 --> 20
11 --> 14
12 --> 48
13 --> 45
14 --> 49
15 --> 22
16 --> 0
17 --> 29
23 --> 26
25 --> 43
26 --> 4
27 --> 33
28 --> 2
31 --> 16
33 --> 23
34 --> 41
35 --> 12
36 --> 28
38 --> 30
39 --> 10
41 --> 3
42 --> 39
45 --> 1
47 --> 13
