Parameters: GAD=1 vflib=1 dir=0 label=0 lowerbound=1 fileNameGp=../../cp2016-max-common-connected-subgraph-paper/datasets/graphsdb/mcs50/m2D/m2Dr4/mcs50_m2Dr4_s40.A04 fileNameGt=../../cp2016-max-common-connected-subgraph-paper/datasets/graphsdb/mcs50/m2D/m2Dr4/mcs50_m2Dr4_s40.B04
Reading graphs...
40 :  82
40 :  81
Initializing...
maxdom : 40
D->valSize : 1600
Solving...
Blb : 2 (clique : 23)
currentSize : 23 <-- 0.060703 s
currentSize : 24 <-- 0.065792 s
currentSize : 25 <-- 0.087771 s
currentSize : 26 <-- 0.271755 s
currentSize : 27 <-- 42.585255 s

TIMEOUT
maxsize : 27
nodes : 152931037.000000
filtered : 6255969576.000000
time : 1000.000000


Display solution 

0 --> 38
1 --> 28
2 --> 4
3 --> 27
5 --> 3
6 --> 25
7 --> 24
8 --> 15
9 --> 9
11 --> 19
12 --> 1
14 --> 7
15 --> 17
17 --> 13
20 --> 10
24 --> 12
26 --> 39
27 --> 33
30 --> 8
31 --> 30
32 --> 11
33 --> 31
34 --> 26
35 --> 5
36 --> 32
37 --> 16
39 --> 22
