Parameters: GAD=1 vflib=1 dir=0 label=0 lowerbound=1 fileNameGp=../../cp2016-max-common-connected-subgraph-paper/datasets/graphsdb/mcs50/bvg/b09m/mcs50_b09m_s40.A02 fileNameGt=../../cp2016-max-common-connected-subgraph-paper/datasets/graphsdb/mcs50/bvg/b09m/mcs50_b09m_s40.B02
Reading graphs...
40 :  169
40 :  170
Initializing...
maxdom : 40
D->valSize : 1600
Solving...
Blb : 2 (clique : 14)
currentSize : 14 <-- 0.031706 s
currentSize : 16 <-- 0.031873 s
currentSize : 17 <-- 0.077892 s
currentSize : 18 <-- 0.298813 s
currentSize : 19 <-- 4.220841 s
currentSize : 20 <-- 35.112492 s

TIMEOUT
maxsize : 20
nodes : 201881056.000000
filtered : 5202966506.000000
time : 1000.000000


Display solution 

0 --> 23
1 --> 18
2 --> 22
3 --> 10
4 --> 29
5 --> 2
6 --> 16
7 --> 36
11 --> 30
15 --> 32
18 --> 19
21 --> 38
24 --> 17
25 --> 33
26 --> 37
31 --> 12
32 --> 25
33 --> 27
35 --> 14
36 --> 4
