Parameters: GAD=1 vflib=1 dir=0 label=0 lowerbound=1 fileNameGp=../../cp2016-max-common-connected-subgraph-paper/datasets/graphsdb/mcs50/bvg/b06/mcs50_b06_s25.A03 fileNameGt=../../cp2016-max-common-connected-subgraph-paper/datasets/graphsdb/mcs50/bvg/b06/mcs50_b06_s25.B03
Reading graphs...
25 :  75
25 :  74
Initializing...
maxdom : 25
D->valSize : 625
Solving...
Blb : 2 (clique : 12)
currentSize : 12 <-- 0.005462 s
currentSize : 13 <-- 0.005731 s
currentSize : 14 <-- 0.010628 s
currentSize : 15 <-- 0.027360 s
currentSize : 16 <-- 3.716240 s

maxsize : 16
nodes : 2949973.000000
filtered : 64375485.000000
time : 11.356070


Display solution 

0 --> 20
1 --> 16
2 --> 15
3 --> 14
4 --> 2
5 --> 10
6 --> 24
7 --> 21
9 --> 13
13 --> 6
14 --> 18
15 --> 5
16 --> 11
17 --> 1
18 --> 8
23 --> 4
