Parameters: GAD=1 vflib=1 dir=0 label=0 lowerbound=1 fileNameGp=../../cp2016-max-common-connected-subgraph-paper/datasets/graphsdb/mcs50/bvg/b06m/mcs50_b06m_s35.A05 fileNameGt=../../cp2016-max-common-connected-subgraph-paper/datasets/graphsdb/mcs50/bvg/b06m/mcs50_b06m_s35.B05
Reading graphs...
35 :  98
35 :  99
Initializing...
maxdom : 35
D->valSize : 1225
Solving...
Blb : 2 (clique : 17)
currentSize : 17 <-- 0.019351 s
currentSize : 18 <-- 0.019547 s
currentSize : 19 <-- 0.042930 s
currentSize : 20 <-- 0.142074 s
currentSize : 21 <-- 11.808292 s
currentSize : 22 <-- 19.746340 s

TIMEOUT
maxsize : 22
nodes : 170513009.000000
filtered : 6645331104.000000
time : 1000.000000


Display solution 

0 --> 18
1 --> 21
3 --> 12
4 --> 32
5 --> 0
6 --> 3
8 --> 19
14 --> 10
15 --> 13
16 --> 6
17 --> 28
18 --> 5
19 --> 16
20 --> 14
23 --> 17
25 --> 2
27 --> 24
28 --> 20
29 --> 26
31 --> 29
33 --> 30
34 --> 15
