Parameters: GAD=1 vflib=1 dir=0 label=0 lowerbound=1 fileNameGp=../../cp2016-max-common-connected-subgraph-paper/datasets/graphsdb/mcs50/bvg/b06/mcs50_b06_s25.A06 fileNameGt=../../cp2016-max-common-connected-subgraph-paper/datasets/graphsdb/mcs50/bvg/b06/mcs50_b06_s25.B06
Reading graphs...
25 :  74
25 :  74
Initializing...
maxdom : 25
D->valSize : 625
Solving...
Blb : 5 (clique : 11)
currentSize : 11 <-- 0.008401 s
currentSize : 12 <-- 0.008511 s
currentSize : 13 <-- 0.008596 s
currentSize : 14 <-- 0.028192 s
currentSize : 15 <-- 0.114840 s
currentSize : 16 <-- 0.140980 s

maxsize : 16
nodes : 951830.000000
filtered : 28206619.000000
time : 4.405191


Display solution 

0 --> 18
2 --> 5
3 --> 15
4 --> 10
5 --> 8
6 --> 11
7 --> 7
8 --> 1
9 --> 13
13 --> 24
14 --> 22
15 --> 3
17 --> 9
19 --> 14
20 --> 0
21 --> 23
