Parameters: GAD=1 vflib=1 dir=0 label=0 lowerbound=1 fileNameGp=../../cp2016-max-common-connected-subgraph-paper/datasets/graphsdb/mcs50/bvg/b03/mcs50_b03_s35.A07 fileNameGt=../../cp2016-max-common-connected-subgraph-paper/datasets/graphsdb/mcs50/bvg/b03/mcs50_b03_s35.B07
Reading graphs...
35 :  52
35 :  52
Initializing...
maxdom : 35
D->valSize : 1225
Solving...
Blb : 2 (clique : 24)
currentSize : 24 <-- 0.020888 s
currentSize : 25 <-- 0.209133 s
currentSize : 26 <-- 2.719046 s
currentSize : 27 <-- 30.177301 s
currentSize : 28 <-- 334.708191 s

maxsize : 28
nodes : 41093489.000000
filtered : 3229047232.000000
time : 357.452667


Display solution 

0 --> 12
1 --> 23
2 --> 5
3 --> 21
4 --> 17
5 --> 34
6 --> 32
7 --> 27
9 --> 33
11 --> 29
12 --> 31
13 --> 7
14 --> 24
15 --> 30
16 --> 4
17 --> 0
19 --> 25
20 --> 8
22 --> 6
24 --> 3
25 --> 14
26 --> 2
27 --> 19
29 --> 11
30 --> 15
32 --> 20
33 --> 28
34 --> 13
