Parameters: GAD=1 vflib=1 dir=0 label=0 lowerbound=1 fileNameGp=../../cp2016-max-common-connected-subgraph-paper/datasets/graphsdb/mcs50/m4D/m4Dr2/mcs50_m4Dr2_s35.A08 fileNameGt=../../cp2016-max-common-connected-subgraph-paper/datasets/graphsdb/mcs50/m4D/m4Dr2/mcs50_m4Dr2_s35.B08
Reading graphs...
35 :  69
35 :  70
Initializing...
maxdom : 35
D->valSize : 1225
Solving...
Blb : 2 (clique : 20)
currentSize : 20 <-- 0.036036 s
currentSize : 21 <-- 0.037987 s
currentSize : 22 <-- 0.267458 s
currentSize : 23 <-- 8.535017 s
currentSize : 24 <-- 13.494736 s

TIMEOUT
maxsize : 24
nodes : 138817282.000000
filtered : 7257209597.000000
time : 1000.000000


Display solution 

0 --> 23
1 --> 19
2 --> 13
3 --> 29
4 --> 17
5 --> 0
6 --> 22
7 --> 5
11 --> 27
12 --> 1
14 --> 4
15 --> 14
16 --> 9
17 --> 21
18 --> 10
22 --> 15
23 --> 24
26 --> 30
27 --> 6
29 --> 11
30 --> 12
32 --> 16
33 --> 34
34 --> 20
