Parameters: GAD=1 vflib=1 dir=0 label=0 lowerbound=1 fileNameGp=../../cp2016-max-common-connected-subgraph-paper/datasets/graphsdb/mcs50/bvg/b09/mcs50_b09_s35.A01 fileNameGt=../../cp2016-max-common-connected-subgraph-paper/datasets/graphsdb/mcs50/bvg/b09/mcs50_b09_s35.B01
Reading graphs...
35 :  152
35 :  152
Initializing...
maxdom : 35
D->valSize : 1225
Solving...
Blb : 2 (clique : 14)
currentSize : 14 <-- 0.018251 s
currentSize : 15 <-- 0.025562 s
currentSize : 16 <-- 0.026306 s
currentSize : 17 <-- 0.518475 s
currentSize : 18 <-- 5.045486 s
currentSize : 19 <-- 8.050186 s
currentSize : 21 <-- 8.659404 s

maxsize : 21
nodes : 36108255.000000
filtered : 1469731615.000000
time : 216.807693


Display solution 

0 --> 33
3 --> 34
5 --> 29
6 --> 16
7 --> 24
8 --> 26
10 --> 15
12 --> 30
14 --> 32
15 --> 21
16 --> 5
17 --> 4
19 --> 25
21 --> 27
23 --> 0
24 --> 10
25 --> 18
26 --> 3
28 --> 13
30 --> 8
34 --> 2
