Parameters: GAD=1 vflib=1 dir=0 label=0 lowerbound=1 fileNameGp=../../cp2016-max-common-connected-subgraph-paper/datasets/graphsdb/mcs50/bvg/b03m/mcs50_b03m_s50.A09 fileNameGt=../../cp2016-max-common-connected-subgraph-paper/datasets/graphsdb/mcs50/bvg/b03m/mcs50_b03m_s50.B09
Reading graphs...
50 :  73
50 :  73
Initializing...
maxdom : 50
D->valSize : 2500
Solving...
Blb : 2 (clique : 31)
currentSize : 31 <-- 0.117734 s
currentSize : 32 <-- 0.119269 s
currentSize : 33 <-- 0.120110 s
currentSize : 34 <-- 35.247826 s
currentSize : 35 <-- 35.934597 s
currentSize : 36 <-- 510.000732 s

TIMEOUT
maxsize : 36
nodes : 154503500.000000
filtered : 5725978116.000000
time : 1000.000000


Display solution 

0 --> 9
1 --> 18
2 --> 39
3 --> 24
4 --> 23
6 --> 13
7 --> 5
8 --> 19
9 --> 49
10 --> 42
11 --> 12
12 --> 26
13 --> 15
14 --> 6
15 --> 33
16 --> 22
21 --> 32
22 --> 30
24 --> 29
26 --> 34
29 --> 1
30 --> 48
31 --> 17
32 --> 47
34 --> 4
35 --> 44
37 --> 21
38 --> 25
39 --> 37
40 --> 38
41 --> 43
44 --> 7
45 --> 16
47 --> 31
48 --> 2
49 --> 27
