Parameters: GAD=1 vflib=1 dir=0 label=0 lowerbound=1 fileNameGp=../../cp2016-max-common-connected-subgraph-paper/datasets/graphsdb/mcs50/m2D/m2Dr6/mcs50_m2Dr6_s30.A04 fileNameGt=../../cp2016-max-common-connected-subgraph-paper/datasets/graphsdb/mcs50/m2D/m2Dr6/mcs50_m2Dr6_s30.B04
Reading graphs...
30 :  64
30 :  64
Initializing...
maxdom : 30
D->valSize : 900
Solving...
Blb : 2 (clique : 15)
currentSize : 15 <-- 0.010660 s
currentSize : 16 <-- 0.011892 s
currentSize : 17 <-- 0.014297 s
currentSize : 18 <-- 0.016600 s
currentSize : 19 <-- 0.017650 s
currentSize : 20 <-- 3.227540 s
currentSize : 21 <-- 29.064651 s

maxsize : 21
nodes : 10513706.000000
filtered : 387150091.000000
time : 56.174992


Display solution 

0 --> 25
1 --> 12
3 --> 1
7 --> 10
8 --> 6
9 --> 27
10 --> 26
11 --> 9
12 --> 22
15 --> 3
16 --> 29
17 --> 4
18 --> 17
19 --> 16
21 --> 0
22 --> 14
24 --> 23
25 --> 18
26 --> 13
27 --> 21
29 --> 7
