Parameters: GAD=1 vflib=1 dir=0 label=0 lowerbound=1 fileNameGp=../../cp2016-max-common-connected-subgraph-paper/datasets/graphsdb/mcs50/rand/r01/mcs50_r01_s50.A03 fileNameGt=../../cp2016-max-common-connected-subgraph-paper/datasets/graphsdb/mcs50/rand/r01/mcs50_r01_s50.B03
Reading graphs...
50 :  231
50 :  237
Initializing...
maxdom : 50
D->valSize : 2500
Solving...
Blb : 2 (clique : 17)
currentSize : 17 <-- 0.083764 s
currentSize : 18 <-- 0.084222 s
currentSize : 19 <-- 0.086309 s
currentSize : 20 <-- 0.088323 s
currentSize : 21 <-- 0.091360 s
currentSize : 22 <-- 0.307238 s

TIMEOUT
maxsize : 22
nodes : 208544718.000000
filtered : 3974110641.000000
time : 1000.000000


Display solution 

0 --> 43
1 --> 13
4 --> 45
6 --> 49
7 --> 34
9 --> 22
10 --> 8
11 --> 37
14 --> 28
15 --> 21
16 --> 11
19 --> 30
22 --> 2
24 --> 7
25 --> 0
29 --> 19
35 --> 20
36 --> 12
40 --> 14
44 --> 47
45 --> 33
46 --> 3
