Parameters: GAD=1 vflib=1 dir=0 label=0 lowerbound=1 fileNameGp=../../cp2016-max-common-connected-subgraph-paper/datasets/graphsdb/mcs50/bvg/b06/mcs50_b06_s35.A01 fileNameGt=../../cp2016-max-common-connected-subgraph-paper/datasets/graphsdb/mcs50/bvg/b06/mcs50_b06_s35.B01
Reading graphs...
35 :  104
35 :  103
Initializing...
maxdom : 35
D->valSize : 1225
Solving...
Blb : 2 (clique : 15)
currentSize : 15 <-- 0.019171 s
currentSize : 16 <-- 0.019329 s
currentSize : 17 <-- 0.019394 s
currentSize : 18 <-- 0.024517 s
currentSize : 19 <-- 0.415785 s
currentSize : 20 <-- 0.609513 s
currentSize : 21 <-- 6.157117 s
currentSize : 22 <-- 93.550446 s
currentSize : 23 <-- 653.385071 s

maxsize : 23
nodes : 126520792.000000
filtered : 5332875299.000000
time : 770.127869


Display solution 

1 --> 17
3 --> 30
4 --> 19
5 --> 0
7 --> 20
8 --> 29
9 --> 7
10 --> 25
12 --> 14
13 --> 5
15 --> 13
17 --> 28
19 --> 2
21 --> 18
22 --> 8
23 --> 26
24 --> 1
26 --> 21
27 --> 33
28 --> 23
30 --> 6
31 --> 32
33 --> 31
