Parameters: GAD=1 vflib=1 dir=0 label=0 lowerbound=1 fileNameGp=../../cp2016-max-common-connected-subgraph-paper/datasets/graphsdb/mcs50/bvg/b09m/mcs50_b09m_s35.A08 fileNameGt=../../cp2016-max-common-connected-subgraph-paper/datasets/graphsdb/mcs50/bvg/b09m/mcs50_b09m_s35.B08
Reading graphs...
35 :  149
35 :  146
Initializing...
maxdom : 35
D->valSize : 1225
Solving...
Blb : 2 (clique : 14)
currentSize : 14 <-- 0.031695 s
currentSize : 15 <-- 0.032027 s
currentSize : 16 <-- 0.032598 s
currentSize : 17 <-- 0.365341 s
currentSize : 18 <-- 9.601662 s

TIMEOUT
maxsize : 18
nodes : 227690367.000000
filtered : 4960483386.000000
time : 1000.000000


Display solution 

0 --> 12
1 --> 8
2 --> 28
3 --> 18
5 --> 29
6 --> 32
7 --> 2
9 --> 23
13 --> 14
15 --> 15
18 --> 21
19 --> 17
21 --> 30
28 --> 19
29 --> 5
30 --> 24
33 --> 1
34 --> 9
