Parameters: GAD=1 vflib=1 dir=0 label=0 lowerbound=1 fileNameGp=../../cp2016-max-common-connected-subgraph-paper/datasets/graphsdb/mcs50/bvg/b09m/mcs50_b09m_s40.A04 fileNameGt=../../cp2016-max-common-connected-subgraph-paper/datasets/graphsdb/mcs50/bvg/b09m/mcs50_b09m_s40.B04
Reading graphs...
40 :  174
40 :  174
Initializing...
maxdom : 40
D->valSize : 1600
Solving...
Blb : 2 (clique : 17)
currentSize : 17 <-- 0.031453 s
currentSize : 18 <-- 0.097358 s
currentSize : 19 <-- 1.475193 s
currentSize : 20 <-- 14.705539 s

TIMEOUT
maxsize : 20
nodes : 194106326.000000
filtered : 5392913297.000000
time : 1000.000000


Display solution 

0 --> 9
2 --> 38
3 --> 15
6 --> 24
7 --> 3
8 --> 27
10 --> 25
11 --> 11
17 --> 2
18 --> 20
19 --> 36
20 --> 22
21 --> 13
22 --> 29
25 --> 32
29 --> 37
34 --> 39
35 --> 21
36 --> 30
38 --> 14
