Parameters: GAD=1 vflib=1 dir=0 label=0 lowerbound=1 fileNameGp=../../cp2016-max-common-connected-subgraph-paper/datasets/graphsdb/mcs50/m3D/m3D/mcs50_m3D_s15.A00 fileNameGt=../../cp2016-max-common-connected-subgraph-paper/datasets/graphsdb/mcs50/m3D/m3D/mcs50_m3D_s15.B00
Reading graphs...
15 :  24
15 :  26
Initializing...
maxdom : 15
D->valSize : 225
Solving...
Blb : 2 (clique : 8)
currentSize : 8 <-- 0.001020 s
currentSize : 9 <-- 0.001071 s
currentSize : 10 <-- 0.001374 s
currentSize : 11 <-- 0.011622 s

maxsize : 11
nodes : 7742.000000
filtered : 88253.000000
time : 0.019537


Display solution 

0 --> 12
1 --> 9
2 --> 14
3 --> 5
4 --> 7
5 --> 6
6 --> 2
7 --> 13
10 --> 3
11 --> 4
13 --> 8
