Parameters: GAD=1 vflib=1 dir=0 label=0 lowerbound=1 fileNameGp=../../cp2016-max-common-connected-subgraph-paper/datasets/graphsdb/mcs50/rand/r005/mcs50_r005_s35.A00 fileNameGt=../../cp2016-max-common-connected-subgraph-paper/datasets/graphsdb/mcs50/rand/r005/mcs50_r005_s35.B00
Reading graphs...
35 :  61
35 :  62
Initializing...
maxdom : 35
D->valSize : 1225
Solving...
Blb : 2 (clique : 20)
currentSize : 20 <-- 0.036263 s
currentSize : 21 <-- 0.036576 s
currentSize : 22 <-- 0.041142 s
currentSize : 23 <-- 0.054427 s
currentSize : 24 <-- 0.065874 s
currentSize : 25 <-- 0.576304 s

TIMEOUT
maxsize : 25
nodes : 150544309.000000
filtered : 6707371427.000000
time : 1000.000000


Display solution 

0 --> 15
1 --> 13
3 --> 2
5 --> 19
6 --> 18
7 --> 30
8 --> 4
9 --> 3
11 --> 24
12 --> 7
13 --> 10
14 --> 32
15 --> 33
16 --> 34
17 --> 20
18 --> 25
19 --> 1
20 --> 23
21 --> 21
25 --> 11
29 --> 17
31 --> 6
32 --> 0
33 --> 28
34 --> 9
