Parameters: GAD=1 vflib=1 dir=0 label=0 lowerbound=1 fileNameGp=../../cp2016-max-common-connected-subgraph-paper/datasets/graphsdb/mcs50/bvg/b03m/mcs50_b03m_s50.A03 fileNameGt=../../cp2016-max-common-connected-subgraph-paper/datasets/graphsdb/mcs50/bvg/b03m/mcs50_b03m_s50.B03
Reading graphs...
50 :  74
50 :  74
Initializing...
maxdom : 50
D->valSize : 2500
Solving...
Blb : 2 (clique : 31)
currentSize : 31 <-- 0.097316 s
currentSize : 32 <-- 0.097720 s
currentSize : 33 <-- 0.126301 s
currentSize : 34 <-- 103.430260 s
currentSize : 35 <-- 126.108582 s

TIMEOUT
maxsize : 35
nodes : 308763541.000000
filtered : 4501890564.000000
time : 1000.000061


Display solution 

0 --> 48
1 --> 41
2 --> 24
3 --> 29
4 --> 39
6 --> 22
7 --> 49
8 --> 18
9 --> 25
11 --> 12
15 --> 6
16 --> 27
18 --> 31
19 --> 21
20 --> 38
22 --> 4
23 --> 7
26 --> 17
28 --> 14
29 --> 35
30 --> 23
31 --> 37
32 --> 32
33 --> 42
34 --> 33
35 --> 2
36 --> 44
39 --> 0
40 --> 20
41 --> 8
42 --> 47
44 --> 43
46 --> 46
47 --> 19
48 --> 36
