Parameters: GAD=1 vflib=1 dir=0 label=0 lowerbound=1 fileNameGp=../../cp2016-max-common-connected-subgraph-paper/datasets/graphsdb/mcs50/bvg/b03/mcs50_b03_s50.A07 fileNameGt=../../cp2016-max-common-connected-subgraph-paper/datasets/graphsdb/mcs50/bvg/b03/mcs50_b03_s50.B07
Reading graphs...
50 :  75
50 :  75
Initializing...
maxdom : 50
D->valSize : 2500
Solving...
Blb : 2 (clique : 32)
currentSize : 32 <-- 0.097089 s
currentSize : 33 <-- 0.103616 s
currentSize : 34 <-- 0.113290 s
currentSize : 35 <-- 0.131252 s
currentSize : 36 <-- 0.381330 s
currentSize : 37 <-- 692.141724 s

TIMEOUT
maxsize : 37
nodes : 124566531.000000
filtered : 5506287337.000000
time : 1000.000061


Display solution 

0 --> 12
1 --> 6
2 --> 35
4 --> 1
5 --> 28
6 --> 17
9 --> 44
10 --> 38
11 --> 5
12 --> 25
13 --> 7
14 --> 43
15 --> 36
16 --> 22
18 --> 18
19 --> 37
21 --> 40
22 --> 41
23 --> 46
25 --> 21
27 --> 13
28 --> 31
29 --> 15
30 --> 39
31 --> 33
32 --> 9
33 --> 16
35 --> 29
37 --> 0
38 --> 27
39 --> 14
42 --> 20
43 --> 19
44 --> 42
46 --> 49
47 --> 4
49 --> 10
