Parameters: GAD=1 vflib=1 dir=0 label=0 lowerbound=1 fileNameGp=../../cp2016-max-common-connected-subgraph-paper/datasets/graphsdb/mcs50/bvg/b03/mcs50_b03_s35.A03 fileNameGt=../../cp2016-max-common-connected-subgraph-paper/datasets/graphsdb/mcs50/bvg/b03/mcs50_b03_s35.B03
Reading graphs...
35 :  52
35 :  51
Initializing...
maxdom : 35
D->valSize : 1225
Solving...
Blb : 2 (clique : 22)
currentSize : 22 <-- 0.021074 s
currentSize : 23 <-- 0.021387 s
currentSize : 24 <-- 0.021699 s
currentSize : 25 <-- 0.026116 s
currentSize : 26 <-- 2.341863 s
currentSize : 27 <-- 23.904373 s

TIMEOUT
maxsize : 27
nodes : 132176839.000000
filtered : 6890092602.000000
time : 1000.000000


Display solution 

0 --> 32
1 --> 8
2 --> 17
3 --> 18
5 --> 5
6 --> 27
7 --> 4
8 --> 30
9 --> 28
11 --> 7
12 --> 9
13 --> 14
16 --> 10
17 --> 13
18 --> 1
19 --> 11
23 --> 24
24 --> 20
25 --> 25
26 --> 22
27 --> 19
29 --> 33
30 --> 12
31 --> 34
32 --> 3
33 --> 31
34 --> 21
