Parameters: GAD=1 vflib=1 dir=0 label=0 lowerbound=1 fileNameGp=../../cp2016-max-common-connected-subgraph-paper/datasets/graphsdb/mcs50/bvg/b03m/mcs50_b03m_s40.A03 fileNameGt=../../cp2016-max-common-connected-subgraph-paper/datasets/graphsdb/mcs50/bvg/b03m/mcs50_b03m_s40.B03
Reading graphs...
40 :  58
40 :  58
Initializing...
maxdom : 40
D->valSize : 1600
Solving...
Blb : 2 (clique : 23)
currentSize : 23 <-- 0.064209 s
currentSize : 24 <-- 0.064457 s
currentSize : 25 <-- 0.064534 s
currentSize : 26 <-- 0.067961 s
currentSize : 27 <-- 5.458306 s
currentSize : 28 <-- 5.653050 s
currentSize : 29 <-- 5.763627 s
currentSize : 30 <-- 381.254425 s

TIMEOUT
maxsize : 30
nodes : 151336721.000000
filtered : 6446144133.000000
time : 1000.000000


Display solution 

0 --> 32
1 --> 28
2 --> 22
3 --> 11
4 --> 4
5 --> 21
6 --> 34
8 --> 33
9 --> 2
10 --> 6
11 --> 17
12 --> 18
13 --> 37
14 --> 29
15 --> 14
16 --> 25
17 --> 19
18 --> 24
19 --> 10
20 --> 3
22 --> 35
24 --> 0
26 --> 15
27 --> 7
28 --> 12
29 --> 39
32 --> 5
35 --> 20
36 --> 1
39 --> 26
