Parameters: GAD=1 vflib=1 dir=0 label=0 lowerbound=1 fileNameGp=../../cp2016-max-common-connected-subgraph-paper/datasets/graphsdb/mcs50/m2D/m2Dr6/mcs50_m2Dr6_s40.A05 fileNameGt=../../cp2016-max-common-connected-subgraph-paper/datasets/graphsdb/mcs50/m2D/m2Dr6/mcs50_m2Dr6_s40.B05
Reading graphs...
40 :  91
40 :  88
Initializing...
maxdom : 40
D->valSize : 1600
Solving...
Blb : 2 (clique : 22)
currentSize : 22 <-- 0.061125 s
currentSize : 23 <-- 0.068212 s
currentSize : 24 <-- 0.120458 s
currentSize : 25 <-- 0.294026 s
currentSize : 26 <-- 19.279011 s

TIMEOUT
maxsize : 26
nodes : 146371434.000000
filtered : 6818720045.000000
time : 1000.000000


Display solution 

0 --> 17
3 --> 29
6 --> 33
7 --> 7
8 --> 26
9 --> 16
10 --> 32
12 --> 34
13 --> 25
14 --> 37
15 --> 14
16 --> 4
17 --> 36
19 --> 8
20 --> 38
21 --> 3
23 --> 15
24 --> 9
25 --> 39
30 --> 13
31 --> 24
32 --> 1
33 --> 5
34 --> 23
35 --> 11
37 --> 6
