Parameters: GAD=1 vflib=1 dir=0 label=0 lowerbound=1 fileNameGp=../../cp2016-max-common-connected-subgraph-paper/datasets/graphsdb/mcs50/bvg/b03m/mcs50_b03m_s40.A02 fileNameGt=../../cp2016-max-common-connected-subgraph-paper/datasets/graphsdb/mcs50/bvg/b03m/mcs50_b03m_s40.B02
Reading graphs...
40 :  60
40 :  60
Initializing...
maxdom : 40
D->valSize : 1600
Solving...
Blb : 2 (clique : 25)
currentSize : 25 <-- 0.063699 s
currentSize : 26 <-- 0.064109 s
currentSize : 27 <-- 0.065967 s
currentSize : 28 <-- 1.958242 s
currentSize : 29 <-- 2.198128 s
currentSize : 30 <-- 8.082243 s

TIMEOUT
maxsize : 30
nodes : 120513151.000000
filtered : 6244766502.000000
time : 1000.000000


Display solution 

0 --> 35
1 --> 12
2 --> 14
3 --> 23
5 --> 33
6 --> 11
7 --> 3
8 --> 5
9 --> 8
12 --> 25
13 --> 9
14 --> 27
15 --> 7
16 --> 26
17 --> 28
18 --> 29
20 --> 39
22 --> 34
24 --> 18
26 --> 38
28 --> 21
29 --> 4
30 --> 15
31 --> 6
33 --> 2
34 --> 10
35 --> 17
36 --> 1
37 --> 24
39 --> 37
