Parameters: GAD=1 vflib=1 dir=0 label=0 lowerbound=1 fileNameGp=../../cp2016-max-common-connected-subgraph-paper/datasets/graphsdb/mcs50/bvg/b03/mcs50_b03_s15.A02 fileNameGt=../../cp2016-max-common-connected-subgraph-paper/datasets/graphsdb/mcs50/bvg/b03/mcs50_b03_s15.B02
Reading graphs...
15 :  22
15 :  21
Initializing...
maxdom : 15
D->valSize : 225
Solving...
Blb : 2 (clique : 9)
currentSize : 9 <-- 0.001423 s
currentSize : 10 <-- 0.001492 s
currentSize : 11 <-- 0.001542 s
currentSize : 12 <-- 0.005823 s
currentSize : 13 <-- 0.006864 s

maxsize : 13
nodes : 2106.000000
filtered : 26902.000000
time : 0.007006


Display solution 

1 --> 3
2 --> 4
3 --> 2
4 --> 11
5 --> 6
6 --> 0
7 --> 5
8 --> 7
9 --> 9
10 --> 12
11 --> 1
13 --> 8
14 --> 14
