Parameters: GAD=1 vflib=1 dir=0 label=0 lowerbound=1 fileNameGp=../../cp2016-max-common-connected-subgraph-paper/datasets/graphsdb/mcs50/bvg/b09/mcs50_b09_s35.A08 fileNameGt=../../cp2016-max-common-connected-subgraph-paper/datasets/graphsdb/mcs50/bvg/b09/mcs50_b09_s35.B08
Reading graphs...
35 :  156
35 :  155
Initializing...
maxdom : 35
D->valSize : 1225
Solving...
Blb : 2 (clique : 13)
currentSize : 13 <-- 0.018045 s
currentSize : 14 <-- 0.018215 s
currentSize : 15 <-- 0.019414 s
currentSize : 16 <-- 0.023342 s
currentSize : 17 <-- 0.213866 s
currentSize : 18 <-- 9.883700 s
currentSize : 19 <-- 110.368935 s

TIMEOUT
maxsize : 19
nodes : 199699865.000000
filtered : 5765215342.000000
time : 1000.000000


Display solution 

0 --> 32
1 --> 13
2 --> 3
3 --> 29
4 --> 6
7 --> 1
12 --> 34
14 --> 30
15 --> 15
21 --> 23
22 --> 24
23 --> 14
24 --> 9
25 --> 20
26 --> 31
27 --> 21
29 --> 4
32 --> 0
34 --> 33
