Parameters: GAD=1 vflib=1 dir=0 label=0 lowerbound=1 fileNameGp=../../cp2016-max-common-connected-subgraph-paper/datasets/graphsdb/mcs50/m4D/m4Dr4/mcs50_m4Dr4_s35.A01 fileNameGt=../../cp2016-max-common-connected-subgraph-paper/datasets/graphsdb/mcs50/m4D/m4Dr4/mcs50_m4Dr4_s35.B01
Reading graphs...
35 :  74
35 :  76
Initializing...
maxdom : 35
D->valSize : 1225
Solving...
Blb : 2 (clique : 20)
currentSize : 20 <-- 0.020233 s
currentSize : 21 <-- 0.033060 s
currentSize : 22 <-- 0.588134 s
currentSize : 23 <-- 8.846367 s
currentSize : 24 <-- 39.051033 s

TIMEOUT
maxsize : 24
nodes : 146020374.000000
filtered : 6897126258.000000
time : 1000.000000


Display solution 

0 --> 18
1 --> 30
2 --> 26
3 --> 15
4 --> 23
6 --> 27
7 --> 10
8 --> 25
9 --> 2
10 --> 20
11 --> 7
12 --> 34
14 --> 24
15 --> 28
17 --> 19
18 --> 9
19 --> 22
21 --> 13
24 --> 0
25 --> 32
29 --> 21
30 --> 5
32 --> 31
33 --> 6
