Parameters: GAD=1 vflib=1 dir=0 label=0 lowerbound=1 fileNameGp=../../cp2016-max-common-connected-subgraph-paper/datasets/graphsdb/mcs50/rand/r02/mcs50_r02_s40.A06 fileNameGt=../../cp2016-max-common-connected-subgraph-paper/datasets/graphsdb/mcs50/rand/r02/mcs50_r02_s40.B06
Reading graphs...
40 :  275
40 :  279
Initializing...
maxdom : 40
D->valSize : 1600
Solving...
Blb : 2 (clique : 11)
currentSize : 11 <-- 0.029197 s
currentSize : 12 <-- 0.029507 s
currentSize : 13 <-- 0.029818 s
currentSize : 14 <-- 0.100888 s
currentSize : 15 <-- 1.912449 s
currentSize : 16 <-- 235.230698 s

TIMEOUT
maxsize : 16
nodes : 259316375.000000
filtered : 3222900912.000000
time : 1000.000000


Display solution 

0 --> 20
1 --> 13
4 --> 33
5 --> 31
9 --> 39
11 --> 37
16 --> 2
17 --> 8
20 --> 3
26 --> 17
30 --> 7
34 --> 38
35 --> 14
37 --> 35
38 --> 1
39 --> 30
