Parameters: GAD=1 vflib=1 dir=0 label=0 lowerbound=1 fileNameGp=../../cp2016-max-common-connected-subgraph-paper/datasets/graphsdb/mcs50/m3D/m3Dr4/mcs50_m3Dr4_s50.A05 fileNameGt=../../cp2016-max-common-connected-subgraph-paper/datasets/graphsdb/mcs50/m3D/m3Dr4/mcs50_m3Dr4_s50.B05
Reading graphs...
50 :  127
50 :  127
Initializing...
maxdom : 50
D->valSize : 2500
Solving...
Blb : 5 (clique : 25)
currentSize : 25 <-- 0.092421 s
currentSize : 26 <-- 0.174651 s
currentSize : 27 <-- 0.436310 s
currentSize : 28 <-- 0.906368 s
currentSize : 29 <-- 1.713859 s
currentSize : 30 <-- 193.854721 s
currentSize : 31 <-- 430.596863 s

TIMEOUT
maxsize : 31
nodes : 141743879.000000
filtered : 5141772131.000000
time : 1000.000000


Display solution 

0 --> 35
1 --> 10
3 --> 0
5 --> 19
6 --> 17
7 --> 23
8 --> 36
10 --> 1
11 --> 8
13 --> 15
14 --> 38
15 --> 6
17 --> 40
18 --> 48
21 --> 27
22 --> 13
25 --> 42
27 --> 3
28 --> 26
29 --> 21
30 --> 31
31 --> 32
32 --> 45
33 --> 5
34 --> 47
38 --> 28
40 --> 2
42 --> 25
46 --> 14
48 --> 20
49 --> 44
