Parameters: GAD=1 vflib=1 dir=0 label=0 lowerbound=1 fileNameGp=../../cp2016-max-common-connected-subgraph-paper/datasets/graphsdb/mcs50/m4D/m4D/mcs50_m4D_s40.A00 fileNameGt=../../cp2016-max-common-connected-subgraph-paper/datasets/graphsdb/mcs50/m4D/m4D/mcs50_m4D_s40.B00
Reading graphs...
40 :  70
40 :  71
Initializing...
maxdom : 40
D->valSize : 1600
Solving...
Blb : 2 (clique : 26)
currentSize : 26 <-- 0.058913 s
currentSize : 27 <-- 17.485567 s
currentSize : 28 <-- 299.230774 s
currentSize : 29 <-- 651.767700 s
currentSize : 30 <-- 890.716187 s

TIMEOUT
maxsize : 30
nodes : 146027748.000000
filtered : 6621587075.000000
time : 1000.000000


Display solution 

0 --> 14
2 --> 3
3 --> 38
4 --> 4
5 --> 34
6 --> 26
7 --> 23
8 --> 25
9 --> 1
10 --> 15
11 --> 17
12 --> 9
13 --> 16
14 --> 39
15 --> 18
16 --> 27
18 --> 24
19 --> 35
20 --> 29
21 --> 36
22 --> 33
23 --> 7
24 --> 32
26 --> 5
27 --> 12
28 --> 2
29 --> 28
34 --> 10
35 --> 6
38 --> 8
