Parameters: GAD=1 vflib=1 dir=0 label=0 lowerbound=1 fileNameGp=../../cp2016-max-common-connected-subgraph-paper/datasets/graphsdb/mcs50/m4D/m4Dr6/mcs50_m4Dr6_s40.A01 fileNameGt=../../cp2016-max-common-connected-subgraph-paper/datasets/graphsdb/mcs50/m4D/m4Dr6/mcs50_m4Dr6_s40.B01
Reading graphs...
40 :  87
40 :  90
Initializing...
maxdom : 40
D->valSize : 1600
Solving...
Blb : 2 (clique : 23)
currentSize : 23 <-- 0.034920 s
currentSize : 24 <-- 0.063786 s
currentSize : 25 <-- 0.792346 s
currentSize : 26 <-- 49.448769 s
currentSize : 27 <-- 998.263245 s

TIMEOUT
maxsize : 27
nodes : 136015179.000000
filtered : 6364213931.000000
time : 1000.000000


Display solution 

0 --> 37
2 --> 15
3 --> 10
4 --> 16
5 --> 39
8 --> 34
9 --> 33
10 --> 31
13 --> 8
14 --> 36
15 --> 25
18 --> 5
20 --> 12
21 --> 38
22 --> 0
25 --> 29
26 --> 35
27 --> 17
28 --> 13
29 --> 32
31 --> 3
32 --> 6
33 --> 18
34 --> 27
35 --> 4
36 --> 26
38 --> 14
