Parameters: GAD=1 vflib=1 dir=0 label=0 lowerbound=1 fileNameGp=../../cp2016-max-common-connected-subgraph-paper/datasets/graphsdb/mcs50/m4D/m4Dr6/mcs50_m4Dr6_s35.A05 fileNameGt=../../cp2016-max-common-connected-subgraph-paper/datasets/graphsdb/mcs50/m4D/m4Dr6/mcs50_m4Dr6_s35.B05
Reading graphs...
35 :  82
35 :  80
Initializing...
maxdom : 35
D->valSize : 1225
Solving...
Blb : 5 (clique : 17)
currentSize : 17 <-- 0.020103 s
currentSize : 18 <-- 0.020334 s
currentSize : 19 <-- 0.100020 s
currentSize : 20 <-- 0.117363 s
currentSize : 21 <-- 0.917165 s
currentSize : 22 <-- 20.700323 s
currentSize : 23 <-- 57.420132 s
currentSize : 24 <-- 306.151001 s

maxsize : 24
nodes : 88357907.000000
filtered : 3683918358.000000
time : 549.555542


Display solution 

1 --> 18
2 --> 24
5 --> 15
6 --> 11
7 --> 29
8 --> 12
9 --> 19
12 --> 23
16 --> 32
17 --> 8
19 --> 1
20 --> 21
21 --> 27
22 --> 0
23 --> 16
24 --> 31
26 --> 30
27 --> 26
28 --> 22
30 --> 6
31 --> 3
32 --> 9
33 --> 13
34 --> 5
