Parameters: GAD=1 vflib=1 dir=0 label=0 lowerbound=1 fileNameGp=../../cp2016-max-common-connected-subgraph-paper/datasets/graphsdb/mcs50/bvg/b06/mcs50_b06_s50.A05 fileNameGt=../../cp2016-max-common-connected-subgraph-paper/datasets/graphsdb/mcs50/bvg/b06/mcs50_b06_s50.B05
Reading graphs...
50 :  150
50 :  149
Initializing...
maxdom : 50
D->valSize : 2500
Solving...
Blb : 2 (clique : 21)
currentSize : 21 <-- 0.154537 s
currentSize : 22 <-- 0.155048 s
currentSize : 23 <-- 0.155704 s
currentSize : 24 <-- 0.156551 s
currentSize : 25 <-- 0.198596 s
currentSize : 26 <-- 0.215697 s
currentSize : 27 <-- 10.924987 s
currentSize : 28 <-- 242.617493 s

TIMEOUT
maxsize : 28
nodes : 125700242.000000
filtered : 6093685104.000000
time : 1000.000000


Display solution 

0 --> 4
1 --> 11
3 --> 17
7 --> 34
9 --> 16
10 --> 5
15 --> 37
16 --> 24
17 --> 1
19 --> 21
20 --> 12
21 --> 18
22 --> 42
23 --> 32
24 --> 45
25 --> 36
27 --> 22
28 --> 14
29 --> 48
30 --> 27
33 --> 20
39 --> 13
40 --> 7
43 --> 39
45 --> 19
46 --> 46
48 --> 15
49 --> 44
