Parameters: GAD=1 vflib=1 dir=0 label=0 lowerbound=1 fileNameGp=../../cp2016-max-common-connected-subgraph-paper/datasets/graphsdb/mcs50/bvg/b06/mcs50_b06_s50.A09 fileNameGt=../../cp2016-max-common-connected-subgraph-paper/datasets/graphsdb/mcs50/bvg/b06/mcs50_b06_s50.B09
Reading graphs...
50 :  147
50 :  148
Initializing...
maxdom : 50
D->valSize : 2500
Solving...
Blb : 2 (clique : 23)
currentSize : 23 <-- 0.090493 s
currentSize : 24 <-- 0.091224 s
currentSize : 25 <-- 0.098894 s
currentSize : 26 <-- 0.135712 s
currentSize : 27 <-- 0.252605 s
currentSize : 28 <-- 79.718361 s

TIMEOUT
maxsize : 28
nodes : 146212289.000000
filtered : 6468873818.000000
time : 1000.000000


Display solution 

0 --> 49
1 --> 17
3 --> 47
4 --> 0
5 --> 20
6 --> 40
7 --> 19
10 --> 6
11 --> 5
13 --> 12
14 --> 32
15 --> 9
16 --> 31
19 --> 21
23 --> 34
25 --> 36
26 --> 26
29 --> 3
30 --> 18
31 --> 28
34 --> 48
38 --> 43
40 --> 25
42 --> 45
44 --> 14
45 --> 33
48 --> 2
49 --> 22
