Parameters: GAD=1 vflib=1 dir=0 label=0 lowerbound=1 fileNameGp=../../cp2016-max-common-connected-subgraph-paper/datasets/graphsdb/mcs50/rand/r01/mcs50_r01_s40.A04 fileNameGt=../../cp2016-max-common-connected-subgraph-paper/datasets/graphsdb/mcs50/rand/r01/mcs50_r01_s40.B04
Reading graphs...
40 :  152
40 :  144
Initializing...
maxdom : 40
D->valSize : 1600
Solving...
Blb : 2 (clique : 15)
currentSize : 15 <-- 0.032544 s
currentSize : 16 <-- 0.032958 s
currentSize : 17 <-- 0.038295 s
currentSize : 18 <-- 0.039575 s
currentSize : 19 <-- 0.061409 s
currentSize : 20 <-- 0.334843 s
currentSize : 21 <-- 15.977255 s

TIMEOUT
maxsize : 21
nodes : 186943982.000000
filtered : 6110975593.000000
time : 1000.000000


Display solution 

0 --> 32
1 --> 13
2 --> 17
5 --> 37
7 --> 39
9 --> 23
12 --> 26
13 --> 19
15 --> 21
17 --> 24
18 --> 0
20 --> 7
21 --> 8
22 --> 11
25 --> 20
27 --> 29
30 --> 36
31 --> 28
36 --> 4
38 --> 35
39 --> 2
