Parameters: GAD=1 vflib=1 dir=0 label=0 lowerbound=1 fileNameGp=../../cp2016-max-common-connected-subgraph-paper/datasets/graphsdb/mcs50/m4D/m4Dr2/mcs50_m4Dr2_s40.A01 fileNameGt=../../cp2016-max-common-connected-subgraph-paper/datasets/graphsdb/mcs50/m4D/m4Dr2/mcs50_m4Dr2_s40.B01
Reading graphs...
40 :  79
40 :  79
Initializing...
maxdom : 40
D->valSize : 1600
Solving...
Blb : 2 (clique : 22)
currentSize : 22 <-- 0.035367 s
currentSize : 23 <-- 0.035595 s
currentSize : 24 <-- 0.038006 s
currentSize : 25 <-- 0.045157 s
currentSize : 26 <-- 0.737129 s
currentSize : 27 <-- 1.004029 s
currentSize : 28 <-- 214.220657 s

TIMEOUT
maxsize : 28
nodes : 127052591.000000
filtered : 6883493493.000000
time : 1000.000000


Display solution 

0 --> 5
1 --> 11
2 --> 38
3 --> 33
4 --> 13
8 --> 23
10 --> 20
12 --> 14
13 --> 32
14 --> 12
15 --> 22
18 --> 17
19 --> 3
20 --> 26
21 --> 31
22 --> 9
24 --> 36
25 --> 28
27 --> 34
28 --> 7
30 --> 10
31 --> 19
32 --> 0
33 --> 29
35 --> 8
36 --> 37
38 --> 30
39 --> 2
