Parameters: GAD=1 vflib=1 dir=0 label=0 lowerbound=1 fileNameGp=../../cp2016-max-common-connected-subgraph-paper/datasets/graphsdb/mcs50/bvg/b09m/mcs50_b09m_s20.A06 fileNameGt=../../cp2016-max-common-connected-subgraph-paper/datasets/graphsdb/mcs50/bvg/b09m/mcs50_b09m_s20.B06
Reading graphs...
20 :  77
20 :  80
Initializing...
maxdom : 20
D->valSize : 400
Solving...
Blb : 2 (clique : 9)
currentSize : 9 <-- 0.002164 s
currentSize : 10 <-- 0.002312 s
currentSize : 11 <-- 0.003188 s
currentSize : 12 <-- 0.158076 s

maxsize : 12
nodes : 164557.000000
filtered : 2515118.000000
time : 0.526782


Display solution 

0 --> 10
2 --> 5
4 --> 0
6 --> 9
8 --> 13
9 --> 15
10 --> 8
11 --> 6
12 --> 7
15 --> 16
17 --> 11
18 --> 19
