Parameters: GAD=1 vflib=1 dir=0 label=0 lowerbound=1 fileNameGp=../../cp2016-max-common-connected-subgraph-paper/datasets/graphsdb/mcs50/m2D/m2Dr4/mcs50_m2Dr4_s40.A08 fileNameGt=../../cp2016-max-common-connected-subgraph-paper/datasets/graphsdb/mcs50/m2D/m2Dr4/mcs50_m2Dr4_s40.B08
Reading graphs...
40 :  81
40 :  77
Initializing...
maxdom : 40
D->valSize : 1600
Solving...
Blb : 2 (clique : 23)
currentSize : 23 <-- 0.035651 s
currentSize : 24 <-- 0.037106 s
currentSize : 25 <-- 1.151592 s
currentSize : 26 <-- 1.295868 s
currentSize : 27 <-- 7.327520 s
currentSize : 28 <-- 43.689137 s

TIMEOUT
maxsize : 28
nodes : 135230535.000000
filtered : 6681889313.000000
time : 1000.000000


Display solution 

0 --> 16
1 --> 3
2 --> 8
4 --> 4
6 --> 21
7 --> 23
9 --> 30
10 --> 38
11 --> 35
13 --> 12
14 --> 39
15 --> 13
16 --> 29
17 --> 24
18 --> 5
19 --> 31
20 --> 26
22 --> 28
24 --> 20
25 --> 18
26 --> 6
27 --> 19
28 --> 15
29 --> 32
35 --> 0
36 --> 25
37 --> 7
39 --> 14
