Parameters: GAD=1 vflib=1 dir=0 label=0 lowerbound=1 fileNameGp=../../cp2016-max-common-connected-subgraph-paper/datasets/graphsdb/mcs50/bvg/b06/mcs50_b06_s35.A07 fileNameGt=../../cp2016-max-common-connected-subgraph-paper/datasets/graphsdb/mcs50/bvg/b06/mcs50_b06_s35.B07
Reading graphs...
35 :  101
35 :  105
Initializing...
maxdom : 35
D->valSize : 1225
Solving...
Blb : 2 (clique : 17)
currentSize : 17 <-- 0.033856 s
currentSize : 18 <-- 0.128490 s
currentSize : 19 <-- 0.157426 s
currentSize : 20 <-- 5.135410 s
currentSize : 21 <-- 17.854670 s
currentSize : 22 <-- 17.948006 s
currentSize : 23 <-- 874.273743 s

TIMEOUT
maxsize : 23
nodes : 159145857.000000
filtered : 6432011842.000000
time : 1000.000000


Display solution 

1 --> 22
3 --> 34
4 --> 9
5 --> 10
7 --> 30
8 --> 31
10 --> 8
11 --> 0
12 --> 17
13 --> 21
14 --> 16
16 --> 11
17 --> 13
18 --> 25
19 --> 15
21 --> 5
24 --> 20
25 --> 7
28 --> 29
31 --> 24
32 --> 27
33 --> 6
34 --> 19
