Parameters: GAD=1 vflib=1 dir=0 label=0 lowerbound=1 fileNameGp=../../cp2016-max-common-connected-subgraph-paper/datasets/graphsdb/mcs50/bvg/b06m/mcs50_b06m_s35.A02 fileNameGt=../../cp2016-max-common-connected-subgraph-paper/datasets/graphsdb/mcs50/bvg/b06m/mcs50_b06m_s35.B02
Reading graphs...
35 :  98
35 :  98
Initializing...
maxdom : 35
D->valSize : 1225
Solving...
Blb : 2 (clique : 16)
currentSize : 16 <-- 0.019418 s
currentSize : 17 <-- 0.019775 s
currentSize : 18 <-- 0.020438 s
currentSize : 19 <-- 0.034497 s
currentSize : 20 <-- 0.503353 s
currentSize : 21 <-- 1.735174 s
currentSize : 22 <-- 44.034981 s

TIMEOUT
maxsize : 22
nodes : 171664079.000000
filtered : 6522143890.000000
time : 1000.000000


Display solution 

0 --> 0
1 --> 21
3 --> 6
4 --> 24
8 --> 14
10 --> 31
15 --> 20
16 --> 22
18 --> 18
19 --> 25
20 --> 17
22 --> 34
23 --> 33
24 --> 1
25 --> 8
26 --> 3
27 --> 10
28 --> 13
29 --> 9
31 --> 4
33 --> 28
34 --> 23
