Parameters: GAD=1 vflib=1 dir=0 label=0 lowerbound=1 fileNameGp=../../cp2016-max-common-connected-subgraph-paper/datasets/graphsdb/mcs50/rand/r005/mcs50_r005_s35.A05 fileNameGt=../../cp2016-max-common-connected-subgraph-paper/datasets/graphsdb/mcs50/rand/r005/mcs50_r005_s35.B05
Reading graphs...
35 :  61
35 :  61
Initializing...
maxdom : 35
D->valSize : 1225
Solving...
Blb : 2 (clique : 19)
currentSize : 19 <-- 0.036460 s
currentSize : 20 <-- 0.036719 s
currentSize : 21 <-- 0.036741 s
currentSize : 22 <-- 0.037157 s
currentSize : 23 <-- 0.041878 s
currentSize : 24 <-- 0.123524 s
currentSize : 25 <-- 63.942104 s
currentSize : 26 <-- 587.378906 s

TIMEOUT
maxsize : 26
nodes : 153004840.000000
filtered : 6440651392.000000
time : 1000.000000


Display solution 

0 --> 28
2 --> 16
3 --> 3
4 --> 1
6 --> 0
8 --> 18
9 --> 15
10 --> 29
11 --> 9
12 --> 33
13 --> 20
14 --> 11
15 --> 12
16 --> 13
18 --> 23
19 --> 34
21 --> 25
22 --> 32
23 --> 14
24 --> 8
27 --> 10
28 --> 30
30 --> 24
31 --> 4
32 --> 21
34 --> 19
