Parameters: GAD=1 vflib=1 dir=0 label=0 lowerbound=1 fileNameGp=../../cp2016-max-common-connected-subgraph-paper/datasets/graphsdb/mcs50/m4D/m4Dr2/mcs50_m4Dr2_s40.A04 fileNameGt=../../cp2016-max-common-connected-subgraph-paper/datasets/graphsdb/mcs50/m4D/m4Dr2/mcs50_m4Dr2_s40.B04
Reading graphs...
40 :  78
40 :  78
Initializing...
maxdom : 40
D->valSize : 1600
Solving...
Blb : 2 (clique : 19)
currentSize : 19 <-- 0.062996 s
currentSize : 23 <-- 0.063366 s
currentSize : 24 <-- 0.063388 s
currentSize : 25 <-- 0.063511 s
currentSize : 26 <-- 0.063639 s
currentSize : 27 <-- 2.175669 s
currentSize : 28 <-- 3.544447 s

TIMEOUT
maxsize : 28
nodes : 133341344.000000
filtered : 6999531329.000000
time : 1000.000000


Display solution 

0 --> 28
1 --> 4
2 --> 23
3 --> 14
4 --> 11
5 --> 5
6 --> 22
7 --> 31
8 --> 9
11 --> 18
12 --> 6
13 --> 3
15 --> 12
17 --> 20
19 --> 24
21 --> 36
22 --> 39
23 --> 37
24 --> 26
25 --> 7
26 --> 19
28 --> 1
29 --> 15
32 --> 25
33 --> 34
36 --> 0
37 --> 29
38 --> 2
