Parameters: GAD=1 vflib=1 dir=0 label=0 lowerbound=1 fileNameGp=../../cp2016-max-common-connected-subgraph-paper/datasets/graphsdb/mcs50/bvg/b09m/mcs50_b09m_s40.A01 fileNameGt=../../cp2016-max-common-connected-subgraph-paper/datasets/graphsdb/mcs50/bvg/b09m/mcs50_b09m_s40.B01
Reading graphs...
40 :  171
40 :  171
Initializing...
maxdom : 40
D->valSize : 1600
Solving...
Blb : 2 (clique : 16)
currentSize : 16 <-- 0.052882 s
currentSize : 17 <-- 0.070961 s
currentSize : 18 <-- 0.758026 s
currentSize : 19 <-- 4.370497 s
currentSize : 20 <-- 26.366262 s

TIMEOUT
maxsize : 20
nodes : 209737165.000000
filtered : 4744320393.000000
time : 1000.000000


Display solution 

0 --> 28
2 --> 29
5 --> 32
9 --> 39
12 --> 14
14 --> 23
15 --> 37
17 --> 22
19 --> 1
20 --> 27
22 --> 0
23 --> 21
24 --> 4
25 --> 31
26 --> 19
28 --> 8
30 --> 5
32 --> 17
34 --> 9
35 --> 7
