Parameters: GAD=1 vflib=1 dir=0 label=0 lowerbound=1 fileNameGp=../../cp2016-max-common-connected-subgraph-paper/datasets/graphsdb/mcs50/m2D/m2Dr2/mcs50_m2Dr2_s20.A02 fileNameGt=../../cp2016-max-common-connected-subgraph-paper/datasets/graphsdb/mcs50/m2D/m2Dr2/mcs50_m2Dr2_s20.B02
Reading graphs...
20 :  33
20 :  34
Initializing...
maxdom : 20
D->valSize : 400
Solving...
Blb : 2 (clique : 12)
currentSize : 12 <-- 0.002368 s
currentSize : 13 <-- 0.002434 s
currentSize : 14 <-- 0.002615 s
currentSize : 15 <-- 0.003839 s

maxsize : 15
nodes : 23837.000000
filtered : 842310.000000
time : 0.109965


Display solution 

0 --> 4
1 --> 18
2 --> 12
3 --> 7
4 --> 16
5 --> 10
6 --> 3
9 --> 5
10 --> 0
11 --> 6
14 --> 19
15 --> 8
16 --> 9
17 --> 11
19 --> 17
