Parameters: GAD=1 vflib=1 dir=0 label=0 lowerbound=1 fileNameGp=../../cp2016-max-common-connected-subgraph-paper/datasets/graphsdb/mcs50/m4D/m4Dr2/mcs50_m4Dr2_s40.A05 fileNameGt=../../cp2016-max-common-connected-subgraph-paper/datasets/graphsdb/mcs50/m4D/m4Dr2/mcs50_m4Dr2_s40.B05
Reading graphs...
40 :  78
40 :  78
Initializing...
maxdom : 40
D->valSize : 1600
Solving...
Blb : 2 (clique : 22)
currentSize : 22 <-- 0.061948 s
currentSize : 23 <-- 0.109409 s
currentSize : 24 <-- 0.270435 s
currentSize : 25 <-- 0.923158 s
currentSize : 26 <-- 1.002592 s
currentSize : 27 <-- 5.559562 s
currentSize : 28 <-- 16.369019 s
currentSize : 29 <-- 347.732544 s

TIMEOUT
maxsize : 29
nodes : 121936561.000000
filtered : 6518142500.000000
time : 1000.000061


Display solution 

0 --> 16
1 --> 26
3 --> 20
4 --> 11
5 --> 9
6 --> 23
9 --> 10
10 --> 32
11 --> 22
12 --> 12
13 --> 39
16 --> 31
17 --> 4
18 --> 29
19 --> 25
20 --> 37
21 --> 13
22 --> 33
26 --> 19
27 --> 7
28 --> 21
29 --> 2
30 --> 8
32 --> 34
33 --> 30
34 --> 35
35 --> 27
36 --> 15
37 --> 0
