Parameters: GAD=1 vflib=1 dir=0 label=0 lowerbound=1 fileNameGp=../../cp2016-max-common-connected-subgraph-paper/datasets/graphsdb/mcs50/m4D/m4D/mcs50_m4D_s35.A03 fileNameGt=../../cp2016-max-common-connected-subgraph-paper/datasets/graphsdb/mcs50/m4D/m4D/mcs50_m4D_s35.B03
Reading graphs...
35 :  62
35 :  63
Initializing...
maxdom : 35
D->valSize : 1225
Solving...
Blb : 5 (clique : 22)
currentSize : 22 <-- 0.036426 s
currentSize : 23 <-- 0.041609 s
currentSize : 24 <-- 0.090659 s
currentSize : 25 <-- 0.911966 s
currentSize : 26 <-- 4.907365 s
currentSize : 27 <-- 5.971316 s

maxsize : 27
nodes : 14189154.000000
filtered : 823733046.000000
time : 111.451187


Display solution 

0 --> 6
1 --> 30
2 --> 25
3 --> 21
4 --> 7
6 --> 22
7 --> 18
8 --> 33
9 --> 5
10 --> 1
11 --> 28
15 --> 12
16 --> 26
18 --> 29
20 --> 24
21 --> 31
22 --> 10
24 --> 8
25 --> 20
26 --> 32
27 --> 13
28 --> 14
29 --> 17
30 --> 19
31 --> 11
33 --> 15
34 --> 16
