Parameters: GAD=1 vflib=1 dir=0 label=0 lowerbound=1 fileNameGp=../../cp2016-max-common-connected-subgraph-paper/datasets/graphsdb/mcs50/bvg/b06/mcs50_b06_s30.A08 fileNameGt=../../cp2016-max-common-connected-subgraph-paper/datasets/graphsdb/mcs50/bvg/b06/mcs50_b06_s30.B08
Reading graphs...
30 :  88
30 :  88
Initializing...
maxdom : 30
D->valSize : 900
Solving...
Blb : 2 (clique : 14)
currentSize : 14 <-- 0.017734 s
currentSize : 16 <-- 0.017886 s
currentSize : 17 <-- 0.037817 s
currentSize : 18 <-- 0.057871 s
currentSize : 19 <-- 8.147591 s

maxsize : 19
nodes : 10533471.000000
filtered : 326558257.000000
time : 52.128559


Display solution 

0 --> 9
1 --> 1
3 --> 14
4 --> 27
5 --> 17
7 --> 21
8 --> 7
9 --> 18
10 --> 15
15 --> 24
16 --> 29
18 --> 6
19 --> 26
22 --> 4
24 --> 23
25 --> 8
27 --> 12
28 --> 0
29 --> 19
