Parameters: GAD=1 vflib=1 dir=0 label=0 lowerbound=1 fileNameGp=../../cp2016-max-common-connected-subgraph-paper/datasets/graphsdb/mcs50/bvg/b09m/mcs50_b09m_s25.A04 fileNameGt=../../cp2016-max-common-connected-subgraph-paper/datasets/graphsdb/mcs50/bvg/b09m/mcs50_b09m_s25.B04
Reading graphs...
25 :  103
25 :  104
Initializing...
maxdom : 25
D->valSize : 625
Solving...
Blb : 2 (clique : 10)
currentSize : 10 <-- 0.005728 s
currentSize : 11 <-- 0.005944 s
currentSize : 12 <-- 0.009565 s
currentSize : 13 <-- 0.009620 s
currentSize : 14 <-- 7.767204 s

maxsize : 14
nodes : 3600110.000000
filtered : 58576807.000000
time : 12.245532


Display solution 

1 --> 7
2 --> 10
3 --> 0
4 --> 12
6 --> 19
7 --> 5
12 --> 16
14 --> 20
15 --> 15
16 --> 17
20 --> 4
22 --> 11
23 --> 1
24 --> 22
