Parameters: GAD=1 vflib=1 dir=0 label=0 lowerbound=1 fileNameGp=../../cp2016-max-common-connected-subgraph-paper/datasets/graphsdb/mcs50/m3D/m3Dr2/mcs50_m3Dr2_s50.A04 fileNameGt=../../cp2016-max-common-connected-subgraph-paper/datasets/graphsdb/mcs50/m3D/m3Dr2/mcs50_m3Dr2_s50.B04
Reading graphs...
50 :  116
50 :  117
Initializing...
maxdom : 50
D->valSize : 2500
Solving...
Blb : 2 (clique : 25)
currentSize : 25 <-- 0.093485 s
currentSize : 26 <-- 0.093811 s
currentSize : 27 <-- 0.094302 s
currentSize : 28 <-- 0.094878 s
currentSize : 29 <-- 0.097044 s
currentSize : 30 <-- 0.134985 s
currentSize : 31 <-- 0.708629 s

TIMEOUT
maxsize : 31
nodes : 127100262.000000
filtered : 5685961547.000000
time : 1000.000061


Display solution 

0 --> 45
2 --> 15
6 --> 39
7 --> 2
8 --> 0
10 --> 30
11 --> 42
12 --> 32
13 --> 28
14 --> 1
15 --> 10
16 --> 36
17 --> 44
18 --> 19
19 --> 4
24 --> 12
25 --> 40
26 --> 43
28 --> 20
30 --> 21
31 --> 14
32 --> 13
33 --> 16
35 --> 41
38 --> 47
39 --> 3
40 --> 46
44 --> 17
45 --> 37
46 --> 22
49 --> 24
