Parameters: GAD=1 vflib=1 dir=0 label=0 lowerbound=1 fileNameGp=../../cp2016-max-common-connected-subgraph-paper/datasets/graphsdb/mcs50/m2D/m2Dr2/mcs50_m2Dr2_s40.A06 fileNameGt=../../cp2016-max-common-connected-subgraph-paper/datasets/graphsdb/mcs50/m2D/m2Dr2/mcs50_m2Dr2_s40.B06
Reading graphs...
40 :  75
40 :  75
Initializing...
maxdom : 40
D->valSize : 1600
Solving...
Blb : 2 (clique : 24)
currentSize : 24 <-- 0.062562 s
currentSize : 25 <-- 0.063905 s
currentSize : 26 <-- 0.095158 s
currentSize : 27 <-- 97.236893 s

TIMEOUT
maxsize : 27
nodes : 137554309.000000
filtered : 6230709413.000000
time : 1000.000000


Display solution 

0 --> 36
1 --> 6
2 --> 25
3 --> 20
4 --> 35
5 --> 14
7 --> 27
9 --> 30
10 --> 13
11 --> 19
13 --> 0
16 --> 28
17 --> 26
18 --> 4
19 --> 37
20 --> 10
23 --> 9
25 --> 38
26 --> 16
28 --> 18
29 --> 39
30 --> 17
32 --> 33
33 --> 11
35 --> 31
37 --> 15
38 --> 23
