Parameters: GAD=1 vflib=1 dir=0 label=0 lowerbound=1 fileNameGp=../../cp2016-max-common-connected-subgraph-paper/datasets/graphsdb/mcs50/bvg/b03m/mcs50_b03m_s50.A07 fileNameGt=../../cp2016-max-common-connected-subgraph-paper/datasets/graphsdb/mcs50/bvg/b03m/mcs50_b03m_s50.B07
Reading graphs...
50 :  75
50 :  74
Initializing...
maxdom : 50
D->valSize : 2500
Solving...
Blb : 2 (clique : 28)
currentSize : 28 <-- 0.097000 s
currentSize : 30 <-- 0.097378 s
currentSize : 31 <-- 0.097490 s
currentSize : 32 <-- 0.097630 s
currentSize : 33 <-- 0.311787 s
currentSize : 34 <-- 5.896530 s
currentSize : 35 <-- 6.499778 s
currentSize : 36 <-- 8.618318 s
currentSize : 37 <-- 9.359184 s

TIMEOUT
maxsize : 37
nodes : 101556187.000000
filtered : 6373385986.000000
time : 1000.000061


Display solution 

0 --> 7
1 --> 3
2 --> 42
4 --> 15
6 --> 18
8 --> 28
9 --> 9
10 --> 46
12 --> 49
13 --> 11
14 --> 24
15 --> 48
17 --> 35
19 --> 6
20 --> 34
23 --> 29
24 --> 23
25 --> 43
26 --> 19
27 --> 45
28 --> 8
29 --> 41
30 --> 38
31 --> 26
32 --> 20
36 --> 32
37 --> 12
38 --> 36
39 --> 31
42 --> 13
43 --> 2
44 --> 33
45 --> 5
46 --> 40
47 --> 27
48 --> 22
49 --> 25
