Parameters: GAD=1 vflib=1 dir=0 label=0 lowerbound=1 fileNameGp=../../cp2016-max-common-connected-subgraph-paper/datasets/graphsdb/mcs50/rand/r02/mcs50_r02_s25.A05 fileNameGt=../../cp2016-max-common-connected-subgraph-paper/datasets/graphsdb/mcs50/rand/r02/mcs50_r02_s25.B05
Reading graphs...
25 :  107
25 :  110
Initializing...
maxdom : 25
D->valSize : 625
Solving...
Blb : 5 (clique : 10)
currentSize : 10 <-- 0.004789 s
currentSize : 11 <-- 0.005032 s
currentSize : 12 <-- 0.007558 s
currentSize : 13 <-- 0.272191 s
currentSize : 14 <-- 8.315955 s

maxsize : 14
nodes : 4267877.000000
filtered : 64255936.000000
time : 14.564563


Display solution 

0 --> 14
3 --> 10
5 --> 6
6 --> 2
7 --> 23
10 --> 17
13 --> 11
14 --> 13
15 --> 21
16 --> 5
18 --> 9
20 --> 18
22 --> 7
23 --> 0
