Parameters: GAD=1 vflib=1 dir=0 label=0 lowerbound=1 fileNameGp=../../cp2016-max-common-connected-subgraph-paper/datasets/graphsdb/mcs50/rand/r01/mcs50_r01_s40.A06 fileNameGt=../../cp2016-max-common-connected-subgraph-paper/datasets/graphsdb/mcs50/rand/r01/mcs50_r01_s40.B06
Reading graphs...
40 :  152
40 :  149
Initializing...
maxdom : 40
D->valSize : 1600
Solving...
Blb : 2 (clique : 16)
currentSize : 16 <-- 0.032579 s
currentSize : 17 <-- 0.032746 s
currentSize : 18 <-- 0.036219 s
currentSize : 19 <-- 0.041801 s
currentSize : 20 <-- 0.041880 s
currentSize : 21 <-- 7.779658 s
currentSize : 22 <-- 723.658447 s

TIMEOUT
maxsize : 22
nodes : 193558261.000000
filtered : 5254063174.000000
time : 1000.000000


Display solution 

0 --> 6
1 --> 18
3 --> 26
4 --> 12
5 --> 17
9 --> 24
10 --> 37
14 --> 35
15 --> 23
16 --> 25
17 --> 4
20 --> 29
21 --> 11
22 --> 28
23 --> 8
24 --> 21
27 --> 27
33 --> 38
34 --> 20
37 --> 39
38 --> 9
39 --> 7
