Parameters: GAD=1 vflib=1 dir=0 label=0 lowerbound=1 fileNameGp=../../cp2016-max-common-connected-subgraph-paper/datasets/graphsdb/mcs50/bvg/b06/mcs50_b06_s50.A08 fileNameGt=../../cp2016-max-common-connected-subgraph-paper/datasets/graphsdb/mcs50/bvg/b06/mcs50_b06_s50.B08
Reading graphs...
50 :  149
50 :  149
Initializing...
maxdom : 50
D->valSize : 2500
Solving...
Blb : 2 (clique : 23)
currentSize : 23 <-- 0.111750 s
currentSize : 24 <-- 0.656788 s
currentSize : 25 <-- 8.351476 s
currentSize : 26 <-- 29.426880 s
currentSize : 27 <-- 304.905945 s
currentSize : 28 <-- 632.771484 s

TIMEOUT
maxsize : 28
nodes : 151370785.000000
filtered : 5590040209.000000
time : 1000.000000


Display solution 

0 --> 36
1 --> 34
2 --> 31
5 --> 39
6 --> 11
7 --> 15
8 --> 20
10 --> 7
11 --> 9
18 --> 13
21 --> 44
23 --> 25
24 --> 2
25 --> 6
26 --> 47
29 --> 5
30 --> 45
31 --> 35
32 --> 1
34 --> 4
35 --> 29
38 --> 14
39 --> 8
40 --> 33
42 --> 23
43 --> 32
44 --> 17
48 --> 10
