Parameters: GAD=1 vflib=1 dir=0 label=0 lowerbound=1 fileNameGp=../../cp2016-max-common-connected-subgraph-paper/datasets/graphsdb/mcs50/bvg/b09/mcs50_b09_s40.A00 fileNameGt=../../cp2016-max-common-connected-subgraph-paper/datasets/graphsdb/mcs50/bvg/b09/mcs50_b09_s40.B00
Reading graphs...
40 :  178
40 :  179
Initializing...
maxdom : 40
D->valSize : 1600
Solving...
Blb : 2 (clique : 15)
currentSize : 15 <-- 0.054793 s
currentSize : 16 <-- 0.055049 s
currentSize : 18 <-- 0.055125 s
currentSize : 19 <-- 0.100279 s
currentSize : 20 <-- 2.639693 s
currentSize : 21 <-- 9.531851 s
currentSize : 22 <-- 21.820360 s
currentSize : 23 <-- 923.168701 s

TIMEOUT
maxsize : 23
nodes : 177600597.000000
filtered : 5428316077.000000
time : 1000.000000


Display solution 

0 --> 7
2 --> 32
4 --> 1
5 --> 26
7 --> 2
9 --> 11
10 --> 19
14 --> 12
15 --> 8
16 --> 13
17 --> 21
19 --> 17
20 --> 6
21 --> 3
25 --> 28
27 --> 22
29 --> 4
30 --> 39
32 --> 30
33 --> 29
34 --> 33
35 --> 9
39 --> 16
