Parameters: GAD=1 vflib=1 dir=0 label=0 lowerbound=1 fileNameGp=../../cp2016-max-common-connected-subgraph-paper/datasets/graphsdb/mcs50/m2D/m2Dr6/mcs50_m2Dr6_s30.A09 fileNameGt=../../cp2016-max-common-connected-subgraph-paper/datasets/graphsdb/mcs50/m2D/m2Dr6/mcs50_m2Dr6_s30.B09
Reading graphs...
30 :  65
30 :  66
Initializing...
maxdom : 30
D->valSize : 900
Solving...
Blb : 2 (clique : 16)
currentSize : 16 <-- 0.018518 s
currentSize : 17 <-- 0.018727 s
currentSize : 18 <-- 0.019924 s
currentSize : 19 <-- 0.068061 s
currentSize : 20 <-- 1.884459 s

maxsize : 20
nodes : 61193455.000000
filtered : 1888984879.000000
time : 305.742676


Display solution 

0 --> 16
1 --> 12
2 --> 19
3 --> 7
4 --> 29
6 --> 17
7 --> 23
8 --> 26
10 --> 22
11 --> 27
13 --> 21
15 --> 28
16 --> 18
17 --> 5
19 --> 4
20 --> 24
21 --> 14
25 --> 11
27 --> 1
29 --> 20
