Parameters: GAD=1 vflib=1 dir=0 label=0 lowerbound=1 fileNameGp=../../cp2016-max-common-connected-subgraph-paper/datasets/graphsdb/mcs50/m2D/m2D/mcs50_m2D_s50.A03 fileNameGt=../../cp2016-max-common-connected-subgraph-paper/datasets/graphsdb/mcs50/m2D/m2D/mcs50_m2D_s50.B03
Reading graphs...
50 :  84
50 :  85
Initializing...
maxdom : 50
D->valSize : 2500
Solving...
Blb : 2 (clique : 28)
currentSize : 28 <-- 0.096617 s
currentSize : 29 <-- 0.097018 s
currentSize : 30 <-- 0.097081 s
currentSize : 31 <-- 0.097146 s
currentSize : 32 <-- 0.921688 s
currentSize : 33 <-- 9.988137 s
currentSize : 34 <-- 294.036926 s
currentSize : 35 <-- 562.724792 s

TIMEOUT
maxsize : 35
nodes : 122768611.000000
filtered : 6432602376.000000
time : 1000.000061


Display solution 

0 --> 47
1 --> 7
2 --> 46
3 --> 43
4 --> 18
5 --> 48
6 --> 22
9 --> 39
10 --> 21
11 --> 40
12 --> 49
14 --> 26
15 --> 23
16 --> 4
18 --> 45
19 --> 24
21 --> 13
23 --> 34
24 --> 11
25 --> 36
27 --> 0
28 --> 16
29 --> 41
31 --> 31
32 --> 37
33 --> 15
34 --> 6
35 --> 20
38 --> 29
40 --> 9
42 --> 8
46 --> 19
47 --> 32
48 --> 42
49 --> 3
