Parameters: GAD=1 vflib=1 dir=0 label=0 lowerbound=1 fileNameGp=../../cp2016-max-common-connected-subgraph-paper/datasets/graphsdb/mcs50/m4D/m4D/mcs50_m4D_s30.A07 fileNameGt=../../cp2016-max-common-connected-subgraph-paper/datasets/graphsdb/mcs50/m4D/m4D/mcs50_m4D_s30.B07
Reading graphs...
30 :  55
30 :  53
Initializing...
maxdom : 30
D->valSize : 900
Solving...
Blb : 2 (clique : 15)
currentSize : 15 <-- 0.019474 s
currentSize : 16 <-- 0.024115 s
currentSize : 17 <-- 0.024345 s
currentSize : 18 <-- 0.226500 s
currentSize : 19 <-- 0.342799 s
currentSize : 20 <-- 0.345423 s
currentSize : 21 <-- 1.266539 s
currentSize : 22 <-- 2.413178 s
currentSize : 23 <-- 21.310053 s

maxsize : 23
nodes : 4252671.000000
filtered : 174678551.000000
time : 24.003452


Display solution 

0 --> 11
2 --> 16
3 --> 23
4 --> 26
5 --> 22
6 --> 7
7 --> 14
8 --> 18
9 --> 20
10 --> 19
11 --> 4
12 --> 5
14 --> 27
15 --> 12
16 --> 0
18 --> 17
21 --> 6
23 --> 24
25 --> 2
26 --> 3
27 --> 15
28 --> 13
29 --> 29
