Parameters: GAD=1 vflib=1 dir=0 label=0 lowerbound=1 fileNameGp=../../cp2016-max-common-connected-subgraph-paper/datasets/graphsdb/mcs50/bvg/b06m/mcs50_b06m_s35.A07 fileNameGt=../../cp2016-max-common-connected-subgraph-paper/datasets/graphsdb/mcs50/bvg/b06m/mcs50_b06m_s35.B07
Reading graphs...
35 :  102
35 :  103
Initializing...
maxdom : 35
D->valSize : 1225
Solving...
Blb : 2 (clique : 15)
currentSize : 15 <-- 0.019420 s
currentSize : 16 <-- 0.019818 s
currentSize : 17 <-- 0.020542 s
currentSize : 18 <-- 0.060303 s
currentSize : 19 <-- 0.094262 s
currentSize : 20 <-- 5.592674 s
currentSize : 21 <-- 6.455011 s
currentSize : 22 <-- 283.942322 s

maxsize : 22
nodes : 156908135.000000
filtered : 6189751014.000000
time : 933.359375


Display solution 

0 --> 10
1 --> 2
3 --> 14
4 --> 24
5 --> 21
7 --> 33
8 --> 17
9 --> 7
11 --> 13
12 --> 9
14 --> 8
15 --> 23
16 --> 25
17 --> 1
20 --> 19
25 --> 16
27 --> 18
28 --> 5
29 --> 11
30 --> 12
31 --> 15
32 --> 31
