Parameters: GAD=1 vflib=1 dir=0 label=0 lowerbound=1 fileNameGp=../../cp2016-max-common-connected-subgraph-paper/datasets/graphsdb/mcs50/bvg/b06/mcs50_b06_s30.A09 fileNameGt=../../cp2016-max-common-connected-subgraph-paper/datasets/graphsdb/mcs50/bvg/b06/mcs50_b06_s30.B09
Reading graphs...
30 :  90
30 :  89
Initializing...
maxdom : 30
D->valSize : 900
Solving...
Blb : 2 (clique : 14)
currentSize : 14 <-- 0.017600 s
currentSize : 15 <-- 0.018545 s
currentSize : 16 <-- 0.023489 s
currentSize : 17 <-- 0.032955 s
currentSize : 18 <-- 2.814345 s
currentSize : 19 <-- 5.926241 s
currentSize : 20 <-- 5.926347 s

maxsize : 20
nodes : 5053021.000000
filtered : 174227793.000000
time : 26.328156


Display solution 

0 --> 24
1 --> 6
2 --> 7
3 --> 2
4 --> 0
8 --> 17
9 --> 16
11 --> 29
14 --> 5
15 --> 25
17 --> 3
18 --> 21
21 --> 19
22 --> 13
23 --> 10
24 --> 11
25 --> 26
27 --> 12
28 --> 9
29 --> 1
