Parameters: GAD=1 vflib=1 dir=0 label=0 lowerbound=1 fileNameGp=../../cp2016-max-common-connected-subgraph-paper/datasets/graphsdb/mcs50/bvg/b09/mcs50_b09_s30.A09 fileNameGt=../../cp2016-max-common-connected-subgraph-paper/datasets/graphsdb/mcs50/bvg/b09/mcs50_b09_s30.B09
Reading graphs...
30 :  130
30 :  128
Initializing...
maxdom : 30
D->valSize : 900
Solving...
Blb : 3 (clique : 12)
currentSize : 12 <-- 0.016612 s
currentSize : 13 <-- 0.016788 s
currentSize : 14 <-- 0.018102 s
currentSize : 15 <-- 0.074803 s
currentSize : 16 <-- 0.576185 s
currentSize : 17 <-- 0.576282 s

maxsize : 17
nodes : 13228469.000000
filtered : 296222471.000000
time : 56.378128


Display solution 

0 --> 12
1 --> 28
3 --> 27
4 --> 6
5 --> 11
6 --> 1
8 --> 5
9 --> 7
11 --> 24
13 --> 20
15 --> 22
18 --> 29
22 --> 23
25 --> 17
27 --> 9
28 --> 8
29 --> 10
