Parameters: GAD=1 vflib=1 dir=0 label=0 lowerbound=1 fileNameGp=../../cp2016-max-common-connected-subgraph-paper/datasets/graphsdb/mcs50/bvg/b03m/mcs50_b03m_s50.A08 fileNameGt=../../cp2016-max-common-connected-subgraph-paper/datasets/graphsdb/mcs50/bvg/b03m/mcs50_b03m_s50.B08
Reading graphs...
50 :  74
50 :  72
Initializing...
maxdom : 50
D->valSize : 2500
Solving...
Blb : 2 (clique : 32)
currentSize : 32 <-- 0.097201 s
currentSize : 33 <-- 0.097658 s
currentSize : 34 <-- 0.153390 s
currentSize : 35 <-- 0.329262 s
currentSize : 36 <-- 0.521764 s
currentSize : 37 <-- 250.410339 s
currentSize : 38 <-- 274.628387 s

TIMEOUT
maxsize : 38
nodes : 104767276.000000
filtered : 5920917643.000000
time : 1000.000061


Display solution 

0 --> 15
1 --> 27
2 --> 5
3 --> 28
6 --> 8
7 --> 35
8 --> 4
9 --> 18
12 --> 40
14 --> 29
15 --> 42
16 --> 41
18 --> 6
19 --> 48
20 --> 34
21 --> 22
22 --> 9
23 --> 49
24 --> 39
26 --> 36
27 --> 2
28 --> 14
29 --> 24
30 --> 3
31 --> 23
35 --> 13
36 --> 7
37 --> 19
38 --> 44
39 --> 10
40 --> 25
41 --> 43
42 --> 11
44 --> 26
45 --> 37
46 --> 38
47 --> 47
49 --> 46
