Parameters: GAD=1 vflib=1 dir=0 label=0 lowerbound=1 fileNameGp=../../cp2016-max-common-connected-subgraph-paper/datasets/graphsdb/mcs50/m2D/m2Dr4/mcs50_m2Dr4_s30.A07 fileNameGt=../../cp2016-max-common-connected-subgraph-paper/datasets/graphsdb/mcs50/m2D/m2Dr4/mcs50_m2Dr4_s30.B07
Reading graphs...
30 :  61
30 :  60
Initializing...
maxdom : 30
D->valSize : 900
Solving...
Blb : 2 (clique : 15)
currentSize : 15 <-- 0.010890 s
currentSize : 16 <-- 0.011020 s
currentSize : 17 <-- 0.027810 s
currentSize : 18 <-- 0.080575 s
currentSize : 19 <-- 0.107356 s
currentSize : 20 <-- 1.167332 s
currentSize : 21 <-- 45.360577 s

maxsize : 21
nodes : 25505160.000000
filtered : 869853261.000000
time : 136.382385


Display solution 

0 --> 14
1 --> 29
3 --> 19
4 --> 10
5 --> 3
6 --> 4
8 --> 15
9 --> 18
10 --> 6
13 --> 9
15 --> 7
16 --> 25
18 --> 1
20 --> 17
21 --> 28
23 --> 20
25 --> 27
26 --> 8
27 --> 22
28 --> 13
29 --> 11
