Parameters: GAD=1 vflib=1 dir=0 label=0 lowerbound=1 fileNameGp=../../cp2016-max-common-connected-subgraph-paper/datasets/graphsdb/mcs50/m2D/m2Dr4/mcs50_m2Dr4_s40.A02 fileNameGt=../../cp2016-max-common-connected-subgraph-paper/datasets/graphsdb/mcs50/m2D/m2Dr4/mcs50_m2Dr4_s40.B02
Reading graphs...
40 :  81
40 :  81
Initializing...
maxdom : 40
D->valSize : 1600
Solving...
Blb : 2 (clique : 23)
currentSize : 23 <-- 0.035489 s
currentSize : 24 <-- 0.044069 s
currentSize : 25 <-- 0.147698 s
currentSize : 26 <-- 0.492560 s
currentSize : 27 <-- 1.806131 s
currentSize : 28 <-- 5.037431 s

TIMEOUT
maxsize : 28
nodes : 118996895.000000
filtered : 7547572290.000000
time : 1000.000000


Display solution 

0 --> 37
1 --> 24
2 --> 6
3 --> 2
4 --> 3
5 --> 38
8 --> 35
9 --> 7
10 --> 8
13 --> 39
14 --> 18
18 --> 1
19 --> 33
21 --> 22
22 --> 20
23 --> 9
24 --> 25
26 --> 11
27 --> 10
28 --> 36
29 --> 32
30 --> 27
32 --> 15
33 --> 19
34 --> 30
37 --> 14
38 --> 0
39 --> 21
