Parameters: GAD=1 vflib=1 dir=0 label=0 lowerbound=1 fileNameGp=../../cp2016-max-common-connected-subgraph-paper/datasets/graphsdb/mcs50/m2D/m2Dr2/mcs50_m2Dr2_s40.A02 fileNameGt=../../cp2016-max-common-connected-subgraph-paper/datasets/graphsdb/mcs50/m2D/m2Dr2/mcs50_m2Dr2_s40.B02
Reading graphs...
40 :  73
40 :  74
Initializing...
maxdom : 40
D->valSize : 1600
Solving...
Blb : 2 (clique : 22)
currentSize : 22 <-- 0.056254 s
currentSize : 23 <-- 0.056510 s
currentSize : 24 <-- 0.057320 s
currentSize : 25 <-- 0.070091 s
currentSize : 26 <-- 15.394452 s
currentSize : 27 <-- 75.344025 s

TIMEOUT
maxsize : 27
nodes : 138706247.000000
filtered : 6609374605.000000
time : 1000.000000


Display solution 

0 --> 21
1 --> 27
3 --> 8
4 --> 31
5 --> 22
6 --> 7
7 --> 4
8 --> 26
9 --> 38
10 --> 37
11 --> 2
12 --> 39
14 --> 16
15 --> 25
16 --> 33
17 --> 28
18 --> 10
19 --> 14
22 --> 17
24 --> 0
27 --> 9
28 --> 20
30 --> 13
32 --> 19
33 --> 36
36 --> 34
37 --> 5
