Parameters: GAD=1 vflib=1 dir=0 label=0 lowerbound=1 fileNameGp=../../cp2016-max-common-connected-subgraph-paper/datasets/graphsdb/mcs50/bvg/b03m/mcs50_b03m_s35.A06 fileNameGt=../../cp2016-max-common-connected-subgraph-paper/datasets/graphsdb/mcs50/bvg/b03m/mcs50_b03m_s35.B06
Reading graphs...
35 :  52
35 :  51
Initializing...
maxdom : 35
D->valSize : 1225
Solving...
Blb : 2 (clique : 22)
currentSize : 22 <-- 0.022206 s
currentSize : 23 <-- 0.023893 s
currentSize : 24 <-- 0.025473 s
currentSize : 25 <-- 0.118334 s
currentSize : 26 <-- 3.430455 s
currentSize : 27 <-- 25.971525 s
currentSize : 28 <-- 156.145569 s

maxsize : 28
nodes : 28157248.000000
filtered : 1382454354.000000
time : 211.215454


Display solution 

0 --> 5
1 --> 3
2 --> 13
3 --> 11
4 --> 6
5 --> 34
6 --> 26
7 --> 1
8 --> 4
9 --> 2
10 --> 29
11 --> 33
12 --> 20
13 --> 31
15 --> 18
16 --> 22
17 --> 10
18 --> 23
20 --> 25
21 --> 24
22 --> 27
25 --> 8
28 --> 21
29 --> 16
30 --> 0
32 --> 12
33 --> 32
34 --> 9
