Parameters: GAD=1 vflib=1 dir=0 label=0 lowerbound=1 fileNameGp=../../cp2016-max-common-connected-subgraph-paper/datasets/graphsdb/mcs50/bvg/b06/mcs50_b06_s40.A07 fileNameGt=../../cp2016-max-common-connected-subgraph-paper/datasets/graphsdb/mcs50/bvg/b06/mcs50_b06_s40.B07
Reading graphs...
40 :  120
40 :  120
Initializing...
maxdom : 40
D->valSize : 1600
Solving...
Blb : 2 (clique : 18)
currentSize : 18 <-- 0.058524 s
currentSize : 19 <-- 0.058884 s
currentSize : 20 <-- 0.061003 s
currentSize : 21 <-- 0.073576 s
currentSize : 22 <-- 0.080111 s
currentSize : 23 <-- 0.080145 s
currentSize : 24 <-- 0.080195 s
currentSize : 25 <-- 0.099678 s

TIMEOUT
maxsize : 25
nodes : 147895612.000000
filtered : 6653050921.000000
time : 1000.000061


Display solution 

0 --> 16
1 --> 37
2 --> 28
3 --> 17
4 --> 5
5 --> 4
7 --> 25
9 --> 13
11 --> 2
12 --> 23
16 --> 9
18 --> 24
20 --> 36
22 --> 0
23 --> 6
24 --> 29
25 --> 21
26 --> 22
27 --> 1
30 --> 14
31 --> 32
32 --> 39
33 --> 10
34 --> 11
36 --> 7
