Parameters: GAD=1 vflib=1 dir=0 label=0 lowerbound=1 fileNameGp=../../cp2016-max-common-connected-subgraph-paper/datasets/graphsdb/mcs50/bvg/b09/mcs50_b09_s50.A03 fileNameGt=../../cp2016-max-common-connected-subgraph-paper/datasets/graphsdb/mcs50/bvg/b09/mcs50_b09_s50.B03
Reading graphs...
50 :  220
50 :  223
Initializing...
maxdom : 50
D->valSize : 2500
Solving...
Blb : 5 (clique : 18)
currentSize : 18 <-- 0.084708 s
currentSize : 19 <-- 0.085101 s
currentSize : 20 <-- 0.085651 s
currentSize : 21 <-- 0.114365 s
currentSize : 22 <-- 0.428152 s
currentSize : 23 <-- 0.584242 s

TIMEOUT
maxsize : 23
nodes : 157990404.000000
filtered : 5576222489.000000
time : 1000.000061


Display solution 

0 --> 9
2 --> 22
3 --> 37
4 --> 20
5 --> 24
6 --> 28
7 --> 13
9 --> 25
11 --> 44
15 --> 5
16 --> 16
19 --> 8
23 --> 48
24 --> 11
31 --> 3
33 --> 12
36 --> 38
40 --> 42
42 --> 30
45 --> 40
47 --> 33
48 --> 1
49 --> 41
