Parameters: GAD=1 vflib=1 dir=0 label=0 lowerbound=1 fileNameGp=../../cp2016-max-common-connected-subgraph-paper/datasets/graphsdb/mcs50/m4D/m4Dr6/mcs50_m4Dr6_s30.A05 fileNameGt=../../cp2016-max-common-connected-subgraph-paper/datasets/graphsdb/mcs50/m4D/m4Dr6/mcs50_m4Dr6_s30.B05
Reading graphs...
30 :  73
30 :  71
Initializing...
maxdom : 30
D->valSize : 900
Solving...
Blb : 2 (clique : 14)
currentSize : 14 <-- 0.010805 s
currentSize : 15 <-- 0.011504 s
currentSize : 16 <-- 0.017325 s
currentSize : 17 <-- 0.024492 s
currentSize : 18 <-- 0.285798 s
currentSize : 19 <-- 9.955630 s
currentSize : 20 <-- 131.987183 s

maxsize : 20
nodes : 49202091.000000
filtered : 2163462366.000000
time : 280.980499


Display solution 

1 --> 27
2 --> 10
4 --> 17
5 --> 1
6 --> 11
8 --> 21
9 --> 22
10 --> 5
14 --> 14
15 --> 20
17 --> 6
19 --> 24
20 --> 18
21 --> 28
23 --> 3
25 --> 29
26 --> 26
27 --> 25
28 --> 19
29 --> 0
