Parameters: GAD=1 vflib=1 dir=0 label=0 lowerbound=1 fileNameGp=../../cp2016-max-common-connected-subgraph-paper/datasets/graphsdb/mcs50/bvg/b06/mcs50_b06_s30.A02 fileNameGt=../../cp2016-max-common-connected-subgraph-paper/datasets/graphsdb/mcs50/bvg/b06/mcs50_b06_s30.B02
Reading graphs...
30 :  90
30 :  90
Initializing...
maxdom : 30
D->valSize : 900
Solving...
Blb : 2 (clique : 13)
currentSize : 13 <-- 0.010174 s
currentSize : 14 <-- 0.010318 s
currentSize : 15 <-- 0.012198 s
currentSize : 16 <-- 0.018365 s
currentSize : 17 <-- 0.044631 s
currentSize : 18 <-- 1.777985 s
currentSize : 19 <-- 12.244312 s

maxsize : 19
nodes : 12269114.000000
filtered : 386606823.000000
time : 59.907463


Display solution 

0 --> 16
1 --> 4
3 --> 10
6 --> 20
7 --> 23
8 --> 19
11 --> 13
13 --> 5
14 --> 29
15 --> 14
17 --> 25
18 --> 2
19 --> 27
20 --> 11
21 --> 24
22 --> 28
24 --> 15
26 --> 8
27 --> 1
