Parameters: GAD=1 vflib=1 dir=0 label=0 lowerbound=1 fileNameGp=../../cp2016-max-common-connected-subgraph-paper/datasets/graphsdb/mcs50/rand/r005/mcs50_r005_s50.A05 fileNameGt=../../cp2016-max-common-connected-subgraph-paper/datasets/graphsdb/mcs50/rand/r005/mcs50_r005_s50.B05
Reading graphs...
50 :  120
50 :  117
Initializing...
maxdom : 50
D->valSize : 2500
Solving...
Blb : 2 (clique : 25)
currentSize : 25 <-- 0.117254 s
currentSize : 26 <-- 0.117585 s
currentSize : 27 <-- 0.117639 s
currentSize : 28 <-- 0.118010 s
currentSize : 29 <-- 0.133494 s
currentSize : 30 <-- 14.574283 s
currentSize : 31 <-- 755.883301 s

TIMEOUT
maxsize : 31
nodes : 140597603.000000
filtered : 5501405150.000000
time : 1000.000061


Display solution 

0 --> 29
1 --> 28
3 --> 9
4 --> 33
5 --> 34
6 --> 3
8 --> 25
9 --> 39
12 --> 27
13 --> 44
14 --> 32
15 --> 45
18 --> 11
19 --> 38
20 --> 17
25 --> 43
26 --> 48
27 --> 31
29 --> 47
30 --> 8
31 --> 42
32 --> 10
33 --> 16
35 --> 20
36 --> 41
37 --> 22
38 --> 7
41 --> 23
46 --> 37
47 --> 35
49 --> 13
