Parameters: GAD=1 vflib=1 dir=0 label=0 lowerbound=1 fileNameGp=../../cp2016-max-common-connected-subgraph-paper/datasets/graphsdb/mcs50/bvg/b06m/mcs50_b06m_s50.A01 fileNameGt=../../cp2016-max-common-connected-subgraph-paper/datasets/graphsdb/mcs50/bvg/b06m/mcs50_b06m_s50.B01
Reading graphs...
50 :  146
50 :  143
Initializing...
maxdom : 50
D->valSize : 2500
Solving...
Blb : 2 (clique : 23)
currentSize : 23 <-- 0.090549 s
currentSize : 24 <-- 0.090868 s
currentSize : 25 <-- 0.093575 s
currentSize : 26 <-- 0.102455 s
currentSize : 27 <-- 0.111953 s
currentSize : 28 <-- 1.949776 s
currentSize : 29 <-- 106.809349 s

TIMEOUT
maxsize : 29
nodes : 144581648.000000
filtered : 5973112698.000000
time : 1000.000000


Display solution 

0 --> 39
1 --> 48
2 --> 28
3 --> 25
4 --> 43
8 --> 37
9 --> 16
11 --> 44
12 --> 45
15 --> 35
18 --> 14
19 --> 7
20 --> 19
22 --> 4
23 --> 15
25 --> 23
26 --> 33
27 --> 9
29 --> 20
31 --> 10
32 --> 2
35 --> 22
36 --> 12
38 --> 24
39 --> 21
41 --> 31
42 --> 41
43 --> 18
49 --> 34
