Parameters: GAD=1 vflib=1 dir=0 label=0 lowerbound=1 fileNameGp=../../cp2016-max-common-connected-subgraph-paper/datasets/graphsdb/mcs50/m2D/m2Dr4/mcs50_m2Dr4_s30.A09 fileNameGt=../../cp2016-max-common-connected-subgraph-paper/datasets/graphsdb/mcs50/m2D/m2Dr4/mcs50_m2Dr4_s30.B09
Reading graphs...
30 :  61
30 :  61
Initializing...
maxdom : 30
D->valSize : 900
Solving...
Blb : 2 (clique : 16)
currentSize : 16 <-- 0.010671 s
currentSize : 17 <-- 0.010795 s
currentSize : 18 <-- 0.010841 s
currentSize : 19 <-- 0.020863 s
currentSize : 20 <-- 0.309730 s
currentSize : 21 <-- 3.455939 s

maxsize : 21
nodes : 9614490.000000
filtered : 310102218.000000
time : 48.680065


Display solution 

0 --> 3
1 --> 7
2 --> 4
3 --> 18
4 --> 2
6 --> 6
7 --> 10
8 --> 11
9 --> 23
10 --> 8
13 --> 16
14 --> 12
15 --> 28
17 --> 22
18 --> 13
20 --> 1
22 --> 5
23 --> 21
24 --> 0
25 --> 17
29 --> 26
