Parameters: GAD=1 vflib=1 dir=0 label=0 lowerbound=1 fileNameGp=../../cp2016-max-common-connected-subgraph-paper/datasets/graphsdb/mcs50/m4D/m4Dr2/mcs50_m4Dr2_s35.A01 fileNameGt=../../cp2016-max-common-connected-subgraph-paper/datasets/graphsdb/mcs50/m4D/m4Dr2/mcs50_m4Dr2_s35.B01
Reading graphs...
35 :  68
35 :  68
Initializing...
maxdom : 35
D->valSize : 1225
Solving...
Blb : 2 (clique : 20)
currentSize : 20 <-- 0.036026 s
currentSize : 21 <-- 0.114496 s
currentSize : 22 <-- 0.147569 s
currentSize : 23 <-- 1.373370 s
currentSize : 24 <-- 1.867487 s
currentSize : 25 <-- 78.418144 s

maxsize : 25
nodes : 114193829.000000
filtered : 5847051434.000000
time : 815.208252


Display solution 

0 --> 32
1 --> 27
3 --> 3
6 --> 12
8 --> 20
9 --> 7
10 --> 13
12 --> 16
14 --> 34
15 --> 30
17 --> 18
19 --> 5
20 --> 1
22 --> 17
23 --> 19
24 --> 23
25 --> 21
27 --> 15
28 --> 31
29 --> 22
30 --> 28
31 --> 26
32 --> 33
33 --> 4
34 --> 2
