Parameters: GAD=1 vflib=1 dir=0 label=0 lowerbound=1 fileNameGp=../../cp2016-max-common-connected-subgraph-paper/datasets/graphsdb/mcs50/m4D/m4Dr4/mcs50_m4Dr4_s40.A00 fileNameGt=../../cp2016-max-common-connected-subgraph-paper/datasets/graphsdb/mcs50/m4D/m4Dr4/mcs50_m4Dr4_s40.B00
Reading graphs...
40 :  86
40 :  85
Initializing...
maxdom : 40
D->valSize : 1600
Solving...
Blb : 2 (clique : 21)
currentSize : 21 <-- 0.037569 s
currentSize : 23 <-- 0.037796 s
currentSize : 24 <-- 15.041375 s
currentSize : 25 <-- 33.523773 s
currentSize : 26 <-- 34.874340 s
currentSize : 27 <-- 65.876495 s

TIMEOUT
maxsize : 27
nodes : 135634809.000000
filtered : 7175475046.000000
time : 1000.000061


Display solution 

0 --> 36
1 --> 13
2 --> 4
3 --> 24
4 --> 8
5 --> 21
6 --> 11
7 --> 28
9 --> 38
11 --> 35
12 --> 32
15 --> 14
18 --> 30
20 --> 16
23 --> 1
24 --> 0
25 --> 26
26 --> 31
27 --> 29
28 --> 23
30 --> 25
32 --> 5
33 --> 3
34 --> 33
35 --> 9
36 --> 39
39 --> 6
