Parameters: GAD=1 vflib=1 dir=0 label=0 lowerbound=1 fileNameGp=../../cp2016-max-common-connected-subgraph-paper/datasets/graphsdb/mcs50/bvg/b09m/mcs50_b09m_s40.A06 fileNameGt=../../cp2016-max-common-connected-subgraph-paper/datasets/graphsdb/mcs50/bvg/b09m/mcs50_b09m_s40.B06
Reading graphs...
40 :  171
40 :  171
Initializing...
maxdom : 40
D->valSize : 1600
Solving...
Blb : 2 (clique : 14)
currentSize : 14 <-- 0.032013 s
currentSize : 15 <-- 0.032185 s
currentSize : 16 <-- 0.032884 s
currentSize : 17 <-- 0.067803 s
currentSize : 18 <-- 0.082194 s
currentSize : 19 <-- 0.675287 s
currentSize : 20 <-- 12.435083 s

TIMEOUT
maxsize : 20
nodes : 192333740.000000
filtered : 5689855828.000000
time : 1000.000000


Display solution 

0 --> 6
3 --> 35
4 --> 9
11 --> 33
13 --> 26
14 --> 7
15 --> 29
16 --> 24
18 --> 37
19 --> 20
20 --> 25
21 --> 4
24 --> 10
27 --> 3
28 --> 27
31 --> 0
32 --> 30
34 --> 5
37 --> 18
38 --> 31
