Parameters: GAD=1 vflib=1 dir=0 label=0 lowerbound=1 fileNameGp=../../cp2016-max-common-connected-subgraph-paper/datasets/graphsdb/mcs50/m4D/m4Dr6/mcs50_m4Dr6_s35.A00 fileNameGt=../../cp2016-max-common-connected-subgraph-paper/datasets/graphsdb/mcs50/m4D/m4Dr6/mcs50_m4Dr6_s35.B00
Reading graphs...
35 :  81
35 :  82
Initializing...
maxdom : 35
D->valSize : 1225
Solving...
Blb : 2 (clique : 18)
currentSize : 18 <-- 0.019961 s
currentSize : 19 <-- 0.021548 s
currentSize : 20 <-- 0.026114 s
currentSize : 21 <-- 0.038310 s
currentSize : 22 <-- 1.370828 s
currentSize : 23 <-- 10.334887 s
currentSize : 24 <-- 441.947113 s

TIMEOUT
maxsize : 24
nodes : 146687786.000000
filtered : 7077854788.000000
time : 1000.000000


Display solution 

0 --> 27
1 --> 1
2 --> 14
3 --> 33
4 --> 13
5 --> 29
9 --> 10
12 --> 20
13 --> 17
15 --> 28
16 --> 21
17 --> 32
21 --> 0
22 --> 30
23 --> 16
24 --> 24
26 --> 5
27 --> 2
28 --> 22
29 --> 3
31 --> 18
32 --> 12
33 --> 34
34 --> 7
