Parameters: GAD=1 vflib=1 dir=0 label=0 lowerbound=1 fileNameGp=../../cp2016-max-common-connected-subgraph-paper/datasets/graphsdb/mcs50/m2D/m2Dr2/mcs50_m2Dr2_s50.A04 fileNameGt=../../cp2016-max-common-connected-subgraph-paper/datasets/graphsdb/mcs50/m2D/m2Dr2/mcs50_m2Dr2_s50.B04
Reading graphs...
50 :  93
50 :  95
Initializing...
maxdom : 50
D->valSize : 2500
Solving...
Blb : 2 (clique : 27)
currentSize : 27 <-- 0.095596 s
currentSize : 28 <-- 0.096466 s
currentSize : 29 <-- 0.109783 s
currentSize : 30 <-- 0.110975 s
currentSize : 31 <-- 0.356096 s
currentSize : 32 <-- 0.544876 s
currentSize : 33 <-- 16.051039 s
currentSize : 34 <-- 33.991089 s
currentSize : 35 <-- 674.784851 s

TIMEOUT
maxsize : 35
nodes : 121859961.000000
filtered : 5925435759.000000
time : 1000.000000


Display solution 

0 --> 17
1 --> 23
2 --> 30
3 --> 39
5 --> 10
6 --> 31
7 --> 5
8 --> 22
9 --> 28
11 --> 15
13 --> 25
14 --> 36
15 --> 12
16 --> 6
17 --> 48
18 --> 35
23 --> 38
24 --> 29
25 --> 26
27 --> 43
29 --> 32
31 --> 1
32 --> 37
33 --> 8
36 --> 33
38 --> 4
40 --> 41
41 --> 16
42 --> 0
44 --> 20
45 --> 34
46 --> 47
47 --> 9
48 --> 44
49 --> 18
