Parameters: GAD=1 vflib=1 dir=0 label=0 lowerbound=1 fileNameGp=../../cp2016-max-common-connected-subgraph-paper/datasets/graphsdb/mcs50/m2D/m2Dr2/mcs50_m2Dr2_s40.A05 fileNameGt=../../cp2016-max-common-connected-subgraph-paper/datasets/graphsdb/mcs50/m2D/m2Dr2/mcs50_m2Dr2_s40.B05
Reading graphs...
40 :  75
40 :  72
Initializing...
maxdom : 40
D->valSize : 1600
Solving...
Blb : 2 (clique : 22)
currentSize : 22 <-- 0.035605 s
currentSize : 24 <-- 0.035843 s
currentSize : 25 <-- 0.036175 s
currentSize : 26 <-- 2.310857 s
currentSize : 27 <-- 2.730639 s
currentSize : 28 <-- 3.343763 s

TIMEOUT
maxsize : 28
nodes : 139689055.000000
filtered : 6873073047.000000
time : 1000.000000


Display solution 

0 --> 25
2 --> 12
3 --> 9
4 --> 16
5 --> 4
6 --> 32
7 --> 14
8 --> 38
9 --> 28
10 --> 36
15 --> 27
16 --> 8
17 --> 20
18 --> 1
19 --> 24
20 --> 22
22 --> 18
23 --> 2
25 --> 37
27 --> 6
28 --> 19
29 --> 34
30 --> 11
31 --> 23
33 --> 10
36 --> 39
37 --> 26
39 --> 17
