Parameters: GAD=1 vflib=1 dir=0 label=0 lowerbound=1 fileNameGp=../../cp2016-max-common-connected-subgraph-paper/datasets/graphsdb/mcs50/bvg/b06m/mcs50_b06m_s40.A07 fileNameGt=../../cp2016-max-common-connected-subgraph-paper/datasets/graphsdb/mcs50/bvg/b06m/mcs50_b06m_s40.B07
Reading graphs...
40 :  118
40 :  120
Initializing...
maxdom : 40
D->valSize : 1600
Solving...
Blb : 2 (clique : 17)
currentSize : 17 <-- 0.058970 s
currentSize : 18 <-- 0.059363 s
currentSize : 19 <-- 0.059757 s
currentSize : 20 <-- 0.061889 s
currentSize : 21 <-- 0.099876 s
currentSize : 22 <-- 0.127234 s
currentSize : 23 <-- 5.058757 s
currentSize : 24 <-- 793.364136 s

TIMEOUT
maxsize : 24
nodes : 167064378.000000
filtered : 5991530922.000000
time : 1000.000000


Display solution 

0 --> 11
1 --> 36
2 --> 10
5 --> 26
7 --> 20
8 --> 0
11 --> 24
12 --> 8
15 --> 9
17 --> 30
19 --> 32
20 --> 2
21 --> 13
22 --> 23
23 --> 6
24 --> 38
26 --> 21
29 --> 19
31 --> 22
34 --> 15
35 --> 17
36 --> 27
37 --> 29
38 --> 35
