Parameters: GAD=1 vflib=1 dir=0 label=0 lowerbound=1 fileNameGp=../../cp2016-max-common-connected-subgraph-paper/datasets/graphsdb/mcs50/bvg/b03m/mcs50_b03m_s50.A02 fileNameGt=../../cp2016-max-common-connected-subgraph-paper/datasets/graphsdb/mcs50/bvg/b03m/mcs50_b03m_s50.B02
Reading graphs...
50 :  75
50 :  75
Initializing...
maxdom : 50
D->valSize : 2500
Solving...
Blb : 2 (clique : 29)
currentSize : 29 <-- 0.097669 s
currentSize : 30 <-- 0.098049 s
currentSize : 31 <-- 0.099898 s
currentSize : 32 <-- 0.108237 s
currentSize : 33 <-- 0.112228 s
currentSize : 34 <-- 0.408960 s
currentSize : 35 <-- 0.409510 s
currentSize : 36 <-- 0.474523 s

TIMEOUT
maxsize : 36
nodes : 110582355.000000
filtered : 6683755418.000000
time : 1000.000000


Display solution 

0 --> 0
1 --> 44
2 --> 18
3 --> 3
4 --> 29
5 --> 23
6 --> 9
7 --> 31
10 --> 37
11 --> 49
12 --> 28
13 --> 25
14 --> 13
15 --> 20
16 --> 45
17 --> 30
18 --> 48
19 --> 19
22 --> 26
23 --> 47
24 --> 42
25 --> 15
29 --> 35
31 --> 11
32 --> 39
33 --> 36
34 --> 16
35 --> 21
36 --> 10
37 --> 27
39 --> 14
40 --> 46
41 --> 5
44 --> 38
46 --> 2
49 --> 41
