Parameters: GAD=1 vflib=1 dir=0 label=0 lowerbound=1 fileNameGp=../../cp2016-max-common-connected-subgraph-paper/datasets/graphsdb/mcs50/bvg/b03m/mcs50_b03m_s30.A01 fileNameGt=../../cp2016-max-common-connected-subgraph-paper/datasets/graphsdb/mcs50/bvg/b03m/mcs50_b03m_s30.B01
Reading graphs...
30 :  44
30 :  45
Initializing...
maxdom : 30
D->valSize : 900
Solving...
Blb : 2 (clique : 18)
currentSize : 18 <-- 0.011266 s
currentSize : 19 <-- 0.016833 s
currentSize : 20 <-- 0.096170 s
currentSize : 21 <-- 0.733889 s
currentSize : 22 <-- 2.434686 s
currentSize : 23 <-- 33.504318 s

maxsize : 23
nodes : 11243569.000000
filtered : 388497759.000000
time : 61.876778


Display solution 

0 --> 26
3 --> 20
4 --> 4
5 --> 19
6 --> 15
7 --> 24
9 --> 27
10 --> 0
11 --> 7
13 --> 14
14 --> 6
15 --> 13
16 --> 28
17 --> 29
18 --> 17
19 --> 11
21 --> 23
23 --> 25
25 --> 8
26 --> 18
27 --> 3
28 --> 21
29 --> 5
