Parameters: GAD=1 vflib=1 dir=0 label=0 lowerbound=1 fileNameGp=../../cp2016-max-common-connected-subgraph-paper/datasets/graphsdb/mcs50/bvg/b09/mcs50_b09_s50.A04 fileNameGt=../../cp2016-max-common-connected-subgraph-paper/datasets/graphsdb/mcs50/bvg/b09/mcs50_b09_s50.B04
Reading graphs...
50 :  222
50 :  220
Initializing...
maxdom : 50
D->valSize : 2500
Solving...
Blb : 2 (clique : 19)
currentSize : 19 <-- 0.084935 s
currentSize : 20 <-- 0.090216 s
currentSize : 21 <-- 0.090325 s
currentSize : 22 <-- 0.124139 s
currentSize : 23 <-- 6.700673 s
currentSize : 24 <-- 400.308716 s

TIMEOUT
maxsize : 24
nodes : 168958828.000000
filtered : 5437412804.000000
time : 1000.000000


Display solution 

0 --> 5
2 --> 48
3 --> 4
4 --> 6
6 --> 15
8 --> 46
10 --> 2
11 --> 47
12 --> 22
15 --> 32
17 --> 31
18 --> 16
21 --> 34
25 --> 19
29 --> 0
33 --> 1
35 --> 36
36 --> 29
37 --> 49
39 --> 17
40 --> 37
45 --> 24
48 --> 43
49 --> 33
