Parameters: GAD=1 vflib=1 dir=0 label=0 lowerbound=1 fileNameGp=../../cp2016-max-common-connected-subgraph-paper/datasets/graphsdb/mcs50/m2D/m2Dr6/mcs50_m2Dr6_s30.A07 fileNameGt=../../cp2016-max-common-connected-subgraph-paper/datasets/graphsdb/mcs50/m2D/m2Dr6/mcs50_m2Dr6_s30.B07
Reading graphs...
30 :  67
30 :  64
Initializing...
maxdom : 30
D->valSize : 900
Solving...
Blb : 2 (clique : 15)
currentSize : 15 <-- 0.018958 s
currentSize : 16 <-- 0.019292 s
currentSize : 17 <-- 0.020186 s
currentSize : 18 <-- 0.057595 s
currentSize : 19 <-- 0.112363 s
currentSize : 20 <-- 11.259793 s

maxsize : 20
nodes : 19274858.000000
filtered : 660688772.000000
time : 97.211922


Display solution 

0 --> 24
2 --> 9
3 --> 15
4 --> 26
6 --> 2
7 --> 21
8 --> 13
9 --> 1
11 --> 29
12 --> 12
16 --> 7
17 --> 17
18 --> 20
19 --> 14
20 --> 23
21 --> 8
24 --> 28
25 --> 22
28 --> 6
29 --> 4
