Parameters: GAD=1 vflib=1 dir=0 label=0 lowerbound=1 fileNameGp=../../cp2016-max-common-connected-subgraph-paper/datasets/graphsdb/mcs50/rand/r02/mcs50_r02_s25.A00 fileNameGt=../../cp2016-max-common-connected-subgraph-paper/datasets/graphsdb/mcs50/rand/r02/mcs50_r02_s25.B00
Reading graphs...
25 :  110
25 :  107
Initializing...
maxdom : 25
D->valSize : 625
Solving...
Blb : 2 (clique : 10)
currentSize : 10 <-- 0.004561 s
currentSize : 11 <-- 0.004649 s
currentSize : 12 <-- 0.022730 s
currentSize : 13 <-- 0.985967 s

maxsize : 13
nodes : 7761155.000000
filtered : 96394002.000000
time : 24.272160


Display solution 

0 --> 19
2 --> 7
3 --> 0
6 --> 14
7 --> 10
8 --> 23
10 --> 8
11 --> 18
12 --> 6
13 --> 11
14 --> 4
22 --> 20
23 --> 1
