Parameters: GAD=1 vflib=1 dir=0 label=0 lowerbound=1 fileNameGp=../../cp2016-max-common-connected-subgraph-paper/datasets/graphsdb/mcs50/rand/r01/mcs50_r01_s30.A04 fileNameGt=../../cp2016-max-common-connected-subgraph-paper/datasets/graphsdb/mcs50/rand/r01/mcs50_r01_s30.B04
Reading graphs...
30 :  82
30 :  82
Initializing...
maxdom : 30
D->valSize : 900
Solving...
Blb : 2 (clique : 14)
currentSize : 14 <-- 0.018272 s
currentSize : 15 <-- 0.018517 s
currentSize : 16 <-- 0.019763 s
currentSize : 17 <-- 0.063633 s
currentSize : 18 <-- 0.151797 s
currentSize : 19 <-- 173.920670 s

maxsize : 19
nodes : 60968659.000000
filtered : 1598686405.000000
time : 276.207367


Display solution 

0 --> 0
1 --> 10
2 --> 22
3 --> 21
7 --> 5
8 --> 24
9 --> 4
12 --> 2
13 --> 14
14 --> 16
15 --> 20
17 --> 15
18 --> 8
21 --> 7
23 --> 3
24 --> 17
26 --> 27
27 --> 19
28 --> 12
