Parameters: GAD=1 vflib=1 dir=0 label=0 lowerbound=1 fileNameGp=../../cp2016-max-common-connected-subgraph-paper/datasets/graphsdb/mcs50/bvg/b09m/mcs50_b09m_s50.A02 fileNameGt=../../cp2016-max-common-connected-subgraph-paper/datasets/graphsdb/mcs50/bvg/b09m/mcs50_b09m_s50.B02
Reading graphs...
50 :  216
50 :  216
Initializing...
maxdom : 50
D->valSize : 2500
Solving...
Blb : 2 (clique : 16)
currentSize : 16 <-- 0.132875 s
currentSize : 17 <-- 0.133108 s
currentSize : 18 <-- 0.133222 s
currentSize : 19 <-- 0.133452 s
currentSize : 20 <-- 0.139283 s
currentSize : 21 <-- 0.158999 s
currentSize : 22 <-- 0.176713 s
currentSize : 23 <-- 0.889487 s

TIMEOUT
maxsize : 23
nodes : 196540954.000000
filtered : 4574776175.000000
time : 1000.000061


Display solution 

0 --> 48
1 --> 7
4 --> 41
7 --> 4
8 --> 21
10 --> 31
11 --> 6
12 --> 43
13 --> 15
14 --> 42
15 --> 0
19 --> 17
21 --> 5
24 --> 33
29 --> 13
30 --> 25
31 --> 32
35 --> 39
36 --> 34
37 --> 29
40 --> 8
46 --> 1
47 --> 47
