Parameters: GAD=1 vflib=1 dir=0 label=0 lowerbound=1 fileNameGp=../../cp2016-max-common-connected-subgraph-paper/datasets/graphsdb/mcs50/bvg/b03/mcs50_b03_s25.A08 fileNameGt=../../cp2016-max-common-connected-subgraph-paper/datasets/graphsdb/mcs50/bvg/b03/mcs50_b03_s25.B08
Reading graphs...
25 :  37
25 :  37
Initializing...
maxdom : 25
D->valSize : 625
Solving...
Blb : 2 (clique : 15)
currentSize : 15 <-- 0.005388 s
currentSize : 16 <-- 0.005552 s
currentSize : 17 <-- 0.009324 s
currentSize : 18 <-- 0.030887 s
currentSize : 19 <-- 1.137167 s

maxsize : 19
nodes : 845696.000000
filtered : 23983118.000000
time : 3.760572


Display solution 

0 --> 2
1 --> 17
2 --> 0
3 --> 3
4 --> 13
5 --> 12
7 --> 4
9 --> 10
10 --> 15
11 --> 23
12 --> 6
13 --> 22
14 --> 14
15 --> 24
16 --> 5
18 --> 18
19 --> 19
23 --> 16
24 --> 1
