Parameters: GAD=1 vflib=1 dir=0 label=0 lowerbound=1 fileNameGp=../../cp2016-max-common-connected-subgraph-paper/datasets/graphsdb/mcs50/m2D/m2Dr6/mcs50_m2Dr6_s50.A05 fileNameGt=../../cp2016-max-common-connected-subgraph-paper/datasets/graphsdb/mcs50/m2D/m2Dr6/mcs50_m2Dr6_s50.B05
Reading graphs...
50 :  113
50 :  113
Initializing...
maxdom : 50
D->valSize : 2500
Solving...
Blb : 2 (clique : 26)
currentSize : 26 <-- 0.093335 s
currentSize : 27 <-- 0.093689 s
currentSize : 28 <-- 0.093856 s
currentSize : 29 <-- 0.095086 s
currentSize : 30 <-- 0.202684 s
currentSize : 31 <-- 0.296124 s
currentSize : 32 <-- 0.465264 s

TIMEOUT
maxsize : 32
nodes : 118121415.000000
filtered : 6197786671.000000
time : 1000.000000


Display solution 

0 --> 17
1 --> 31
2 --> 36
3 --> 46
5 --> 49
6 --> 40
8 --> 22
9 --> 3
11 --> 42
12 --> 9
14 --> 11
15 --> 12
16 --> 24
17 --> 37
19 --> 32
20 --> 25
21 --> 45
22 --> 15
23 --> 44
25 --> 5
30 --> 26
31 --> 29
33 --> 1
34 --> 39
35 --> 4
36 --> 2
39 --> 10
40 --> 30
42 --> 7
45 --> 23
46 --> 33
49 --> 27
