Parameters: GAD=1 vflib=1 dir=0 label=0 lowerbound=1 fileNameGp=../../cp2016-max-common-connected-subgraph-paper/datasets/graphsdb/mcs50/m3D/m3Dr6/mcs50_m3Dr6_s20.A02 fileNameGt=../../cp2016-max-common-connected-subgraph-paper/datasets/graphsdb/mcs50/m3D/m3Dr6/mcs50_m3Dr6_s20.B02
Reading graphs...
20 :  47
20 :  45
Initializing...
maxdom : 20
D->valSize : 400
Solving...
Blb : 3 (clique : 11)
currentSize : 11 <-- 0.003977 s
currentSize : 12 <-- 0.025546 s
currentSize : 13 <-- 0.062222 s
currentSize : 14 <-- 0.251858 s

maxsize : 14
nodes : 129175.000000
filtered : 2321423.000000
time : 0.446511


Display solution 

0 --> 13
1 --> 6
4 --> 17
5 --> 19
6 --> 11
7 --> 15
8 --> 4
11 --> 1
12 --> 10
14 --> 12
15 --> 0
17 --> 7
18 --> 16
19 --> 5
