Parameters: GAD=1 vflib=1 dir=0 label=0 lowerbound=1 fileNameGp=../../cp2016-max-common-connected-subgraph-paper/datasets/graphsdb/mcs50/m4D/m4Dr6/mcs50_m4Dr6_s35.A07 fileNameGt=../../cp2016-max-common-connected-subgraph-paper/datasets/graphsdb/mcs50/m4D/m4Dr6/mcs50_m4Dr6_s35.B07
Reading graphs...
35 :  83
35 :  82
Initializing...
maxdom : 35
D->valSize : 1225
Solving...
Blb : 2 (clique : 18)
currentSize : 18 <-- 0.019953 s
currentSize : 19 <-- 0.020115 s
currentSize : 20 <-- 0.021306 s
currentSize : 21 <-- 0.083454 s
currentSize : 22 <-- 0.167683 s
currentSize : 23 <-- 164.355972 s

TIMEOUT
maxsize : 23
nodes : 169162476.000000
filtered : 6810154858.000000
time : 1000.000000


Display solution 

0 --> 8
3 --> 7
4 --> 10
5 --> 29
6 --> 32
8 --> 0
10 --> 33
11 --> 24
12 --> 30
13 --> 16
14 --> 14
15 --> 25
18 --> 27
20 --> 13
24 --> 17
26 --> 19
27 --> 6
28 --> 34
30 --> 9
31 --> 2
32 --> 22
33 --> 3
34 --> 23
