Parameters: GAD=1 vflib=1 dir=0 label=0 lowerbound=1 fileNameGp=../../cp2016-max-common-connected-subgraph-paper/datasets/graphsdb/mcs50/bvg/b06/mcs50_b06_s50.A06 fileNameGt=../../cp2016-max-common-connected-subgraph-paper/datasets/graphsdb/mcs50/bvg/b06/mcs50_b06_s50.B06
Reading graphs...
50 :  148
50 :  149
Initializing...
maxdom : 50
D->valSize : 2500
Solving...
Blb : 2 (clique : 23)
currentSize : 23 <-- 0.090101 s
currentSize : 24 <-- 0.090423 s
currentSize : 25 <-- 0.092955 s
currentSize : 26 <-- 0.543301 s
currentSize : 27 <-- 1.021443 s
currentSize : 28 <-- 230.630783 s
currentSize : 29 <-- 300.583374 s

TIMEOUT
maxsize : 29
nodes : 152497557.000000
filtered : 5104265943.000000
time : 1000.000000


Display solution 

0 --> 1
1 --> 17
5 --> 34
6 --> 19
7 --> 47
8 --> 12
11 --> 22
12 --> 10
13 --> 46
14 --> 20
15 --> 30
17 --> 18
18 --> 13
19 --> 2
20 --> 39
21 --> 25
22 --> 45
24 --> 33
25 --> 24
28 --> 37
31 --> 38
34 --> 31
35 --> 49
38 --> 6
39 --> 3
41 --> 32
43 --> 28
48 --> 21
49 --> 11
