Parameters: GAD=1 vflib=1 dir=0 label=0 lowerbound=1 fileNameGp=../../cp2016-max-common-connected-subgraph-paper/datasets/graphsdb/mcs50/bvg/b09/mcs50_b09_s25.A04 fileNameGt=../../cp2016-max-common-connected-subgraph-paper/datasets/graphsdb/mcs50/bvg/b09/mcs50_b09_s25.B04
Reading graphs...
25 :  106
25 :  107
Initializing...
maxdom : 25
D->valSize : 625
Solving...
Blb : 2 (clique : 11)
currentSize : 11 <-- 0.004853 s
currentSize : 12 <-- 0.004970 s
currentSize : 13 <-- 0.005781 s
currentSize : 14 <-- 0.784608 s

maxsize : 14
nodes : 2897532.000000
filtered : 55997937.000000
time : 10.616818


Display solution 

0 --> 7
1 --> 23
4 --> 14
5 --> 10
7 --> 17
8 --> 20
9 --> 5
11 --> 18
14 --> 3
16 --> 2
17 --> 16
18 --> 19
19 --> 24
21 --> 21
