Parameters: GAD=1 vflib=1 dir=0 label=0 lowerbound=1 fileNameGp=../../cp2016-max-common-connected-subgraph-paper/datasets/graphsdb/mcs50/rand/r01/mcs50_r01_s40.A09 fileNameGt=../../cp2016-max-common-connected-subgraph-paper/datasets/graphsdb/mcs50/rand/r01/mcs50_r01_s40.B09
Reading graphs...
40 :  147
40 :  147
Initializing...
maxdom : 40
D->valSize : 1600
Solving...
Blb : 2 (clique : 16)
currentSize : 16 <-- 0.032474 s
currentSize : 17 <-- 0.032691 s
currentSize : 18 <-- 0.032902 s
currentSize : 19 <-- 0.036276 s
currentSize : 20 <-- 0.484393 s
currentSize : 21 <-- 27.972610 s

TIMEOUT
maxsize : 21
nodes : 202791450.000000
filtered : 4661421842.000000
time : 1000.000000


Display solution 

0 --> 6
1 --> 1
2 --> 28
4 --> 17
5 --> 0
6 --> 9
7 --> 8
9 --> 33
10 --> 2
15 --> 37
19 --> 31
21 --> 16
23 --> 23
24 --> 24
28 --> 34
31 --> 18
34 --> 29
35 --> 10
36 --> 20
37 --> 14
38 --> 11
