Parameters: GAD=1 vflib=1 dir=0 label=0 lowerbound=1 fileNameGp=../../cp2016-max-common-connected-subgraph-paper/datasets/graphsdb/mcs50/m4D/m4Dr4/mcs50_m4Dr4_s40.A03 fileNameGt=../../cp2016-max-common-connected-subgraph-paper/datasets/graphsdb/mcs50/m4D/m4Dr4/mcs50_m4Dr4_s40.B03
Reading graphs...
40 :  85
40 :  83
Initializing...
maxdom : 40
D->valSize : 1600
Solving...
Blb : 2 (clique : 20)
currentSize : 20 <-- 0.062355 s
currentSize : 21 <-- 0.062681 s
currentSize : 22 <-- 0.062706 s
currentSize : 23 <-- 0.067133 s
currentSize : 24 <-- 0.068746 s
currentSize : 25 <-- 0.072570 s
currentSize : 26 <-- 6.985295 s
currentSize : 27 <-- 9.039832 s

TIMEOUT
maxsize : 27
nodes : 128518201.000000
filtered : 6731282454.000000
time : 1000.000000


Display solution 

0 --> 14
1 --> 22
2 --> 19
3 --> 35
4 --> 34
5 --> 31
6 --> 9
7 --> 29
8 --> 36
9 --> 0
10 --> 23
14 --> 27
15 --> 1
20 --> 5
21 --> 28
22 --> 6
25 --> 39
27 --> 18
28 --> 33
29 --> 20
31 --> 13
32 --> 7
33 --> 11
35 --> 26
36 --> 12
38 --> 3
39 --> 4
