Parameters: GAD=1 vflib=1 dir=0 label=0 lowerbound=1 fileNameGp=../../cp2016-max-common-connected-subgraph-paper/datasets/graphsdb/mcs50/bvg/b06m/mcs50_b06m_s25.A04 fileNameGt=../../cp2016-max-common-connected-subgraph-paper/datasets/graphsdb/mcs50/bvg/b06m/mcs50_b06m_s25.B04
Reading graphs...
25 :  69
25 :  72
Initializing...
maxdom : 25
D->valSize : 625
Solving...
Blb : 2 (clique : 12)
currentSize : 12 <-- 0.008687 s
currentSize : 13 <-- 0.008818 s
currentSize : 14 <-- 0.013247 s
currentSize : 15 <-- 0.129716 s

maxsize : 15
nodes : 3534569.000000
filtered : 74258983.000000
time : 13.775374


Display solution 

0 --> 8
1 --> 5
2 --> 16
3 --> 12
4 --> 19
5 --> 6
9 --> 3
11 --> 1
12 --> 0
15 --> 10
16 --> 21
17 --> 4
22 --> 2
23 --> 11
24 --> 13
