Parameters: GAD=1 vflib=1 dir=0 label=0 lowerbound=1 fileNameGp=../../cp2016-max-common-connected-subgraph-paper/datasets/graphsdb/mcs50/m4D/m4Dr6/mcs50_m4Dr6_s30.A01 fileNameGt=../../cp2016-max-common-connected-subgraph-paper/datasets/graphsdb/mcs50/m4D/m4Dr6/mcs50_m4Dr6_s30.B01
Reading graphs...
30 :  67
30 :  68
Initializing...
maxdom : 30
D->valSize : 900
Solving...
Blb : 5 (clique : 15)
currentSize : 15 <-- 0.011562 s
currentSize : 16 <-- 0.012046 s
currentSize : 17 <-- 0.012074 s
currentSize : 18 <-- 0.012210 s
currentSize : 19 <-- 0.013061 s
currentSize : 20 <-- 0.209284 s
currentSize : 21 <-- 2.762002 s

maxsize : 21
nodes : 9336610.000000
filtered : 394928034.000000
time : 55.127808


Display solution 

0 --> 14
1 --> 26
2 --> 8
3 --> 4
4 --> 11
6 --> 17
7 --> 28
8 --> 3
9 --> 15
11 --> 19
12 --> 24
16 --> 29
17 --> 2
18 --> 6
20 --> 9
21 --> 1
22 --> 13
23 --> 20
26 --> 0
27 --> 18
29 --> 16
