Parameters: GAD=1 vflib=1 dir=0 label=0 lowerbound=1 fileNameGp=../../cp2016-max-common-connected-subgraph-paper/datasets/graphsdb/mcs50/rand/r01/mcs50_r01_s50.A09 fileNameGt=../../cp2016-max-common-connected-subgraph-paper/datasets/graphsdb/mcs50/rand/r01/mcs50_r01_s50.B09
Reading graphs...
50 :  235
50 :  233
Initializing...
maxdom : 50
D->valSize : 2500
Solving...
Blb : 2 (clique : 17)
currentSize : 17 <-- 0.084499 s
currentSize : 18 <-- 0.084754 s
currentSize : 19 <-- 0.085903 s
currentSize : 20 <-- 0.141195 s
currentSize : 21 <-- 0.877781 s
currentSize : 22 <-- 28.629076 s
currentSize : 23 <-- 47.204697 s

TIMEOUT
maxsize : 23
nodes : 196591785.000000
filtered : 4131844805.000000
time : 1000.000061


Display solution 

0 --> 43
1 --> 44
3 --> 12
4 --> 36
7 --> 42
11 --> 8
12 --> 34
14 --> 41
15 --> 25
16 --> 27
18 --> 6
23 --> 3
28 --> 10
29 --> 39
31 --> 35
32 --> 7
36 --> 21
38 --> 0
40 --> 24
43 --> 9
44 --> 30
47 --> 2
49 --> 29
