Parameters: GAD=1 vflib=1 dir=0 label=0 lowerbound=1 fileNameGp=../../cp2016-max-common-connected-subgraph-paper/datasets/graphsdb/mcs50/m4D/m4Dr6/mcs50_m4Dr6_s35.A02 fileNameGt=../../cp2016-max-common-connected-subgraph-paper/datasets/graphsdb/mcs50/m4D/m4Dr6/mcs50_m4Dr6_s35.B02
Reading graphs...
35 :  82
35 :  79
Initializing...
maxdom : 35
D->valSize : 1225
Solving...
Blb : 2 (clique : 18)
currentSize : 18 <-- 0.020110 s
currentSize : 19 <-- 0.023418 s
currentSize : 20 <-- 0.025251 s
currentSize : 21 <-- 0.028217 s
currentSize : 22 <-- 0.117557 s
currentSize : 23 <-- 4.009410 s

TIMEOUT
maxsize : 23
nodes : 158010540.000000
filtered : 7657795794.000000
time : 1000.000000


Display solution 

0 --> 19
1 --> 2
2 --> 11
3 --> 7
4 --> 29
5 --> 23
9 --> 6
10 --> 13
11 --> 14
12 --> 10
13 --> 0
14 --> 1
15 --> 12
16 --> 33
18 --> 16
19 --> 15
21 --> 22
23 --> 28
28 --> 9
29 --> 20
30 --> 27
31 --> 8
32 --> 24
