Parameters: GAD=1 vflib=1 dir=0 label=0 lowerbound=1 fileNameGp=../../cp2016-max-common-connected-subgraph-paper/datasets/graphsdb/mcs50/bvg/b03/mcs50_b03_s50.A03 fileNameGt=../../cp2016-max-common-connected-subgraph-paper/datasets/graphsdb/mcs50/bvg/b03/mcs50_b03_s50.B03
Reading graphs...
50 :  75
50 :  74
Initializing...
maxdom : 50
D->valSize : 2500
Solving...
Blb : 2 (clique : 29)
currentSize : 29 <-- 0.121443 s
currentSize : 30 <-- 0.121823 s
currentSize : 31 <-- 5.103555 s
currentSize : 32 <-- 114.521278 s

TIMEOUT
maxsize : 32
nodes : 363132714.000000
filtered : 4898961903.000000
time : 1000.000000


Display solution 

0 --> 15
1 --> 26
3 --> 37
4 --> 18
5 --> 5
6 --> 10
7 --> 36
9 --> 21
10 --> 41
11 --> 32
12 --> 42
13 --> 2
15 --> 38
16 --> 13
17 --> 27
18 --> 33
19 --> 20
20 --> 4
27 --> 43
28 --> 14
29 --> 7
30 --> 9
31 --> 11
32 --> 46
35 --> 22
36 --> 30
37 --> 12
39 --> 47
40 --> 19
46 --> 8
48 --> 17
49 --> 49
