Parameters: GAD=1 vflib=1 dir=0 label=0 lowerbound=1 fileNameGp=../../cp2016-max-common-connected-subgraph-paper/datasets/graphsdb/mcs50/m2D/m2Dr2/mcs50_m2Dr2_s30.A04 fileNameGt=../../cp2016-max-common-connected-subgraph-paper/datasets/graphsdb/mcs50/m2D/m2Dr2/mcs50_m2Dr2_s30.B04
Reading graphs...
30 :  55
30 :  55
Initializing...
maxdom : 30
D->valSize : 900
Solving...
Blb : 2 (clique : 17)
currentSize : 17 <-- 0.019529 s
currentSize : 18 <-- 0.020552 s
currentSize : 19 <-- 0.020804 s
currentSize : 20 <-- 0.033180 s
currentSize : 21 <-- 0.221872 s
currentSize : 22 <-- 28.951740 s

maxsize : 22
nodes : 8905149.000000
filtered : 342176768.000000
time : 50.087555


Display solution 

0 --> 29
1 --> 6
2 --> 8
3 --> 7
4 --> 24
5 --> 9
6 --> 20
7 --> 2
11 --> 5
13 --> 21
14 --> 0
15 --> 13
16 --> 23
17 --> 18
18 --> 3
19 --> 19
20 --> 12
21 --> 4
23 --> 14
26 --> 15
27 --> 25
29 --> 17
