Parameters: GAD=1 vflib=1 dir=0 label=0 lowerbound=1 fileNameGp=../../cp2016-max-common-connected-subgraph-paper/datasets/graphsdb/mcs50/rand/r01/mcs50_r01_s40.A00 fileNameGt=../../cp2016-max-common-connected-subgraph-paper/datasets/graphsdb/mcs50/rand/r01/mcs50_r01_s40.B00
Reading graphs...
40 :  151
40 :  148
Initializing...
maxdom : 40
D->valSize : 1600
Solving...
Blb : 2 (clique : 16)
currentSize : 16 <-- 0.032409 s
currentSize : 17 <-- 0.034961 s
currentSize : 18 <-- 0.035786 s
currentSize : 19 <-- 0.137130 s
currentSize : 20 <-- 0.154034 s
currentSize : 21 <-- 89.440048 s

TIMEOUT
maxsize : 21
nodes : 207783706.000000
filtered : 4930523773.000000
time : 1000.000000


Display solution 

0 --> 10
2 --> 21
3 --> 28
4 --> 22
8 --> 2
10 --> 30
12 --> 35
14 --> 33
16 --> 34
18 --> 7
22 --> 12
23 --> 13
24 --> 38
29 --> 14
30 --> 15
31 --> 16
32 --> 36
33 --> 4
37 --> 27
38 --> 11
39 --> 29
