Parameters: GAD=1 vflib=1 dir=0 label=0 lowerbound=1 fileNameGp=../../cp2016-max-common-connected-subgraph-paper/datasets/graphsdb/mcs50/m4D/m4Dr4/mcs50_m4Dr4_s30.A03 fileNameGt=../../cp2016-max-common-connected-subgraph-paper/datasets/graphsdb/mcs50/m4D/m4Dr4/mcs50_m4Dr4_s30.B03
Reading graphs...
30 :  65
30 :  65
Initializing...
maxdom : 30
D->valSize : 900
Solving...
Blb : 2 (clique : 16)
currentSize : 16 <-- 0.018975 s
currentSize : 17 <-- 0.027585 s
currentSize : 18 <-- 0.031929 s
currentSize : 19 <-- 0.032120 s
currentSize : 20 <-- 0.533470 s
currentSize : 21 <-- 10.562144 s

maxsize : 21
nodes : 7442446.000000
filtered : 294492580.000000
time : 42.083576


Display solution 

0 --> 11
1 --> 14
2 --> 29
3 --> 15
4 --> 20
5 --> 12
9 --> 6
10 --> 7
11 --> 17
12 --> 5
15 --> 3
17 --> 4
18 --> 28
19 --> 13
20 --> 23
21 --> 2
22 --> 0
24 --> 10
25 --> 24
26 --> 8
27 --> 21
