Parameters: GAD=1 vflib=1 dir=0 label=0 lowerbound=1 fileNameGp=../../cp2016-max-common-connected-subgraph-paper/datasets/graphsdb/mcs50/bvg/b03/mcs50_b03_s30.A05 fileNameGt=../../cp2016-max-common-connected-subgraph-paper/datasets/graphsdb/mcs50/bvg/b03/mcs50_b03_s30.B05
Reading graphs...
30 :  45
30 :  45
Initializing...
maxdom : 30
D->valSize : 900
Solving...
Blb : 2 (clique : 16)
currentSize : 16 <-- 0.019448 s
currentSize : 17 <-- 0.019637 s
currentSize : 18 <-- 0.020897 s
currentSize : 19 <-- 0.059786 s
currentSize : 20 <-- 0.186486 s
currentSize : 21 <-- 0.582344 s
currentSize : 22 <-- 0.874411 s
currentSize : 23 <-- 611.848694 s

maxsize : 23
nodes : 119954485.000000
filtered : 4663829308.000000
time : 656.492004


Display solution 

0 --> 10
1 --> 3
2 --> 25
3 --> 18
4 --> 23
5 --> 1
6 --> 24
7 --> 16
8 --> 28
9 --> 14
13 --> 21
15 --> 13
16 --> 19
17 --> 5
18 --> 17
20 --> 15
21 --> 7
23 --> 20
24 --> 29
26 --> 8
27 --> 26
28 --> 0
29 --> 9
