Parameters: GAD=1 vflib=1 dir=0 label=0 lowerbound=1 fileNameGp=../../cp2016-max-common-connected-subgraph-paper/datasets/graphsdb/mcs50/bvg/b09m/mcs50_b09m_s20.A01 fileNameGt=../../cp2016-max-common-connected-subgraph-paper/datasets/graphsdb/mcs50/bvg/b09m/mcs50_b09m_s20.B01
Reading graphs...
20 :  79
20 :  79
Initializing...
maxdom : 20
D->valSize : 400
Solving...
Blb : 2 (clique : 8)
currentSize : 8 <-- 0.003472 s
currentSize : 9 <-- 0.004043 s
currentSize : 10 <-- 0.007130 s
currentSize : 11 <-- 0.009499 s
currentSize : 12 <-- 0.026880 s

maxsize : 12
nodes : 125109.000000
filtered : 2190726.000000
time : 0.423678


Display solution 

0 --> 14
2 --> 12
5 --> 15
6 --> 5
7 --> 13
8 --> 16
11 --> 3
12 --> 9
13 --> 11
15 --> 19
16 --> 2
17 --> 7
