Parameters: GAD=1 vflib=1 dir=0 label=0 lowerbound=1 fileNameGp=../../cp2016-max-common-connected-subgraph-paper/datasets/graphsdb/mcs50/rand/r02/mcs50_r02_s40.A01 fileNameGt=../../cp2016-max-common-connected-subgraph-paper/datasets/graphsdb/mcs50/rand/r02/mcs50_r02_s40.B01
Reading graphs...
40 :  279
40 :  282
Initializing...
maxdom : 40
D->valSize : 1600
Solving...
Blb : 2 (clique : 12)
currentSize : 12 <-- 0.029388 s
currentSize : 13 <-- 0.030143 s
currentSize : 14 <-- 0.036471 s
currentSize : 15 <-- 1.229324 s
currentSize : 16 <-- 52.457642 s

TIMEOUT
maxsize : 16
nodes : 255546088.000000
filtered : 3397509263.000000
time : 1000.000000


Display solution 

0 --> 9
1 --> 1
3 --> 39
4 --> 25
6 --> 35
7 --> 20
15 --> 4
21 --> 28
25 --> 16
28 --> 31
30 --> 36
32 --> 12
33 --> 34
34 --> 27
38 --> 11
39 --> 23
