Parameters: GAD=1 vflib=1 dir=0 label=0 lowerbound=1 fileNameGp=../../cp2016-max-common-connected-subgraph-paper/datasets/graphsdb/mcs50/bvg/b09/mcs50_b09_s35.A07 fileNameGt=../../cp2016-max-common-connected-subgraph-paper/datasets/graphsdb/mcs50/bvg/b09/mcs50_b09_s35.B07
Reading graphs...
35 :  153
35 :  154
Initializing...
maxdom : 35
D->valSize : 1225
Solving...
Blb : 2 (clique : 13)
currentSize : 13 <-- 0.031323 s
currentSize : 14 <-- 0.031583 s
currentSize : 15 <-- 0.039802 s
currentSize : 16 <-- 0.083226 s
currentSize : 17 <-- 1.082724 s
currentSize : 18 <-- 52.993843 s
currentSize : 19 <-- 54.416679 s
currentSize : 20 <-- 54.544098 s
currentSize : 21 <-- 54.560635 s

maxsize : 21
nodes : 51683404.000000
filtered : 1812843618.000000
time : 286.498657


Display solution 

0 --> 17
2 --> 1
3 --> 6
4 --> 32
6 --> 3
7 --> 23
8 --> 16
9 --> 8
10 --> 27
12 --> 10
13 --> 13
14 --> 7
15 --> 12
16 --> 0
17 --> 5
20 --> 30
21 --> 20
22 --> 26
24 --> 22
27 --> 2
30 --> 15
