Parameters: GAD=1 vflib=1 dir=0 label=0 lowerbound=1 fileNameGp=../../cp2016-max-common-connected-subgraph-paper/datasets/graphsdb/mcs50/rand/r01/mcs50_r01_s15.A04 fileNameGt=../../cp2016-max-common-connected-subgraph-paper/datasets/graphsdb/mcs50/rand/r01/mcs50_r01_s15.B04
Reading graphs...
15 :  21
15 :  22
Initializing...
maxdom : 15
D->valSize : 225
Solving...
Blb : 2 (clique : 9)
currentSize : 9 <-- 0.001560 s
currentSize : 10 <-- 0.001871 s
currentSize : 11 <-- 0.003787 s

maxsize : 11
nodes : 10174.000000
filtered : 130043.000000
time : 0.042305


Display solution 

0 --> 3
1 --> 7
2 --> 6
3 --> 10
4 --> 8
5 --> 11
6 --> 4
7 --> 14
10 --> 0
13 --> 13
14 --> 12
