Parameters: GAD=1 vflib=1 dir=0 label=0 lowerbound=1 fileNameGp=../../cp2016-max-common-connected-subgraph-paper/datasets/graphsdb/mcs50/m2D/m2Dr2/mcs50_m2Dr2_s50.A02 fileNameGt=../../cp2016-max-common-connected-subgraph-paper/datasets/graphsdb/mcs50/m2D/m2Dr2/mcs50_m2Dr2_s50.B02
Reading graphs...
50 :  92
50 :  93
Initializing...
maxdom : 50
D->valSize : 2500
Solving...
Blb : 2 (clique : 26)
currentSize : 26 <-- 0.097069 s
currentSize : 27 <-- 0.097451 s
currentSize : 28 <-- 1.243762 s
currentSize : 29 <-- 1.816468 s
currentSize : 30 <-- 1.867848 s
currentSize : 31 <-- 2.861253 s
currentSize : 32 <-- 3.093737 s
currentSize : 33 <-- 22.067942 s
currentSize : 34 <-- 65.689430 s
currentSize : 35 <-- 676.695251 s

TIMEOUT
maxsize : 35
nodes : 110082195.000000
filtered : 6195558674.000000
time : 1000.000061


Display solution 

0 --> 20
1 --> 34
2 --> 30
4 --> 37
6 --> 28
7 --> 3
8 --> 48
9 --> 8
10 --> 45
11 --> 17
12 --> 14
13 --> 39
16 --> 25
20 --> 22
21 --> 10
22 --> 40
23 --> 12
24 --> 0
26 --> 4
27 --> 33
28 --> 11
29 --> 5
30 --> 15
31 --> 21
32 --> 26
35 --> 13
36 --> 2
37 --> 43
38 --> 6
42 --> 35
43 --> 47
44 --> 9
47 --> 38
48 --> 24
49 --> 31
