Parameters: GAD=1 vflib=1 dir=0 label=0 lowerbound=1 fileNameGp=../../cp2016-max-common-connected-subgraph-paper/datasets/graphsdb/mcs50/m3D/m3Dr2/mcs50_m3Dr2_s20.A07 fileNameGt=../../cp2016-max-common-connected-subgraph-paper/datasets/graphsdb/mcs50/m3D/m3Dr2/mcs50_m3Dr2_s20.B07
Reading graphs...
20 :  41
20 :  41
Initializing...
maxdom : 20
D->valSize : 400
Solving...
Blb : 2 (clique : 10)
currentSize : 10 <-- 0.002278 s
currentSize : 11 <-- 0.002334 s
currentSize : 12 <-- 0.003123 s
currentSize : 13 <-- 0.005749 s
currentSize : 14 <-- 0.118544 s

maxsize : 14
nodes : 84575.000000
filtered : 1555415.000000
time : 0.289126


Display solution 

0 --> 2
2 --> 6
4 --> 9
5 --> 11
7 --> 13
10 --> 0
11 --> 14
12 --> 19
14 --> 5
15 --> 10
16 --> 18
17 --> 16
18 --> 4
19 --> 7
