Parameters: GAD=1 vflib=1 dir=0 label=0 lowerbound=1 fileNameGp=../../cp2016-max-common-connected-subgraph-paper/datasets/graphsdb/mcs50/bvg/b03m/mcs50_b03m_s25.A06 fileNameGt=../../cp2016-max-common-connected-subgraph-paper/datasets/graphsdb/mcs50/bvg/b03m/mcs50_b03m_s25.B06
Reading graphs...
25 :  36
25 :  37
Initializing...
maxdom : 25
D->valSize : 625
Solving...
Blb : 2 (clique : 15)
currentSize : 15 <-- 0.005386 s
currentSize : 16 <-- 0.005472 s
currentSize : 17 <-- 0.023152 s
currentSize : 18 <-- 0.043661 s
currentSize : 19 <-- 0.192195 s

maxsize : 19
nodes : 578730.000000
filtered : 19609634.000000
time : 2.932524


Display solution 

0 --> 12
1 --> 17
3 --> 13
4 --> 2
5 --> 24
6 --> 6
8 --> 23
9 --> 3
12 --> 10
13 --> 14
14 --> 0
15 --> 15
16 --> 5
17 --> 9
18 --> 19
20 --> 11
21 --> 20
22 --> 1
24 --> 18
