Parameters: GAD=1 vflib=1 dir=0 label=0 lowerbound=1 fileNameGp=../../cp2016-max-common-connected-subgraph-paper/datasets/graphsdb/mcs50/m2D/m2Dr4/mcs50_m2Dr4_s40.A07 fileNameGt=../../cp2016-max-common-connected-subgraph-paper/datasets/graphsdb/mcs50/m2D/m2Dr4/mcs50_m2Dr4_s40.B07
Reading graphs...
40 :  81
40 :  79
Initializing...
maxdom : 40
D->valSize : 1600
Solving...
Blb : 2 (clique : 21)
currentSize : 21 <-- 0.060253 s
currentSize : 22 <-- 0.061285 s
currentSize : 23 <-- 0.114679 s
currentSize : 24 <-- 0.115473 s
currentSize : 25 <-- 0.290413 s
currentSize : 26 <-- 1.833059 s
currentSize : 27 <-- 2.323788 s
currentSize : 28 <-- 588.201721 s

TIMEOUT
maxsize : 28
nodes : 126461376.000000
filtered : 7333548487.000000
time : 1000.000000


Display solution 

0 --> 35
1 --> 2
2 --> 14
4 --> 12
5 --> 26
6 --> 32
7 --> 37
10 --> 20
11 --> 7
12 --> 3
14 --> 36
15 --> 0
16 --> 1
18 --> 16
19 --> 38
20 --> 39
21 --> 25
22 --> 4
23 --> 5
24 --> 11
27 --> 15
28 --> 30
31 --> 29
32 --> 13
33 --> 18
35 --> 10
36 --> 21
38 --> 17
