Parameters: GAD=1 vflib=1 dir=0 label=0 lowerbound=1 fileNameGp=../../cp2016-max-common-connected-subgraph-paper/datasets/graphsdb/mcs50/m4D/m4Dr6/mcs50_m4Dr6_s30.A04 fileNameGt=../../cp2016-max-common-connected-subgraph-paper/datasets/graphsdb/mcs50/m4D/m4Dr6/mcs50_m4Dr6_s30.B04
Reading graphs...
30 :  71
30 :  71
Initializing...
maxdom : 30
D->valSize : 900
Solving...
Blb : 2 (clique : 14)
currentSize : 14 <-- 0.010816 s
currentSize : 15 <-- 0.010944 s
currentSize : 16 <-- 0.011338 s
currentSize : 17 <-- 0.011450 s
currentSize : 18 <-- 0.070572 s
currentSize : 19 <-- 0.208874 s
currentSize : 20 <-- 31.915108 s

maxsize : 20
nodes : 31371550.000000
filtered : 1174535483.000000
time : 168.473709


Display solution 

0 --> 2
2 --> 26
3 --> 24
4 --> 29
6 --> 6
7 --> 27
8 --> 12
12 --> 4
14 --> 14
15 --> 16
16 --> 1
17 --> 20
19 --> 17
20 --> 22
22 --> 3
23 --> 13
24 --> 25
26 --> 11
27 --> 23
28 --> 0
