Parameters: GAD=1 vflib=1 dir=0 label=0 lowerbound=1 fileNameGp=../../cp2016-max-common-connected-subgraph-paper/datasets/graphsdb/mcs50/bvg/b03m/mcs50_b03m_s35.A04 fileNameGt=../../cp2016-max-common-connected-subgraph-paper/datasets/graphsdb/mcs50/bvg/b03m/mcs50_b03m_s35.B04
Reading graphs...
35 :  51
35 :  51
Initializing...
maxdom : 35
D->valSize : 1225
Solving...
Blb : 2 (clique : 22)
currentSize : 22 <-- 0.036529 s
currentSize : 23 <-- 0.037657 s
currentSize : 24 <-- 0.051896 s
currentSize : 25 <-- 0.066553 s
currentSize : 26 <-- 3.717245 s
currentSize : 27 <-- 8.558810 s

TIMEOUT
maxsize : 27
nodes : 126090431.000000
filtered : 6646162843.000000
time : 1000.000000


Display solution 

0 --> 24
2 --> 28
3 --> 4
4 --> 34
5 --> 9
6 --> 6
7 --> 26
8 --> 20
9 --> 27
10 --> 17
11 --> 13
12 --> 7
13 --> 0
14 --> 33
16 --> 25
18 --> 30
19 --> 11
20 --> 12
21 --> 22
22 --> 19
23 --> 5
25 --> 14
26 --> 29
28 --> 3
29 --> 23
30 --> 21
31 --> 15
