Parameters: GAD=1 vflib=1 dir=0 label=0 lowerbound=1 fileNameGp=../../cp2016-max-common-connected-subgraph-paper/datasets/graphsdb/mcs50/rand/r02/mcs50_r02_s40.A09 fileNameGt=../../cp2016-max-common-connected-subgraph-paper/datasets/graphsdb/mcs50/rand/r02/mcs50_r02_s40.B09
Reading graphs...
40 :  281
40 :  283
Initializing...
maxdom : 40
D->valSize : 1600
Solving...
Blb : 2 (clique : 11)
currentSize : 11 <-- 0.029228 s
currentSize : 12 <-- 0.029453 s
currentSize : 13 <-- 0.029616 s
currentSize : 14 <-- 0.050064 s
currentSize : 15 <-- 1.388648 s
currentSize : 16 <-- 37.390549 s

TIMEOUT
maxsize : 16
nodes : 262895297.000000
filtered : 3031679432.000000
time : 1000.000000


Display solution 

0 --> 14
2 --> 31
6 --> 25
8 --> 39
10 --> 18
16 --> 38
19 --> 37
22 --> 33
24 --> 21
26 --> 30
27 --> 10
28 --> 28
31 --> 34
32 --> 13
37 --> 22
38 --> 12
