Parameters: GAD=1 vflib=1 dir=0 label=0 lowerbound=1 fileNameGp=../../cp2016-max-common-connected-subgraph-paper/datasets/graphsdb/mcs50/m2D/m2Dr2/mcs50_m2Dr2_s40.A04 fileNameGt=../../cp2016-max-common-connected-subgraph-paper/datasets/graphsdb/mcs50/m2D/m2Dr2/mcs50_m2Dr2_s40.B04
Reading graphs...
40 :  75
40 :  74
Initializing...
maxdom : 40
D->valSize : 1600
Solving...
Blb : 2 (clique : 23)
currentSize : 23 <-- 0.035443 s
currentSize : 24 <-- 0.035976 s
currentSize : 25 <-- 0.040868 s
currentSize : 26 <-- 0.076623 s
currentSize : 27 <-- 0.484161 s
currentSize : 28 <-- 1.612726 s

TIMEOUT
maxsize : 28
nodes : 126145462.000000
filtered : 7104798681.000000
time : 1000.000000


Display solution 

0 --> 19
1 --> 13
2 --> 26
3 --> 1
4 --> 23
8 --> 34
9 --> 36
10 --> 5
12 --> 9
13 --> 22
14 --> 20
15 --> 16
16 --> 25
17 --> 0
18 --> 37
20 --> 2
23 --> 12
24 --> 30
25 --> 10
26 --> 7
28 --> 24
29 --> 11
30 --> 14
34 --> 29
35 --> 18
37 --> 17
38 --> 15
39 --> 8
