Parameters: GAD=1 vflib=1 dir=0 label=0 lowerbound=1 fileNameGp=../../cp2016-max-common-connected-subgraph-paper/datasets/graphsdb/mcs50/rand/r005/mcs50_r005_s50.A09 fileNameGt=../../cp2016-max-common-connected-subgraph-paper/datasets/graphsdb/mcs50/rand/r005/mcs50_r005_s50.B09
Reading graphs...
50 :  121
50 :  119
Initializing...
maxdom : 50
D->valSize : 2500
Solving...
Blb : 2 (clique : 27)
currentSize : 27 <-- 0.093343 s
currentSize : 28 <-- 0.119313 s
currentSize : 29 <-- 0.262320 s
currentSize : 30 <-- 0.350213 s
currentSize : 31 <-- 1.176883 s
currentSize : 32 <-- 78.609673 s

TIMEOUT
maxsize : 32
nodes : 116235702.000000
filtered : 6551603091.000000
time : 1000.000000


Display solution 

0 --> 24
2 --> 37
5 --> 13
7 --> 20
8 --> 7
9 --> 40
10 --> 1
12 --> 34
13 --> 28
14 --> 17
15 --> 4
19 --> 45
21 --> 25
22 --> 44
23 --> 43
25 --> 48
27 --> 33
28 --> 36
29 --> 12
30 --> 41
32 --> 5
33 --> 31
34 --> 19
35 --> 9
36 --> 14
38 --> 23
39 --> 35
42 --> 11
45 --> 27
46 --> 18
47 --> 42
49 --> 26
