Parameters: GAD=1 vflib=1 dir=0 label=0 lowerbound=1 fileNameGp=../../cp2016-max-common-connected-subgraph-paper/datasets/graphsdb/mcs50/bvg/b03/mcs50_b03_s40.A03 fileNameGt=../../cp2016-max-common-connected-subgraph-paper/datasets/graphsdb/mcs50/bvg/b03/mcs50_b03_s40.B03
Reading graphs...
40 :  60
40 :  60
Initializing...
maxdom : 40
D->valSize : 1600
Solving...
Blb : 2 (clique : 25)
currentSize : 25 <-- 0.036152 s
currentSize : 26 <-- 0.036409 s
currentSize : 27 <-- 0.036428 s
currentSize : 28 <-- 0.039533 s
currentSize : 29 <-- 0.162785 s
currentSize : 30 <-- 185.513321 s
currentSize : 31 <-- 877.060913 s

TIMEOUT
maxsize : 31
nodes : 123753034.000000
filtered : 6935252072.000000
time : 1000.000000


Display solution 

0 --> 1
1 --> 33
2 --> 38
3 --> 23
4 --> 0
5 --> 7
6 --> 16
7 --> 30
8 --> 31
10 --> 18
11 --> 8
12 --> 22
13 --> 26
19 --> 6
20 --> 28
21 --> 19
22 --> 34
23 --> 27
24 --> 36
25 --> 39
26 --> 24
27 --> 35
29 --> 25
30 --> 10
31 --> 15
32 --> 14
33 --> 37
34 --> 20
35 --> 3
36 --> 29
39 --> 32
