Parameters: GAD=1 vflib=1 dir=0 label=0 lowerbound=1 fileNameGp=../../cp2016-max-common-connected-subgraph-paper/datasets/graphsdb/mcs50/rand/r005/mcs50_r005_s50.A02 fileNameGt=../../cp2016-max-common-connected-subgraph-paper/datasets/graphsdb/mcs50/rand/r005/mcs50_r005_s50.B02
Reading graphs...
50 :  117
50 :  118
Initializing...
maxdom : 50
D->valSize : 2500
Solving...
Blb : 2 (clique : 25)
currentSize : 25 <-- 0.092943 s
currentSize : 26 <-- 0.094672 s
currentSize : 27 <-- 0.100354 s
currentSize : 28 <-- 0.119009 s
currentSize : 29 <-- 0.532935 s
currentSize : 30 <-- 15.736208 s
currentSize : 31 <-- 237.231964 s

TIMEOUT
maxsize : 31
nodes : 155339289.000000
filtered : 5041438042.000000
time : 1000.000000


Display solution 

0 --> 2
1 --> 43
3 --> 12
5 --> 30
6 --> 49
7 --> 44
8 --> 24
9 --> 10
10 --> 19
12 --> 25
13 --> 17
15 --> 7
17 --> 22
19 --> 35
20 --> 14
22 --> 3
23 --> 31
24 --> 5
25 --> 28
29 --> 8
31 --> 9
32 --> 13
34 --> 46
35 --> 42
38 --> 39
39 --> 33
41 --> 40
43 --> 36
45 --> 16
46 --> 6
49 --> 34
