Parameters: GAD=1 vflib=1 dir=0 label=0 lowerbound=1 fileNameGp=../../cp2016-max-common-connected-subgraph-paper/datasets/graphsdb/mcs50/rand/r02/mcs50_r02_s40.A08 fileNameGt=../../cp2016-max-common-connected-subgraph-paper/datasets/graphsdb/mcs50/rand/r02/mcs50_r02_s40.B08
Reading graphs...
40 :  276
40 :  280
Initializing...
maxdom : 40
D->valSize : 1600
Solving...
Blb : 2 (clique : 11)
currentSize : 11 <-- 0.050486 s
currentSize : 12 <-- 0.050639 s
currentSize : 13 <-- 0.050684 s
currentSize : 14 <-- 0.050888 s
currentSize : 15 <-- 0.332410 s
currentSize : 16 <-- 98.603241 s

TIMEOUT
maxsize : 16
nodes : 263009227.000000
filtered : 3084177953.000000
time : 1000.000000


Display solution 

0 --> 19
2 --> 14
4 --> 13
5 --> 37
6 --> 35
9 --> 39
11 --> 31
12 --> 4
18 --> 26
23 --> 29
24 --> 17
26 --> 8
27 --> 16
28 --> 33
34 --> 18
36 --> 12
