Parameters: GAD=1 vflib=1 dir=0 label=0 lowerbound=1 fileNameGp=../../cp2016-max-common-connected-subgraph-paper/datasets/graphsdb/mcs50/m3D/m3Dr6/mcs50_m3Dr6_s50.A00 fileNameGt=../../cp2016-max-common-connected-subgraph-paper/datasets/graphsdb/mcs50/m3D/m3Dr6/mcs50_m3Dr6_s50.B00
Reading graphs...
50 :  135
50 :  137
Initializing...
maxdom : 50
D->valSize : 2500
Solving...
Blb : 2 (clique : 23)
currentSize : 23 <-- 0.126067 s
currentSize : 24 <-- 0.126387 s
currentSize : 25 <-- 0.126936 s
currentSize : 26 <-- 0.136164 s
currentSize : 27 <-- 0.221108 s
currentSize : 28 <-- 1.387407 s
currentSize : 29 <-- 36.972919 s
currentSize : 30 <-- 90.909103 s

TIMEOUT
maxsize : 30
nodes : 141236026.000000
filtered : 5739438419.000000
time : 1000.000000


Display solution 

0 --> 35
1 --> 2
3 --> 28
4 --> 45
6 --> 32
10 --> 18
11 --> 42
13 --> 5
15 --> 34
17 --> 27
18 --> 25
21 --> 24
23 --> 22
24 --> 12
25 --> 7
26 --> 26
27 --> 47
28 --> 14
31 --> 33
34 --> 8
35 --> 46
36 --> 31
38 --> 6
39 --> 0
40 --> 9
41 --> 4
42 --> 19
44 --> 44
45 --> 1
49 --> 3
