Parameters: GAD=1 vflib=1 dir=0 label=0 lowerbound=1 fileNameGp=../../cp2016-max-common-connected-subgraph-paper/datasets/graphsdb/mcs50/bvg/b09/mcs50_b09_s50.A09 fileNameGt=../../cp2016-max-common-connected-subgraph-paper/datasets/graphsdb/mcs50/bvg/b09/mcs50_b09_s50.B09
Reading graphs...
50 :  221
50 :  220
Initializing...
maxdom : 50
D->valSize : 2500
Solving...
Blb : 2 (clique : 18)
currentSize : 18 <-- 0.085545 s
currentSize : 20 <-- 0.085803 s
currentSize : 21 <-- 0.085856 s
currentSize : 22 <-- 0.164107 s
currentSize : 23 <-- 0.171784 s
currentSize : 24 <-- 421.662231 s

TIMEOUT
maxsize : 24
nodes : 182758252.000000
filtered : 4709285708.000000
time : 1000.000061


Display solution 

0 --> 44
1 --> 36
2 --> 28
6 --> 31
7 --> 27
8 --> 49
13 --> 21
14 --> 42
17 --> 23
18 --> 4
20 --> 9
21 --> 48
22 --> 10
23 --> 38
24 --> 22
26 --> 37
28 --> 0
34 --> 33
35 --> 13
36 --> 29
39 --> 24
42 --> 8
44 --> 43
48 --> 14
