Parameters: GAD=1 vflib=1 dir=0 label=0 lowerbound=1 fileNameGp=../../cp2016-max-common-connected-subgraph-paper/datasets/graphsdb/mcs50/m4D/m4Dr2/mcs50_m4Dr2_s35.A05 fileNameGt=../../cp2016-max-common-connected-subgraph-paper/datasets/graphsdb/mcs50/m4D/m4Dr2/mcs50_m4Dr2_s35.B05
Reading graphs...
35 :  68
35 :  69
Initializing...
maxdom : 35
D->valSize : 1225
Solving...
Blb : 2 (clique : 20)
currentSize : 20 <-- 0.020627 s
currentSize : 21 <-- 0.029641 s
currentSize : 22 <-- 1.300101 s
currentSize : 23 <-- 4.503716 s
currentSize : 24 <-- 11.646171 s
currentSize : 25 <-- 12.819053 s

TIMEOUT
maxsize : 25
nodes : 134451673.000000
filtered : 8244907519.000000
time : 1000.000000


Display solution 

0 --> 22
1 --> 19
2 --> 3
5 --> 8
6 --> 33
7 --> 12
8 --> 31
9 --> 32
13 --> 7
16 --> 24
17 --> 34
18 --> 1
19 --> 10
20 --> 23
22 --> 28
23 --> 27
24 --> 20
25 --> 15
27 --> 29
28 --> 18
29 --> 5
30 --> 17
31 --> 25
33 --> 0
34 --> 16
