Parameters: GAD=1 vflib=1 dir=0 label=0 lowerbound=1 fileNameGp=../../cp2016-max-common-connected-subgraph-paper/datasets/graphsdb/mcs50/m2D/m2Dr4/mcs50_m2Dr4_s10.A06 fileNameGt=../../cp2016-max-common-connected-subgraph-paper/datasets/graphsdb/mcs50/m2D/m2Dr4/mcs50_m2Dr4_s10.B06
Reading graphs...
10 :  17
10 :  17
Initializing...
maxdom : 10
D->valSize : 100
Solving...
Blb : 2 (clique : 7)
currentSize : 7 <-- 0.000585 s
currentSize : 8 <-- 0.001153 s

maxsize : 8
nodes : 310.000000
filtered : 3703.000000
time : 0.001239


Display solution 

1 --> 3
2 --> 7
3 --> 8
4 --> 0
5 --> 5
6 --> 1
8 --> 2
9 --> 4
