Parameters: GAD=1 vflib=1 dir=0 label=0 lowerbound=1 fileNameGp=../../cp2016-max-common-connected-subgraph-paper/datasets/graphsdb/mcs50/rand/r01/mcs50_r01_s50.A06 fileNameGt=../../cp2016-max-common-connected-subgraph-paper/datasets/graphsdb/mcs50/rand/r01/mcs50_r01_s50.B06
Reading graphs...
50 :  234
50 :  229
Initializing...
maxdom : 50
D->valSize : 2500
Solving...
Blb : 5 (clique : 17)
currentSize : 17 <-- 0.105701 s
currentSize : 18 <-- 0.105956 s
currentSize : 19 <-- 0.106115 s
currentSize : 20 <-- 0.108135 s
currentSize : 21 <-- 0.275976 s
currentSize : 22 <-- 2.177525 s
currentSize : 23 <-- 934.773682 s

TIMEOUT
maxsize : 23
nodes : 214062590.000000
filtered : 3781375848.000000
time : 1000.000000


Display solution 

0 --> 46
1 --> 13
3 --> 19
4 --> 43
7 --> 23
8 --> 21
9 --> 28
11 --> 14
13 --> 32
14 --> 45
15 --> 1
17 --> 29
20 --> 36
23 --> 18
28 --> 33
29 --> 44
30 --> 17
31 --> 0
32 --> 2
35 --> 7
41 --> 20
45 --> 24
49 --> 26
