Parameters: GAD=1 vflib=1 dir=0 label=0 lowerbound=1 fileNameGp=../../cp2016-max-common-connected-subgraph-paper/datasets/graphsdb/mcs50/bvg/b09/mcs50_b09_s40.A09 fileNameGt=../../cp2016-max-common-connected-subgraph-paper/datasets/graphsdb/mcs50/bvg/b09/mcs50_b09_s40.B09
Reading graphs...
40 :  175
40 :  178
Initializing...
maxdom : 40
D->valSize : 1600
Solving...
Blb : 2 (clique : 15)
currentSize : 15 <-- 0.031513 s
currentSize : 16 <-- 0.035711 s
currentSize : 17 <-- 0.039981 s
currentSize : 18 <-- 0.220713 s
currentSize : 19 <-- 10.214039 s
currentSize : 20 <-- 112.910294 s
currentSize : 21 <-- 113.143616 s
currentSize : 22 <-- 116.966911 s

TIMEOUT
maxsize : 22
nodes : 176261573.000000
filtered : 5952405013.000000
time : 1000.000000


Display solution 

0 --> 18
2 --> 26
3 --> 16
4 --> 1
6 --> 13
7 --> 15
9 --> 30
10 --> 5
11 --> 9
12 --> 2
13 --> 23
14 --> 11
15 --> 37
16 --> 38
17 --> 0
21 --> 22
22 --> 20
28 --> 28
31 --> 3
32 --> 6
33 --> 32
36 --> 29
