Parameters: GAD=1 vflib=1 dir=0 label=0 lowerbound=1 fileNameGp=../../cp2016-max-common-connected-subgraph-paper/datasets/graphsdb/mcs50/m4D/m4Dr6/mcs50_m4Dr6_s30.A07 fileNameGt=../../cp2016-max-common-connected-subgraph-paper/datasets/graphsdb/mcs50/m4D/m4Dr6/mcs50_m4Dr6_s30.B07
Reading graphs...
30 :  69
30 :  70
Initializing...
maxdom : 30
D->valSize : 900
Solving...
Blb : 2 (clique : 15)
currentSize : 15 <-- 0.010446 s
currentSize : 16 <-- 0.010893 s
currentSize : 17 <-- 0.011365 s
currentSize : 18 <-- 0.018419 s
currentSize : 19 <-- 0.042524 s
currentSize : 20 <-- 0.537436 s

maxsize : 20
nodes : 25683527.000000
filtered : 871247226.000000
time : 136.180893


Display solution 

0 --> 0
1 --> 1
2 --> 15
3 --> 21
4 --> 29
5 --> 27
7 --> 4
9 --> 19
10 --> 20
11 --> 23
12 --> 25
13 --> 28
15 --> 8
17 --> 12
18 --> 16
21 --> 9
22 --> 10
25 --> 24
26 --> 17
27 --> 13
