Parameters: GAD=1 vflib=1 dir=0 label=0 lowerbound=1 fileNameGp=../../cp2016-max-common-connected-subgraph-paper/datasets/graphsdb/mcs50/bvg/b09/mcs50_b09_s25.A09 fileNameGt=../../cp2016-max-common-connected-subgraph-paper/datasets/graphsdb/mcs50/bvg/b09/mcs50_b09_s25.B09
Reading graphs...
25 :  110
25 :  110
Initializing...
maxdom : 25
D->valSize : 625
Solving...
Blb : 2 (clique : 10)
currentSize : 10 <-- 0.008132 s
currentSize : 11 <-- 0.008974 s
currentSize : 12 <-- 0.009728 s
currentSize : 13 <-- 0.009832 s
currentSize : 14 <-- 0.040362 s
currentSize : 15 <-- 0.095089 s

maxsize : 15
nodes : 863654.000000
filtered : 19542233.000000
time : 3.490658


Display solution 

0 --> 4
2 --> 24
3 --> 18
4 --> 17
6 --> 21
9 --> 15
10 --> 3
13 --> 6
14 --> 9
17 --> 8
18 --> 0
20 --> 23
22 --> 22
23 --> 7
24 --> 5
