Parameters: GAD=1 vflib=1 dir=0 label=0 lowerbound=1 fileNameGp=../../cp2016-max-common-connected-subgraph-paper/datasets/graphsdb/mcs50/rand/r005/mcs50_r005_s35.A02 fileNameGt=../../cp2016-max-common-connected-subgraph-paper/datasets/graphsdb/mcs50/rand/r005/mcs50_r005_s35.B02
Reading graphs...
35 :  62
35 :  61
Initializing...
maxdom : 35
D->valSize : 1225
Solving...
Blb : 2 (clique : 19)
currentSize : 19 <-- 0.020618 s
currentSize : 20 <-- 0.020789 s
currentSize : 21 <-- 0.022237 s
currentSize : 22 <-- 0.022607 s
currentSize : 23 <-- 0.023938 s
currentSize : 24 <-- 0.024565 s
currentSize : 25 <-- 1.662880 s

TIMEOUT
maxsize : 25
nodes : 144449638.000000
filtered : 7602316986.000000
time : 1000.000000


Display solution 

0 --> 15
2 --> 17
4 --> 14
5 --> 13
9 --> 11
11 --> 22
12 --> 12
13 --> 27
14 --> 34
15 --> 31
16 --> 28
18 --> 29
19 --> 21
20 --> 24
21 --> 32
22 --> 6
23 --> 23
24 --> 7
26 --> 1
27 --> 18
29 --> 33
30 --> 19
32 --> 0
33 --> 25
34 --> 26
