Parameters: GAD=1 vflib=1 dir=0 label=0 lowerbound=1 fileNameGp=../../cp2016-max-common-connected-subgraph-paper/datasets/graphsdb/mcs50/bvg/b03/mcs50_b03_s25.A09 fileNameGt=../../cp2016-max-common-connected-subgraph-paper/datasets/graphsdb/mcs50/bvg/b03/mcs50_b03_s25.B09
Reading graphs...
25 :  37
25 :  36
Initializing...
maxdom : 25
D->valSize : 625
Solving...
Blb : 2 (clique : 14)
currentSize : 14 <-- 0.009679 s
currentSize : 15 <-- 0.009807 s
currentSize : 16 <-- 0.009960 s
currentSize : 17 <-- 0.065879 s
currentSize : 18 <-- 0.068815 s
currentSize : 19 <-- 0.103029 s

maxsize : 19
nodes : 657890.000000
filtered : 18662635.000000
time : 3.008429


Display solution 

0 --> 23
1 --> 19
2 --> 0
5 --> 22
6 --> 11
7 --> 2
8 --> 9
9 --> 10
12 --> 8
13 --> 24
14 --> 5
15 --> 21
18 --> 18
19 --> 3
20 --> 7
21 --> 16
22 --> 13
23 --> 12
24 --> 17
