Parameters: GAD=1 vflib=1 dir=0 label=0 lowerbound=1 fileNameGp=../../cp2016-max-common-connected-subgraph-paper/datasets/graphsdb/mcs50/m4D/m4D/mcs50_m4D_s35.A01 fileNameGt=../../cp2016-max-common-connected-subgraph-paper/datasets/graphsdb/mcs50/m4D/m4D/mcs50_m4D_s35.B01
Reading graphs...
35 :  63
35 :  62
Initializing...
maxdom : 35
D->valSize : 1225
Solving...
Blb : 2 (clique : 19)
currentSize : 19 <-- 0.036857 s
currentSize : 21 <-- 0.037130 s
currentSize : 22 <-- 0.041210 s
currentSize : 23 <-- 0.127327 s
currentSize : 24 <-- 40.042557 s
currentSize : 25 <-- 70.164749 s
currentSize : 26 <-- 276.422119 s

maxsize : 26
nodes : 134605865.000000
filtered : 6488347270.000000
time : 901.590332


Display solution 

0 --> 25
1 --> 27
2 --> 23
5 --> 33
7 --> 7
8 --> 14
9 --> 19
10 --> 3
11 --> 31
12 --> 29
14 --> 16
15 --> 0
16 --> 9
17 --> 2
18 --> 13
19 --> 17
20 --> 24
21 --> 30
22 --> 22
25 --> 15
26 --> 32
28 --> 18
29 --> 12
30 --> 6
31 --> 10
34 --> 28
