Parameters: GAD=1 vflib=1 dir=0 label=0 lowerbound=1 fileNameGp=../../cp2016-max-common-connected-subgraph-paper/datasets/graphsdb/mcs50/rand/r02/mcs50_r02_s50.A09 fileNameGt=../../cp2016-max-common-connected-subgraph-paper/datasets/graphsdb/mcs50/rand/r02/mcs50_r02_s50.B09
Reading graphs...
50 :  438
50 :  434
Initializing...
maxdom : 50
D->valSize : 2500
Solving...
Blb : 2 (clique : 12)
currentSize : 12 <-- 0.074936 s
currentSize : 13 <-- 0.075401 s
currentSize : 15 <-- 0.075819 s
currentSize : 16 <-- 4.497884 s
currentSize : 17 <-- 492.664093 s

TIMEOUT
maxsize : 17
nodes : 247727043.000000
filtered : 2489474230.000000
time : 1000.000000


Display solution 

0 --> 10
1 --> 28
2 --> 5
6 --> 43
10 --> 26
12 --> 17
21 --> 47
23 --> 38
30 --> 7
31 --> 27
34 --> 23
37 --> 31
38 --> 45
44 --> 2
46 --> 21
48 --> 20
49 --> 36
