Parameters: GAD=1 vflib=1 dir=0 label=0 lowerbound=1 fileNameGp=../../cp2016-max-common-connected-subgraph-paper/datasets/graphsdb/mcs50/m3D/m3Dr6/mcs50_m3Dr6_s50.A09 fileNameGt=../../cp2016-max-common-connected-subgraph-paper/datasets/graphsdb/mcs50/m3D/m3Dr6/mcs50_m3Dr6_s50.B09
Reading graphs...
50 :  137
50 :  134
Initializing...
maxdom : 50
D->valSize : 2500
Solving...
Blb : 2 (clique : 23)
currentSize : 23 <-- 0.091996 s
currentSize : 24 <-- 0.092332 s
currentSize : 25 <-- 0.098517 s
currentSize : 26 <-- 0.103474 s
currentSize : 27 <-- 0.103502 s
currentSize : 28 <-- 1.867516 s

TIMEOUT
maxsize : 28
nodes : 170004172.000000
filtered : 4599175720.000000
time : 1000.000000


Display solution 

0 --> 14
1 --> 18
3 --> 17
7 --> 44
8 --> 25
9 --> 28
11 --> 9
13 --> 5
15 --> 46
16 --> 21
17 --> 48
18 --> 12
20 --> 42
21 --> 20
23 --> 47
25 --> 36
27 --> 26
28 --> 43
31 --> 27
33 --> 1
34 --> 37
35 --> 49
36 --> 32
38 --> 19
39 --> 3
40 --> 7
42 --> 30
47 --> 38
