Parameters: GAD=1 vflib=1 dir=0 label=0 lowerbound=1 fileNameGp=../../cp2016-max-common-connected-subgraph-paper/datasets/graphsdb/mcs50/bvg/b06/mcs50_b06_s40.A06 fileNameGt=../../cp2016-max-common-connected-subgraph-paper/datasets/graphsdb/mcs50/bvg/b06/mcs50_b06_s40.B06
Reading graphs...
40 :  118
40 :  118
Initializing...
maxdom : 40
D->valSize : 1600
Solving...
Blb : 2 (clique : 18)
currentSize : 18 <-- 0.033992 s
currentSize : 19 <-- 0.034370 s
currentSize : 20 <-- 0.036110 s
currentSize : 21 <-- 0.074743 s
currentSize : 22 <-- 2.615871 s
currentSize : 23 <-- 3.528031 s
currentSize : 24 <-- 147.453156 s
currentSize : 25 <-- 255.831757 s
currentSize : 26 <-- 642.922363 s
currentSize : 27 <-- 643.182190 s

TIMEOUT
maxsize : 27
nodes : 136901640.000000
filtered : 7004672498.000000
time : 1000.000000


Display solution 

0 --> 32
2 --> 13
5 --> 18
6 --> 2
7 --> 38
8 --> 10
9 --> 16
13 --> 5
14 --> 28
16 --> 12
17 --> 17
18 --> 33
19 --> 29
20 --> 9
21 --> 24
22 --> 8
23 --> 15
24 --> 7
26 --> 35
28 --> 0
29 --> 31
31 --> 20
32 --> 3
33 --> 6
35 --> 4
36 --> 36
39 --> 22
