Parameters: GAD=1 vflib=1 dir=0 label=0 lowerbound=1 fileNameGp=../../cp2016-max-common-connected-subgraph-paper/datasets/graphsdb/mcs50/bvg/b09m/mcs50_b09m_s35.A00 fileNameGt=../../cp2016-max-common-connected-subgraph-paper/datasets/graphsdb/mcs50/bvg/b09m/mcs50_b09m_s35.B00
Reading graphs...
35 :  147
35 :  145
Initializing...
maxdom : 35
D->valSize : 1225
Solving...
Blb : 2 (clique : 13)
currentSize : 13 <-- 0.032003 s
currentSize : 14 <-- 0.037112 s
currentSize : 15 <-- 0.051541 s
currentSize : 16 <-- 0.090857 s
currentSize : 17 <-- 3.269908 s
currentSize : 18 <-- 14.288818 s
currentSize : 19 <-- 119.594475 s

TIMEOUT
maxsize : 19
nodes : 205909867.000000
filtered : 5435954538.000000
time : 1000.000000


Display solution 

0 --> 30
1 --> 31
3 --> 12
6 --> 1
7 --> 11
12 --> 7
13 --> 13
15 --> 21
16 --> 16
17 --> 3
19 --> 20
22 --> 14
23 --> 5
24 --> 9
25 --> 28
28 --> 27
29 --> 15
30 --> 23
32 --> 34
