Parameters: GAD=1 vflib=1 dir=0 label=0 lowerbound=1 fileNameGp=../../cp2016-max-common-connected-subgraph-paper/datasets/graphsdb/mcs50/bvg/b03/mcs50_b03_s50.A04 fileNameGt=../../cp2016-max-common-connected-subgraph-paper/datasets/graphsdb/mcs50/bvg/b03/mcs50_b03_s50.B04
Reading graphs...
50 :  75
50 :  75
Initializing...
maxdom : 50
D->valSize : 2500
Solving...
Blb : 2 (clique : 31)
currentSize : 31 <-- 0.161344 s
currentSize : 32 <-- 1.700294 s
currentSize : 33 <-- 50.234970 s
currentSize : 34 <-- 117.958382 s
currentSize : 35 <-- 311.017120 s
currentSize : 36 <-- 313.790344 s
currentSize : 37 <-- 363.210297 s

TIMEOUT
maxsize : 37
nodes : 145782822.000000
filtered : 7359178310.000000
time : 1000.000000


Display solution 

0 --> 2
1 --> 11
3 --> 29
4 --> 14
5 --> 42
10 --> 6
11 --> 39
14 --> 23
15 --> 33
16 --> 24
17 --> 40
18 --> 25
19 --> 27
20 --> 0
21 --> 31
22 --> 26
23 --> 49
24 --> 43
26 --> 21
27 --> 7
30 --> 47
32 --> 19
33 --> 8
34 --> 9
35 --> 44
36 --> 3
38 --> 28
39 --> 16
40 --> 22
41 --> 48
42 --> 46
43 --> 4
44 --> 18
46 --> 15
47 --> 30
48 --> 34
49 --> 13
