Parameters: GAD=1 vflib=1 dir=0 label=0 lowerbound=1 fileNameGp=../../cp2016-max-common-connected-subgraph-paper/datasets/graphsdb/mcs50/m2D/m2Dr6/mcs50_m2Dr6_s30.A02 fileNameGt=../../cp2016-max-common-connected-subgraph-paper/datasets/graphsdb/mcs50/m2D/m2Dr6/mcs50_m2Dr6_s30.B02
Reading graphs...
30 :  65
30 :  64
Initializing...
maxdom : 30
D->valSize : 900
Solving...
Blb : 2 (clique : 16)
currentSize : 16 <-- 0.010823 s
currentSize : 17 <-- 0.010942 s
currentSize : 18 <-- 0.010978 s
currentSize : 19 <-- 0.199174 s
currentSize : 20 <-- 2.068286 s

maxsize : 20
nodes : 50024128.000000
filtered : 1606923250.000000
time : 245.957092


Display solution 

0 --> 22
1 --> 17
3 --> 15
5 --> 24
7 --> 2
12 --> 13
13 --> 5
15 --> 27
17 --> 10
18 --> 0
19 --> 18
20 --> 4
21 --> 16
22 --> 26
23 --> 7
24 --> 1
25 --> 23
26 --> 6
27 --> 19
29 --> 14
