Parameters: GAD=1 vflib=1 dir=0 label=0 lowerbound=1 fileNameGp=../../cp2016-max-common-connected-subgraph-paper/datasets/graphsdb/mcs50/bvg/b06m/mcs50_b06m_s40.A04 fileNameGt=../../cp2016-max-common-connected-subgraph-paper/datasets/graphsdb/mcs50/bvg/b06m/mcs50_b06m_s40.B04
Reading graphs...
40 :  118
40 :  120
Initializing...
maxdom : 40
D->valSize : 1600
Solving...
Blb : 2 (clique : 17)
currentSize : 17 <-- 0.033253 s
currentSize : 18 <-- 0.033434 s
currentSize : 19 <-- 0.034264 s
currentSize : 20 <-- 0.040836 s
currentSize : 21 <-- 0.041080 s
currentSize : 22 <-- 4.356797 s
currentSize : 23 <-- 8.940261 s
currentSize : 24 <-- 237.066818 s

TIMEOUT
maxsize : 24
nodes : 161974896.000000
filtered : 6217635301.000000
time : 1000.000000


Display solution 

0 --> 31
2 --> 7
3 --> 6
4 --> 11
7 --> 19
11 --> 39
13 --> 36
14 --> 20
16 --> 9
17 --> 25
18 --> 10
21 --> 37
23 --> 24
24 --> 0
27 --> 18
29 --> 3
30 --> 23
31 --> 26
32 --> 34
33 --> 35
35 --> 12
36 --> 33
38 --> 13
39 --> 27
