Parameters: GAD=1 vflib=1 dir=0 label=0 lowerbound=1 fileNameGp=../../cp2016-max-common-connected-subgraph-paper/datasets/graphsdb/mcs50/bvg/b09/mcs50_b09_s40.A08 fileNameGt=../../cp2016-max-common-connected-subgraph-paper/datasets/graphsdb/mcs50/bvg/b09/mcs50_b09_s40.B08
Reading graphs...
40 :  174
40 :  174
Initializing...
maxdom : 40
D->valSize : 1600
Solving...
Blb : 2 (clique : 14)
currentSize : 14 <-- 0.033788 s
currentSize : 15 <-- 0.034045 s
currentSize : 16 <-- 0.034086 s
currentSize : 17 <-- 0.040023 s
currentSize : 18 <-- 0.045180 s
currentSize : 19 <-- 7.875029 s
currentSize : 20 <-- 8.060622 s
currentSize : 21 <-- 235.995209 s
currentSize : 22 <-- 241.757629 s

TIMEOUT
maxsize : 22
nodes : 169184802.000000
filtered : 6587163175.000000
time : 1000.000000


Display solution 

0 --> 10
1 --> 24
3 --> 36
5 --> 39
7 --> 34
9 --> 27
10 --> 18
12 --> 29
13 --> 11
14 --> 33
16 --> 16
18 --> 28
24 --> 37
26 --> 31
27 --> 4
28 --> 38
29 --> 22
30 --> 12
31 --> 6
32 --> 13
36 --> 8
37 --> 17
