Parameters: GAD=1 vflib=1 dir=0 label=0 lowerbound=1 fileNameGp=../../cp2016-max-common-connected-subgraph-paper/datasets/graphsdb/mcs50/m2D/m2D/mcs50_m2D_s30.A00 fileNameGt=../../cp2016-max-common-connected-subgraph-paper/datasets/graphsdb/mcs50/m2D/m2D/mcs50_m2D_s30.B00
Reading graphs...
30 :  49
30 :  48
Initializing...
maxdom : 30
D->valSize : 900
Solving...
Blb : 2 (clique : 16)
currentSize : 16 <-- 0.019607 s
currentSize : 17 <-- 0.019797 s
currentSize : 18 <-- 0.019814 s
currentSize : 19 <-- 0.019849 s
currentSize : 20 <-- 0.019964 s
currentSize : 21 <-- 0.028294 s
currentSize : 22 <-- 0.029319 s

maxsize : 22
nodes : 115327215.000000
filtered : 4910349379.000000
time : 698.818726


Display solution 

0 --> 16
2 --> 13
3 --> 15
5 --> 5
7 --> 11
8 --> 17
10 --> 9
11 --> 4
12 --> 1
13 --> 7
14 --> 21
15 --> 24
16 --> 3
17 --> 28
19 --> 27
20 --> 2
21 --> 20
23 --> 14
24 --> 29
25 --> 6
26 --> 0
29 --> 26
