Parameters: GAD=1 vflib=1 dir=0 label=0 lowerbound=1 fileNameGp=../../cp2016-max-common-connected-subgraph-paper/datasets/graphsdb/mcs50/m4D/m4Dr4/mcs50_m4Dr4_s30.A05 fileNameGt=../../cp2016-max-common-connected-subgraph-paper/datasets/graphsdb/mcs50/m4D/m4Dr4/mcs50_m4Dr4_s30.B05
Reading graphs...
30 :  66
30 :  63
Initializing...
maxdom : 30
D->valSize : 900
Solving...
Blb : 2 (clique : 15)
currentSize : 15 <-- 0.010765 s
currentSize : 16 <-- 0.010886 s
currentSize : 17 <-- 0.010990 s
currentSize : 18 <-- 0.012452 s
currentSize : 19 <-- 0.019676 s
currentSize : 20 <-- 1.280832 s
currentSize : 21 <-- 5.117977 s

maxsize : 21
nodes : 5564591.000000
filtered : 219259808.000000
time : 31.367249


Display solution 

0 --> 20
1 --> 19
3 --> 3
4 --> 24
6 --> 2
9 --> 0
10 --> 25
11 --> 23
12 --> 17
13 --> 4
15 --> 5
16 --> 16
17 --> 10
18 --> 12
19 --> 14
22 --> 29
23 --> 22
25 --> 11
26 --> 9
27 --> 13
29 --> 7
