Parameters: GAD=1 vflib=1 dir=0 label=0 lowerbound=1 fileNameGp=../../cp2016-max-common-connected-subgraph-paper/datasets/graphsdb/mcs50/bvg/b09m/mcs50_b09m_s40.A05 fileNameGt=../../cp2016-max-common-connected-subgraph-paper/datasets/graphsdb/mcs50/bvg/b09m/mcs50_b09m_s40.B05
Reading graphs...
40 :  173
40 :  172
Initializing...
maxdom : 40
D->valSize : 1600
Solving...
Blb : 2 (clique : 15)
currentSize : 15 <-- 0.031960 s
currentSize : 16 <-- 0.032639 s
currentSize : 17 <-- 0.038720 s
currentSize : 18 <-- 0.097028 s
currentSize : 19 <-- 3.540618 s
currentSize : 20 <-- 271.837769 s

TIMEOUT
maxsize : 20
nodes : 207799050.000000
filtered : 4934457912.000000
time : 1000.000000


Display solution 

0 --> 2
1 --> 35
2 --> 26
4 --> 21
6 --> 3
8 --> 6
11 --> 24
13 --> 19
16 --> 18
19 --> 0
20 --> 12
21 --> 11
25 --> 33
26 --> 20
27 --> 38
29 --> 30
31 --> 9
32 --> 7
33 --> 25
39 --> 27
