Parameters: GAD=1 vflib=1 dir=0 label=0 lowerbound=1 fileNameGp=../../cp2016-max-common-connected-subgraph-paper/datasets/graphsdb/mcs50/bvg/b03m/mcs50_b03m_s25.A01 fileNameGt=../../cp2016-max-common-connected-subgraph-paper/datasets/graphsdb/mcs50/bvg/b03m/mcs50_b03m_s25.B01
Reading graphs...
25 :  36
25 :  36
Initializing...
maxdom : 25
D->valSize : 625
Solving...
Blb : 2 (clique : 15)
currentSize : 15 <-- 0.009685 s
currentSize : 16 <-- 0.009926 s
currentSize : 17 <-- 0.010102 s
currentSize : 18 <-- 0.010272 s
currentSize : 19 <-- 0.013595 s

maxsize : 19
nodes : 1154773.000000
filtered : 39018858.000000
time : 5.739222


Display solution 

0 --> 7
1 --> 19
2 --> 22
3 --> 11
4 --> 8
5 --> 20
6 --> 12
7 --> 16
8 --> 2
9 --> 0
12 --> 24
13 --> 23
15 --> 4
18 --> 14
19 --> 9
20 --> 17
22 --> 15
23 --> 18
24 --> 21
