Parameters: GAD=1 vflib=1 dir=0 label=0 lowerbound=1 fileNameGp=../../cp2016-max-common-connected-subgraph-paper/datasets/graphsdb/mcs50/bvg/b03m/mcs50_b03m_s40.A07 fileNameGt=../../cp2016-max-common-connected-subgraph-paper/datasets/graphsdb/mcs50/bvg/b03m/mcs50_b03m_s40.B07
Reading graphs...
40 :  60
40 :  60
Initializing...
maxdom : 40
D->valSize : 1600
Solving...
Blb : 2 (clique : 24)
currentSize : 24 <-- 0.036224 s
currentSize : 25 <-- 0.036461 s
currentSize : 26 <-- 0.039894 s
currentSize : 27 <-- 1.405108 s
currentSize : 28 <-- 3.488349 s
currentSize : 29 <-- 7.915181 s
currentSize : 30 <-- 50.417355 s

TIMEOUT
maxsize : 30
nodes : 122559721.000000
filtered : 6702949495.000000
time : 1000.000000


Display solution 

0 --> 10
1 --> 32
2 --> 39
3 --> 37
4 --> 12
6 --> 38
7 --> 19
8 --> 29
10 --> 34
12 --> 36
13 --> 8
15 --> 26
16 --> 16
17 --> 1
18 --> 13
19 --> 9
21 --> 14
22 --> 27
23 --> 25
24 --> 33
25 --> 3
26 --> 5
27 --> 18
30 --> 15
31 --> 21
32 --> 17
33 --> 7
36 --> 30
37 --> 20
38 --> 0
