Parameters: GAD=1 vflib=1 dir=0 label=0 lowerbound=1 fileNameGp=../../cp2016-max-common-connected-subgraph-paper/datasets/graphsdb/mcs50/rand/r01/mcs50_r01_s35.A00 fileNameGt=../../cp2016-max-common-connected-subgraph-paper/datasets/graphsdb/mcs50/rand/r01/mcs50_r01_s35.B00
Reading graphs...
35 :  109
35 :  116
Initializing...
maxdom : 35
D->valSize : 1225
Solving...
Blb : 2 (clique : 15)
currentSize : 15 <-- 0.019081 s
currentSize : 16 <-- 0.020343 s
currentSize : 17 <-- 0.020571 s
currentSize : 18 <-- 0.099801 s
currentSize : 19 <-- 4.468649 s
currentSize : 20 <-- 98.840858 s

TIMEOUT
maxsize : 20
nodes : 212782538.000000
filtered : 5206271769.000000
time : 1000.000000


Display solution 

0 --> 5
1 --> 15
2 --> 8
9 --> 25
12 --> 9
13 --> 6
14 --> 34
16 --> 4
17 --> 23
20 --> 32
21 --> 16
22 --> 3
23 --> 0
24 --> 33
25 --> 29
27 --> 2
28 --> 20
30 --> 19
31 --> 28
32 --> 10
