Parameters: GAD=1 vflib=1 dir=0 label=0 lowerbound=1 fileNameGp=../../cp2016-max-common-connected-subgraph-paper/datasets/graphsdb/mcs70/bvg/b06m/mcs70_b06m_s40.A02 fileNameGt=../../cp2016-max-common-connected-subgraph-paper/datasets/graphsdb/mcs70/bvg/b06m/mcs70_b06m_s40.B02
Reading graphs...
40 :  114
40 :  116
Initializing...
maxdom : 40
D->valSize : 1600
Solving...
Blb : 5 (clique : 17)
currentSize : 17 <-- 0.033680 s
currentSize : 18 <-- 0.033869 s
currentSize : 19 <-- 0.033988 s
currentSize : 20 <-- 0.034297 s
currentSize : 21 <-- 0.034529 s
currentSize : 22 <-- 0.309967 s
currentSize : 23 <-- 3.246637 s
currentSize : 24 <-- 79.322670 s

TIMEOUT
maxsize : 24
nodes : 153653206.000000
filtered : 6515501614.000000
time : 1000.000000


Display solution 

0 --> 15
1 --> 4
2 --> 9
3 --> 28
4 --> 8
7 --> 7
8 --> 38
9 --> 16
10 --> 36
11 --> 37
13 --> 10
15 --> 5
16 --> 33
17 --> 32
19 --> 13
20 --> 31
22 --> 2
28 --> 21
29 --> 23
31 --> 19
34 --> 29
36 --> 11
37 --> 30
38 --> 17
