Parameters: GAD=1 vflib=1 dir=0 label=0 lowerbound=1 fileNameGp=../../cp2016-max-common-connected-subgraph-paper/datasets/graphsdb/mcs70/m3D/m3D/mcs70_m3D_s40.A01 fileNameGt=../../cp2016-max-common-connected-subgraph-paper/datasets/graphsdb/mcs70/m3D/m3D/mcs70_m3D_s40.B01
Reading graphs...
40 :  83
40 :  84
Initializing...
maxdom : 40
D->valSize : 1600
Solving...
Blb : 2 (clique : 22)
currentSize : 22 <-- 0.035710 s
currentSize : 23 <-- 0.036250 s
currentSize : 24 <-- 0.037157 s
currentSize : 25 <-- 0.062348 s
currentSize : 26 <-- 1.092422 s
currentSize : 27 <-- 1.093056 s
currentSize : 28 <-- 1.093829 s
currentSize : 29 <-- 185.432678 s

TIMEOUT
maxsize : 29
nodes : 136528923.000000
filtered : 6530630109.000000
time : 1000.000000


Display solution 

0 --> 22
2 --> 5
3 --> 14
4 --> 28
5 --> 10
7 --> 31
9 --> 39
11 --> 30
12 --> 21
13 --> 32
14 --> 8
15 --> 9
16 --> 24
17 --> 20
18 --> 13
19 --> 26
20 --> 7
22 --> 34
23 --> 17
26 --> 1
27 --> 11
28 --> 25
29 --> 29
31 --> 33
32 --> 12
36 --> 19
37 --> 15
38 --> 0
39 --> 3
