Parameters: GAD=1 vflib=1 dir=0 label=0 lowerbound=1 fileNameGp=../../cp2016-max-common-connected-subgraph-paper/datasets/graphsdb/mcs70/bvg/b06m/mcs70_b06m_s30.A04 fileNameGt=../../cp2016-max-common-connected-subgraph-paper/datasets/graphsdb/mcs70/bvg/b06m/mcs70_b06m_s30.B04
Reading graphs...
30 :  90
30 :  88
Initializing...
maxdom : 30
D->valSize : 900
Solving...
Blb : 2 (clique : 14)
currentSize : 14 <-- 0.017795 s
currentSize : 15 <-- 0.018125 s
currentSize : 16 <-- 0.025297 s
currentSize : 17 <-- 0.025387 s
currentSize : 18 <-- 0.086154 s
currentSize : 20 <-- 2.777599 s
currentSize : 21 <-- 2.777716 s

maxsize : 21
nodes : 1496119.000000
filtered : 61050347.000000
time : 8.577985


Display solution 

0 --> 23
1 --> 16
2 --> 28
3 --> 0
4 --> 6
5 --> 20
6 --> 26
8 --> 18
9 --> 12
11 --> 15
12 --> 5
14 --> 9
15 --> 2
18 --> 29
20 --> 22
21 --> 24
22 --> 13
23 --> 10
24 --> 3
25 --> 8
29 --> 27
