Parameters: GAD=1 vflib=1 dir=0 label=0 lowerbound=1 fileNameGp=../../cp2016-max-common-connected-subgraph-paper/datasets/graphsdb/mcs70/rand/r01/mcs70_r01_s50.A01 fileNameGt=../../cp2016-max-common-connected-subgraph-paper/datasets/graphsdb/mcs70/rand/r01/mcs70_r01_s50.B01
Reading graphs...
50 :  232
50 :  235
Initializing...
maxdom : 50
D->valSize : 2500
Solving...
Blb : 2 (clique : 18)
currentSize : 18 <-- 0.084190 s
currentSize : 19 <-- 0.084525 s
currentSize : 20 <-- 0.084895 s
currentSize : 21 <-- 0.093386 s
currentSize : 22 <-- 2.013895 s
currentSize : 23 <-- 666.327576 s

TIMEOUT
maxsize : 23
nodes : 202398574.000000
filtered : 3923930980.000000
time : 1000.000000


Display solution 

0 --> 46
1 --> 25
2 --> 15
3 --> 31
5 --> 2
7 --> 48
12 --> 16
16 --> 6
18 --> 7
22 --> 0
24 --> 41
26 --> 23
28 --> 9
30 --> 10
31 --> 45
32 --> 39
33 --> 33
34 --> 47
36 --> 19
38 --> 30
39 --> 38
41 --> 26
42 --> 24
