Parameters: GAD=1 vflib=1 dir=0 label=0 lowerbound=1 fileNameGp=../../cp2016-max-common-connected-subgraph-paper/datasets/graphsdb/mcs70/rand/r02/mcs70_r02_s40.A04 fileNameGt=../../cp2016-max-common-connected-subgraph-paper/datasets/graphsdb/mcs70/rand/r02/mcs70_r02_s40.B04
Reading graphs...
40 :  281
40 :  289
Initializing...
maxdom : 40
D->valSize : 1600
Solving...
Blb : 2 (clique : 11)
currentSize : 11 <-- 0.029338 s
currentSize : 12 <-- 0.029503 s
currentSize : 13 <-- 0.029526 s
currentSize : 14 <-- 0.123241 s
currentSize : 15 <-- 3.439790 s
currentSize : 16 <-- 248.353668 s

TIMEOUT
maxsize : 16
nodes : 268969253.000000
filtered : 2870371409.000000
time : 1000.000000


Display solution 

0 --> 36
2 --> 39
3 --> 3
6 --> 2
8 --> 12
11 --> 16
14 --> 4
16 --> 24
21 --> 35
22 --> 32
23 --> 31
26 --> 13
28 --> 0
36 --> 34
37 --> 6
38 --> 14
