Parameters: GAD=1 vflib=1 dir=0 label=0 lowerbound=1 fileNameGp=../../cp2016-max-common-connected-subgraph-paper/datasets/graphsdb/mcs70/bvg/b09/mcs70_b09_s30.A01 fileNameGt=../../cp2016-max-common-connected-subgraph-paper/datasets/graphsdb/mcs70/bvg/b09/mcs70_b09_s30.B01
Reading graphs...
30 :  133
30 :  133
Initializing...
maxdom : 30
D->valSize : 900
Solving...
Blb : 2 (clique : 11)
currentSize : 11 <-- 0.016966 s
currentSize : 12 <-- 0.017152 s
currentSize : 14 <-- 0.017323 s
currentSize : 16 <-- 0.021478 s
currentSize : 17 <-- 0.025527 s
currentSize : 18 <-- 0.170406 s
currentSize : 19 <-- 0.639669 s
currentSize : 20 <-- 6.912007 s

maxsize : 20
nodes : 2146425.000000
filtered : 74772913.000000
time : 11.450205


Display solution 

1 --> 28
2 --> 17
4 --> 13
7 --> 19
8 --> 20
9 --> 25
11 --> 14
12 --> 16
13 --> 23
14 --> 6
17 --> 1
18 --> 29
20 --> 22
21 --> 8
22 --> 2
23 --> 4
24 --> 5
25 --> 21
26 --> 27
28 --> 24
