Parameters: GAD=1 vflib=1 dir=0 label=0 lowerbound=1 fileNameGp=../../cp2016-max-common-connected-subgraph-paper/datasets/graphsdb/mcs70/m3D/m3D/mcs70_m3D_s40.A06 fileNameGt=../../cp2016-max-common-connected-subgraph-paper/datasets/graphsdb/mcs70/m3D/m3D/mcs70_m3D_s40.B06
Reading graphs...
40 :  82
40 :  83
Initializing...
maxdom : 40
D->valSize : 1600
Solving...
Blb : 2 (clique : 25)
currentSize : 25 <-- 0.062614 s
currentSize : 26 <-- 0.152861 s
currentSize : 27 <-- 0.208217 s
currentSize : 28 <-- 0.684412 s
currentSize : 29 <-- 0.684431 s
currentSize : 30 <-- 13.784752 s
currentSize : 31 <-- 265.864807 s

maxsize : 31
nodes : 60574966.000000
filtered : 3721339978.000000
time : 535.482056


Display solution 

0 --> 35
1 --> 32
2 --> 30
4 --> 21
5 --> 25
7 --> 9
8 --> 19
9 --> 8
10 --> 31
11 --> 15
12 --> 22
14 --> 12
15 --> 33
16 --> 2
17 --> 16
18 --> 26
20 --> 37
21 --> 39
22 --> 6
24 --> 0
25 --> 34
28 --> 1
29 --> 18
30 --> 7
31 --> 17
33 --> 36
35 --> 28
36 --> 20
37 --> 23
38 --> 11
39 --> 3
