Parameters: GAD=1 vflib=1 dir=0 label=0 lowerbound=1 fileNameGp=../../cp2016-max-common-connected-subgraph-paper/datasets/graphsdb/mcs70/m2D/m2Dr6/mcs70_m2Dr6_s25.A01 fileNameGt=../../cp2016-max-common-connected-subgraph-paper/datasets/graphsdb/mcs70/m2D/m2Dr6/mcs70_m2Dr6_s25.B01
Reading graphs...
25 :  50
25 :  51
Initializing...
maxdom : 25
D->valSize : 625
Solving...
Blb : 2 (clique : 14)
currentSize : 14 <-- 0.005284 s
currentSize : 15 <-- 0.005381 s
currentSize : 16 <-- 0.006908 s
currentSize : 17 <-- 0.509189 s
currentSize : 18 <-- 6.350921 s

maxsize : 18
nodes : 1744688.000000
filtered : 43392322.000000
time : 7.192578


Display solution 

1 --> 1
2 --> 18
4 --> 0
5 --> 7
7 --> 9
8 --> 12
9 --> 3
10 --> 15
11 --> 6
13 --> 22
15 --> 19
16 --> 13
17 --> 10
19 --> 8
20 --> 23
21 --> 5
23 --> 11
24 --> 24
