Parameters: GAD=1 vflib=1 dir=0 label=0 lowerbound=1 fileNameGp=../../cp2016-max-common-connected-subgraph-paper/datasets/graphsdb/mcs70/bvg/b06m/mcs70_b06m_s25.A02 fileNameGt=../../cp2016-max-common-connected-subgraph-paper/datasets/graphsdb/mcs70/bvg/b06m/mcs70_b06m_s25.B02
Reading graphs...
25 :  71
25 :  69
Initializing...
maxdom : 25
D->valSize : 625
Solving...
Blb : 2 (clique : 12)
currentSize : 12 <-- 0.005262 s
currentSize : 13 <-- 0.005495 s
currentSize : 14 <-- 0.007043 s
currentSize : 15 <-- 0.010334 s
currentSize : 16 <-- 0.055987 s
currentSize : 17 <-- 0.057242 s
currentSize : 18 <-- 0.057267 s

maxsize : 18
nodes : 132985.000000
filtered : 4382570.000000
time : 0.644818


Display solution 

0 --> 5
2 --> 15
4 --> 3
5 --> 11
7 --> 18
9 --> 23
10 --> 1
11 --> 24
12 --> 2
13 --> 4
15 --> 21
16 --> 9
17 --> 20
18 --> 10
19 --> 7
20 --> 16
21 --> 19
23 --> 14
