Parameters: GAD=1 vflib=1 dir=0 label=0 lowerbound=1 fileNameGp=../../cp2016-max-common-connected-subgraph-paper/datasets/graphsdb/mcs70/bvg/b03m/mcs70_b03m_s40.A07 fileNameGt=../../cp2016-max-common-connected-subgraph-paper/datasets/graphsdb/mcs70/bvg/b03m/mcs70_b03m_s40.B07
Reading graphs...
40 :  60
40 :  60
Initializing...
maxdom : 40
D->valSize : 1600
Solving...
Blb : 2 (clique : 26)
currentSize : 26 <-- 0.063945 s
currentSize : 27 <-- 0.670166 s
currentSize : 28 <-- 11.573276 s
currentSize : 29 <-- 298.831604 s
currentSize : 30 <-- 300.932617 s
currentSize : 31 <-- 334.983612 s
currentSize : 32 <-- 335.052917 s

maxsize : 32
nodes : 93944876.000000
filtered : 4818358638.000000
time : 751.327332


Display solution 

0 --> 3
1 --> 37
2 --> 17
3 --> 23
4 --> 15
5 --> 31
6 --> 24
7 --> 1
8 --> 30
9 --> 22
10 --> 19
11 --> 5
12 --> 4
13 --> 10
14 --> 34
15 --> 16
17 --> 25
18 --> 0
19 --> 11
21 --> 13
24 --> 27
25 --> 39
26 --> 8
28 --> 6
30 --> 38
32 --> 7
33 --> 20
34 --> 12
36 --> 36
37 --> 26
38 --> 2
39 --> 18
