Parameters: GAD=1 vflib=1 dir=0 label=0 lowerbound=1 fileNameGp=../../cp2016-max-common-connected-subgraph-paper/datasets/graphsdb/mcs70/bvg/b09/mcs70_b09_s50.A05 fileNameGt=../../cp2016-max-common-connected-subgraph-paper/datasets/graphsdb/mcs70/bvg/b09/mcs70_b09_s50.B05
Reading graphs...
50 :  223
50 :  224
Initializing...
maxdom : 50
D->valSize : 2500
Solving...
Blb : 2 (clique : 29)
currentSize : 29 <-- 0.085641 s
currentSize : 30 <-- 4.203508 s
currentSize : 31 <-- 323.202820 s
currentSize : 32 <-- 323.206024 s
currentSize : 34 <-- 323.206146 s

TIMEOUT
maxsize : 34
nodes : 109814241.000000
filtered : 6819211605.000000
time : 1000.000061


Display solution 

0 --> 46
1 --> 31
2 --> 18
3 --> 8
4 --> 32
5 --> 44
6 --> 38
7 --> 7
8 --> 14
9 --> 6
11 --> 39
12 --> 40
13 --> 24
14 --> 2
15 --> 28
19 --> 33
21 --> 17
22 --> 21
23 --> 11
29 --> 10
30 --> 25
31 --> 49
32 --> 0
34 --> 41
35 --> 5
36 --> 36
37 --> 42
40 --> 19
42 --> 45
43 --> 34
44 --> 26
45 --> 9
47 --> 1
48 --> 15
