Parameters: GAD=1 vflib=1 dir=0 label=0 lowerbound=1 fileNameGp=../../cp2016-max-common-connected-subgraph-paper/datasets/graphsdb/mcs70/m3D/m3Dr6/mcs70_m3Dr6_s40.A08 fileNameGt=../../cp2016-max-common-connected-subgraph-paper/datasets/graphsdb/mcs70/m3D/m3Dr6/mcs70_m3Dr6_s40.B08
Reading graphs...
40 :  106
40 :  103
Initializing...
maxdom : 40
D->valSize : 1600
Solving...
Blb : 2 (clique : 20)
currentSize : 20 <-- 0.034663 s
currentSize : 21 <-- 0.034983 s
currentSize : 22 <-- 0.125071 s
currentSize : 23 <-- 0.130034 s
currentSize : 24 <-- 123.559540 s

TIMEOUT
maxsize : 24
nodes : 188225653.000000
filtered : 4994100562.000000
time : 1000.000000


Display solution 

0 --> 10
1 --> 33
2 --> 27
3 --> 21
5 --> 12
7 --> 17
10 --> 30
11 --> 34
13 --> 22
14 --> 25
15 --> 39
18 --> 32
21 --> 0
22 --> 15
23 --> 3
25 --> 38
26 --> 28
27 --> 26
28 --> 31
29 --> 9
30 --> 29
33 --> 2
36 --> 6
38 --> 14
