Parameters: GAD=1 vflib=1 dir=0 label=0 lowerbound=1 fileNameGp=../../cp2016-max-common-connected-subgraph-paper/datasets/graphsdb/mcs70/bvg/b06m/mcs70_b06m_s25.A07 fileNameGt=../../cp2016-max-common-connected-subgraph-paper/datasets/graphsdb/mcs70/bvg/b06m/mcs70_b06m_s25.B07
Reading graphs...
25 :  72
25 :  71
Initializing...
maxdom : 25
D->valSize : 625
Solving...
Blb : 2 (clique : 11)
currentSize : 11 <-- 0.005031 s
currentSize : 12 <-- 0.005369 s
currentSize : 13 <-- 0.005530 s
currentSize : 14 <-- 0.029295 s
currentSize : 15 <-- 0.065546 s
currentSize : 16 <-- 1.441942 s
currentSize : 18 <-- 2.842908 s

maxsize : 18
nodes : 810235.000000
filtered : 18826894.000000
time : 3.168779


Display solution 

0 --> 13
1 --> 21
2 --> 14
3 --> 22
4 --> 4
6 --> 18
7 --> 9
8 --> 3
9 --> 7
14 --> 20
16 --> 5
17 --> 10
18 --> 1
19 --> 15
20 --> 17
22 --> 11
23 --> 12
24 --> 16
