Parameters: GAD=1 vflib=1 dir=0 label=0 lowerbound=1 fileNameGp=../../cp2016-max-common-connected-subgraph-paper/datasets/graphsdb/mcs70/bvg/b06m/mcs70_b06m_s25.A08 fileNameGt=../../cp2016-max-common-connected-subgraph-paper/datasets/graphsdb/mcs70/bvg/b06m/mcs70_b06m_s25.B08
Reading graphs...
25 :  74
25 :  74
Initializing...
maxdom : 25
D->valSize : 625
Solving...
Blb : 3 (clique : 11)
currentSize : 11 <-- 0.008644 s
currentSize : 12 <-- 0.008854 s
currentSize : 13 <-- 0.009652 s
currentSize : 14 <-- 0.091249 s
currentSize : 15 <-- 1.037056 s
currentSize : 16 <-- 1.600189 s
currentSize : 17 <-- 1.623344 s

maxsize : 17
nodes : 746866.000000
filtered : 17043415.000000
time : 3.002607


Display solution 

0 --> 19
3 --> 16
4 --> 14
5 --> 8
6 --> 23
9 --> 4
10 --> 2
11 --> 11
12 --> 24
14 --> 3
15 --> 10
17 --> 20
18 --> 6
19 --> 13
20 --> 7
22 --> 15
24 --> 12
