Parameters: GAD=1 vflib=1 dir=0 label=0 lowerbound=1 fileNameGp=../../cp2016-max-common-connected-subgraph-paper/datasets/graphsdb/mcs70/bvg/b03/mcs70_b03_s25.A03 fileNameGt=../../cp2016-max-common-connected-subgraph-paper/datasets/graphsdb/mcs70/bvg/b03/mcs70_b03_s25.B03
Reading graphs...
25 :  36
25 :  37
Initializing...
maxdom : 25
D->valSize : 625
Solving...
Blb : 2 (clique : 17)
currentSize : 17 <-- 0.009544 s
currentSize : 18 <-- 0.009768 s
currentSize : 19 <-- 0.085791 s
currentSize : 20 <-- 0.301613 s

maxsize : 20
nodes : 136764.000000
filtered : 3420249.000000
time : 0.634499


Display solution 

0 --> 1
2 --> 3
3 --> 17
4 --> 19
5 --> 7
6 --> 21
7 --> 23
8 --> 0
9 --> 14
10 --> 4
11 --> 11
13 --> 15
14 --> 13
15 --> 10
17 --> 20
18 --> 8
19 --> 22
20 --> 16
21 --> 5
24 --> 24
