Parameters: GAD=1 vflib=1 dir=0 label=0 lowerbound=1 fileNameGp=../../cp2016-max-common-connected-subgraph-paper/datasets/graphsdb/mcs70/bvg/b09m/mcs70_b09m_s35.A08 fileNameGt=../../cp2016-max-common-connected-subgraph-paper/datasets/graphsdb/mcs70/bvg/b09m/mcs70_b09m_s35.B08
Reading graphs...
35 :  153
35 :  154
Initializing...
maxdom : 35
D->valSize : 1225
Solving...
Blb : 2 (clique : 12)
currentSize : 12 <-- 0.031798 s
currentSize : 13 <-- 0.031991 s
currentSize : 14 <-- 0.032078 s
currentSize : 15 <-- 0.039033 s
currentSize : 16 <-- 0.165240 s
currentSize : 17 <-- 0.465482 s
currentSize : 18 <-- 92.566490 s
currentSize : 20 <-- 92.566628 s
currentSize : 24 <-- 93.210953 s

maxsize : 24
nodes : 24736025.000000
filtered : 548804247.000000
time : 110.822449


Display solution 

0 --> 34
1 --> 17
2 --> 6
3 --> 24
4 --> 14
5 --> 16
6 --> 22
7 --> 0
8 --> 20
11 --> 15
12 --> 21
14 --> 29
15 --> 5
16 --> 1
17 --> 8
18 --> 19
19 --> 10
21 --> 31
22 --> 11
23 --> 12
24 --> 4
27 --> 25
28 --> 26
32 --> 30
