Parameters: GAD=1 vflib=1 dir=0 label=0 lowerbound=1 fileNameGp=../../cp2016-max-common-connected-subgraph-paper/datasets/graphsdb/mcs70/bvg/b09/mcs70_b09_s35.A04 fileNameGt=../../cp2016-max-common-connected-subgraph-paper/datasets/graphsdb/mcs70/bvg/b09/mcs70_b09_s35.B04
Reading graphs...
35 :  157
35 :  154
Initializing...
maxdom : 35
D->valSize : 1225
Solving...
Blb : 3 (clique : 18)
currentSize : 18 <-- 0.018211 s
currentSize : 19 <-- 6.443995 s
currentSize : 20 <-- 6.444043 s
currentSize : 22 <-- 6.801218 s
currentSize : 24 <-- 6.801272 s
currentSize : 25 <-- 14.208007 s

maxsize : 25
nodes : 4089604.000000
filtered : 130935490.000000
time : 22.607286


Display solution 

0 --> 27
1 --> 24
2 --> 1
3 --> 34
5 --> 18
6 --> 8
7 --> 25
8 --> 6
9 --> 12
10 --> 23
11 --> 21
12 --> 9
13 --> 29
14 --> 22
15 --> 20
16 --> 0
17 --> 4
18 --> 33
20 --> 2
21 --> 16
25 --> 30
27 --> 31
28 --> 19
31 --> 7
33 --> 15
