Parameters: GAD=1 vflib=1 dir=0 label=0 lowerbound=1 fileNameGp=../../cp2016-max-common-connected-subgraph-paper/datasets/graphsdb/mcs70/rand/r01/mcs70_r01_s40.A01 fileNameGt=../../cp2016-max-common-connected-subgraph-paper/datasets/graphsdb/mcs70/rand/r01/mcs70_r01_s40.B01
Reading graphs...
40 :  146
40 :  147
Initializing...
maxdom : 40
D->valSize : 1600
Solving...
Blb : 2 (clique : 17)
currentSize : 17 <-- 0.052945 s
currentSize : 18 <-- 0.063015 s
currentSize : 19 <-- 0.070428 s
currentSize : 20 <-- 0.594683 s
currentSize : 21 <-- 35.041786 s
currentSize : 22 <-- 930.963196 s
currentSize : 23 <-- 932.271362 s

TIMEOUT
maxsize : 23
nodes : 198469188.000000
filtered : 5197947225.000000
time : 1000.000000


Display solution 

0 --> 24
1 --> 35
4 --> 3
6 --> 28
7 --> 27
8 --> 13
10 --> 11
11 --> 2
12 --> 8
13 --> 30
14 --> 7
15 --> 16
16 --> 25
19 --> 22
20 --> 36
21 --> 10
26 --> 19
27 --> 0
28 --> 17
29 --> 1
31 --> 34
34 --> 21
39 --> 23
