Parameters: GAD=1 vflib=1 dir=0 label=0 lowerbound=1 fileNameGp=../../cp2016-max-common-connected-subgraph-paper/datasets/graphsdb/mcs70/m2D/m2Dr2/mcs70_m2Dr2_s40.A01 fileNameGt=../../cp2016-max-common-connected-subgraph-paper/datasets/graphsdb/mcs70/m2D/m2Dr2/mcs70_m2Dr2_s40.B01
Reading graphs...
40 :  75
40 :  74
Initializing...
maxdom : 40
D->valSize : 1600
Solving...
Blb : 2 (clique : 19)
currentSize : 19 <-- 0.035357 s
currentSize : 24 <-- 0.035570 s
currentSize : 25 <-- 0.067549 s
currentSize : 26 <-- 6.891628 s
currentSize : 27 <-- 6.918668 s
currentSize : 28 <-- 63.935879 s

TIMEOUT
maxsize : 28
nodes : 139392179.000000
filtered : 6616754673.000000
time : 1000.000000


Display solution 

0 --> 9
1 --> 21
2 --> 16
3 --> 10
7 --> 38
8 --> 29
9 --> 2
10 --> 6
11 --> 19
12 --> 0
13 --> 35
14 --> 39
17 --> 20
18 --> 31
22 --> 7
23 --> 25
25 --> 22
26 --> 4
27 --> 3
28 --> 14
29 --> 17
31 --> 5
32 --> 34
34 --> 12
36 --> 11
37 --> 24
38 --> 37
39 --> 15
