Parameters: GAD=1 vflib=1 dir=0 label=0 lowerbound=1 fileNameGp=../../cp2016-max-common-connected-subgraph-paper/datasets/graphsdb/mcs70/bvg/b06/mcs70_b06_s35.A00 fileNameGt=../../cp2016-max-common-connected-subgraph-paper/datasets/graphsdb/mcs70/bvg/b06/mcs70_b06_s35.B00
Reading graphs...
35 :  105
35 :  105
Initializing...
maxdom : 35
D->valSize : 1225
Solving...
Blb : 2 (clique : 18)
currentSize : 18 <-- 0.019285 s
currentSize : 19 <-- 0.044188 s
currentSize : 20 <-- 0.072889 s
currentSize : 21 <-- 0.138795 s
currentSize : 22 <-- 0.153761 s
currentSize : 23 <-- 12.494750 s
currentSize : 24 <-- 12.625356 s
currentSize : 25 <-- 12.626091 s
currentSize : 26 <-- 27.102060 s

maxsize : 26
nodes : 7085063.000000
filtered : 327999450.000000
time : 46.968277


Display solution 

0 --> 7
2 --> 33
3 --> 6
4 --> 15
5 --> 9
6 --> 5
7 --> 1
9 --> 17
10 --> 11
11 --> 0
12 --> 2
15 --> 8
16 --> 4
17 --> 27
18 --> 10
19 --> 12
20 --> 31
25 --> 16
26 --> 29
27 --> 30
28 --> 34
30 --> 28
31 --> 20
32 --> 21
33 --> 3
34 --> 25
