Parameters: GAD=1 vflib=1 dir=0 label=0 lowerbound=1 fileNameGp=../../cp2016-max-common-connected-subgraph-paper/datasets/graphsdb/mcs70/m2D/m2Dr4/mcs70_m2Dr4_s25.A01 fileNameGt=../../cp2016-max-common-connected-subgraph-paper/datasets/graphsdb/mcs70/m2D/m2Dr4/mcs70_m2Dr4_s25.B01
Reading graphs...
25 :  46
25 :  47
Initializing...
maxdom : 25
D->valSize : 625
Solving...
Blb : 2 (clique : 15)
currentSize : 15 <-- 0.005273 s
currentSize : 16 <-- 0.009053 s
currentSize : 17 <-- 0.011672 s
currentSize : 18 <-- 0.454038 s

maxsize : 18
nodes : 800507.000000
filtered : 25265009.000000
time : 3.767521


Display solution 

0 --> 2
4 --> 22
5 --> 3
6 --> 23
7 --> 6
8 --> 0
9 --> 24
10 --> 15
11 --> 19
13 --> 9
15 --> 18
17 --> 13
18 --> 16
19 --> 11
21 --> 5
22 --> 1
23 --> 7
24 --> 17
