Parameters: GAD=1 vflib=1 dir=0 label=0 lowerbound=1 fileNameGp=../../cp2016-max-common-connected-subgraph-paper/datasets/graphsdb/mcs70/m3D/m3Dr6/mcs70_m3Dr6_s40.A03 fileNameGt=../../cp2016-max-common-connected-subgraph-paper/datasets/graphsdb/mcs70/m3D/m3Dr6/mcs70_m3Dr6_s40.B03
Reading graphs...
40 :  106
40 :  101
Initializing...
maxdom : 40
D->valSize : 1600
Solving...
Blb : 2 (clique : 19)
currentSize : 19 <-- 0.056551 s
currentSize : 20 <-- 0.056749 s
currentSize : 21 <-- 0.056839 s
currentSize : 22 <-- 0.056931 s
currentSize : 23 <-- 0.118925 s
currentSize : 24 <-- 2.230182 s
currentSize : 25 <-- 349.298157 s

TIMEOUT
maxsize : 25
nodes : 178129895.000000
filtered : 5537040176.000000
time : 1000.000000


Display solution 

0 --> 29
1 --> 28
4 --> 19
6 --> 9
7 --> 32
8 --> 12
10 --> 2
11 --> 34
12 --> 7
14 --> 4
15 --> 22
19 --> 33
20 --> 27
21 --> 0
22 --> 26
24 --> 10
25 --> 31
26 --> 25
27 --> 39
32 --> 1
34 --> 17
35 --> 35
36 --> 5
37 --> 37
39 --> 13
