Parameters: GAD=1 vflib=1 dir=0 label=0 lowerbound=1 fileNameGp=../../cp2016-max-common-connected-subgraph-paper/datasets/graphsdb/mcs70/rand/r01/mcs70_r01_s35.A09 fileNameGt=../../cp2016-max-common-connected-subgraph-paper/datasets/graphsdb/mcs70/rand/r01/mcs70_r01_s35.B09
Reading graphs...
35 :  115
35 :  117
Initializing...
maxdom : 35
D->valSize : 1225
Solving...
Blb : 2 (clique : 17)
currentSize : 17 <-- 0.018926 s
currentSize : 18 <-- 0.021277 s
currentSize : 19 <-- 0.528414 s
currentSize : 20 <-- 45.410137 s
currentSize : 21 <-- 785.956970 s
currentSize : 22 <-- 972.791077 s

TIMEOUT
maxsize : 22
nodes : 200492561.000000
filtered : 5725773508.000000
time : 1000.000000


Display solution 

0 --> 21
1 --> 5
3 --> 9
4 --> 28
7 --> 6
8 --> 2
9 --> 20
10 --> 10
11 --> 8
12 --> 15
13 --> 3
14 --> 34
17 --> 18
18 --> 22
20 --> 4
21 --> 16
22 --> 27
24 --> 14
25 --> 12
27 --> 32
28 --> 7
31 --> 17
