Parameters: GAD=1 vflib=1 dir=0 label=0 lowerbound=1 fileNameGp=../../cp2016-max-common-connected-subgraph-paper/datasets/graphsdb/mcs70/m3D/m3Dr2/mcs70_m3Dr2_s35.A04 fileNameGt=../../cp2016-max-common-connected-subgraph-paper/datasets/graphsdb/mcs70/m3D/m3Dr2/mcs70_m3Dr2_s35.B04
Reading graphs...
35 :  78
35 :  77
Initializing...
maxdom : 35
D->valSize : 1225
Solving...
Blb : 2 (clique : 18)
currentSize : 18 <-- 0.020864 s
currentSize : 19 <-- 0.021171 s
currentSize : 20 <-- 0.023082 s
currentSize : 21 <-- 0.045161 s
currentSize : 22 <-- 0.269302 s
currentSize : 23 <-- 1.763410 s
currentSize : 24 <-- 14.983987 s
currentSize : 25 <-- 49.733131 s
currentSize : 26 <-- 82.230934 s
currentSize : 27 <-- 82.230995 s
currentSize : 28 <-- 82.232361 s

maxsize : 28
nodes : 18164328.000000
filtered : 620833628.000000
time : 99.716988


Display solution 

0 --> 32
1 --> 29
2 --> 2
3 --> 12
4 --> 23
6 --> 11
7 --> 6
8 --> 27
9 --> 19
10 --> 17
12 --> 7
14 --> 14
15 --> 21
16 --> 30
17 --> 34
18 --> 15
19 --> 16
22 --> 13
23 --> 26
24 --> 25
25 --> 4
26 --> 24
27 --> 0
29 --> 28
30 --> 10
31 --> 1
32 --> 33
34 --> 20
