Parameters: GAD=1 vflib=1 dir=0 label=0 lowerbound=1 fileNameGp=../../cp2016-max-common-connected-subgraph-paper/datasets/graphsdb/mcs70/m2D/m2Dr4/mcs70_m2Dr4_s40.A01 fileNameGt=../../cp2016-max-common-connected-subgraph-paper/datasets/graphsdb/mcs70/m2D/m2Dr4/mcs70_m2Dr4_s40.B01
Reading graphs...
40 :  82
40 :  82
Initializing...
maxdom : 40
D->valSize : 1600
Solving...
Blb : 5 (clique : 21)
currentSize : 21 <-- 0.035463 s
currentSize : 22 <-- 0.035673 s
currentSize : 23 <-- 0.035826 s
currentSize : 24 <-- 0.040074 s
currentSize : 25 <-- 0.234343 s
currentSize : 26 <-- 3.499754 s
currentSize : 27 <-- 82.052849 s

TIMEOUT
maxsize : 27
nodes : 165180257.000000
filtered : 5338538809.000000
time : 1000.000000


Display solution 

0 --> 31
1 --> 12
2 --> 15
6 --> 27
7 --> 13
8 --> 32
10 --> 4
13 --> 30
16 --> 26
17 --> 38
18 --> 17
19 --> 0
20 --> 22
21 --> 36
24 --> 1
25 --> 19
27 --> 24
28 --> 33
30 --> 10
32 --> 6
33 --> 14
34 --> 21
35 --> 35
36 --> 8
37 --> 28
38 --> 16
39 --> 39
