Parameters: GAD=1 vflib=1 dir=0 label=0 lowerbound=1 fileNameGp=../../cp2016-max-common-connected-subgraph-paper/datasets/graphsdb/mcs70/bvg/b09m/mcs70_b09m_s25.A03 fileNameGt=../../cp2016-max-common-connected-subgraph-paper/datasets/graphsdb/mcs70/bvg/b09m/mcs70_b09m_s25.B03
Reading graphs...
25 :  105
25 :  103
Initializing...
maxdom : 25
D->valSize : 625
Solving...
Blb : 2 (clique : 11)
currentSize : 11 <-- 0.004943 s
currentSize : 12 <-- 0.005054 s
currentSize : 13 <-- 0.013814 s
currentSize : 14 <-- 2.083498 s
currentSize : 15 <-- 2.324033 s
currentSize : 16 <-- 3.345809 s

maxsize : 16
nodes : 1120627.000000
filtered : 22439210.000000
time : 4.187453


Display solution 

1 --> 11
2 --> 24
4 --> 23
5 --> 5
6 --> 6
7 --> 7
8 --> 21
9 --> 12
13 --> 1
15 --> 17
16 --> 3
17 --> 4
18 --> 16
19 --> 15
20 --> 8
23 --> 9
