Parameters: GAD=1 vflib=1 dir=0 label=0 lowerbound=1 fileNameGp=../../cp2016-max-common-connected-subgraph-paper/datasets/graphsdb/mcs70/bvg/b03/mcs70_b03_s35.A03 fileNameGt=../../cp2016-max-common-connected-subgraph-paper/datasets/graphsdb/mcs70/bvg/b03/mcs70_b03_s35.B03
Reading graphs...
35 :  52
35 :  52
Initializing...
maxdom : 35
D->valSize : 1225
Solving...
Blb : 2 (clique : 23)
currentSize : 23 <-- 0.021126 s
currentSize : 24 <-- 0.021321 s
currentSize : 25 <-- 0.033228 s
currentSize : 26 <-- 0.399296 s
currentSize : 27 <-- 17.542755 s
currentSize : 28 <-- 17.898964 s
currentSize : 29 <-- 41.280151 s
currentSize : 30 <-- 41.280952 s

maxsize : 30
nodes : 6511599.000000
filtered : 264298527.000000
time : 42.385803


Display solution 

0 --> 27
1 --> 6
2 --> 7
3 --> 16
4 --> 14
5 --> 20
6 --> 11
7 --> 5
8 --> 13
10 --> 28
13 --> 19
14 --> 10
15 --> 25
17 --> 32
18 --> 9
19 --> 2
20 --> 15
21 --> 31
22 --> 33
23 --> 24
24 --> 29
26 --> 21
27 --> 30
28 --> 23
29 --> 12
30 --> 8
31 --> 3
32 --> 0
33 --> 26
34 --> 22
