Parameters: GAD=1 vflib=1 dir=0 label=0 lowerbound=1 fileNameGp=../../cp2016-max-common-connected-subgraph-paper/datasets/graphsdb/mcs70/m2D/m2Dr6/mcs70_m2Dr6_s25.A09 fileNameGt=../../cp2016-max-common-connected-subgraph-paper/datasets/graphsdb/mcs70/m2D/m2Dr6/mcs70_m2Dr6_s25.B09
Reading graphs...
25 :  51
25 :  52
Initializing...
maxdom : 25
D->valSize : 625
Solving...
Blb : 2 (clique : 14)
currentSize : 14 <-- 0.005334 s
currentSize : 15 <-- 0.015531 s
currentSize : 16 <-- 0.030343 s
currentSize : 17 <-- 0.207851 s

maxsize : 17
nodes : 1963293.000000
filtered : 50285750.000000
time : 8.216686


Display solution 

0 --> 23
1 --> 12
2 --> 5
3 --> 11
5 --> 3
6 --> 8
7 --> 0
8 --> 9
10 --> 16
11 --> 13
12 --> 1
13 --> 22
14 --> 7
16 --> 18
17 --> 20
23 --> 10
24 --> 6
