Parameters: GAD=1 vflib=1 dir=0 label=0 lowerbound=1 fileNameGp=../../cp2016-max-common-connected-subgraph-paper/datasets/graphsdb/mcs70/bvg/b09m/mcs70_b09m_s40.A03 fileNameGt=../../cp2016-max-common-connected-subgraph-paper/datasets/graphsdb/mcs70/bvg/b09m/mcs70_b09m_s40.B03
Reading graphs...
40 :  172
40 :  174
Initializing...
maxdom : 40
D->valSize : 1600
Solving...
Blb : 2 (clique : 16)
currentSize : 16 <-- 0.031524 s
currentSize : 17 <-- 0.036716 s
currentSize : 18 <-- 0.068577 s
currentSize : 19 <-- 7.147925 s
currentSize : 20 <-- 7.149699 s
currentSize : 21 <-- 7.153086 s
currentSize : 22 <-- 7.153146 s
currentSize : 23 <-- 19.316093 s
currentSize : 24 <-- 23.723513 s
currentSize : 25 <-- 28.817198 s
currentSize : 26 <-- 28.817266 s
currentSize : 27 <-- 28.817694 s
currentSize : 28 <-- 28.817757 s

maxsize : 28
nodes : 13395512.000000
filtered : 773059595.000000
time : 104.259804


Display solution 

0 --> 0
1 --> 3
2 --> 30
4 --> 32
6 --> 21
8 --> 13
9 --> 24
10 --> 28
13 --> 19
14 --> 22
16 --> 11
17 --> 5
18 --> 38
20 --> 37
21 --> 12
24 --> 2
25 --> 6
26 --> 27
27 --> 20
28 --> 36
31 --> 26
32 --> 25
33 --> 18
34 --> 16
35 --> 14
36 --> 34
38 --> 9
39 --> 33
