Parameters: GAD=1 vflib=1 dir=0 label=0 lowerbound=1 fileNameGp=../../cp2016-max-common-connected-subgraph-paper/datasets/graphsdb/mcs70/m4D/m4D/mcs70_m4D_s25.A07 fileNameGt=../../cp2016-max-common-connected-subgraph-paper/datasets/graphsdb/mcs70/m4D/m4D/mcs70_m4D_s25.B07
Reading graphs...
25 :  46
25 :  46
Initializing...
maxdom : 25
D->valSize : 625
Solving...
Blb : 2 (clique : 14)
currentSize : 14 <-- 0.005414 s
currentSize : 15 <-- 0.005531 s
currentSize : 16 <-- 0.005658 s
currentSize : 17 <-- 0.005858 s
currentSize : 18 <-- 0.020857 s
currentSize : 19 <-- 0.343711 s

maxsize : 19
nodes : 227272.000000
filtered : 7284642.000000
time : 1.036319


Display solution 

0 --> 20
1 --> 19
2 --> 2
4 --> 4
6 --> 18
7 --> 8
8 --> 22
10 --> 23
11 --> 7
12 --> 17
13 --> 6
14 --> 13
15 --> 16
16 --> 10
17 --> 14
18 --> 11
20 --> 12
22 --> 24
23 --> 3
