Parameters: GAD=1 vflib=1 dir=0 label=0 lowerbound=1 fileNameGp=../../cp2016-max-common-connected-subgraph-paper/datasets/graphsdb/mcs70/bvg/b09m/mcs70_b09m_s25.A01 fileNameGt=../../cp2016-max-common-connected-subgraph-paper/datasets/graphsdb/mcs70/bvg/b09m/mcs70_b09m_s25.B01
Reading graphs...
25 :  105
25 :  105
Initializing...
maxdom : 25
D->valSize : 625
Solving...
Blb : 2 (clique : 10)
currentSize : 10 <-- 0.004744 s
currentSize : 11 <-- 0.004816 s
currentSize : 12 <-- 0.004852 s
currentSize : 13 <-- 0.006609 s
currentSize : 14 <-- 0.421417 s
currentSize : 16 <-- 0.685826 s
currentSize : 17 <-- 0.685858 s

maxsize : 17
nodes : 408149.000000
filtered : 8114117.000000
time : 1.661061


Display solution 

0 --> 8
1 --> 2
2 --> 16
4 --> 23
5 --> 1
6 --> 18
8 --> 10
9 --> 9
11 --> 17
12 --> 11
13 --> 4
14 --> 12
15 --> 13
17 --> 21
18 --> 24
22 --> 15
23 --> 14
