Parameters: GAD=1 vflib=1 dir=0 label=0 lowerbound=1 fileNameGp=../../cp2016-max-common-connected-subgraph-paper/datasets/graphsdb/mcs70/m2D/m2Dr6/mcs70_m2Dr6_s50.A03 fileNameGt=../../cp2016-max-common-connected-subgraph-paper/datasets/graphsdb/mcs70/m2D/m2Dr6/mcs70_m2Dr6_s50.B03
Reading graphs...
50 :  114
50 :  114
Initializing...
maxdom : 50
D->valSize : 2500
Solving...
Blb : 2 (clique : 24)
currentSize : 24 <-- 0.159788 s
currentSize : 27 <-- 0.160351 s
currentSize : 28 <-- 0.160382 s
currentSize : 29 <-- 0.164008 s
currentSize : 30 <-- 0.202102 s
currentSize : 31 <-- 0.203812 s

TIMEOUT
maxsize : 31
nodes : 138680275.000000
filtered : 5923444764.000000
time : 1000.000061


Display solution 

0 --> 14
1 --> 43
2 --> 19
3 --> 46
4 --> 10
5 --> 33
6 --> 17
7 --> 48
8 --> 25
9 --> 24
13 --> 26
14 --> 23
15 --> 16
16 --> 39
17 --> 4
20 --> 5
22 --> 40
26 --> 49
27 --> 7
28 --> 6
31 --> 37
35 --> 47
36 --> 20
37 --> 13
38 --> 15
40 --> 2
43 --> 3
44 --> 27
47 --> 45
48 --> 22
49 --> 18
