Parameters: GAD=1 vflib=1 dir=0 label=0 lowerbound=1 fileNameGp=../../cp2016-max-common-connected-subgraph-paper/datasets/graphsdb/mcs70/m3D/m3Dr4/mcs70_m3Dr4_s40.A09 fileNameGt=../../cp2016-max-common-connected-subgraph-paper/datasets/graphsdb/mcs70/m3D/m3Dr4/mcs70_m3Dr4_s40.B09
Reading graphs...
40 :  99
40 :  99
Initializing...
maxdom : 40
D->valSize : 1600
Solving...
Blb : 2 (clique : 19)
currentSize : 19 <-- 0.035109 s
currentSize : 20 <-- 0.035465 s
currentSize : 21 <-- 0.042118 s
currentSize : 22 <-- 0.197477 s
currentSize : 23 <-- 1.023766 s
currentSize : 24 <-- 100.231766 s
currentSize : 25 <-- 201.634720 s
currentSize : 27 <-- 286.514343 s
currentSize : 29 <-- 286.531464 s

TIMEOUT
maxsize : 29
nodes : 147726366.000000
filtered : 6548156991.000000
time : 1000.000000


Display solution 

0 --> 13
1 --> 15
2 --> 16
3 --> 21
6 --> 12
7 --> 27
8 --> 8
12 --> 38
13 --> 17
14 --> 20
15 --> 26
17 --> 30
18 --> 29
19 --> 24
20 --> 6
21 --> 22
22 --> 14
23 --> 39
25 --> 25
26 --> 19
27 --> 31
28 --> 0
29 --> 1
30 --> 4
33 --> 34
34 --> 28
35 --> 18
37 --> 35
39 --> 33
