Parameters: GAD=1 vflib=1 dir=0 label=0 lowerbound=1 fileNameGp=../../cp2016-max-common-connected-subgraph-paper/datasets/graphsdb/mcs70/bvg/b06/mcs70_b06_s35.A01 fileNameGt=../../cp2016-max-common-connected-subgraph-paper/datasets/graphsdb/mcs70/bvg/b06/mcs70_b06_s35.B01
Reading graphs...
35 :  104
35 :  105
Initializing...
maxdom : 35
D->valSize : 1225
Solving...
Blb : 2 (clique : 18)
currentSize : 18 <-- 0.019639 s
currentSize : 19 <-- 0.019954 s
currentSize : 20 <-- 1.200452 s
currentSize : 21 <-- 1.414993 s
currentSize : 22 <-- 3.122123 s
currentSize : 25 <-- 3.122373 s
currentSize : 26 <-- 3.173771 s

maxsize : 26
nodes : 3988868.000000
filtered : 195812096.000000
time : 27.839888


Display solution 

0 --> 29
1 --> 6
2 --> 33
3 --> 19
5 --> 22
6 --> 2
7 --> 25
8 --> 16
9 --> 11
11 --> 0
12 --> 26
14 --> 8
15 --> 1
16 --> 28
17 --> 30
18 --> 20
20 --> 9
21 --> 14
22 --> 15
24 --> 34
25 --> 27
26 --> 5
27 --> 3
28 --> 18
29 --> 12
30 --> 10
