Parameters: GAD=1 vflib=1 dir=0 label=0 lowerbound=1 fileNameGp=../../cp2016-max-common-connected-subgraph-paper/datasets/graphsdb/mcs70/m2D/m2Dr2/mcs70_m2Dr2_s15.A03 fileNameGt=../../cp2016-max-common-connected-subgraph-paper/datasets/graphsdb/mcs70/m2D/m2Dr2/mcs70_m2Dr2_s15.B03
Reading graphs...
15 :  25
15 :  25
Initializing...
maxdom : 15
D->valSize : 225
Solving...
Blb : 2 (clique : 9)
currentSize : 9 <-- 0.001578 s
currentSize : 10 <-- 0.001633 s
currentSize : 11 <-- 0.002323 s

maxsize : 11
nodes : 3911.000000
filtered : 58721.000000
time : 0.017619


Display solution 

0 --> 14
1 --> 12
2 --> 5
3 --> 2
4 --> 9
5 --> 8
6 --> 10
7 --> 1
9 --> 7
11 --> 11
12 --> 3
