Parameters: GAD=1 vflib=1 dir=0 label=0 lowerbound=1 fileNameGp=../../cp2016-max-common-connected-subgraph-paper/datasets/graphsdb/mcs70/rand/r01/mcs70_r01_s35.A05 fileNameGt=../../cp2016-max-common-connected-subgraph-paper/datasets/graphsdb/mcs70/rand/r01/mcs70_r01_s35.B05
Reading graphs...
35 :  112
35 :  110
Initializing...
maxdom : 35
D->valSize : 1225
Solving...
Blb : 2 (clique : 14)
currentSize : 14 <-- 0.019793 s
currentSize : 16 <-- 0.020007 s
currentSize : 17 <-- 0.020454 s
currentSize : 18 <-- 0.022411 s
currentSize : 19 <-- 0.218416 s
currentSize : 20 <-- 168.239227 s
currentSize : 21 <-- 730.189392 s
currentSize : 22 <-- 745.634888 s
currentSize : 24 <-- 875.367676 s

maxsize : 24
nodes : 190770087.000000
filtered : 5225543790.000000
time : 930.286926


Display solution 

1 --> 30
3 --> 5
4 --> 29
6 --> 24
7 --> 16
8 --> 15
9 --> 34
11 --> 28
14 --> 12
15 --> 33
18 --> 14
19 --> 10
20 --> 1
22 --> 17
24 --> 26
25 --> 6
26 --> 13
27 --> 8
28 --> 31
29 --> 19
31 --> 23
32 --> 3
33 --> 7
34 --> 4
