Parameters: GAD=1 vflib=1 dir=0 label=0 lowerbound=1 fileNameGp=../../cp2016-max-common-connected-subgraph-paper/datasets/graphsdb/mcs70/rand/r01/mcs70_r01_s30.A07 fileNameGt=../../cp2016-max-common-connected-subgraph-paper/datasets/graphsdb/mcs70/rand/r01/mcs70_r01_s30.B07
Reading graphs...
30 :  81
30 :  82
Initializing...
maxdom : 30
D->valSize : 900
Solving...
Blb : 2 (clique : 13)
currentSize : 13 <-- 0.010355 s
currentSize : 14 <-- 0.010473 s
currentSize : 15 <-- 0.010502 s
currentSize : 16 <-- 0.010731 s
currentSize : 17 <-- 0.011951 s
currentSize : 18 <-- 0.156764 s
currentSize : 19 <-- 18.600813 s
currentSize : 20 <-- 49.326527 s
currentSize : 21 <-- 49.725067 s
currentSize : 22 <-- 50.729050 s

maxsize : 22
nodes : 12097929.000000
filtered : 300893141.000000
time : 54.228367


Display solution 

0 --> 17
2 --> 26
3 --> 22
4 --> 7
6 --> 28
7 --> 0
8 --> 21
9 --> 9
10 --> 8
11 --> 3
12 --> 20
13 --> 14
15 --> 12
16 --> 27
17 --> 11
18 --> 18
19 --> 6
23 --> 13
24 --> 25
25 --> 23
27 --> 4
28 --> 10
