Parameters: GAD=1 vflib=1 dir=0 label=0 lowerbound=1 fileNameGp=../../cp2016-max-common-connected-subgraph-paper/datasets/graphsdb/mcs70/bvg/b09/mcs70_b09_s25.A05 fileNameGt=../../cp2016-max-common-connected-subgraph-paper/datasets/graphsdb/mcs70/bvg/b09/mcs70_b09_s25.B05
Reading graphs...
25 :  108
25 :  111
Initializing...
maxdom : 25
D->valSize : 625
Solving...
Blb : 2 (clique : 11)
currentSize : 11 <-- 0.004630 s
currentSize : 12 <-- 0.005156 s
currentSize : 13 <-- 0.005273 s
currentSize : 14 <-- 0.006074 s
currentSize : 16 <-- 0.013023 s
currentSize : 17 <-- 0.013037 s

maxsize : 17
nodes : 249452.000000
filtered : 6434179.000000
time : 1.078674


Display solution 

0 --> 21
1 --> 0
2 --> 5
3 --> 20
5 --> 2
7 --> 22
9 --> 23
10 --> 15
11 --> 7
12 --> 14
13 --> 9
14 --> 6
16 --> 8
17 --> 19
18 --> 16
23 --> 18
24 --> 10
