Parameters: GAD=1 vflib=1 dir=0 label=0 lowerbound=1 fileNameGp=../../cp2016-max-common-connected-subgraph-paper/datasets/graphsdb/mcs70/bvg/b09m/mcs70_b09m_s40.A01 fileNameGt=../../cp2016-max-common-connected-subgraph-paper/datasets/graphsdb/mcs70/bvg/b09m/mcs70_b09m_s40.B01
Reading graphs...
40 :  173
40 :  174
Initializing...
maxdom : 40
D->valSize : 1600
Solving...
Blb : 2 (clique : 17)
currentSize : 17 <-- 0.032297 s
currentSize : 18 <-- 0.062329 s
currentSize : 19 <-- 0.983162 s

TIMEOUT
maxsize : 19
nodes : 222703711.000000
filtered : 4506234440.000000
time : 1000.000000


Display solution 

0 --> 4
1 --> 36
2 --> 29
3 --> 34
4 --> 27
5 --> 24
6 --> 23
7 --> 22
8 --> 21
10 --> 28
11 --> 1
17 --> 17
25 --> 12
27 --> 35
28 --> 10
29 --> 20
33 --> 32
35 --> 8
39 --> 37
