Parameters: GAD=1 vflib=1 dir=0 label=0 lowerbound=1 fileNameGp=../../cp2016-max-common-connected-subgraph-paper/datasets/graphsdb/mcs70/rand/r005/mcs70_r005_s25.A00 fileNameGt=../../cp2016-max-common-connected-subgraph-paper/datasets/graphsdb/mcs70/rand/r005/mcs70_r005_s25.B00
Reading graphs...
25 :  32
25 :  33
Initializing...
maxdom : 25
D->valSize : 625
Solving...
Blb : 2 (clique : 16)
currentSize : 16 <-- 0.009784 s
currentSize : 17 <-- 0.016041 s
currentSize : 18 <-- 0.277664 s
currentSize : 19 <-- 0.532053 s
currentSize : 20 <-- 2.305921 s
currentSize : 21 <-- 2.306020 s

maxsize : 21
nodes : 594085.000000
filtered : 14044961.000000
time : 2.379065


Display solution 

0 --> 10
1 --> 0
2 --> 2
3 --> 5
4 --> 22
6 --> 8
7 --> 21
8 --> 3
9 --> 7
10 --> 6
11 --> 9
13 --> 13
14 --> 1
15 --> 12
17 --> 24
18 --> 4
19 --> 14
21 --> 20
22 --> 15
23 --> 18
24 --> 16
