Parameters: GAD=1 vflib=1 dir=0 label=0 lowerbound=1 fileNameGp=../../cp2016-max-common-connected-subgraph-paper/datasets/graphsdb/mcs70/bvg/b03/mcs70_b03_s25.A07 fileNameGt=../../cp2016-max-common-connected-subgraph-paper/datasets/graphsdb/mcs70/bvg/b03/mcs70_b03_s25.B07
Reading graphs...
25 :  37
25 :  37
Initializing...
maxdom : 25
D->valSize : 625
Solving...
Blb : 2 (clique : 16)
currentSize : 16 <-- 0.005550 s
currentSize : 17 <-- 0.007195 s
currentSize : 18 <-- 0.055736 s
currentSize : 19 <-- 0.398063 s
currentSize : 20 <-- 0.425012 s

maxsize : 20
nodes : 180861.000000
filtered : 4643018.000000
time : 0.786798


Display solution 

0 --> 18
1 --> 3
2 --> 13
3 --> 7
5 --> 0
6 --> 2
7 --> 16
8 --> 22
9 --> 6
10 --> 14
11 --> 5
13 --> 21
14 --> 17
15 --> 9
16 --> 11
19 --> 24
20 --> 23
21 --> 20
22 --> 4
23 --> 8
