Parameters: GAD=1 vflib=1 dir=0 label=0 lowerbound=1 fileNameGp=../../cp2016-max-common-connected-subgraph-paper/datasets/graphsdb/mcs70/bvg/b06/mcs70_b06_s35.A03 fileNameGt=../../cp2016-max-common-connected-subgraph-paper/datasets/graphsdb/mcs70/bvg/b06/mcs70_b06_s35.B03
Reading graphs...
35 :  105
35 :  105
Initializing...
maxdom : 35
D->valSize : 1225
Solving...
Blb : 5 (clique : 19)
currentSize : 19 <-- 0.019320 s
currentSize : 21 <-- 0.019474 s
currentSize : 22 <-- 0.055909 s
currentSize : 23 <-- 0.128257 s
currentSize : 25 <-- 0.910736 s
currentSize : 26 <-- 1.037375 s

maxsize : 26
nodes : 2666338.000000
filtered : 133902158.000000
time : 18.652328


Display solution 

0 --> 23
1 --> 7
2 --> 12
3 --> 9
5 --> 4
6 --> 18
7 --> 33
8 --> 34
10 --> 32
11 --> 22
12 --> 5
13 --> 26
14 --> 2
15 --> 20
17 --> 25
18 --> 30
19 --> 16
22 --> 3
25 --> 15
26 --> 19
27 --> 27
28 --> 0
30 --> 11
31 --> 31
32 --> 13
34 --> 10
