Parameters: GAD=1 vflib=1 dir=0 label=0 lowerbound=1 fileNameGp=../../cp2016-max-common-connected-subgraph-paper/datasets/graphsdb/mcs70/bvg/b09/mcs70_b09_s20.A02 fileNameGt=../../cp2016-max-common-connected-subgraph-paper/datasets/graphsdb/mcs70/bvg/b09/mcs70_b09_s20.B02
Reading graphs...
20 :  89
20 :  89
Initializing...
maxdom : 20
D->valSize : 400
Solving...
Blb : 2 (clique : 9)
currentSize : 9 <-- 0.003622 s
currentSize : 10 <-- 0.015991 s
currentSize : 11 <-- 0.021108 s
currentSize : 12 <-- 0.090595 s
currentSize : 13 <-- 0.199760 s
currentSize : 14 <-- 0.200015 s

maxsize : 14
nodes : 74945.000000
filtered : 1068972.000000
time : 0.265330


Display solution 

0 --> 15
1 --> 19
2 --> 13
5 --> 8
6 --> 7
7 --> 1
8 --> 16
9 --> 9
10 --> 6
12 --> 11
13 --> 2
17 --> 18
18 --> 12
19 --> 10
