Parameters: GAD=1 vflib=1 dir=0 label=0 lowerbound=1 fileNameGp=../../cp2016-max-common-connected-subgraph-paper/datasets/graphsdb/mcs70/m3D/m3Dr6/mcs70_m3Dr6_s35.A06 fileNameGt=../../cp2016-max-common-connected-subgraph-paper/datasets/graphsdb/mcs70/m3D/m3Dr6/mcs70_m3Dr6_s35.B06
Reading graphs...
35 :  92
35 :  91
Initializing...
maxdom : 35
D->valSize : 1225
Solving...
Blb : 3 (clique : 16)
currentSize : 16 <-- 0.019887 s
currentSize : 17 <-- 0.020037 s
currentSize : 18 <-- 0.022965 s
currentSize : 19 <-- 0.046930 s
currentSize : 20 <-- 0.066129 s
currentSize : 21 <-- 3.176427 s
currentSize : 22 <-- 83.071312 s
currentSize : 23 <-- 301.280914 s
currentSize : 24 <-- 466.756775 s
currentSize : 25 <-- 466.756866 s
currentSize : 27 <-- 466.756927 s

maxsize : 27
nodes : 87116731.000000
filtered : 2891514085.000000
time : 475.611481


Display solution 

0 --> 2
1 --> 31
2 --> 22
3 --> 26
4 --> 10
5 --> 30
6 --> 17
7 --> 15
10 --> 32
11 --> 29
12 --> 6
13 --> 8
14 --> 20
15 --> 24
17 --> 16
18 --> 18
19 --> 28
20 --> 14
21 --> 34
22 --> 23
23 --> 7
24 --> 12
26 --> 21
27 --> 1
28 --> 11
30 --> 5
34 --> 19
