Parameters: GAD=1 vflib=1 dir=0 label=0 lowerbound=1 fileNameGp=../../cp2016-max-common-connected-subgraph-paper/datasets/graphsdb/mcs70/m2D/m2Dr4/mcs70_m2Dr4_s25.A08 fileNameGt=../../cp2016-max-common-connected-subgraph-paper/datasets/graphsdb/mcs70/m2D/m2Dr4/mcs70_m2Dr4_s25.B08
Reading graphs...
25 :  49
25 :  49
Initializing...
maxdom : 25
D->valSize : 625
Solving...
Blb : 2 (clique : 13)
currentSize : 13 <-- 0.005230 s
currentSize : 14 <-- 0.006237 s
currentSize : 15 <-- 0.006447 s
currentSize : 16 <-- 0.019689 s
currentSize : 17 <-- 0.086905 s
currentSize : 18 <-- 0.907268 s

maxsize : 18
nodes : 663897.000000
filtered : 22763002.000000
time : 3.308964


Display solution 

0 --> 15
1 --> 11
2 --> 14
3 --> 3
4 --> 23
7 --> 16
8 --> 7
10 --> 5
11 --> 0
13 --> 8
14 --> 17
16 --> 18
17 --> 9
19 --> 2
21 --> 19
22 --> 22
23 --> 4
24 --> 12
