Parameters: GAD=1 vflib=1 dir=0 label=0 lowerbound=1 fileNameGp=../../cp2016-max-common-connected-subgraph-paper/datasets/graphsdb/mcs70/bvg/b09/mcs70_b09_s25.A02 fileNameGt=../../cp2016-max-common-connected-subgraph-paper/datasets/graphsdb/mcs70/bvg/b09/mcs70_b09_s25.B02
Reading graphs...
25 :  110
25 :  111
Initializing...
maxdom : 25
D->valSize : 625
Solving...
Blb : 2 (clique : 10)
currentSize : 10 <-- 0.004633 s
currentSize : 11 <-- 0.004724 s
currentSize : 12 <-- 0.005649 s
currentSize : 13 <-- 0.058905 s
currentSize : 15 <-- 0.078522 s
currentSize : 16 <-- 0.115212 s
currentSize : 17 <-- 1.362048 s

maxsize : 17
nodes : 367089.000000
filtered : 9192135.000000
time : 1.557106


Display solution 

2 --> 9
3 --> 3
4 --> 8
6 --> 0
9 --> 4
10 --> 2
11 --> 5
13 --> 21
14 --> 6
17 --> 14
18 --> 12
19 --> 23
20 --> 1
21 --> 17
22 --> 22
23 --> 16
24 --> 11
