Parameters: GAD=1 vflib=1 dir=0 label=0 lowerbound=1 fileNameGp=../../cp2016-max-common-connected-subgraph-paper/datasets/graphsdb/mcs70/m2D/m2Dr4/mcs70_m2Dr4_s40.A08 fileNameGt=../../cp2016-max-common-connected-subgraph-paper/datasets/graphsdb/mcs70/m2D/m2Dr4/mcs70_m2Dr4_s40.B08
Reading graphs...
40 :  83
40 :  82
Initializing...
maxdom : 40
D->valSize : 1600
Solving...
Blb : 2 (clique : 21)
currentSize : 21 <-- 0.035541 s
currentSize : 22 <-- 0.036293 s
currentSize : 23 <-- 0.036379 s
currentSize : 24 <-- 0.036924 s
currentSize : 25 <-- 0.098190 s
currentSize : 26 <-- 0.120040 s
currentSize : 27 <-- 258.414886 s

TIMEOUT
maxsize : 27
nodes : 143061316.000000
filtered : 6379808920.000000
time : 1000.000000


Display solution 

0 --> 39
1 --> 37
2 --> 3
4 --> 32
5 --> 30
7 --> 36
8 --> 22
10 --> 18
11 --> 21
12 --> 35
14 --> 10
16 --> 9
18 --> 33
19 --> 17
20 --> 6
23 --> 13
24 --> 4
26 --> 27
27 --> 29
28 --> 8
29 --> 34
30 --> 7
32 --> 0
34 --> 28
35 --> 19
36 --> 15
39 --> 12
