Parameters: GAD=1 vflib=1 dir=0 label=0 lowerbound=1 fileNameGp=../../cp2016-max-common-connected-subgraph-paper/datasets/graphsdb/mcs70/rand/r01/mcs70_r01_s50.A05 fileNameGt=../../cp2016-max-common-connected-subgraph-paper/datasets/graphsdb/mcs70/rand/r01/mcs70_r01_s50.B05
Reading graphs...
50 :  231
50 :  229
Initializing...
maxdom : 50
D->valSize : 2500
Solving...
Blb : 2 (clique : 17)
currentSize : 17 <-- 0.084355 s
currentSize : 18 <-- 0.084666 s
currentSize : 19 <-- 0.084864 s
currentSize : 20 <-- 0.087242 s
currentSize : 21 <-- 0.795939 s
currentSize : 22 <-- 47.668400 s

TIMEOUT
maxsize : 22
nodes : 212291549.000000
filtered : 3701368229.000000
time : 1000.000000


Display solution 

0 --> 40
5 --> 47
6 --> 27
7 --> 37
8 --> 17
9 --> 41
10 --> 48
11 --> 34
14 --> 15
16 --> 18
20 --> 46
23 --> 36
26 --> 38
27 --> 13
30 --> 49
33 --> 2
34 --> 29
35 --> 7
38 --> 4
43 --> 44
45 --> 11
49 --> 25
