Parameters: GAD=1 vflib=1 dir=0 label=0 lowerbound=1 fileNameGp=../../cp2016-max-common-connected-subgraph-paper/datasets/graphsdb/mcs70/bvg/b03/mcs70_b03_s30.A01 fileNameGt=../../cp2016-max-common-connected-subgraph-paper/datasets/graphsdb/mcs70/bvg/b03/mcs70_b03_s30.B01
Reading graphs...
30 :  45
30 :  45
Initializing...
maxdom : 30
D->valSize : 900
Solving...
Blb : 2 (clique : 18)
currentSize : 18 <-- 0.020059 s
currentSize : 20 <-- 0.020273 s
currentSize : 21 <-- 0.020315 s
currentSize : 22 <-- 0.020369 s
currentSize : 23 <-- 0.415982 s
currentSize : 24 <-- 73.353745 s

maxsize : 24
nodes : 13222175.000000
filtered : 455838607.000000
time : 75.547295


Display solution 

1 --> 14
2 --> 23
6 --> 13
7 --> 21
8 --> 20
9 --> 9
10 --> 10
11 --> 18
12 --> 3
13 --> 25
14 --> 29
15 --> 5
16 --> 0
17 --> 28
18 --> 26
19 --> 4
20 --> 15
21 --> 6
22 --> 2
23 --> 27
24 --> 12
25 --> 19
26 --> 8
27 --> 7
