Parameters: GAD=1 vflib=1 dir=0 label=0 lowerbound=1 fileNameGp=../../cp2016-max-common-connected-subgraph-paper/datasets/graphsdb/mcs70/m3D/m3Dr6/mcs70_m3Dr6_s40.A04 fileNameGt=../../cp2016-max-common-connected-subgraph-paper/datasets/graphsdb/mcs70/m3D/m3Dr6/mcs70_m3Dr6_s40.B04
Reading graphs...
40 :  106
40 :  106
Initializing...
maxdom : 40
D->valSize : 1600
Solving...
Blb : 2 (clique : 21)
currentSize : 21 <-- 0.034088 s
currentSize : 22 <-- 0.281841 s
currentSize : 23 <-- 1.789947 s
currentSize : 24 <-- 5.955714 s

TIMEOUT
maxsize : 24
nodes : 174027835.000000
filtered : 5871665113.000000
time : 1000.000000


Display solution 

0 --> 17
2 --> 26
4 --> 4
5 --> 23
6 --> 25
7 --> 11
8 --> 14
9 --> 28
10 --> 3
13 --> 36
17 --> 1
18 --> 5
19 --> 24
21 --> 35
24 --> 33
26 --> 22
27 --> 9
28 --> 30
31 --> 16
33 --> 7
36 --> 19
37 --> 12
38 --> 13
39 --> 2
