Parameters: GAD=1 vflib=1 dir=0 label=0 lowerbound=1 fileNameGp=../../cp2016-max-common-connected-subgraph-paper/datasets/graphsdb/mcs70/bvg/b06/mcs70_b06_s40.A07 fileNameGt=../../cp2016-max-common-connected-subgraph-paper/datasets/graphsdb/mcs70/bvg/b06/mcs70_b06_s40.B07
Reading graphs...
40 :  120
40 :  120
Initializing...
maxdom : 40
D->valSize : 1600
Solving...
Blb : 2 (clique : 20)
currentSize : 20 <-- 0.033630 s
currentSize : 21 <-- 0.033882 s
currentSize : 22 <-- 0.181014 s
currentSize : 23 <-- 17.021967 s
currentSize : 24 <-- 17.994228 s
currentSize : 25 <-- 69.216873 s
currentSize : 26 <-- 69.300041 s
currentSize : 27 <-- 73.655144 s
currentSize : 29 <-- 81.510002 s

maxsize : 29
nodes : 59958965.000000
filtered : 3508566017.000000
time : 496.301575


Display solution 

0 --> 28
2 --> 10
3 --> 33
5 --> 34
6 --> 19
8 --> 29
9 --> 6
12 --> 18
13 --> 39
14 --> 4
15 --> 17
17 --> 13
18 --> 25
19 --> 11
20 --> 14
21 --> 12
23 --> 8
24 --> 20
25 --> 36
26 --> 31
27 --> 9
29 --> 27
31 --> 37
32 --> 22
34 --> 15
35 --> 21
36 --> 5
37 --> 16
38 --> 1
