Parameters: GAD=1 vflib=1 dir=0 label=0 lowerbound=1 fileNameGp=../../cp2016-max-common-connected-subgraph-paper/datasets/graphsdb/mcs70/rand/r01/mcs70_r01_s50.A07 fileNameGt=../../cp2016-max-common-connected-subgraph-paper/datasets/graphsdb/mcs70/rand/r01/mcs70_r01_s50.B07
Reading graphs...
50 :  227
50 :  230
Initializing...
maxdom : 50
D->valSize : 2500
Solving...
Blb : 5 (clique : 18)
currentSize : 18 <-- 0.085139 s
currentSize : 19 <-- 0.086602 s
currentSize : 20 <-- 0.143693 s
currentSize : 21 <-- 0.143911 s
currentSize : 22 <-- 12.369196 s
currentSize : 23 <-- 252.496262 s

TIMEOUT
maxsize : 23
nodes : 198043031.000000
filtered : 3833239650.000000
time : 1000.000000


Display solution 

0 --> 35
3 --> 48
4 --> 46
6 --> 30
8 --> 12
9 --> 16
10 --> 32
12 --> 42
13 --> 41
14 --> 9
15 --> 37
16 --> 2
17 --> 29
19 --> 0
20 --> 36
21 --> 13
22 --> 23
33 --> 34
35 --> 31
37 --> 33
38 --> 5
43 --> 47
48 --> 1
