Parameters: GAD=1 vflib=1 dir=0 label=0 lowerbound=1 fileNameGp=../../cp2016-max-common-connected-subgraph-paper/datasets/graphsdb/mcs70/bvg/b09m/mcs70_b09m_s20.A03 fileNameGt=../../cp2016-max-common-connected-subgraph-paper/datasets/graphsdb/mcs70/bvg/b09m/mcs70_b09m_s20.B03
Reading graphs...
20 :  84
20 :  84
Initializing...
maxdom : 20
D->valSize : 400
Solving...
Blb : 2 (clique : 9)
currentSize : 9 <-- 0.002120 s
currentSize : 10 <-- 0.002434 s
currentSize : 11 <-- 0.016173 s
currentSize : 12 <-- 0.149277 s
currentSize : 13 <-- 0.372232 s
currentSize : 14 <-- 0.372252 s

maxsize : 14
nodes : 137064.000000
filtered : 1933903.000000
time : 0.421483


Display solution 

1 --> 19
2 --> 0
3 --> 18
4 --> 11
5 --> 9
6 --> 15
7 --> 4
12 --> 3
13 --> 12
14 --> 2
15 --> 10
16 --> 17
17 --> 5
18 --> 6
