Parameters: GAD=1 vflib=1 dir=0 label=0 lowerbound=1 fileNameGp=../../cp2016-max-common-connected-subgraph-paper/datasets/graphsdb/mcs70/bvg/b06/mcs70_b06_s30.A06 fileNameGt=../../cp2016-max-common-connected-subgraph-paper/datasets/graphsdb/mcs70/bvg/b06/mcs70_b06_s30.B06
Reading graphs...
30 :  89
30 :  88
Initializing...
maxdom : 30
D->valSize : 900
Solving...
Blb : 2 (clique : 13)
currentSize : 13 <-- 0.010343 s
currentSize : 14 <-- 0.010449 s
currentSize : 15 <-- 0.010494 s
currentSize : 16 <-- 0.012340 s
currentSize : 17 <-- 0.020577 s
currentSize : 18 <-- 0.024480 s
currentSize : 19 <-- 1.218570 s
currentSize : 20 <-- 1.224403 s
currentSize : 21 <-- 1.395445 s
currentSize : 22 <-- 1.436281 s
currentSize : 23 <-- 1.693140 s

maxsize : 23
nodes : 581161.000000
filtered : 18174567.000000
time : 2.906900


Display solution 

0 --> 11
1 --> 20
2 --> 28
3 --> 18
4 --> 4
5 --> 19
6 --> 22
7 --> 7
8 --> 1
10 --> 14
12 --> 5
13 --> 6
14 --> 25
16 --> 21
17 --> 10
19 --> 23
20 --> 12
22 --> 27
24 --> 17
25 --> 26
26 --> 3
27 --> 16
29 --> 24
