Parameters: GAD=1 vflib=1 dir=0 label=0 lowerbound=1 fileNameGp=../../cp2016-max-common-connected-subgraph-paper/datasets/graphsdb/mcs70/rand/r01/mcs70_r01_s50.A09 fileNameGt=../../cp2016-max-common-connected-subgraph-paper/datasets/graphsdb/mcs70/rand/r01/mcs70_r01_s50.B09
Reading graphs...
50 :  237
50 :  235
Initializing...
maxdom : 50
D->valSize : 2500
Solving...
Blb : 2 (clique : 18)
currentSize : 18 <-- 0.115390 s
currentSize : 19 <-- 0.116015 s
currentSize : 20 <-- 0.125171 s
currentSize : 21 <-- 0.827412 s
currentSize : 22 <-- 20.205950 s
currentSize : 23 <-- 556.852661 s

TIMEOUT
maxsize : 23
nodes : 210283711.000000
filtered : 4180640784.000000
time : 1000.000000


Display solution 

0 --> 17
3 --> 9
4 --> 1
5 --> 8
6 --> 18
7 --> 2
9 --> 31
10 --> 4
11 --> 48
15 --> 23
17 --> 43
25 --> 45
27 --> 28
28 --> 19
30 --> 42
32 --> 40
33 --> 36
34 --> 39
39 --> 14
40 --> 35
45 --> 37
48 --> 10
49 --> 33
