Parameters: GAD=1 vflib=1 dir=0 label=0 lowerbound=1 fileNameGp=../../cp2016-max-common-connected-subgraph-paper/datasets/graphsdb/mcs70/m2D/m2Dr2/mcs70_m2Dr2_s40.A04 fileNameGt=../../cp2016-max-common-connected-subgraph-paper/datasets/graphsdb/mcs70/m2D/m2Dr2/mcs70_m2Dr2_s40.B04
Reading graphs...
40 :  75
40 :  74
Initializing...
maxdom : 40
D->valSize : 1600
Solving...
Blb : 2 (clique : 24)
currentSize : 24 <-- 0.058465 s
currentSize : 25 <-- 0.058898 s
currentSize : 26 <-- 0.144712 s
currentSize : 27 <-- 0.200324 s
currentSize : 28 <-- 471.225067 s

TIMEOUT
maxsize : 28
nodes : 130888339.000000
filtered : 7062527049.000000
time : 1000.000000


Display solution 

0 --> 36
2 --> 15
3 --> 14
4 --> 34
5 --> 19
6 --> 7
7 --> 39
11 --> 23
12 --> 8
14 --> 30
15 --> 6
16 --> 33
17 --> 28
19 --> 16
20 --> 27
22 --> 11
23 --> 24
24 --> 21
25 --> 38
26 --> 1
28 --> 37
29 --> 13
30 --> 0
32 --> 9
34 --> 20
35 --> 29
37 --> 35
39 --> 31
