Parameters: GAD=1 vflib=1 dir=0 label=0 lowerbound=1 fileNameGp=../../cp2016-max-common-connected-subgraph-paper/datasets/graphsdb/mcs70/m2D/m2Dr4/mcs70_m2Dr4_s50.A06 fileNameGt=../../cp2016-max-common-connected-subgraph-paper/datasets/graphsdb/mcs70/m2D/m2Dr4/mcs70_m2Dr4_s50.B06
Reading graphs...
50 :  104
50 :  104
Initializing...
maxdom : 50
D->valSize : 2500
Solving...
Blb : 2 (clique : 25)
currentSize : 25 <-- 0.163171 s
currentSize : 27 <-- 0.163763 s
currentSize : 28 <-- 0.164904 s
currentSize : 29 <-- 0.169948 s
currentSize : 30 <-- 0.171013 s
currentSize : 31 <-- 0.171213 s
currentSize : 32 <-- 0.810272 s

TIMEOUT
maxsize : 32
nodes : 122853576.000000
filtered : 6233875117.000000
time : 1000.000061


Display solution 

0 --> 41
1 --> 3
2 --> 42
4 --> 31
5 --> 12
6 --> 4
7 --> 20
8 --> 35
9 --> 47
10 --> 14
12 --> 0
15 --> 48
16 --> 49
19 --> 33
20 --> 7
23 --> 18
24 --> 23
27 --> 22
28 --> 6
30 --> 11
31 --> 24
33 --> 29
34 --> 40
35 --> 15
36 --> 21
40 --> 16
43 --> 19
44 --> 44
45 --> 5
46 --> 28
47 --> 30
48 --> 17
