Parameters: GAD=1 vflib=1 dir=0 label=0 lowerbound=1 fileNameGp=../../cp2016-max-common-connected-subgraph-paper/datasets/graphsdb/mcs70/m2D/m2Dr6/mcs70_m2Dr6_s15.A08 fileNameGt=../../cp2016-max-common-connected-subgraph-paper/datasets/graphsdb/mcs70/m2D/m2Dr6/mcs70_m2Dr6_s15.B08
Reading graphs...
15 :  29
15 :  28
Initializing...
maxdom : 15
D->valSize : 225
Solving...
Blb : 2 (clique : 9)
currentSize : 9 <-- 0.001513 s
currentSize : 10 <-- 0.002015 s
currentSize : 11 <-- 0.003867 s

maxsize : 11
nodes : 3637.000000
filtered : 58664.000000
time : 0.017268


Display solution 

0 --> 6
1 --> 7
2 --> 5
4 --> 8
5 --> 3
6 --> 10
7 --> 1
8 --> 4
10 --> 12
12 --> 13
14 --> 9
