Parameters: GAD=1 vflib=1 dir=0 label=0 lowerbound=1 fileNameGp=../../cp2016-max-common-connected-subgraph-paper/datasets/graphsdb/mcs70/bvg/b06/mcs70_b06_s35.A02 fileNameGt=../../cp2016-max-common-connected-subgraph-paper/datasets/graphsdb/mcs70/bvg/b06/mcs70_b06_s35.B02
Reading graphs...
35 :  105
35 :  104
Initializing...
maxdom : 35
D->valSize : 1225
Solving...
Blb : 2 (clique : 16)
currentSize : 16 <-- 0.033936 s
currentSize : 17 <-- 0.034328 s
currentSize : 18 <-- 0.035068 s
currentSize : 19 <-- 0.035151 s
currentSize : 20 <-- 0.057788 s
currentSize : 21 <-- 0.379938 s
currentSize : 22 <-- 0.796165 s
currentSize : 23 <-- 3.032525 s
currentSize : 24 <-- 5.945765 s
currentSize : 25 <-- 5.981352 s
currentSize : 26 <-- 5.981698 s

maxsize : 26
nodes : 3861711.000000
filtered : 185523264.000000
time : 26.935513


Display solution 

0 --> 30
1 --> 26
3 --> 33
4 --> 28
5 --> 27
6 --> 23
7 --> 15
8 --> 3
10 --> 18
11 --> 21
12 --> 7
13 --> 8
14 --> 17
17 --> 24
18 --> 12
20 --> 13
21 --> 10
23 --> 2
24 --> 25
27 --> 31
28 --> 9
30 --> 22
31 --> 1
32 --> 5
33 --> 6
34 --> 0
