Parameters: GAD=1 vflib=1 dir=0 label=0 lowerbound=1 fileNameGp=../../cp2016-max-common-connected-subgraph-paper/datasets/graphsdb/mcs70/m2D/m2D/mcs70_m2D_s35.A08 fileNameGt=../../cp2016-max-common-connected-subgraph-paper/datasets/graphsdb/mcs70/m2D/m2D/mcs70_m2D_s35.B08
Reading graphs...
35 :  57
35 :  58
Initializing...
maxdom : 35
D->valSize : 1225
Solving...
Blb : 2 (clique : 21)
currentSize : 21 <-- 0.021393 s
currentSize : 22 <-- 0.021592 s
currentSize : 23 <-- 0.021999 s
currentSize : 24 <-- 0.022936 s
currentSize : 25 <-- 0.494160 s
currentSize : 27 <-- 7.686996 s
currentSize : 28 <-- 188.690140 s

maxsize : 28
nodes : 30511546.000000
filtered : 1334562533.000000
time : 215.076721


Display solution 

0 --> 20
1 --> 30
3 --> 2
4 --> 31
5 --> 18
6 --> 24
7 --> 12
8 --> 8
9 --> 4
10 --> 17
11 --> 32
13 --> 28
14 --> 15
17 --> 16
19 --> 14
20 --> 21
21 --> 3
22 --> 10
23 --> 26
24 --> 19
26 --> 34
27 --> 6
28 --> 22
29 --> 23
30 --> 9
31 --> 11
32 --> 5
33 --> 7
