Parameters: GAD=1 vflib=1 dir=0 label=0 lowerbound=1 fileNameGp=../../cp2016-max-common-connected-subgraph-paper/datasets/graphsdb/mcs70/m2D/m2D/mcs70_m2D_s25.A02 fileNameGt=../../cp2016-max-common-connected-subgraph-paper/datasets/graphsdb/mcs70/m2D/m2D/mcs70_m2D_s25.B02
Reading graphs...
25 :  38
25 :  40
Initializing...
maxdom : 25
D->valSize : 625
Solving...
Blb : 2 (clique : 15)
currentSize : 15 <-- 0.009518 s
currentSize : 16 <-- 0.009660 s
currentSize : 17 <-- 0.009730 s
currentSize : 18 <-- 0.013096 s
currentSize : 19 <-- 0.169859 s

maxsize : 19
nodes : 469909.000000
filtered : 12765710.000000
time : 2.153313


Display solution 

0 --> 2
1 --> 18
2 --> 4
3 --> 20
4 --> 14
6 --> 17
7 --> 8
8 --> 11
11 --> 12
12 --> 5
13 --> 19
15 --> 23
16 --> 21
18 --> 1
19 --> 10
21 --> 0
22 --> 13
23 --> 9
24 --> 24
