Parameters: GAD=1 vflib=1 dir=0 label=0 lowerbound=1 fileNameGp=../../cp2016-max-common-connected-subgraph-paper/datasets/graphsdb/mcs70/bvg/b06/mcs70_b06_s25.A01 fileNameGt=../../cp2016-max-common-connected-subgraph-paper/datasets/graphsdb/mcs70/bvg/b06/mcs70_b06_s25.B01
Reading graphs...
25 :  74
25 :  73
Initializing...
maxdom : 25
D->valSize : 625
Solving...
Blb : 2 (clique : 12)
currentSize : 12 <-- 0.005111 s
currentSize : 13 <-- 0.005264 s
currentSize : 14 <-- 0.005819 s
currentSize : 15 <-- 0.006145 s
currentSize : 16 <-- 0.008481 s
currentSize : 17 <-- 0.023385 s
currentSize : 18 <-- 0.037331 s
currentSize : 19 <-- 0.101226 s

maxsize : 19
nodes : 83174.000000
filtered : 2345640.000000
time : 0.370822


Display solution 

0 --> 14
2 --> 12
4 --> 6
5 --> 5
7 --> 21
8 --> 24
10 --> 20
11 --> 8
12 --> 2
13 --> 22
14 --> 15
16 --> 13
17 --> 7
19 --> 16
20 --> 18
21 --> 3
22 --> 10
23 --> 19
24 --> 9
