Parameters: GAD=1 vflib=1 dir=0 label=0 lowerbound=1 fileNameGp=../../cp2016-max-common-connected-subgraph-paper/datasets/graphsdb/mcs70/bvg/b09/mcs70_b09_s40.A01 fileNameGt=../../cp2016-max-common-connected-subgraph-paper/datasets/graphsdb/mcs70/bvg/b09/mcs70_b09_s40.B01
Reading graphs...
40 :  179
40 :  179
Initializing...
maxdom : 40
D->valSize : 1600
Solving...
Blb : 2 (clique : 17)
currentSize : 17 <-- 0.031471 s
currentSize : 18 <-- 0.035836 s
currentSize : 19 <-- 0.035970 s
currentSize : 21 <-- 0.041212 s
currentSize : 23 <-- 0.041246 s
currentSize : 24 <-- 0.041278 s
currentSize : 25 <-- 0.051975 s
currentSize : 26 <-- 0.070381 s
currentSize : 27 <-- 0.693627 s
currentSize : 28 <-- 0.695005 s
currentSize : 29 <-- 6.540375 s

maxsize : 29
nodes : 6109926.000000
filtered : 365538768.000000
time : 47.761467


Display solution 

0 --> 15
2 --> 12
3 --> 21
4 --> 26
5 --> 31
6 --> 35
7 --> 2
9 --> 27
10 --> 11
12 --> 34
13 --> 3
14 --> 18
16 --> 38
18 --> 6
19 --> 13
20 --> 39
21 --> 10
23 --> 5
25 --> 25
26 --> 4
27 --> 24
28 --> 0
29 --> 19
31 --> 17
32 --> 28
33 --> 8
35 --> 9
37 --> 16
39 --> 23
