Parameters: GAD=1 vflib=1 dir=0 label=0 lowerbound=1 fileNameGp=../../cp2016-max-common-connected-subgraph-paper/datasets/graphsdb/mcs70/bvg/b03m/mcs70_b03m_s30.A05 fileNameGt=../../cp2016-max-common-connected-subgraph-paper/datasets/graphsdb/mcs70/bvg/b03m/mcs70_b03m_s30.B05
Reading graphs...
30 :  45
30 :  45
Initializing...
maxdom : 30
D->valSize : 900
Solving...
Blb : 2 (clique : 17)
currentSize : 17 <-- 0.019982 s
currentSize : 18 <-- 0.020204 s
currentSize : 19 <-- 0.020283 s
currentSize : 20 <-- 0.021572 s
currentSize : 21 <-- 0.252231 s
currentSize : 22 <-- 0.253091 s
currentSize : 23 <-- 37.401726 s

maxsize : 23
nodes : 14587491.000000
filtered : 511302689.000000
time : 79.372551


Display solution 

0 --> 9
1 --> 23
4 --> 7
5 --> 6
6 --> 18
7 --> 24
8 --> 19
9 --> 29
10 --> 15
12 --> 28
13 --> 4
14 --> 25
15 --> 22
16 --> 13
17 --> 1
18 --> 21
21 --> 20
22 --> 27
23 --> 0
24 --> 12
26 --> 14
27 --> 5
28 --> 8
