Parameters: GAD=1 vflib=1 dir=0 label=0 lowerbound=1 fileNameGp=../../cp2016-max-common-connected-subgraph-paper/datasets/graphsdb/mcs70/rand/r01/mcs70_r01_s25.A05 fileNameGt=../../cp2016-max-common-connected-subgraph-paper/datasets/graphsdb/mcs70/rand/r01/mcs70_r01_s25.B05
Reading graphs...
25 :  57
25 :  57
Initializing...
maxdom : 25
D->valSize : 625
Solving...
Blb : 2 (clique : 12)
currentSize : 12 <-- 0.005157 s
currentSize : 13 <-- 0.005262 s
currentSize : 14 <-- 0.005451 s
currentSize : 15 <-- 0.006550 s
currentSize : 16 <-- 0.661949 s
currentSize : 17 <-- 6.648715 s

maxsize : 17
nodes : 2866842.000000
filtered : 76997630.000000
time : 12.246404


Display solution 

0 --> 20
3 --> 24
4 --> 1
5 --> 4
6 --> 23
7 --> 9
8 --> 16
10 --> 8
11 --> 3
12 --> 0
15 --> 19
16 --> 13
17 --> 10
18 --> 7
19 --> 12
21 --> 2
24 --> 18
