Parameters: GAD=1 vflib=1 dir=0 label=0 lowerbound=1 fileNameGp=../../cp2016-max-common-connected-subgraph-paper/datasets/graphsdb/mcs70/bvg/b09m/mcs70_b09m_s35.A02 fileNameGt=../../cp2016-max-common-connected-subgraph-paper/datasets/graphsdb/mcs70/bvg/b09m/mcs70_b09m_s35.B02
Reading graphs...
35 :  151
35 :  151
Initializing...
maxdom : 35
D->valSize : 1225
Solving...
Blb : 2 (clique : 12)
currentSize : 12 <-- 0.018567 s
currentSize : 13 <-- 0.018705 s
currentSize : 14 <-- 0.018791 s
currentSize : 15 <-- 0.018830 s
currentSize : 16 <-- 0.249032 s
currentSize : 17 <-- 0.708632 s
currentSize : 18 <-- 5.325141 s
currentSize : 24 <-- 5.719414 s

maxsize : 24
nodes : 4193389.000000
filtered : 163970105.000000
time : 24.819544


Display solution 

0 --> 17
1 --> 34
2 --> 9
3 --> 12
4 --> 20
5 --> 3
8 --> 31
9 --> 13
10 --> 33
11 --> 25
13 --> 16
14 --> 2
18 --> 5
19 --> 24
20 --> 18
21 --> 30
23 --> 27
24 --> 21
25 --> 1
29 --> 0
31 --> 10
32 --> 4
33 --> 19
34 --> 23
