Parameters: GAD=1 vflib=1 dir=0 label=0 lowerbound=1 fileNameGp=../../cp2016-max-common-connected-subgraph-paper/datasets/graphsdb/mcs70/m2D/m2D/mcs70_m2D_s40.A06 fileNameGt=../../cp2016-max-common-connected-subgraph-paper/datasets/graphsdb/mcs70/m2D/m2D/mcs70_m2D_s40.B06
Reading graphs...
40 :  67
40 :  67
Initializing...
maxdom : 40
D->valSize : 1600
Solving...
Blb : 2 (clique : 25)
currentSize : 25 <-- 0.059574 s
currentSize : 26 <-- 0.060369 s
currentSize : 27 <-- 0.060812 s
currentSize : 28 <-- 0.069701 s

TIMEOUT
maxsize : 28
nodes : 157698305.000000
filtered : 6348406934.000000
time : 1000.000061


Display solution 

0 --> 1
1 --> 4
2 --> 36
3 --> 9
4 --> 10
5 --> 39
7 --> 6
8 --> 34
9 --> 2
10 --> 14
11 --> 33
12 --> 17
13 --> 30
14 --> 5
15 --> 3
17 --> 24
18 --> 37
19 --> 0
20 --> 29
22 --> 12
23 --> 22
26 --> 13
31 --> 31
32 --> 26
36 --> 32
37 --> 35
38 --> 18
39 --> 21
