Parameters: GAD=1 vflib=1 dir=0 label=0 lowerbound=1 fileNameGp=../../cp2016-max-common-connected-subgraph-paper/datasets/graphsdb/mcs70/m2D/m2D/mcs70_m2D_s35.A02 fileNameGt=../../cp2016-max-common-connected-subgraph-paper/datasets/graphsdb/mcs70/m2D/m2D/mcs70_m2D_s35.B02
Reading graphs...
35 :  58
35 :  58
Initializing...
maxdom : 35
D->valSize : 1225
Solving...
Blb : 2 (clique : 22)
currentSize : 22 <-- 0.020814 s
currentSize : 23 <-- 0.021552 s
currentSize : 24 <-- 0.047659 s
currentSize : 25 <-- 3.007970 s
currentSize : 26 <-- 37.851177 s
currentSize : 27 <-- 167.216187 s

maxsize : 27
nodes : 47323908.000000
filtered : 2382998952.000000
time : 353.620239


Display solution 

0 --> 30
1 --> 4
2 --> 29
3 --> 6
6 --> 18
7 --> 9
8 --> 13
9 --> 34
10 --> 26
11 --> 33
13 --> 25
14 --> 20
15 --> 17
17 --> 27
19 --> 16
20 --> 31
22 --> 8
23 --> 3
26 --> 19
27 --> 12
28 --> 11
29 --> 32
30 --> 22
31 --> 23
32 --> 10
33 --> 7
34 --> 15
