Parameters: GAD=1 vflib=1 dir=0 label=0 lowerbound=1 fileNameGp=../../cp2016-max-common-connected-subgraph-paper/datasets/graphsdb/mcs70/bvg/b09m/mcs70_b09m_s40.A08 fileNameGt=../../cp2016-max-common-connected-subgraph-paper/datasets/graphsdb/mcs70/bvg/b09m/mcs70_b09m_s40.B08
Reading graphs...
40 :  171
40 :  168
Initializing...
maxdom : 40
D->valSize : 1600
Solving...
Blb : 2 (clique : 15)
currentSize : 15 <-- 0.031835 s
currentSize : 16 <-- 0.032009 s
currentSize : 17 <-- 0.036367 s
currentSize : 18 <-- 0.157282 s
currentSize : 19 <-- 19.610941 s
currentSize : 20 <-- 329.642853 s
currentSize : 22 <-- 368.130798 s
currentSize : 23 <-- 368.131042 s
currentSize : 26 <-- 371.533020 s
currentSize : 28 <-- 742.542542 s

maxsize : 28
nodes : 138651126.000000
filtered : 4804273856.000000
time : 784.977539


Display solution 

1 --> 22
2 --> 34
3 --> 24
4 --> 1
5 --> 9
7 --> 37
9 --> 30
10 --> 27
11 --> 39
12 --> 2
14 --> 25
15 --> 7
16 --> 10
17 --> 18
19 --> 12
20 --> 3
21 --> 15
22 --> 21
26 --> 33
28 --> 6
31 --> 23
32 --> 14
33 --> 8
34 --> 29
36 --> 19
37 --> 20
38 --> 4
39 --> 13
