Parameters: GAD=1 vflib=1 dir=0 label=0 lowerbound=1 fileNameGp=../../cp2016-max-common-connected-subgraph-paper/datasets/graphsdb/mcs70/rand/r01/mcs70_r01_s30.A08 fileNameGt=../../cp2016-max-common-connected-subgraph-paper/datasets/graphsdb/mcs70/rand/r01/mcs70_r01_s30.B08
Reading graphs...
30 :  83
30 :  84
Initializing...
maxdom : 30
D->valSize : 900
Solving...
Blb : 2 (clique : 13)
currentSize : 13 <-- 0.018304 s
currentSize : 14 <-- 0.019124 s
currentSize : 15 <-- 0.020333 s
currentSize : 16 <-- 0.024273 s
currentSize : 17 <-- 0.039041 s
currentSize : 18 <-- 0.171323 s
currentSize : 19 <-- 13.844182 s
currentSize : 20 <-- 32.642124 s
currentSize : 21 <-- 32.728046 s

maxsize : 21
nodes : 9393393.000000
filtered : 260676050.000000
time : 44.610809


Display solution 

0 --> 7
2 --> 10
5 --> 29
6 --> 11
7 --> 9
8 --> 12
9 --> 13
11 --> 18
12 --> 5
14 --> 4
15 --> 3
17 --> 19
19 --> 25
20 --> 20
22 --> 6
24 --> 8
25 --> 28
26 --> 1
27 --> 21
28 --> 14
29 --> 15
