Parameters: GAD=1 vflib=1 dir=0 label=0 lowerbound=1 fileNameGp=../../cp2016-max-common-connected-subgraph-paper/datasets/graphsdb/mcs70/bvg/b06/mcs70_b06_s50.A05 fileNameGt=../../cp2016-max-common-connected-subgraph-paper/datasets/graphsdb/mcs70/bvg/b06/mcs70_b06_s50.B05
Reading graphs...
50 :  149
50 :  150
Initializing...
maxdom : 50
D->valSize : 2500
Solving...
Blb : 2 (clique : 25)
currentSize : 25 <-- 0.090259 s
currentSize : 26 <-- 0.090743 s
currentSize : 27 <-- 0.188811 s
currentSize : 28 <-- 1.381451 s
currentSize : 29 <-- 2.550365 s
currentSize : 30 <-- 33.747498 s
currentSize : 31 <-- 54.569775 s
currentSize : 32 <-- 54.597725 s
currentSize : 33 <-- 409.230560 s
currentSize : 34 <-- 409.230591 s
currentSize : 35 <-- 535.695068 s

TIMEOUT
maxsize : 35
nodes : 98355909.000000
filtered : 6628011546.000000
time : 1000.000061


Display solution 

0 --> 37
1 --> 43
2 --> 20
3 --> 39
4 --> 38
5 --> 41
6 --> 5
7 --> 4
8 --> 27
10 --> 18
12 --> 32
15 --> 35
17 --> 34
19 --> 47
20 --> 36
21 --> 44
22 --> 3
23 --> 24
24 --> 0
25 --> 2
26 --> 31
27 --> 17
28 --> 22
30 --> 16
31 --> 45
33 --> 21
34 --> 7
37 --> 15
39 --> 9
41 --> 26
42 --> 33
44 --> 48
45 --> 14
47 --> 23
49 --> 13
