Parameters: GAD=1 vflib=1 dir=0 label=0 lowerbound=1 fileNameGp=../../cp2016-max-common-connected-subgraph-paper/datasets/graphsdb/mcs70/bvg/b06/mcs70_b06_s35.A04 fileNameGt=../../cp2016-max-common-connected-subgraph-paper/datasets/graphsdb/mcs70/bvg/b06/mcs70_b06_s35.B04
Reading graphs...
35 :  105
35 :  102
Initializing...
maxdom : 35
D->valSize : 1225
Solving...
Blb : 2 (clique : 18)
currentSize : 18 <-- 0.034079 s
currentSize : 19 <-- 0.212731 s
currentSize : 20 <-- 0.214018 s
currentSize : 21 <-- 0.215521 s
currentSize : 22 <-- 0.604076 s
currentSize : 23 <-- 0.739938 s
currentSize : 24 <-- 0.940680 s
currentSize : 25 <-- 1.150935 s
currentSize : 26 <-- 2.061823 s

maxsize : 26
nodes : 2765092.000000
filtered : 146238972.000000
time : 20.409954


Display solution 

0 --> 3
1 --> 34
2 --> 17
5 --> 23
7 --> 13
9 --> 9
11 --> 32
13 --> 1
14 --> 6
15 --> 14
17 --> 26
18 --> 24
19 --> 8
20 --> 33
21 --> 18
22 --> 20
23 --> 10
24 --> 4
25 --> 29
26 --> 5
28 --> 25
29 --> 0
30 --> 28
31 --> 31
32 --> 7
34 --> 12
