Parameters: GAD=1 vflib=1 dir=0 label=0 lowerbound=1 fileNameGp=../../cp2016-max-common-connected-subgraph-paper/datasets/graphsdb/mcs70/m3D/m3Dr6/mcs70_m3Dr6_s35.A07 fileNameGt=../../cp2016-max-common-connected-subgraph-paper/datasets/graphsdb/mcs70/m3D/m3Dr6/mcs70_m3Dr6_s35.B07
Reading graphs...
35 :  90
35 :  90
Initializing...
maxdom : 35
D->valSize : 1225
Solving...
Blb : 5 (clique : 16)
currentSize : 16 <-- 0.034567 s
currentSize : 17 <-- 0.034832 s
currentSize : 18 <-- 0.035096 s
currentSize : 19 <-- 0.035341 s
currentSize : 20 <-- 0.081371 s
currentSize : 21 <-- 0.153481 s
currentSize : 22 <-- 38.992832 s
currentSize : 23 <-- 282.555084 s
currentSize : 24 <-- 282.557007 s
currentSize : 26 <-- 282.557129 s
currentSize : 27 <-- 282.557159 s

maxsize : 27
nodes : 50998702.000000
filtered : 1872435090.000000
time : 292.351929


Display solution 

0 --> 11
1 --> 30
2 --> 32
5 --> 22
6 --> 31
7 --> 4
9 --> 5
10 --> 26
11 --> 33
12 --> 16
13 --> 3
14 --> 21
17 --> 25
18 --> 0
22 --> 19
23 --> 10
24 --> 18
25 --> 20
26 --> 29
27 --> 1
28 --> 15
29 --> 23
30 --> 7
31 --> 14
32 --> 13
33 --> 9
34 --> 27
