Parameters: GAD=1 vflib=1 dir=0 label=0 lowerbound=1 fileNameGp=../../cp2016-max-common-connected-subgraph-paper/datasets/graphsdb/mcs70/rand/r005/mcs70_r005_s50.A08 fileNameGt=../../cp2016-max-common-connected-subgraph-paper/datasets/graphsdb/mcs70/rand/r005/mcs70_r005_s50.B08
Reading graphs...
50 :  118
50 :  118
Initializing...
maxdom : 50
D->valSize : 2500
Solving...
Blb : 2 (clique : 23)
currentSize : 23 <-- 0.093536 s
currentSize : 24 <-- 0.093846 s
currentSize : 25 <-- 0.095798 s
currentSize : 26 <-- 0.095995 s
currentSize : 27 <-- 0.119212 s
currentSize : 28 <-- 0.179086 s
currentSize : 29 <-- 2.559426 s
currentSize : 30 <-- 5.724433 s
currentSize : 31 <-- 93.994354 s

TIMEOUT
maxsize : 31
nodes : 145127595.000000
filtered : 4496238652.000000
time : 1000.000000


Display solution 

0 --> 34
1 --> 32
3 --> 21
4 --> 19
5 --> 27
6 --> 47
8 --> 25
9 --> 17
12 --> 39
13 --> 31
16 --> 4
18 --> 38
19 --> 28
24 --> 16
25 --> 41
26 --> 40
27 --> 18
29 --> 20
32 --> 12
34 --> 24
35 --> 7
38 --> 13
40 --> 29
41 --> 3
42 --> 23
43 --> 2
45 --> 26
46 --> 10
47 --> 8
48 --> 42
49 --> 48
