Parameters: GAD=1 vflib=1 dir=0 label=0 lowerbound=1 fileNameGp=../../cp2016-max-common-connected-subgraph-paper/datasets/graphsdb/mcs70/m2D/m2Dr2/mcs70_m2Dr2_s35.A01 fileNameGt=../../cp2016-max-common-connected-subgraph-paper/datasets/graphsdb/mcs70/m2D/m2Dr2/mcs70_m2Dr2_s35.B01
Reading graphs...
35 :  65
35 :  65
Initializing...
maxdom : 35
D->valSize : 1225
Solving...
Blb : 2 (clique : 19)
currentSize : 19 <-- 0.036527 s
currentSize : 20 <-- 0.036940 s
currentSize : 21 <-- 0.037790 s
currentSize : 22 <-- 0.037911 s
currentSize : 23 <-- 0.291038 s
currentSize : 24 <-- 0.733236 s
currentSize : 25 <-- 336.844299 s
currentSize : 26 <-- 964.972839 s

TIMEOUT
maxsize : 26
nodes : 152885750.000000
filtered : 6467157604.000000
time : 1000.000000


Display solution 

0 --> 15
2 --> 25
3 --> 5
4 --> 17
5 --> 13
6 --> 3
7 --> 7
8 --> 33
9 --> 2
11 --> 10
13 --> 30
14 --> 14
15 --> 23
16 --> 6
17 --> 29
18 --> 8
20 --> 1
22 --> 11
23 --> 4
26 --> 28
28 --> 34
29 --> 24
30 --> 0
31 --> 12
33 --> 20
34 --> 22
