Parameters: GAD=1 vflib=1 dir=0 label=0 lowerbound=1 fileNameGp=../../cp2016-max-common-connected-subgraph-paper/datasets/graphsdb/mcs70/m2D/m2D/mcs70_m2D_s50.A03 fileNameGt=../../cp2016-max-common-connected-subgraph-paper/datasets/graphsdb/mcs70/m2D/m2D/mcs70_m2D_s50.B03
Reading graphs...
50 :  85
50 :  85
Initializing...
maxdom : 50
D->valSize : 2500
Solving...
Blb : 2 (clique : 30)
currentSize : 30 <-- 0.096564 s
currentSize : 31 <-- 0.169022 s
currentSize : 32 <-- 0.225566 s
currentSize : 33 <-- 0.335824 s
currentSize : 34 <-- 1.712827 s
currentSize : 35 <-- 3.939592 s
currentSize : 36 <-- 26.754404 s

TIMEOUT
maxsize : 36
nodes : 104171846.000000
filtered : 6335042188.000000
time : 1000.000061


Display solution 

0 --> 14
1 --> 30
2 --> 39
4 --> 4
5 --> 5
6 --> 3
8 --> 42
9 --> 17
10 --> 7
11 --> 40
12 --> 45
13 --> 2
14 --> 20
15 --> 46
16 --> 44
17 --> 43
19 --> 25
20 --> 31
21 --> 23
22 --> 24
23 --> 36
24 --> 29
27 --> 27
30 --> 11
31 --> 16
32 --> 21
33 --> 33
34 --> 1
35 --> 8
36 --> 47
38 --> 13
39 --> 37
40 --> 26
43 --> 34
46 --> 9
49 --> 18
