Parameters: GAD=1 vflib=1 dir=0 label=0 lowerbound=1 fileNameGp=../../cp2016-max-common-connected-subgraph-paper/datasets/graphsdb/mcs70/m4D/m4Dr2/mcs70_m4Dr2_s25.A00 fileNameGt=../../cp2016-max-common-connected-subgraph-paper/datasets/graphsdb/mcs70/m4D/m4Dr2/mcs70_m4Dr2_s25.B00
Reading graphs...
25 :  51
25 :  51
Initializing...
maxdom : 25
D->valSize : 625
Solving...
Blb : 2 (clique : 13)
currentSize : 13 <-- 0.005337 s
currentSize : 14 <-- 0.005416 s
currentSize : 15 <-- 0.005428 s
currentSize : 16 <-- 0.005518 s
currentSize : 17 <-- 0.006874 s
currentSize : 18 <-- 0.124083 s

maxsize : 18
nodes : 547266.000000
filtered : 18102674.000000
time : 2.542732


Display solution 

0 --> 20
2 --> 5
3 --> 17
4 --> 7
5 --> 24
6 --> 3
8 --> 4
9 --> 12
10 --> 10
11 --> 14
12 --> 9
14 --> 13
15 --> 8
16 --> 6
17 --> 1
19 --> 11
20 --> 19
22 --> 21
