Parameters: GAD=1 vflib=1 dir=0 label=0 lowerbound=1 fileNameGp=../../cp2016-max-common-connected-subgraph-paper/datasets/graphsdb/mcs70/m2D/m2Dr4/mcs70_m2Dr4_s35.A04 fileNameGt=../../cp2016-max-common-connected-subgraph-paper/datasets/graphsdb/mcs70/m2D/m2Dr4/mcs70_m2Dr4_s35.B04
Reading graphs...
35 :  71
35 :  71
Initializing...
maxdom : 35
D->valSize : 1225
Solving...
Blb : 2 (clique : 20)
currentSize : 20 <-- 0.020162 s
currentSize : 22 <-- 0.021224 s
currentSize : 23 <-- 0.208655 s
currentSize : 24 <-- 0.681286 s
currentSize : 25 <-- 261.982056 s
currentSize : 26 <-- 683.049133 s

maxsize : 26
nodes : 114972138.000000
filtered : 5120757548.000000
time : 745.963196


Display solution 

1 --> 0
2 --> 18
5 --> 7
8 --> 14
9 --> 15
10 --> 10
11 --> 8
12 --> 1
13 --> 24
15 --> 12
16 --> 26
18 --> 4
19 --> 9
20 --> 2
21 --> 17
22 --> 21
23 --> 27
26 --> 3
27 --> 6
28 --> 20
29 --> 32
30 --> 16
31 --> 30
32 --> 5
33 --> 25
34 --> 11
