Parameters: GAD=1 vflib=1 dir=0 label=0 lowerbound=1 fileNameGp=../../cp2016-max-common-connected-subgraph-paper/datasets/graphsdb/mcs70/bvg/b06m/mcs70_b06m_s30.A05 fileNameGt=../../cp2016-max-common-connected-subgraph-paper/datasets/graphsdb/mcs70/bvg/b06m/mcs70_b06m_s30.B05
Reading graphs...
30 :  86
30 :  88
Initializing...
maxdom : 30
D->valSize : 900
Solving...
Blb : 2 (clique : 16)
currentSize : 16 <-- 0.010264 s
currentSize : 17 <-- 0.023829 s
currentSize : 18 <-- 1.578304 s
currentSize : 19 <-- 6.126178 s
currentSize : 21 <-- 21.095837 s
currentSize : 22 <-- 21.096012 s

maxsize : 22
nodes : 4381165.000000
filtered : 155837184.000000
time : 23.272558


Display solution 

0 --> 27
2 --> 2
6 --> 3
8 --> 24
9 --> 28
10 --> 8
11 --> 21
12 --> 9
14 --> 18
15 --> 7
16 --> 26
18 --> 11
19 --> 23
21 --> 25
22 --> 15
23 --> 4
24 --> 16
25 --> 20
26 --> 17
27 --> 10
28 --> 14
29 --> 0
