Parameters: GAD=1 vflib=1 dir=0 label=0 lowerbound=1 fileNameGp=../../cp2016-max-common-connected-subgraph-paper/datasets/graphsdb/mcs70/m2D/m2Dr2/mcs70_m2Dr2_s50.A07 fileNameGt=../../cp2016-max-common-connected-subgraph-paper/datasets/graphsdb/mcs70/m2D/m2Dr2/mcs70_m2Dr2_s50.B07
Reading graphs...
50 :  94
50 :  91
Initializing...
maxdom : 50
D->valSize : 2500
Solving...
Blb : 2 (clique : 27)
currentSize : 27 <-- 0.095171 s
currentSize : 28 <-- 0.095526 s
currentSize : 29 <-- 0.095673 s
currentSize : 30 <-- 0.112793 s
currentSize : 31 <-- 0.147477 s
currentSize : 32 <-- 4.239609 s
currentSize : 33 <-- 116.386635 s

TIMEOUT
maxsize : 33
nodes : 134421002.000000
filtered : 6003395751.000000
time : 1000.000061


Display solution 

0 --> 45
1 --> 47
2 --> 2
4 --> 12
5 --> 36
6 --> 32
8 --> 38
10 --> 35
11 --> 11
12 --> 30
14 --> 7
15 --> 14
16 --> 9
17 --> 6
20 --> 10
21 --> 39
22 --> 8
23 --> 37
27 --> 20
29 --> 44
31 --> 46
32 --> 28
34 --> 22
36 --> 42
37 --> 17
39 --> 29
40 --> 3
42 --> 48
43 --> 41
44 --> 40
45 --> 1
47 --> 26
49 --> 25
