Parameters: GAD=1 vflib=1 dir=0 label=0 lowerbound=1 fileNameGp=../../cp2016-max-common-connected-subgraph-paper/datasets/graphsdb/mcs70/bvg/b09/mcs70_b09_s40.A00 fileNameGt=../../cp2016-max-common-connected-subgraph-paper/datasets/graphsdb/mcs70/bvg/b09/mcs70_b09_s40.B00
Reading graphs...
40 :  178
40 :  178
Initializing...
maxdom : 40
D->valSize : 1600
Solving...
Blb : 2 (clique : 15)
currentSize : 15 <-- 0.054758 s
currentSize : 16 <-- 0.055793 s
currentSize : 17 <-- 0.056874 s
currentSize : 18 <-- 0.074488 s
currentSize : 19 <-- 16.982536 s
currentSize : 21 <-- 27.431908 s
currentSize : 22 <-- 27.906937 s
currentSize : 23 <-- 27.958399 s
currentSize : 24 <-- 27.994724 s
currentSize : 25 <-- 27.994881 s
currentSize : 26 <-- 28.392284 s
currentSize : 28 <-- 28.393433 s
currentSize : 29 <-- 32.777683 s

maxsize : 29
nodes : 12973946.000000
filtered : 460361240.000000
time : 75.359612


Display solution 

0 --> 21
2 --> 23
3 --> 34
4 --> 31
5 --> 25
7 --> 37
8 --> 10
9 --> 4
10 --> 17
12 --> 7
13 --> 32
14 --> 38
18 --> 0
19 --> 24
20 --> 19
21 --> 2
22 --> 26
23 --> 39
24 --> 5
25 --> 9
26 --> 20
27 --> 36
28 --> 14
29 --> 13
30 --> 1
31 --> 35
36 --> 30
37 --> 18
39 --> 11
