Parameters: GAD=1 vflib=1 dir=0 label=0 lowerbound=1 fileNameGp=../../cp2016-max-common-connected-subgraph-paper/datasets/graphsdb/mcs70/bvg/b09/mcs70_b09_s50.A06 fileNameGt=../../cp2016-max-common-connected-subgraph-paper/datasets/graphsdb/mcs70/bvg/b09/mcs70_b09_s50.B06
Reading graphs...
50 :  224
50 :  222
Initializing...
maxdom : 50
D->valSize : 2500
Solving...
Blb : 2 (clique : 18)
currentSize : 18 <-- 0.085388 s
currentSize : 19 <-- 0.085858 s
currentSize : 20 <-- 0.086397 s
currentSize : 21 <-- 0.086860 s
currentSize : 22 <-- 0.258699 s
currentSize : 23 <-- 2.315847 s
currentSize : 24 <-- 9.672186 s
currentSize : 25 <-- 60.036236 s
currentSize : 26 <-- 290.279449 s
currentSize : 27 <-- 805.292297 s
currentSize : 28 <-- 805.292725 s
currentSize : 29 <-- 811.307007 s
currentSize : 30 <-- 916.434937 s

TIMEOUT
maxsize : 30
nodes : 152812462.000000
filtered : 5711069556.000000
time : 1000.000000


Display solution 

0 --> 41
1 --> 39
3 --> 26
4 --> 46
8 --> 0
10 --> 9
11 --> 48
13 --> 33
14 --> 36
15 --> 16
16 --> 28
17 --> 5
18 --> 11
20 --> 6
27 --> 1
28 --> 13
29 --> 37
30 --> 23
34 --> 24
35 --> 17
36 --> 47
37 --> 27
38 --> 32
39 --> 7
40 --> 42
41 --> 21
42 --> 49
45 --> 40
48 --> 18
49 --> 10
