Parameters: GAD=1 vflib=1 dir=0 label=0 lowerbound=1 fileNameGp=../../cp2016-max-common-connected-subgraph-paper/datasets/graphsdb/mcs70/m3D/m3Dr2/mcs70_m3Dr2_s40.A05 fileNameGt=../../cp2016-max-common-connected-subgraph-paper/datasets/graphsdb/mcs70/m3D/m3Dr2/mcs70_m3Dr2_s40.B05
Reading graphs...
40 :  92
40 :  90
Initializing...
maxdom : 40
D->valSize : 1600
Solving...
Blb : 2 (clique : 19)
currentSize : 19 <-- 0.061459 s
currentSize : 20 <-- 0.061788 s
currentSize : 22 <-- 0.063144 s
currentSize : 23 <-- 0.063431 s
currentSize : 24 <-- 0.067883 s
currentSize : 25 <-- 0.397327 s
currentSize : 26 <-- 2.480555 s
currentSize : 27 <-- 144.093353 s
currentSize : 28 <-- 322.883118 s
currentSize : 29 <-- 849.729187 s

TIMEOUT
maxsize : 29
nodes : 136879112.000000
filtered : 6530717651.000000
time : 1000.000000


Display solution 

0 --> 2
1 --> 28
4 --> 26
6 --> 33
7 --> 11
8 --> 24
11 --> 34
12 --> 9
13 --> 18
14 --> 20
15 --> 0
16 --> 32
17 --> 39
18 --> 19
19 --> 4
20 --> 27
21 --> 14
23 --> 6
24 --> 35
25 --> 36
26 --> 10
27 --> 29
29 --> 17
32 --> 15
34 --> 13
36 --> 22
37 --> 8
38 --> 37
39 --> 12
