Parameters: GAD=1 vflib=1 dir=0 label=0 lowerbound=1 fileNameGp=../../cp2016-max-common-connected-subgraph-paper/datasets/graphsdb/mcs70/bvg/b09/mcs70_b09_s30.A06 fileNameGt=../../cp2016-max-common-connected-subgraph-paper/datasets/graphsdb/mcs70/bvg/b09/mcs70_b09_s30.B06
Reading graphs...
30 :  134
30 :  134
Initializing...
maxdom : 30
D->valSize : 900
Solving...
Blb : 2 (clique : 13)
currentSize : 13 <-- 0.016613 s
currentSize : 14 <-- 0.041442 s
currentSize : 15 <-- 0.092915 s
currentSize : 17 <-- 0.094845 s
currentSize : 18 <-- 0.203317 s
currentSize : 19 <-- 0.212276 s
currentSize : 20 <-- 0.212321 s
currentSize : 21 <-- 0.991878 s

maxsize : 21
nodes : 646938.000000
filtered : 23959479.000000
time : 3.768168


Display solution 

0 --> 20
1 --> 19
3 --> 11
4 --> 21
6 --> 0
7 --> 9
8 --> 18
9 --> 12
10 --> 16
11 --> 13
13 --> 10
16 --> 1
17 --> 27
18 --> 24
19 --> 14
21 --> 29
24 --> 22
25 --> 7
26 --> 2
27 --> 28
29 --> 6
