Parameters: GAD=1 vflib=1 dir=0 label=0 lowerbound=1 fileNameGp=../../cp2016-max-common-connected-subgraph-paper/datasets/graphsdb/mcs70/bvg/b03m/mcs70_b03m_s50.A03 fileNameGt=../../cp2016-max-common-connected-subgraph-paper/datasets/graphsdb/mcs70/bvg/b03m/mcs70_b03m_s50.B03
Reading graphs...
50 :  75
50 :  75
Initializing...
maxdom : 50
D->valSize : 2500
Solving...
Blb : 2 (clique : 31)
currentSize : 31 <-- 0.097697 s
currentSize : 32 <-- 0.098118 s
currentSize : 33 <-- 0.178583 s
currentSize : 34 <-- 6.327300 s
currentSize : 35 <-- 298.756226 s

TIMEOUT
maxsize : 35
nodes : 122729513.000000
filtered : 6412407191.000000
time : 1000.000061


Display solution 

0 --> 33
1 --> 31
2 --> 6
3 --> 17
5 --> 38
6 --> 41
7 --> 49
10 --> 5
11 --> 46
12 --> 13
13 --> 40
14 --> 28
16 --> 48
17 --> 2
18 --> 16
20 --> 32
21 --> 42
24 --> 24
25 --> 3
26 --> 30
27 --> 39
30 --> 29
31 --> 9
32 --> 4
35 --> 27
36 --> 37
38 --> 21
39 --> 12
41 --> 7
42 --> 15
44 --> 47
45 --> 10
46 --> 43
47 --> 18
49 --> 20
