Parameters: GAD=1 vflib=1 dir=0 label=0 lowerbound=1 fileNameGp=../../cp2016-max-common-connected-subgraph-paper/datasets/graphsdb/mcs70/bvg/b09/mcs70_b09_s50.A07 fileNameGt=../../cp2016-max-common-connected-subgraph-paper/datasets/graphsdb/mcs70/bvg/b09/mcs70_b09_s50.B07
Reading graphs...
50 :  224
50 :  223
Initializing...
maxdom : 50
D->valSize : 2500
Solving...
Blb : 2 (clique : 18)
currentSize : 18 <-- 0.106033 s
currentSize : 20 <-- 0.106287 s
currentSize : 21 <-- 0.106605 s
currentSize : 23 <-- 0.107487 s
currentSize : 24 <-- 0.107570 s
currentSize : 27 <-- 0.128213 s
currentSize : 28 <-- 0.128756 s
currentSize : 31 <-- 0.181854 s
currentSize : 33 <-- 244.723022 s
currentSize : 34 <-- 244.723099 s
currentSize : 35 <-- 711.780212 s

TIMEOUT
maxsize : 35
nodes : 106472539.000000
filtered : 7152941967.000000
time : 1000.000061


Display solution 

0 --> 20
1 --> 43
2 --> 0
3 --> 31
4 --> 27
5 --> 13
6 --> 10
7 --> 28
9 --> 29
10 --> 2
11 --> 22
12 --> 16
14 --> 46
16 --> 4
17 --> 48
19 --> 14
21 --> 25
22 --> 42
23 --> 39
27 --> 3
28 --> 35
29 --> 12
31 --> 8
32 --> 26
33 --> 18
34 --> 24
35 --> 11
39 --> 30
40 --> 23
41 --> 44
42 --> 1
44 --> 7
46 --> 41
47 --> 19
49 --> 34
