Parameters: GAD=1 vflib=1 dir=0 label=0 lowerbound=1 fileNameGp=../../cp2016-max-common-connected-subgraph-paper/datasets/graphsdb/mcs70/bvg/b06m/mcs70_b06m_s35.A09 fileNameGt=../../cp2016-max-common-connected-subgraph-paper/datasets/graphsdb/mcs70/bvg/b06m/mcs70_b06m_s35.B09
Reading graphs...
35 :  102
35 :  101
Initializing...
maxdom : 35
D->valSize : 1225
Solving...
Blb : 2 (clique : 16)
currentSize : 16 <-- 0.034390 s
currentSize : 17 <-- 0.034950 s
currentSize : 18 <-- 0.044909 s
currentSize : 19 <-- 0.045148 s
currentSize : 20 <-- 0.045598 s
currentSize : 21 <-- 6.781329 s
currentSize : 22 <-- 129.671494 s
currentSize : 23 <-- 132.267807 s
currentSize : 24 <-- 704.287170 s

maxsize : 24
nodes : 117762296.000000
filtered : 5629154818.000000
time : 766.636414


Display solution 

1 --> 21
3 --> 16
5 --> 14
6 --> 20
7 --> 1
8 --> 6
9 --> 10
11 --> 32
12 --> 8
14 --> 9
15 --> 33
16 --> 0
18 --> 17
19 --> 3
20 --> 27
21 --> 13
22 --> 2
23 --> 18
24 --> 7
25 --> 4
26 --> 19
28 --> 5
29 --> 28
32 --> 23
