Parameters: GAD=1 vflib=1 dir=0 label=0 lowerbound=1 fileNameGp=../../cp2016-max-common-connected-subgraph-paper/datasets/graphsdb/mcs70/bvg/b06m/mcs70_b06m_s30.A07 fileNameGt=../../cp2016-max-common-connected-subgraph-paper/datasets/graphsdb/mcs70/bvg/b06m/mcs70_b06m_s30.B07
Reading graphs...
30 :  90
30 :  89
Initializing...
maxdom : 30
D->valSize : 900
Solving...
Blb : 2 (clique : 14)
currentSize : 14 <-- 0.010274 s
currentSize : 15 <-- 0.010449 s
currentSize : 16 <-- 0.012012 s
currentSize : 17 <-- 0.013757 s
currentSize : 18 <-- 26.871492 s
currentSize : 19 <-- 27.897783 s
currentSize : 20 <-- 28.040195 s
currentSize : 21 <-- 31.443792 s

maxsize : 21
nodes : 8800462.000000
filtered : 223726276.000000
time : 38.924004


Display solution 

0 --> 21
1 --> 5
3 --> 16
4 --> 22
6 --> 6
8 --> 1
9 --> 12
10 --> 15
11 --> 28
13 --> 27
15 --> 11
16 --> 3
17 --> 17
18 --> 24
19 --> 2
20 --> 23
21 --> 20
22 --> 7
24 --> 25
25 --> 14
28 --> 26
