Parameters: GAD=1 vflib=1 dir=0 label=0 lowerbound=1 fileNameGp=../../cp2016-max-common-connected-subgraph-paper/datasets/graphsdb/mcs70/m2D/m2D/mcs70_m2D_s40.A01 fileNameGt=../../cp2016-max-common-connected-subgraph-paper/datasets/graphsdb/mcs70/m2D/m2D/mcs70_m2D_s40.B01
Reading graphs...
40 :  67
40 :  67
Initializing...
maxdom : 40
D->valSize : 1600
Solving...
Blb : 2 (clique : 24)
currentSize : 24 <-- 0.036793 s
currentSize : 25 <-- 0.038181 s
currentSize : 26 <-- 0.042551 s
currentSize : 27 <-- 0.092417 s
currentSize : 28 <-- 2.075074 s
currentSize : 29 <-- 14.853844 s

TIMEOUT
maxsize : 29
nodes : 128404275.000000
filtered : 6450206761.000000
time : 1000.000000


Display solution 

0 --> 19
2 --> 34
4 --> 11
5 --> 13
6 --> 7
7 --> 3
8 --> 14
9 --> 22
10 --> 0
11 --> 2
14 --> 1
15 --> 5
16 --> 30
17 --> 6
18 --> 20
19 --> 18
20 --> 31
21 --> 26
22 --> 35
24 --> 15
25 --> 36
29 --> 16
30 --> 10
31 --> 12
32 --> 17
35 --> 28
37 --> 32
38 --> 23
39 --> 27
