Parameters: GAD=1 vflib=1 dir=0 label=0 lowerbound=1 fileNameGp=../../cp2016-max-common-connected-subgraph-paper/datasets/graphsdb/mcs70/bvg/b09/mcs70_b09_s25.A04 fileNameGt=../../cp2016-max-common-connected-subgraph-paper/datasets/graphsdb/mcs70/bvg/b09/mcs70_b09_s25.B04
Reading graphs...
25 :  110
25 :  108
Initializing...
maxdom : 25
D->valSize : 625
Solving...
Blb : 2 (clique : 10)
currentSize : 10 <-- 0.008011 s
currentSize : 11 <-- 0.008123 s
currentSize : 12 <-- 0.008253 s
currentSize : 13 <-- 0.009289 s
currentSize : 14 <-- 0.011978 s
currentSize : 15 <-- 0.017892 s
currentSize : 16 <-- 0.044787 s
currentSize : 17 <-- 0.044965 s
currentSize : 18 <-- 0.058650 s

maxsize : 18
nodes : 136050.000000
filtered : 3856228.000000
time : 0.635333


Display solution 

0 --> 9
1 --> 21
2 --> 1
3 --> 20
5 --> 10
6 --> 22
7 --> 0
8 --> 4
9 --> 12
10 --> 15
11 --> 16
12 --> 19
14 --> 7
15 --> 3
17 --> 11
18 --> 8
20 --> 24
24 --> 5
