Parameters: GAD=1 vflib=1 dir=0 label=0 lowerbound=1 fileNameGp=../../cp2016-max-common-connected-subgraph-paper/datasets/graphsdb/mcs70/bvg/b09/mcs70_b09_s50.A00 fileNameGt=../../cp2016-max-common-connected-subgraph-paper/datasets/graphsdb/mcs70/bvg/b09/mcs70_b09_s50.B00
Reading graphs...
50 :  221
50 :  221
Initializing...
maxdom : 50
D->valSize : 2500
Solving...
Blb : 2 (clique : 18)
currentSize : 18 <-- 0.085263 s
currentSize : 19 <-- 0.085520 s
currentSize : 20 <-- 0.085829 s
currentSize : 21 <-- 0.086199 s
currentSize : 22 <-- 0.087872 s
currentSize : 23 <-- 0.087930 s
currentSize : 24 <-- 0.088818 s
currentSize : 25 <-- 0.089637 s
currentSize : 26 <-- 0.090025 s
currentSize : 29 <-- 0.097806 s
currentSize : 30 <-- 0.097840 s
currentSize : 33 <-- 0.133307 s
currentSize : 34 <-- 0.133332 s
currentSize : 35 <-- 678.454590 s

TIMEOUT
maxsize : 35
nodes : 105893310.000000
filtered : 7098810772.000000
time : 1000.000061


Display solution 

0 --> 10
1 --> 32
2 --> 23
3 --> 34
4 --> 33
6 --> 28
7 --> 37
9 --> 6
10 --> 26
11 --> 15
12 --> 48
13 --> 42
14 --> 8
15 --> 20
17 --> 47
20 --> 46
21 --> 1
22 --> 9
23 --> 5
26 --> 7
27 --> 36
28 --> 12
31 --> 11
32 --> 43
33 --> 18
34 --> 25
35 --> 39
36 --> 38
37 --> 40
38 --> 16
39 --> 30
40 --> 49
43 --> 14
46 --> 17
48 --> 31
