Parameters: GAD=1 vflib=1 dir=0 label=0 lowerbound=1 fileNameGp=../../cp2016-max-common-connected-subgraph-paper/datasets/graphsdb/mcs70/m2D/m2Dr6/mcs70_m2Dr6_s25.A06 fileNameGt=../../cp2016-max-common-connected-subgraph-paper/datasets/graphsdb/mcs70/m2D/m2Dr6/mcs70_m2Dr6_s25.B06
Reading graphs...
25 :  53
25 :  54
Initializing...
maxdom : 25
D->valSize : 625
Solving...
Blb : 2 (clique : 13)
currentSize : 13 <-- 0.009284 s
currentSize : 14 <-- 0.009407 s
currentSize : 15 <-- 0.009475 s
currentSize : 16 <-- 0.061930 s
currentSize : 17 <-- 2.425868 s
currentSize : 18 <-- 2.447613 s

maxsize : 18
nodes : 860803.000000
filtered : 19374619.000000
time : 3.488181


Display solution 

0 --> 11
1 --> 23
2 --> 0
4 --> 1
5 --> 8
8 --> 6
9 --> 21
10 --> 13
12 --> 19
13 --> 14
14 --> 18
15 --> 3
16 --> 15
17 --> 10
18 --> 20
19 --> 22
21 --> 16
23 --> 4
