Parameters: GAD=1 vflib=1 dir=0 label=0 lowerbound=1 fileNameGp=../../cp2016-max-common-connected-subgraph-paper/datasets/graphsdb/mcs70/m2D/m2D/mcs70_m2D_s25.A00 fileNameGt=../../cp2016-max-common-connected-subgraph-paper/datasets/graphsdb/mcs70/m2D/m2D/mcs70_m2D_s25.B00
Reading graphs...
25 :  39
25 :  40
Initializing...
maxdom : 25
D->valSize : 625
Solving...
Blb : 2 (clique : 14)
currentSize : 14 <-- 0.006432 s
currentSize : 15 <-- 0.006528 s
currentSize : 16 <-- 0.006582 s
currentSize : 17 <-- 0.041697 s
currentSize : 18 <-- 0.152547 s
currentSize : 19 <-- 0.414496 s

maxsize : 19
nodes : 429658.000000
filtered : 12259798.000000
time : 1.946530


Display solution 

0 --> 6
2 --> 18
3 --> 17
4 --> 9
5 --> 10
6 --> 21
7 --> 19
8 --> 13
10 --> 12
11 --> 11
13 --> 22
14 --> 15
15 --> 2
16 --> 20
19 --> 0
20 --> 16
21 --> 7
22 --> 8
24 --> 14
