Parameters: GAD=1 vflib=1 dir=0 label=0 lowerbound=1 fileNameGp=../../cp2016-max-common-connected-subgraph-paper/datasets/graphsdb/mcs70/rand/r005/mcs70_r005_s40.A01 fileNameGt=../../cp2016-max-common-connected-subgraph-paper/datasets/graphsdb/mcs70/rand/r005/mcs70_r005_s40.B01
Reading graphs...
40 :  76
40 :  77
Initializing...
maxdom : 40
D->valSize : 1600
Solving...
Blb : 5 (clique : 22)
currentSize : 22 <-- 0.063726 s
currentSize : 23 <-- 0.064122 s
currentSize : 24 <-- 0.065310 s
currentSize : 25 <-- 0.104809 s
currentSize : 26 <-- 3.135282 s
currentSize : 27 <-- 3.895542 s
currentSize : 28 <-- 247.218094 s

TIMEOUT
maxsize : 28
nodes : 136034376.000000
filtered : 6537972406.000000
time : 1000.000000


Display solution 

0 --> 33
1 --> 14
2 --> 6
3 --> 29
7 --> 7
8 --> 16
10 --> 20
11 --> 17
14 --> 8
15 --> 10
16 --> 4
17 --> 38
18 --> 1
19 --> 25
20 --> 13
21 --> 22
24 --> 9
25 --> 3
27 --> 11
28 --> 36
29 --> 5
30 --> 27
31 --> 15
34 --> 19
35 --> 35
36 --> 18
37 --> 0
38 --> 23
