Parameters: GAD=1 vflib=1 dir=0 label=0 lowerbound=1 fileNameGp=../../cp2016-max-common-connected-subgraph-paper/datasets/graphsdb/mcs70/bvg/b09m/mcs70_b09m_s30.A02 fileNameGt=../../cp2016-max-common-connected-subgraph-paper/datasets/graphsdb/mcs70/bvg/b09m/mcs70_b09m_s30.B02
Reading graphs...
30 :  128
30 :  129
Initializing...
maxdom : 30
D->valSize : 900
Solving...
Blb : 2 (clique : 11)
currentSize : 11 <-- 0.016968 s
currentSize : 12 <-- 0.017113 s
currentSize : 13 <-- 0.017199 s
currentSize : 14 <-- 0.067446 s
currentSize : 15 <-- 1.140953 s
currentSize : 16 <-- 6.676184 s
currentSize : 18 <-- 13.417431 s
currentSize : 19 <-- 13.417463 s
currentSize : 21 <-- 13.417630 s

maxsize : 21
nodes : 3936564.000000
filtered : 80663392.000000
time : 16.434601


Display solution 

0 --> 19
2 --> 18
4 --> 10
5 --> 14
6 --> 6
9 --> 20
10 --> 9
12 --> 26
13 --> 0
14 --> 15
15 --> 2
16 --> 13
18 --> 28
19 --> 17
22 --> 16
23 --> 4
24 --> 27
26 --> 25
27 --> 3
28 --> 1
29 --> 29
