Parameters: GAD=1 vflib=1 dir=0 label=0 lowerbound=1 fileNameGp=../../cp2016-max-common-connected-subgraph-paper/datasets/graphsdb/mcs70/m4D/m4Dr2/mcs70_m4Dr2_s25.A07 fileNameGt=../../cp2016-max-common-connected-subgraph-paper/datasets/graphsdb/mcs70/m4D/m4Dr2/mcs70_m4Dr2_s25.B07
Reading graphs...
25 :  51
25 :  51
Initializing...
maxdom : 25
D->valSize : 625
Solving...
Blb : 5 (clique : 15)
currentSize : 15 <-- 0.006166 s
currentSize : 16 <-- 0.019205 s
currentSize : 17 <-- 0.044497 s
currentSize : 18 <-- 0.062805 s

maxsize : 18
nodes : 392484.000000
filtered : 11025354.000000
time : 1.700105


Display solution 

0 --> 14
1 --> 6
3 --> 13
4 --> 18
5 --> 24
6 --> 20
8 --> 23
10 --> 5
11 --> 22
12 --> 10
13 --> 7
14 --> 21
15 --> 0
17 --> 1
19 --> 9
21 --> 3
23 --> 11
24 --> 4
