Parameters: GAD=1 vflib=1 dir=0 label=0 lowerbound=1 fileNameGp=../../cp2016-max-common-connected-subgraph-paper/datasets/graphsdb/mcs70/rand/r005/mcs70_r005_s50.A07 fileNameGt=../../cp2016-max-common-connected-subgraph-paper/datasets/graphsdb/mcs70/rand/r005/mcs70_r005_s50.B07
Reading graphs...
50 :  118
50 :  119
Initializing...
maxdom : 50
D->valSize : 2500
Solving...
Blb : 2 (clique : 25)
currentSize : 25 <-- 0.158130 s
currentSize : 26 <-- 0.158669 s
currentSize : 27 <-- 0.158950 s
currentSize : 28 <-- 0.232065 s
currentSize : 29 <-- 3.835678 s
currentSize : 30 <-- 12.655305 s
currentSize : 31 <-- 24.956079 s

TIMEOUT
maxsize : 31
nodes : 121166208.000000
filtered : 6573081160.000000
time : 1000.000000


Display solution 

0 --> 24
1 --> 48
2 --> 17
4 --> 42
6 --> 38
7 --> 31
8 --> 44
9 --> 0
11 --> 5
12 --> 23
13 --> 18
16 --> 28
18 --> 21
20 --> 27
21 --> 19
22 --> 15
23 --> 45
25 --> 34
27 --> 22
28 --> 10
31 --> 33
32 --> 35
33 --> 14
34 --> 46
35 --> 43
37 --> 26
40 --> 7
41 --> 37
47 --> 13
48 --> 3
49 --> 40
