Parameters: GAD=1 vflib=1 dir=0 label=0 lowerbound=1 fileNameGp=../../cp2016-max-common-connected-subgraph-paper/datasets/graphsdb/mcs70/bvg/b09m/mcs70_b09m_s35.A04 fileNameGt=../../cp2016-max-common-connected-subgraph-paper/datasets/graphsdb/mcs70/bvg/b09m/mcs70_b09m_s35.B04
Reading graphs...
35 :  153
35 :  153
Initializing...
maxdom : 35
D->valSize : 1225
Solving...
Blb : 2 (clique : 15)
currentSize : 15 <-- 0.018344 s
currentSize : 16 <-- 0.175810 s
currentSize : 17 <-- 0.258163 s
currentSize : 18 <-- 47.223042 s
currentSize : 20 <-- 104.948120 s
currentSize : 21 <-- 104.948166 s
currentSize : 23 <-- 104.949585 s
currentSize : 24 <-- 104.949631 s

maxsize : 24
nodes : 27842591.000000
filtered : 697249044.000000
time : 130.519150


Display solution 

0 --> 10
2 --> 29
3 --> 13
4 --> 31
6 --> 6
7 --> 23
8 --> 16
10 --> 21
11 --> 32
13 --> 12
14 --> 14
15 --> 15
16 --> 34
18 --> 8
21 --> 3
24 --> 30
25 --> 9
27 --> 17
29 --> 1
30 --> 22
31 --> 26
32 --> 33
33 --> 5
34 --> 0
