Parameters: GAD=1 vflib=1 dir=0 label=0 lowerbound=1 fileNameGp=../../cp2016-max-common-connected-subgraph-paper/datasets/graphsdb/mcs70/rand/r02/mcs70_r02_s35.A02 fileNameGt=../../cp2016-max-common-connected-subgraph-paper/datasets/graphsdb/mcs70/rand/r02/mcs70_r02_s35.B02
Reading graphs...
35 :  214
35 :  211
Initializing...
maxdom : 35
D->valSize : 1225
Solving...
Blb : 2 (clique : 12)
currentSize : 12 <-- 0.017472 s
currentSize : 13 <-- 0.042784 s
currentSize : 14 <-- 0.163386 s
currentSize : 15 <-- 31.485685 s
currentSize : 16 <-- 83.533264 s
currentSize : 18 <-- 577.126770 s

TIMEOUT
maxsize : 18
nodes : 247821144.000000
filtered : 3864345452.000000
time : 1000.000000


Display solution 

0 --> 19
3 --> 33
4 --> 24
6 --> 17
8 --> 27
9 --> 0
11 --> 6
14 --> 9
18 --> 2
19 --> 16
20 --> 29
21 --> 15
22 --> 26
23 --> 7
25 --> 25
28 --> 23
30 --> 11
33 --> 4
