Parameters: GAD=1 vflib=1 dir=0 label=0 lowerbound=1 fileNameGp=../../cp2016-max-common-connected-subgraph-paper/datasets/graphsdb/mcs70/rand/r005/mcs70_r005_s40.A08 fileNameGt=../../cp2016-max-common-connected-subgraph-paper/datasets/graphsdb/mcs70/rand/r005/mcs70_r005_s40.B08
Reading graphs...
40 :  76
40 :  75
Initializing...
maxdom : 40
D->valSize : 1600
Solving...
Blb : 2 (clique : 22)
currentSize : 22 <-- 0.063135 s
currentSize : 23 <-- 0.069958 s
currentSize : 24 <-- 0.117671 s
currentSize : 25 <-- 1.960132 s
currentSize : 26 <-- 8.373404 s
currentSize : 27 <-- 29.302153 s
currentSize : 28 <-- 64.950920 s

TIMEOUT
maxsize : 28
nodes : 136250395.000000
filtered : 6285877631.000000
time : 1000.000000


Display solution 

0 --> 33
1 --> 25
2 --> 10
3 --> 23
4 --> 9
5 --> 12
6 --> 11
7 --> 17
9 --> 6
10 --> 8
12 --> 20
13 --> 28
14 --> 35
15 --> 14
17 --> 4
18 --> 26
23 --> 24
24 --> 21
25 --> 27
26 --> 15
27 --> 32
28 --> 30
31 --> 3
32 --> 31
33 --> 34
34 --> 37
35 --> 38
39 --> 19
