Parameters: GAD=1 vflib=1 dir=0 label=0 lowerbound=1 fileNameGp=../../cp2016-max-common-connected-subgraph-paper/datasets/graphsdb/mcs70/m3D/m3Dr6/mcs70_m3Dr6_s40.A05 fileNameGt=../../cp2016-max-common-connected-subgraph-paper/datasets/graphsdb/mcs70/m3D/m3Dr6/mcs70_m3Dr6_s40.B05
Reading graphs...
40 :  107
40 :  101
Initializing...
maxdom : 40
D->valSize : 1600
Solving...
Blb : 2 (clique : 20)
currentSize : 20 <-- 0.034512 s
currentSize : 21 <-- 0.047880 s
currentSize : 22 <-- 0.102141 s
currentSize : 23 <-- 1.451057 s
currentSize : 24 <-- 8.114846 s
currentSize : 25 <-- 676.354614 s
currentSize : 26 <-- 676.355469 s
currentSize : 27 <-- 676.533752 s
currentSize : 28 <-- 676.743591 s

TIMEOUT
maxsize : 28
nodes : 168231041.000000
filtered : 5768496394.000000
time : 1000.000061


Display solution 

0 --> 7
2 --> 3
3 --> 17
4 --> 35
5 --> 8
7 --> 29
8 --> 6
9 --> 20
10 --> 32
12 --> 1
13 --> 34
15 --> 30
16 --> 15
17 --> 19
18 --> 14
20 --> 11
21 --> 18
22 --> 23
26 --> 0
27 --> 16
28 --> 24
30 --> 22
32 --> 25
33 --> 33
34 --> 21
35 --> 31
36 --> 10
39 --> 2
