Parameters: GAD=1 vflib=1 dir=0 label=0 lowerbound=1 fileNameGp=../../cp2016-max-common-connected-subgraph-paper/datasets/graphsdb/mcs70/m2D/m2Dr2/mcs70_m2Dr2_s35.A08 fileNameGt=../../cp2016-max-common-connected-subgraph-paper/datasets/graphsdb/mcs70/m2D/m2Dr2/mcs70_m2Dr2_s35.B08
Reading graphs...
35 :  65
35 :  64
Initializing...
maxdom : 35
D->valSize : 1225
Solving...
Blb : 2 (clique : 19)
currentSize : 19 <-- 0.021716 s
currentSize : 20 <-- 0.021886 s
currentSize : 21 <-- 0.026090 s
currentSize : 22 <-- 0.030945 s
currentSize : 23 <-- 0.192109 s
currentSize : 24 <-- 2.152497 s
currentSize : 25 <-- 3.017158 s
currentSize : 26 <-- 212.283844 s

maxsize : 26
nodes : 86542314.000000
filtered : 4725876980.000000
time : 641.716980


Display solution 

0 --> 22
1 --> 18
3 --> 14
4 --> 24
6 --> 29
7 --> 4
8 --> 34
9 --> 11
10 --> 15
12 --> 7
14 --> 6
15 --> 32
16 --> 26
17 --> 2
18 --> 33
19 --> 19
21 --> 21
22 --> 9
23 --> 17
25 --> 13
26 --> 16
27 --> 1
29 --> 27
32 --> 30
33 --> 3
34 --> 0
