Parameters: GAD=1 vflib=1 dir=0 label=0 lowerbound=1 fileNameGp=../../cp2016-max-common-connected-subgraph-paper/datasets/graphsdb/mcs70/bvg/b09m/mcs70_b09m_s50.A06 fileNameGt=../../cp2016-max-common-connected-subgraph-paper/datasets/graphsdb/mcs70/bvg/b09m/mcs70_b09m_s50.B06
Reading graphs...
50 :  221
50 :  220
Initializing...
maxdom : 50
D->valSize : 2500
Solving...
Blb : 5 (clique : 18)
currentSize : 18 <-- 0.120962 s
currentSize : 19 <-- 0.121627 s
currentSize : 20 <-- 0.122020 s
currentSize : 21 <-- 0.164631 s
currentSize : 22 <-- 1.367510 s
currentSize : 23 <-- 1.779042 s
currentSize : 24 <-- 16.113266 s

TIMEOUT
maxsize : 24
nodes : 164148936.000000
filtered : 5071694745.000000
time : 1000.000000


Display solution 

0 --> 2
2 --> 40
3 --> 18
4 --> 12
5 --> 9
6 --> 34
8 --> 31
9 --> 3
10 --> 6
14 --> 47
15 --> 25
17 --> 14
21 --> 45
22 --> 38
27 --> 0
28 --> 17
29 --> 29
34 --> 16
35 --> 48
36 --> 33
39 --> 30
41 --> 24
47 --> 5
49 --> 42
