Parameters: GAD=1 vflib=1 dir=0 label=0 lowerbound=1 fileNameGp=../../cp2016-max-common-connected-subgraph-paper/datasets/graphsdb/mcs70/m2D/m2Dr2/mcs70_m2Dr2_s40.A03 fileNameGt=../../cp2016-max-common-connected-subgraph-paper/datasets/graphsdb/mcs70/m2D/m2Dr2/mcs70_m2Dr2_s40.B03
Reading graphs...
40 :  75
40 :  75
Initializing...
maxdom : 40
D->valSize : 1600
Solving...
Blb : 2 (clique : 21)
currentSize : 21 <-- 0.035337 s
currentSize : 22 <-- 0.035559 s
currentSize : 24 <-- 0.037658 s
currentSize : 25 <-- 0.079257 s
currentSize : 26 <-- 0.080454 s
currentSize : 27 <-- 0.262776 s
currentSize : 28 <-- 1.786863 s

TIMEOUT
maxsize : 28
nodes : 122904979.000000
filtered : 7218396107.000000
time : 1000.000000


Display solution 

0 --> 1
2 --> 2
3 --> 14
4 --> 18
5 --> 10
6 --> 29
8 --> 20
9 --> 13
10 --> 11
11 --> 32
13 --> 16
14 --> 9
15 --> 35
17 --> 5
19 --> 19
20 --> 12
21 --> 26
23 --> 7
24 --> 15
25 --> 21
27 --> 28
28 --> 38
29 --> 39
30 --> 0
31 --> 8
33 --> 3
37 --> 33
38 --> 23
