Parameters: GAD=1 vflib=1 dir=0 label=0 lowerbound=1 fileNameGp=../../cp2016-max-common-connected-subgraph-paper/datasets/graphsdb/mcs70/m2D/m2Dr6/mcs70_m2Dr6_s40.A09 fileNameGt=../../cp2016-max-common-connected-subgraph-paper/datasets/graphsdb/mcs70/m2D/m2Dr6/mcs70_m2Dr6_s40.B09
Reading graphs...
40 :  89
40 :  87
Initializing...
maxdom : 40
D->valSize : 1600
Solving...
Blb : 2 (clique : 22)
currentSize : 22 <-- 0.035037 s
currentSize : 23 <-- 0.052424 s
currentSize : 24 <-- 0.538053 s
currentSize : 25 <-- 3.198366 s
currentSize : 26 <-- 92.329918 s
currentSize : 27 <-- 245.863235 s

TIMEOUT
maxsize : 27
nodes : 154651937.000000
filtered : 6155157190.000000
time : 1000.000000


Display solution 

0 --> 2
2 --> 37
3 --> 8
4 --> 20
5 --> 17
6 --> 10
7 --> 19
8 --> 35
9 --> 1
10 --> 21
11 --> 6
14 --> 4
16 --> 29
17 --> 30
20 --> 33
21 --> 16
22 --> 11
23 --> 39
24 --> 13
25 --> 23
26 --> 27
28 --> 18
30 --> 12
31 --> 38
32 --> 14
35 --> 36
37 --> 22
