Parameters: GAD=1 vflib=1 dir=0 label=0 lowerbound=1 fileNameGp=../../cp2016-max-common-connected-subgraph-paper/datasets/graphsdb/mcs70/bvg/b09/mcs70_b09_s40.A06 fileNameGt=../../cp2016-max-common-connected-subgraph-paper/datasets/graphsdb/mcs70/bvg/b09/mcs70_b09_s40.B06
Reading graphs...
40 :  178
40 :  179
Initializing...
maxdom : 40
D->valSize : 1600
Solving...
Blb : 5 (clique : 17)
currentSize : 17 <-- 0.031895 s
currentSize : 18 <-- 0.054473 s
currentSize : 19 <-- 0.357268 s
currentSize : 20 <-- 0.480584 s
currentSize : 21 <-- 0.480743 s
currentSize : 22 <-- 5.376710 s
currentSize : 25 <-- 5.377280 s
currentSize : 26 <-- 6.437092 s
currentSize : 27 <-- 7.703382 s
currentSize : 28 <-- 7.703580 s
currentSize : 29 <-- 9.332630 s

maxsize : 29
nodes : 7513634.000000
filtered : 416660791.000000
time : 56.898846


Display solution 

0 --> 28
1 --> 34
2 --> 14
3 --> 13
6 --> 20
7 --> 0
8 --> 19
9 --> 33
10 --> 22
11 --> 24
12 --> 8
13 --> 15
14 --> 30
17 --> 38
21 --> 1
22 --> 2
23 --> 3
24 --> 35
26 --> 32
28 --> 39
29 --> 16
30 --> 26
31 --> 21
32 --> 6
33 --> 4
35 --> 11
36 --> 12
38 --> 27
39 --> 18
