Parameters: GAD=1 vflib=1 dir=0 label=0 lowerbound=1 fileNameGp=../../cp2016-max-common-connected-subgraph-paper/datasets/graphsdb/mcs70/bvg/b06m/mcs70_b06m_s20.A01 fileNameGt=../../cp2016-max-common-connected-subgraph-paper/datasets/graphsdb/mcs70/bvg/b06m/mcs70_b06m_s20.B01
Reading graphs...
20 :  58
20 :  58
Initializing...
maxdom : 20
D->valSize : 400
Solving...
Blb : 2 (clique : 10)
currentSize : 10 <-- 0.003655 s
currentSize : 11 <-- 0.004108 s
currentSize : 13 <-- 0.004865 s
currentSize : 14 <-- 0.185574 s

maxsize : 14
nodes : 60333.000000
filtered : 1288914.000000
time : 0.235870


Display solution 

1 --> 14
2 --> 18
3 --> 5
4 --> 19
5 --> 10
7 --> 6
8 --> 13
9 --> 1
11 --> 17
12 --> 15
14 --> 2
16 --> 3
17 --> 7
18 --> 8
