Parameters: GAD=1 vflib=1 dir=0 label=0 lowerbound=1 fileNameGp=../../cp2016-max-common-connected-subgraph-paper/datasets/graphsdb/mcs70/m3D/m3Dr6/mcs70_m3Dr6_s35.A08 fileNameGt=../../cp2016-max-common-connected-subgraph-paper/datasets/graphsdb/mcs70/m3D/m3Dr6/mcs70_m3Dr6_s35.B08
Reading graphs...
35 :  89
35 :  88
Initializing...
maxdom : 35
D->valSize : 1225
Solving...
Blb : 2 (clique : 18)
currentSize : 18 <-- 0.019683 s
currentSize : 19 <-- 0.019861 s
currentSize : 20 <-- 0.019961 s
currentSize : 21 <-- 0.021683 s
currentSize : 22 <-- 0.767185 s
currentSize : 24 <-- 79.476189 s
currentSize : 26 <-- 82.949005 s
currentSize : 27 <-- 82.949059 s

maxsize : 27
nodes : 19494870.000000
filtered : 667574293.000000
time : 104.351219


Display solution 

0 --> 24
1 --> 11
2 --> 9
3 --> 17
5 --> 34
6 --> 13
7 --> 1
8 --> 28
11 --> 12
12 --> 10
14 --> 14
15 --> 0
17 --> 15
20 --> 5
21 --> 23
22 --> 19
23 --> 8
24 --> 3
25 --> 32
26 --> 33
27 --> 27
29 --> 18
30 --> 6
31 --> 22
32 --> 16
33 --> 29
34 --> 4
