Parameters: GAD=1 vflib=1 dir=0 label=0 lowerbound=1 fileNameGp=../../cp2016-max-common-connected-subgraph-paper/datasets/graphsdb/mcs70/rand/r01/mcs70_r01_s35.A04 fileNameGt=../../cp2016-max-common-connected-subgraph-paper/datasets/graphsdb/mcs70/rand/r01/mcs70_r01_s35.B04
Reading graphs...
35 :  110
35 :  110
Initializing...
maxdom : 35
D->valSize : 1225
Solving...
Blb : 5 (clique : 15)
currentSize : 15 <-- 0.019292 s
currentSize : 16 <-- 0.019440 s
currentSize : 17 <-- 0.019491 s
currentSize : 18 <-- 0.023758 s
currentSize : 19 <-- 9.331807 s
currentSize : 20 <-- 29.937860 s
currentSize : 22 <-- 818.901184 s
currentSize : 24 <-- 818.902039 s

maxsize : 24
nodes : 183929627.000000
filtered : 4958995242.000000
time : 896.082275


Display solution 

0 --> 27
1 --> 6
4 --> 21
7 --> 22
9 --> 0
10 --> 8
11 --> 3
12 --> 34
13 --> 17
14 --> 33
16 --> 13
18 --> 10
19 --> 2
20 --> 16
22 --> 29
23 --> 14
24 --> 15
25 --> 28
26 --> 26
28 --> 20
31 --> 1
32 --> 30
33 --> 5
34 --> 32
