Parameters: GAD=1 vflib=1 dir=0 label=0 lowerbound=1 fileNameGp=../../cp2016-max-common-connected-subgraph-paper/datasets/graphsdb/mcs70/rand/r02/mcs70_r02_s10.A00 fileNameGt=../../cp2016-max-common-connected-subgraph-paper/datasets/graphsdb/mcs70/rand/r02/mcs70_r02_s10.B00
Reading graphs...
10 :  15
10 :  16
Initializing...
maxdom : 10
D->valSize : 100
Solving...
Blb : 2 (clique : 6)
currentSize : 6 <-- 0.000518 s
currentSize : 7 <-- 0.000570 s
currentSize : 8 <-- 0.000767 s

maxsize : 8
nodes : 260.000000
filtered : 2718.000000
time : 0.001110


Display solution 

0 --> 8
2 --> 2
3 --> 9
4 --> 5
5 --> 3
6 --> 7
7 --> 6
9 --> 0
