Parameters: GAD=1 vflib=1 dir=0 label=0 lowerbound=1 fileNameGp=../../cp2016-max-common-connected-subgraph-paper/datasets/graphsdb/mcs70/bvg/b09m/mcs70_b09m_s40.A09 fileNameGt=../../cp2016-max-common-connected-subgraph-paper/datasets/graphsdb/mcs70/bvg/b09m/mcs70_b09m_s40.B09
Reading graphs...
40 :  176
40 :  177
Initializing...
maxdom : 40
D->valSize : 1600
Solving...
Blb : 2 (clique : 15)
currentSize : 15 <-- 0.054613 s
currentSize : 16 <-- 0.054789 s
currentSize : 17 <-- 0.054978 s
currentSize : 18 <-- 0.188690 s
currentSize : 19 <-- 1.410616 s
currentSize : 20 <-- 12.606765 s
currentSize : 21 <-- 29.863453 s
currentSize : 25 <-- 30.908968 s
currentSize : 28 <-- 30.909103 s

maxsize : 28
nodes : 14876015.000000
filtered : 676179250.000000
time : 98.823296


Display solution 

0 --> 28
1 --> 35
2 --> 32
4 --> 10
5 --> 34
6 --> 14
8 --> 33
9 --> 2
10 --> 39
11 --> 30
12 --> 36
13 --> 38
14 --> 0
15 --> 26
16 --> 11
17 --> 15
18 --> 1
21 --> 8
23 --> 29
25 --> 6
26 --> 27
28 --> 17
29 --> 19
31 --> 5
32 --> 9
34 --> 7
36 --> 31
39 --> 4
