Parameters: GAD=1 vflib=1 dir=0 label=0 lowerbound=1 fileNameGp=../../cp2016-max-common-connected-subgraph-paper/datasets/graphsdb/mcs70/bvg/b06m/mcs70_b06m_s25.A04 fileNameGt=../../cp2016-max-common-connected-subgraph-paper/datasets/graphsdb/mcs70/bvg/b06m/mcs70_b06m_s25.B04
Reading graphs...
25 :  73
25 :  71
Initializing...
maxdom : 25
D->valSize : 625
Solving...
Blb : 2 (clique : 12)
currentSize : 12 <-- 0.004894 s
currentSize : 13 <-- 0.005521 s
currentSize : 14 <-- 0.006180 s
currentSize : 15 <-- 0.010059 s
currentSize : 17 <-- 0.251689 s
currentSize : 18 <-- 2.515042 s

maxsize : 18
nodes : 563594.000000
filtered : 17821870.000000
time : 2.731360


Display solution 

1 --> 0
2 --> 15
4 --> 11
6 --> 21
7 --> 6
8 --> 20
10 --> 8
12 --> 5
13 --> 14
14 --> 17
16 --> 9
17 --> 7
18 --> 18
19 --> 12
21 --> 24
22 --> 13
23 --> 2
24 --> 23
