Parameters: GAD=1 vflib=1 dir=0 label=0 lowerbound=1 fileNameGp=../../cp2016-max-common-connected-subgraph-paper/datasets/graphsdb/mcs70/bvg/b06/mcs70_b06_s40.A05 fileNameGt=../../cp2016-max-common-connected-subgraph-paper/datasets/graphsdb/mcs70/bvg/b06/mcs70_b06_s40.B05
Reading graphs...
40 :  118
40 :  120
Initializing...
maxdom : 40
D->valSize : 1600
Solving...
Blb : 2 (clique : 19)
currentSize : 19 <-- 0.033808 s
currentSize : 20 <-- 0.034026 s
currentSize : 21 <-- 0.034580 s
currentSize : 22 <-- 0.037265 s
currentSize : 23 <-- 0.095749 s
currentSize : 24 <-- 0.282338 s
currentSize : 25 <-- 0.567964 s
currentSize : 26 <-- 0.677117 s
currentSize : 27 <-- 0.677273 s
currentSize : 29 <-- 2.691133 s
currentSize : 30 <-- 117.199837 s
currentSize : 31 <-- 117.655815 s

maxsize : 31
nodes : 16148949.000000
filtered : 1051245235.000000
time : 146.539246


Display solution 

0 --> 0
1 --> 23
2 --> 14
3 --> 10
5 --> 12
6 --> 9
7 --> 21
9 --> 20
10 --> 39
12 --> 32
13 --> 1
14 --> 30
16 --> 8
18 --> 25
19 --> 5
20 --> 31
21 --> 33
22 --> 17
24 --> 36
26 --> 13
27 --> 27
28 --> 22
29 --> 38
30 --> 24
31 --> 28
32 --> 16
35 --> 18
36 --> 7
37 --> 37
38 --> 15
39 --> 35
