Parameters: GAD=1 vflib=1 dir=0 label=0 lowerbound=1 fileNameGp=../../cp2016-max-common-connected-subgraph-paper/datasets/graphsdb/mcs70/rand/r02/mcs70_r02_s25.A07 fileNameGt=../../cp2016-max-common-connected-subgraph-paper/datasets/graphsdb/mcs70/rand/r02/mcs70_r02_s25.B07
Reading graphs...
25 :  110
25 :  110
Initializing...
maxdom : 25
D->valSize : 625
Solving...
Blb : 2 (clique : 10)
currentSize : 10 <-- 0.004717 s
currentSize : 11 <-- 0.004787 s
currentSize : 12 <-- 0.007097 s
currentSize : 13 <-- 3.192741 s
currentSize : 14 <-- 9.889760 s
currentSize : 16 <-- 10.916974 s
currentSize : 17 <-- 11.152052 s

maxsize : 17
nodes : 3687395.000000
filtered : 45473826.000000
time : 11.565296


Display solution 

1 --> 5
2 --> 13
3 --> 9
5 --> 10
9 --> 2
10 --> 4
11 --> 24
12 --> 8
15 --> 12
16 --> 16
17 --> 22
18 --> 11
20 --> 18
21 --> 14
22 --> 15
23 --> 7
24 --> 20
