Parameters: GAD=1 vflib=1 dir=0 label=0 lowerbound=1 fileNameGp=../../cp2016-max-common-connected-subgraph-paper/datasets/graphsdb/mcs70/bvg/b06m/mcs70_b06m_s40.A07 fileNameGt=../../cp2016-max-common-connected-subgraph-paper/datasets/graphsdb/mcs70/bvg/b06m/mcs70_b06m_s40.B07
Reading graphs...
40 :  119
40 :  118
Initializing...
maxdom : 40
D->valSize : 1600
Solving...
Blb : 2 (clique : 18)
currentSize : 18 <-- 0.033668 s
currentSize : 19 <-- 0.033873 s
currentSize : 20 <-- 0.037350 s
currentSize : 21 <-- 0.111356 s
currentSize : 22 <-- 0.133427 s
currentSize : 23 <-- 64.338310 s

TIMEOUT
maxsize : 23
nodes : 164838664.000000
filtered : 6439927532.000000
time : 1000.000000


Display solution 

0 --> 3
3 --> 6
5 --> 4
7 --> 31
8 --> 36
10 --> 34
12 --> 5
13 --> 12
14 --> 27
16 --> 19
18 --> 38
19 --> 24
20 --> 1
21 --> 20
22 --> 25
23 --> 30
25 --> 15
27 --> 29
30 --> 7
32 --> 39
34 --> 18
35 --> 33
38 --> 35
