Parameters: GAD=1 vflib=1 dir=0 label=0 lowerbound=1 fileNameGp=../../cp2016-max-common-connected-subgraph-paper/datasets/graphsdb/mcs70/m2D/m2Dr6/mcs70_m2Dr6_s50.A09 fileNameGt=../../cp2016-max-common-connected-subgraph-paper/datasets/graphsdb/mcs70/m2D/m2Dr6/mcs70_m2Dr6_s50.B09
Reading graphs...
50 :  114
50 :  113
Initializing...
maxdom : 50
D->valSize : 2500
Solving...
Blb : 2 (clique : 25)
currentSize : 25 <-- 0.113238 s
currentSize : 26 <-- 0.113989 s
currentSize : 27 <-- 0.114011 s
currentSize : 28 <-- 0.114180 s
currentSize : 29 <-- 0.713059 s
currentSize : 30 <-- 2.149807 s
currentSize : 31 <-- 5.951193 s

TIMEOUT
maxsize : 31
nodes : 140022873.000000
filtered : 5519665668.000000
time : 1000.000000


Display solution 

0 --> 49
1 --> 32
2 --> 1
4 --> 47
5 --> 17
6 --> 12
7 --> 41
8 --> 16
10 --> 31
11 --> 23
12 --> 22
15 --> 11
16 --> 25
17 --> 38
18 --> 27
19 --> 2
20 --> 42
21 --> 3
22 --> 29
25 --> 36
27 --> 45
28 --> 35
34 --> 4
35 --> 48
36 --> 8
39 --> 7
40 --> 13
41 --> 37
46 --> 6
48 --> 34
49 --> 44
