Parameters: GAD=1 vflib=1 dir=0 label=0 lowerbound=1 fileNameGp=../../cp2016-max-common-connected-subgraph-paper/datasets/graphsdb/mcs70/bvg/b06/mcs70_b06_s25.A04 fileNameGt=../../cp2016-max-common-connected-subgraph-paper/datasets/graphsdb/mcs70/bvg/b06/mcs70_b06_s25.B04
Reading graphs...
25 :  74
25 :  74
Initializing...
maxdom : 25
D->valSize : 625
Solving...
Blb : 2 (clique : 12)
currentSize : 12 <-- 0.004930 s
currentSize : 13 <-- 0.005019 s
currentSize : 16 <-- 0.005405 s
currentSize : 17 <-- 0.019574 s
currentSize : 18 <-- 0.055813 s

maxsize : 18
nodes : 133637.000000
filtered : 3780198.000000
time : 0.626034


Display solution 

0 --> 0
1 --> 16
2 --> 1
4 --> 3
5 --> 18
7 --> 12
9 --> 23
10 --> 22
11 --> 11
12 --> 5
13 --> 4
16 --> 6
19 --> 9
20 --> 24
21 --> 14
22 --> 7
23 --> 2
24 --> 17
