Parameters: GAD=1 vflib=1 dir=0 label=0 lowerbound=1 fileNameGp=../../cp2016-max-common-connected-subgraph-paper/datasets/graphsdb/mcs70/m2D/m2D/mcs70_m2D_s15.A08 fileNameGt=../../cp2016-max-common-connected-subgraph-paper/datasets/graphsdb/mcs70/m2D/m2D/mcs70_m2D_s15.B08
Reading graphs...
15 :  22
15 :  22
Initializing...
maxdom : 15
D->valSize : 225
Solving...
Blb : 2 (clique : 10)
currentSize : 10 <-- 0.001253 s
currentSize : 11 <-- 0.001343 s
currentSize : 12 <-- 0.003240 s

maxsize : 12
nodes : 1668.000000
filtered : 26268.000000
time : 0.006489


Display solution 

0 --> 14
1 --> 9
2 --> 2
3 --> 1
5 --> 12
6 --> 0
7 --> 4
8 --> 8
9 --> 6
10 --> 7
12 --> 10
14 --> 13
