Parameters: GAD=1 vflib=1 dir=0 label=0 lowerbound=1 fileNameGp=../../cp2016-max-common-connected-subgraph-paper/datasets/graphsdb/mcs70/bvg/b09/mcs70_b09_s40.A04 fileNameGt=../../cp2016-max-common-connected-subgraph-paper/datasets/graphsdb/mcs70/bvg/b09/mcs70_b09_s40.B04
Reading graphs...
40 :  180
40 :  177
Initializing...
maxdom : 40
D->valSize : 1600
Solving...
Blb : 2 (clique : 17)
currentSize : 17 <-- 0.055806 s
currentSize : 18 <-- 0.191305 s
currentSize : 19 <-- 0.288637 s
currentSize : 20 <-- 4.680654 s
currentSize : 21 <-- 4.806346 s
currentSize : 22 <-- 15.292673 s
currentSize : 23 <-- 15.297303 s
currentSize : 24 <-- 16.813084 s
currentSize : 26 <-- 17.076689 s
currentSize : 28 <-- 17.076860 s
currentSize : 29 <-- 23.159468 s

maxsize : 29
nodes : 10215138.000000
filtered : 471971111.000000
time : 68.500206


Display solution 

0 --> 7
1 --> 1
2 --> 5
3 --> 27
4 --> 9
5 --> 28
6 --> 6
8 --> 39
9 --> 37
10 --> 15
11 --> 32
12 --> 12
14 --> 35
15 --> 16
19 --> 24
20 --> 26
21 --> 14
22 --> 23
23 --> 18
24 --> 11
25 --> 33
28 --> 10
31 --> 20
33 --> 19
34 --> 31
35 --> 38
36 --> 13
37 --> 2
39 --> 21
