Parameters: GAD=1 vflib=1 dir=0 label=0 lowerbound=1 fileNameGp=../../cp2016-max-common-connected-subgraph-paper/datasets/graphsdb/mcs70/rand/r01/mcs70_r01_s35.A08 fileNameGt=../../cp2016-max-common-connected-subgraph-paper/datasets/graphsdb/mcs70/rand/r01/mcs70_r01_s35.B08
Reading graphs...
35 :  107
35 :  112
Initializing...
maxdom : 35
D->valSize : 1225
Solving...
Blb : 5 (clique : 15)
currentSize : 15 <-- 0.019232 s
currentSize : 16 <-- 0.019376 s
currentSize : 17 <-- 0.021238 s
currentSize : 18 <-- 0.025502 s
currentSize : 19 <-- 0.026031 s
currentSize : 20 <-- 2.442008 s
currentSize : 21 <-- 150.904526 s
currentSize : 22 <-- 491.622833 s
currentSize : 23 <-- 603.752319 s
currentSize : 24 <-- 603.752563 s

maxsize : 24
nodes : 116993097.000000
filtered : 3738545931.000000
time : 636.410767


Display solution 

1 --> 32
2 --> 7
3 --> 13
4 --> 0
6 --> 27
7 --> 20
8 --> 19
10 --> 28
12 --> 12
13 --> 5
14 --> 11
15 --> 23
16 --> 24
17 --> 8
19 --> 6
21 --> 31
22 --> 1
23 --> 2
24 --> 29
26 --> 22
27 --> 9
31 --> 30
32 --> 3
34 --> 4
