Parameters: GAD=1 vflib=1 dir=0 label=0 lowerbound=1 fileNameGp=../../cp2016-max-common-connected-subgraph-paper/datasets/graphsdb/mcs70/m2D/m2Dr2/mcs70_m2Dr2_s40.A08 fileNameGt=../../cp2016-max-common-connected-subgraph-paper/datasets/graphsdb/mcs70/m2D/m2Dr2/mcs70_m2Dr2_s40.B08
Reading graphs...
40 :  74
40 :  73
Initializing...
maxdom : 40
D->valSize : 1600
Solving...
Blb : 2 (clique : 22)
currentSize : 22 <-- 0.036114 s
currentSize : 23 <-- 0.036346 s
currentSize : 24 <-- 0.037235 s
currentSize : 25 <-- 0.052165 s
currentSize : 26 <-- 0.056490 s
currentSize : 27 <-- 0.184204 s
currentSize : 28 <-- 45.811417 s
currentSize : 29 <-- 964.900879 s

TIMEOUT
maxsize : 29
nodes : 136627980.000000
filtered : 6706917039.000000
time : 1000.000000


Display solution 

0 --> 1
1 --> 10
2 --> 20
5 --> 38
6 --> 12
7 --> 13
8 --> 4
12 --> 9
13 --> 11
14 --> 30
15 --> 27
16 --> 23
17 --> 24
18 --> 39
19 --> 17
20 --> 29
21 --> 18
22 --> 36
23 --> 6
24 --> 0
26 --> 21
27 --> 35
28 --> 33
30 --> 26
31 --> 37
34 --> 8
35 --> 19
37 --> 15
38 --> 5
