Parameters: GAD=1 vflib=1 dir=0 label=0 lowerbound=1 fileNameGp=../../cp2016-max-common-connected-subgraph-paper/datasets/graphsdb/mcs70/m2D/m2Dr4/mcs70_m2Dr4_s40.A03 fileNameGt=../../cp2016-max-common-connected-subgraph-paper/datasets/graphsdb/mcs70/m2D/m2Dr4/mcs70_m2Dr4_s40.B03
Reading graphs...
40 :  83
40 :  82
Initializing...
maxdom : 40
D->valSize : 1600
Solving...
Blb : 2 (clique : 22)
currentSize : 22 <-- 0.035444 s
currentSize : 23 <-- 0.035879 s
currentSize : 24 <-- 0.038746 s
currentSize : 25 <-- 1.129089 s
currentSize : 26 <-- 29.879681 s

TIMEOUT
maxsize : 26
nodes : 153596295.000000
filtered : 6569489073.000000
time : 1000.000000


Display solution 

0 --> 12
1 --> 31
2 --> 37
3 --> 20
4 --> 4
6 --> 32
9 --> 22
11 --> 23
13 --> 27
14 --> 15
15 --> 8
16 --> 7
17 --> 18
19 --> 11
20 --> 28
21 --> 3
23 --> 30
25 --> 25
26 --> 10
32 --> 5
33 --> 38
35 --> 21
36 --> 26
37 --> 34
38 --> 35
39 --> 0
