Parameters: GAD=1 vflib=1 dir=0 label=0 lowerbound=1 fileNameGp=../../cp2016-max-common-connected-subgraph-paper/datasets/graphsdb/mcs70/rand/r02/mcs70_r02_s30.A09 fileNameGt=../../cp2016-max-common-connected-subgraph-paper/datasets/graphsdb/mcs70/rand/r02/mcs70_r02_s30.B09
Reading graphs...
30 :  156
30 :  156
Initializing...
maxdom : 30
D->valSize : 900
Solving...
Blb : 5 (clique : 11)
currentSize : 11 <-- 0.009496 s
currentSize : 12 <-- 0.014950 s
currentSize : 13 <-- 0.059389 s
currentSize : 14 <-- 0.797308 s
currentSize : 16 <-- 18.218946 s
currentSize : 17 <-- 56.022495 s
currentSize : 21 <-- 60.169621 s

maxsize : 21
nodes : 16326744.000000
filtered : 257578827.000000
time : 61.625896


Display solution 

1 --> 16
2 --> 2
3 --> 26
4 --> 25
5 --> 21
6 --> 3
7 --> 19
8 --> 1
9 --> 4
10 --> 11
12 --> 7
14 --> 8
17 --> 24
18 --> 28
20 --> 6
21 --> 18
22 --> 17
23 --> 5
24 --> 20
25 --> 10
28 --> 13
