Parameters: GAD=1 vflib=1 dir=0 label=0 lowerbound=1 fileNameGp=../../cp2016-max-common-connected-subgraph-paper/datasets/graphsdb/mcs70/rand/r005/mcs70_r005_s40.A06 fileNameGt=../../cp2016-max-common-connected-subgraph-paper/datasets/graphsdb/mcs70/rand/r005/mcs70_r005_s40.B06
Reading graphs...
40 :  76
40 :  75
Initializing...
maxdom : 40
D->valSize : 1600
Solving...
Blb : 2 (clique : 22)
currentSize : 22 <-- 0.060157 s
currentSize : 23 <-- 0.060395 s
currentSize : 24 <-- 0.060626 s
currentSize : 25 <-- 0.063631 s
currentSize : 26 <-- 8.690256 s
currentSize : 27 <-- 10.707222 s
currentSize : 28 <-- 96.856644 s

TIMEOUT
maxsize : 28
nodes : 129472544.000000
filtered : 6848389413.000000
time : 1000.000000


Display solution 

0 --> 30
1 --> 25
2 --> 13
4 --> 23
5 --> 38
6 --> 10
7 --> 39
8 --> 21
9 --> 2
10 --> 35
11 --> 31
12 --> 5
13 --> 24
14 --> 14
15 --> 16
16 --> 32
17 --> 15
20 --> 11
21 --> 36
26 --> 18
28 --> 12
29 --> 29
30 --> 28
31 --> 3
32 --> 0
34 --> 20
35 --> 8
38 --> 34
