Parameters: GAD=1 vflib=1 dir=0 label=0 lowerbound=1 fileNameGp=../../cp2016-max-common-connected-subgraph-paper/datasets/graphsdb/mcs70/rand/r02/mcs70_r02_s50.A06 fileNameGt=../../cp2016-max-common-connected-subgraph-paper/datasets/graphsdb/mcs70/rand/r02/mcs70_r02_s50.B06
Reading graphs...
50 :  436
50 :  434
Initializing...
maxdom : 50
D->valSize : 2500
Solving...
Blb : 3 (clique : 13)
currentSize : 13 <-- 0.074464 s
currentSize : 14 <-- 0.089130 s
currentSize : 15 <-- 0.184364 s
currentSize : 16 <-- 15.206199 s
currentSize : 17 <-- 384.097473 s

TIMEOUT
maxsize : 17
nodes : 245723501.000000
filtered : 2537278164.000000
time : 1000.000000


Display solution 

0 --> 26
2 --> 18
3 --> 9
4 --> 42
8 --> 6
10 --> 44
13 --> 3
17 --> 12
18 --> 37
20 --> 33
22 --> 41
28 --> 2
32 --> 34
41 --> 35
43 --> 31
44 --> 45
48 --> 40
