Parameters: GAD=1 vflib=1 dir=0 label=0 lowerbound=1 fileNameGp=../../cp2016-max-common-connected-subgraph-paper/datasets/graphsdb/mcs70/m2D/m2Dr6/mcs70_m2Dr6_s50.A08 fileNameGt=../../cp2016-max-common-connected-subgraph-paper/datasets/graphsdb/mcs70/m2D/m2Dr6/mcs70_m2Dr6_s50.B08
Reading graphs...
50 :  113
50 :  113
Initializing...
maxdom : 50
D->valSize : 2500
Solving...
Blb : 2 (clique : 23)
currentSize : 23 <-- 0.094909 s
currentSize : 24 <-- 0.095234 s
currentSize : 25 <-- 0.095301 s
currentSize : 26 <-- 0.096152 s
currentSize : 27 <-- 0.097953 s
currentSize : 28 <-- 0.265873 s
currentSize : 29 <-- 0.873856 s
currentSize : 30 <-- 33.393635 s

TIMEOUT
maxsize : 30
nodes : 141866846.000000
filtered : 6140294098.000000
time : 1000.000000


Display solution 

0 --> 44
1 --> 21
3 --> 16
4 --> 30
5 --> 22
7 --> 7
8 --> 32
9 --> 1
12 --> 31
15 --> 48
17 --> 4
20 --> 36
21 --> 3
22 --> 46
23 --> 25
24 --> 17
25 --> 27
26 --> 18
28 --> 23
29 --> 38
31 --> 45
34 --> 39
35 --> 29
36 --> 43
37 --> 28
38 --> 24
39 --> 35
41 --> 34
42 --> 12
48 --> 20
