Parameters: GAD=1 vflib=1 dir=0 label=0 lowerbound=1 fileNameGp=../../cp2016-max-common-connected-subgraph-paper/datasets/graphsdb/mcs70/m2D/m2Dr6/mcs70_m2Dr6_s35.A02 fileNameGt=../../cp2016-max-common-connected-subgraph-paper/datasets/graphsdb/mcs70/m2D/m2Dr6/mcs70_m2Dr6_s35.B02
Reading graphs...
35 :  78
35 :  78
Initializing...
maxdom : 35
D->valSize : 1225
Solving...
Blb : 2 (clique : 18)
currentSize : 18 <-- 0.019991 s
currentSize : 19 <-- 0.020256 s
currentSize : 21 <-- 0.021301 s
currentSize : 22 <-- 0.023545 s
currentSize : 23 <-- 25.038397 s
currentSize : 24 <-- 675.748596 s
currentSize : 26 <-- 795.901245 s

maxsize : 26
nodes : 143539300.000000
filtered : 5546562520.000000
time : 845.559937


Display solution 

0 --> 10
1 --> 24
2 --> 15
3 --> 16
4 --> 19
6 --> 26
8 --> 34
9 --> 14
11 --> 1
12 --> 23
13 --> 12
14 --> 31
15 --> 33
17 --> 21
18 --> 27
19 --> 7
20 --> 13
21 --> 32
22 --> 3
25 --> 9
27 --> 6
28 --> 4
30 --> 17
31 --> 28
33 --> 22
34 --> 2
