Parameters: GAD=1 vflib=1 dir=0 label=0 lowerbound=1 fileNameGp=../../cp2016-max-common-connected-subgraph-paper/datasets/graphsdb/mcs70/m2D/m2D/mcs70_m2D_s40.A05 fileNameGt=../../cp2016-max-common-connected-subgraph-paper/datasets/graphsdb/mcs70/m2D/m2D/mcs70_m2D_s40.B05
Reading graphs...
40 :  67
40 :  66
Initializing...
maxdom : 40
D->valSize : 1600
Solving...
Blb : 2 (clique : 22)
currentSize : 22 <-- 0.036648 s
currentSize : 23 <-- 0.036869 s
currentSize : 24 <-- 0.036936 s
currentSize : 25 <-- 0.037378 s
currentSize : 26 <-- 0.105150 s
currentSize : 27 <-- 0.124078 s
currentSize : 28 <-- 0.790131 s
currentSize : 29 <-- 7.129891 s

TIMEOUT
maxsize : 29
nodes : 130933062.000000
filtered : 6486486320.000000
time : 1000.000000


Display solution 

0 --> 37
1 --> 8
3 --> 4
4 --> 23
7 --> 12
8 --> 39
9 --> 35
10 --> 10
11 --> 26
12 --> 7
14 --> 19
15 --> 21
16 --> 15
17 --> 17
19 --> 20
21 --> 14
22 --> 31
23 --> 18
24 --> 30
25 --> 5
26 --> 24
29 --> 36
30 --> 38
32 --> 13
33 --> 0
34 --> 3
37 --> 1
38 --> 32
39 --> 11
