Parameters: GAD=1 vflib=1 dir=0 label=0 lowerbound=1 fileNameGp=../../cp2016-max-common-connected-subgraph-paper/datasets/graphsdb/mcs70/rand/r02/mcs70_r02_s35.A07 fileNameGt=../../cp2016-max-common-connected-subgraph-paper/datasets/graphsdb/mcs70/rand/r02/mcs70_r02_s35.B07
Reading graphs...
35 :  215
35 :  214
Initializing...
maxdom : 35
D->valSize : 1225
Solving...
Blb : 5 (clique : 11)
currentSize : 11 <-- 0.030225 s
currentSize : 12 <-- 0.032499 s
currentSize : 13 <-- 0.033749 s
currentSize : 14 <-- 0.165500 s
currentSize : 15 <-- 10.640123 s
currentSize : 16 <-- 926.380859 s

TIMEOUT
maxsize : 16
nodes : 273456746.000000
filtered : 3281472580.000000
time : 1000.000000


Display solution 

0 --> 2
1 --> 14
2 --> 19
8 --> 15
10 --> 18
11 --> 3
13 --> 9
15 --> 13
16 --> 8
18 --> 30
20 --> 16
23 --> 5
24 --> 11
25 --> 32
31 --> 28
33 --> 21
