Parameters: GAD=1 vflib=1 dir=0 label=0 lowerbound=1 fileNameGp=../../cp2016-max-common-connected-subgraph-paper/datasets/graphsdb/mcs70/bvg/b06m/mcs70_b06m_s35.A07 fileNameGt=../../cp2016-max-common-connected-subgraph-paper/datasets/graphsdb/mcs70/bvg/b06m/mcs70_b06m_s35.B07
Reading graphs...
35 :  101
35 :  101
Initializing...
maxdom : 35
D->valSize : 1225
Solving...
Blb : 2 (clique : 16)
currentSize : 16 <-- 0.019515 s
currentSize : 17 <-- 0.019671 s
currentSize : 18 <-- 0.019904 s
currentSize : 19 <-- 0.020047 s
currentSize : 20 <-- 0.048413 s
currentSize : 21 <-- 214.053406 s
currentSize : 22 <-- 214.054413 s
currentSize : 23 <-- 344.608612 s
currentSize : 24 <-- 427.453339 s
currentSize : 25 <-- 512.265015 s

maxsize : 25
nodes : 91764714.000000
filtered : 3380096462.000000
time : 527.853577


Display solution 

1 --> 27
2 --> 2
3 --> 32
4 --> 7
5 --> 21
6 --> 11
7 --> 24
8 --> 0
10 --> 16
11 --> 31
12 --> 3
14 --> 1
17 --> 20
18 --> 28
19 --> 30
21 --> 13
23 --> 15
24 --> 19
25 --> 12
27 --> 9
28 --> 14
29 --> 22
30 --> 6
31 --> 33
33 --> 25
