Parameters: GAD=1 vflib=1 dir=0 label=0 lowerbound=1 fileNameGp=../../cp2016-max-common-connected-subgraph-paper/datasets/graphsdb/mcs70/rand/r01/mcs70_r01_s30.A05 fileNameGt=../../cp2016-max-common-connected-subgraph-paper/datasets/graphsdb/mcs70/rand/r01/mcs70_r01_s30.B05
Reading graphs...
30 :  80
30 :  82
Initializing...
maxdom : 30
D->valSize : 900
Solving...
Blb : 3 (clique : 14)
currentSize : 14 <-- 0.010468 s
currentSize : 15 <-- 0.010599 s
currentSize : 16 <-- 0.010649 s
currentSize : 17 <-- 0.014528 s
currentSize : 18 <-- 0.018357 s
currentSize : 19 <-- 9.541362 s
currentSize : 20 <-- 13.455307 s
currentSize : 21 <-- 13.456503 s

maxsize : 21
nodes : 4309569.000000
filtered : 175752892.000000
time : 24.171309


Display solution 

0 --> 14
1 --> 7
2 --> 23
3 --> 9
5 --> 5
8 --> 17
10 --> 21
13 --> 12
16 --> 16
17 --> 4
19 --> 10
20 --> 13
21 --> 0
22 --> 24
23 --> 28
24 --> 8
25 --> 2
26 --> 3
27 --> 15
28 --> 1
29 --> 18
