Parameters: GAD=1 vflib=1 dir=0 label=0 lowerbound=1 fileNameGp=../../cp2016-max-common-connected-subgraph-paper/datasets/graphsdb/mcs70/m2D/m2D/mcs70_m2D_s35.A07 fileNameGt=../../cp2016-max-common-connected-subgraph-paper/datasets/graphsdb/mcs70/m2D/m2D/mcs70_m2D_s35.B07
Reading graphs...
35 :  58
35 :  58
Initializing...
maxdom : 35
D->valSize : 1225
Solving...
Blb : 2 (clique : 21)
currentSize : 21 <-- 0.020956 s
currentSize : 22 <-- 0.022322 s
currentSize : 23 <-- 0.023956 s
currentSize : 24 <-- 0.038014 s
currentSize : 25 <-- 8.153573 s
currentSize : 26 <-- 32.681179 s
currentSize : 27 <-- 34.991753 s

maxsize : 27
nodes : 29706727.000000
filtered : 1278881308.000000
time : 204.292633


Display solution 

0 --> 20
2 --> 10
3 --> 34
5 --> 15
6 --> 19
7 --> 21
8 --> 28
9 --> 14
10 --> 25
11 --> 27
12 --> 3
13 --> 0
15 --> 8
16 --> 17
17 --> 5
18 --> 26
20 --> 32
22 --> 16
23 --> 24
24 --> 29
25 --> 1
26 --> 18
27 --> 13
28 --> 30
29 --> 4
30 --> 9
34 --> 2
