Parameters: GAD=1 vflib=1 dir=0 label=0 lowerbound=1 fileNameGp=../../cp2016-max-common-connected-subgraph-paper/datasets/graphsdb/mcs70/bvg/b06m/mcs70_b06m_s20.A03 fileNameGt=../../cp2016-max-common-connected-subgraph-paper/datasets/graphsdb/mcs70/bvg/b06m/mcs70_b06m_s20.B03
Reading graphs...
20 :  59
20 :  58
Initializing...
maxdom : 20
D->valSize : 400
Solving...
Blb : 2 (clique : 9)
currentSize : 9 <-- 0.002148 s
currentSize : 10 <-- 0.002295 s
currentSize : 11 <-- 0.002474 s
currentSize : 12 <-- 0.028119 s
currentSize : 13 <-- 0.218685 s
currentSize : 14 <-- 0.218708 s

maxsize : 14
nodes : 99754.000000
filtered : 1648627.000000
time : 0.321324


Display solution 

0 --> 11
2 --> 15
3 --> 10
4 --> 17
5 --> 18
6 --> 14
8 --> 7
9 --> 2
10 --> 16
12 --> 13
13 --> 19
14 --> 5
15 --> 12
17 --> 8
