Parameters: GAD=1 vflib=1 dir=0 label=0 lowerbound=1 fileNameGp=../../cp2016-max-common-connected-subgraph-paper/datasets/graphsdb/mcs70/bvg/b06m/mcs70_b06m_s35.A08 fileNameGt=../../cp2016-max-common-connected-subgraph-paper/datasets/graphsdb/mcs70/bvg/b06m/mcs70_b06m_s35.B08
Reading graphs...
35 :  100
35 :  99
Initializing...
maxdom : 35
D->valSize : 1225
Solving...
Blb : 2 (clique : 15)
currentSize : 15 <-- 0.019251 s
currentSize : 16 <-- 0.019392 s
currentSize : 17 <-- 0.019411 s
currentSize : 18 <-- 0.019936 s
currentSize : 19 <-- 0.022560 s
currentSize : 20 <-- 0.291075 s
currentSize : 21 <-- 15.296100 s
currentSize : 22 <-- 82.525177 s
currentSize : 23 <-- 116.905464 s
currentSize : 24 <-- 360.733978 s
currentSize : 25 <-- 360.734039 s

maxsize : 25
nodes : 62303318.000000
filtered : 2644076801.000000
time : 382.573334


Display solution 

1 --> 7
2 --> 14
3 --> 5
5 --> 21
6 --> 6
8 --> 30
9 --> 0
11 --> 2
12 --> 24
13 --> 10
14 --> 11
15 --> 29
17 --> 12
18 --> 26
20 --> 34
21 --> 23
22 --> 8
23 --> 16
24 --> 33
25 --> 1
26 --> 31
27 --> 9
28 --> 15
31 --> 20
33 --> 28
