Parameters: GAD=1 vflib=1 dir=0 label=0 lowerbound=1 fileNameGp=../../cp2016-max-common-connected-subgraph-paper/datasets/graphsdb/mcs70/m2D/m2Dr4/mcs70_m2Dr4_s50.A00 fileNameGt=../../cp2016-max-common-connected-subgraph-paper/datasets/graphsdb/mcs70/m2D/m2Dr4/mcs70_m2Dr4_s50.B00
Reading graphs...
50 :  105
50 :  103
Initializing...
maxdom : 50
D->valSize : 2500
Solving...
Blb : 2 (clique : 27)
currentSize : 27 <-- 0.094801 s
currentSize : 28 <-- 0.095171 s
currentSize : 29 <-- 0.095213 s
currentSize : 30 <-- 0.097949 s
currentSize : 31 <-- 0.203073 s
currentSize : 32 <-- 15.906841 s
currentSize : 33 <-- 72.562737 s
currentSize : 34 <-- 712.265137 s

TIMEOUT
maxsize : 34
nodes : 106455843.000000
filtered : 6431196327.000000
time : 1000.000061


Display solution 

0 --> 38
1 --> 5
2 --> 7
4 --> 13
5 --> 32
7 --> 29
8 --> 36
9 --> 15
10 --> 48
11 --> 25
12 --> 9
14 --> 11
15 --> 18
16 --> 45
17 --> 17
18 --> 42
20 --> 0
21 --> 27
22 --> 19
24 --> 1
25 --> 23
26 --> 28
27 --> 47
28 --> 41
29 --> 30
31 --> 40
32 --> 10
35 --> 12
36 --> 26
37 --> 6
40 --> 49
44 --> 31
45 --> 46
49 --> 37
