Parameters: GAD=1 vflib=1 dir=0 label=0 lowerbound=1 fileNameGp=../../cp2016-max-common-connected-subgraph-paper/datasets/graphsdb/mcs70/m3D/m3Dr2/mcs70_m3Dr2_s40.A02 fileNameGt=../../cp2016-max-common-connected-subgraph-paper/datasets/graphsdb/mcs70/m3D/m3Dr2/mcs70_m3Dr2_s40.B02
Reading graphs...
40 :  91
40 :  90
Initializing...
maxdom : 40
D->valSize : 1600
Solving...
Blb : 2 (clique : 22)
currentSize : 22 <-- 0.061530 s
currentSize : 23 <-- 0.061922 s
currentSize : 24 <-- 0.062154 s
currentSize : 25 <-- 0.062680 s
currentSize : 26 <-- 9.543755 s
currentSize : 27 <-- 37.281406 s

TIMEOUT
maxsize : 27
nodes : 155014465.000000
filtered : 6439219184.000000
time : 1000.000000


Display solution 

0 --> 8
1 --> 19
2 --> 2
3 --> 30
4 --> 4
5 --> 17
8 --> 34
10 --> 26
11 --> 33
12 --> 35
13 --> 38
15 --> 21
17 --> 36
18 --> 20
20 --> 6
21 --> 12
22 --> 22
24 --> 5
25 --> 15
28 --> 32
30 --> 16
33 --> 25
35 --> 23
36 --> 9
37 --> 18
38 --> 29
39 --> 7
