Parameters: GAD=1 vflib=1 dir=0 label=0 lowerbound=1 fileNameGp=../../cp2016-max-common-connected-subgraph-paper/datasets/graphsdb/mcs70/bvg/b09m/mcs70_b09m_s25.A04 fileNameGt=../../cp2016-max-common-connected-subgraph-paper/datasets/graphsdb/mcs70/bvg/b09m/mcs70_b09m_s25.B04
Reading graphs...
25 :  100
25 :  101
Initializing...
maxdom : 25
D->valSize : 625
Solving...
Blb : 2 (clique : 10)
currentSize : 10 <-- 0.008097 s
currentSize : 11 <-- 0.008236 s
currentSize : 12 <-- 0.017012 s
currentSize : 13 <-- 0.030802 s
currentSize : 14 <-- 0.576199 s
currentSize : 16 <-- 2.347199 s

maxsize : 16
nodes : 1076062.000000
filtered : 18838154.000000
time : 3.948320


Display solution 

0 --> 24
1 --> 1
2 --> 9
4 --> 23
5 --> 2
6 --> 4
7 --> 20
10 --> 6
11 --> 0
16 --> 19
17 --> 7
18 --> 18
20 --> 8
22 --> 12
23 --> 17
24 --> 21
