Parameters: GAD=1 vflib=1 dir=0 label=0 lowerbound=1 fileNameGp=../../cp2016-max-common-connected-subgraph-paper/datasets/graphsdb/mcs70/bvg/b09/mcs70_b09_s35.A01 fileNameGt=../../cp2016-max-common-connected-subgraph-paper/datasets/graphsdb/mcs70/bvg/b09/mcs70_b09_s35.B01
Reading graphs...
35 :  153
35 :  156
Initializing...
maxdom : 35
D->valSize : 1225
Solving...
Blb : 5 (clique : 14)
currentSize : 14 <-- 0.031914 s
currentSize : 15 <-- 0.032122 s
currentSize : 16 <-- 0.032581 s
currentSize : 17 <-- 0.034009 s
currentSize : 18 <-- 0.034639 s
currentSize : 20 <-- 0.034710 s
currentSize : 21 <-- 0.634098 s
currentSize : 22 <-- 1.242009 s
currentSize : 23 <-- 1.246174 s
currentSize : 24 <-- 1.246657 s

maxsize : 24
nodes : 4908238.000000
filtered : 199522684.000000
time : 30.386509


Display solution 

0 --> 9
1 --> 32
2 --> 24
3 --> 34
4 --> 11
7 --> 23
8 --> 19
9 --> 31
10 --> 29
11 --> 12
14 --> 22
15 --> 4
16 --> 0
17 --> 14
19 --> 33
20 --> 18
21 --> 8
22 --> 30
23 --> 1
24 --> 16
26 --> 20
28 --> 10
29 --> 6
31 --> 15
