Parameters: GAD=1 vflib=1 dir=0 label=0 lowerbound=1 fileNameGp=../../cp2016-max-common-connected-subgraph-paper/datasets/graphsdb/mcs70/bvg/b06m/mcs70_b06m_s20.A06 fileNameGt=../../cp2016-max-common-connected-subgraph-paper/datasets/graphsdb/mcs70/bvg/b06m/mcs70_b06m_s20.B06
Reading graphs...
20 :  57
20 :  58
Initializing...
maxdom : 20
D->valSize : 400
Solving...
Blb : 2 (clique : 10)
currentSize : 10 <-- 0.002311 s
currentSize : 11 <-- 0.003283 s
currentSize : 12 <-- 0.008010 s
currentSize : 13 <-- 0.160288 s
currentSize : 14 <-- 0.171586 s

maxsize : 14
nodes : 92184.000000
filtered : 1334063.000000
time : 0.281615


Display solution 

0 --> 11
1 --> 7
2 --> 14
3 --> 2
4 --> 19
5 --> 4
7 --> 17
8 --> 5
9 --> 13
11 --> 12
15 --> 6
17 --> 9
18 --> 0
19 --> 16
