Parameters: GAD=1 vflib=1 dir=0 label=0 lowerbound=1 fileNameGp=../../cp2016-max-common-connected-subgraph-paper/datasets/graphsdb/mcs70/rand/r01/mcs70_r01_s30.A03 fileNameGt=../../cp2016-max-common-connected-subgraph-paper/datasets/graphsdb/mcs70/rand/r01/mcs70_r01_s30.B03
Reading graphs...
30 :  83
30 :  83
Initializing...
maxdom : 30
D->valSize : 900
Solving...
Blb : 2 (clique : 14)
currentSize : 14 <-- 0.010528 s
currentSize : 15 <-- 0.010652 s
currentSize : 16 <-- 0.014500 s
currentSize : 17 <-- 0.101824 s
currentSize : 18 <-- 0.482830 s
currentSize : 21 <-- 21.567623 s

maxsize : 21
nodes : 6944997.000000
filtered : 189304074.000000
time : 32.220997


Display solution 

0 --> 22
1 --> 14
2 --> 12
3 --> 10
4 --> 29
5 --> 6
6 --> 15
8 --> 5
9 --> 13
10 --> 18
11 --> 1
12 --> 4
15 --> 19
16 --> 0
17 --> 17
20 --> 7
23 --> 23
25 --> 2
26 --> 11
28 --> 21
29 --> 8
