Parameters: GAD=1 vflib=1 dir=0 label=0 lowerbound=1 fileNameGp=../../cp2016-max-common-connected-subgraph-paper/datasets/graphsdb/mcs70/bvg/b06m/mcs70_b06m_s50.A02 fileNameGt=../../cp2016-max-common-connected-subgraph-paper/datasets/graphsdb/mcs70/bvg/b06m/mcs70_b06m_s50.B02
Reading graphs...
50 :  148
50 :  148
Initializing...
maxdom : 50
D->valSize : 2500
Solving...
Blb : 2 (clique : 22)
currentSize : 22 <-- 0.113566 s
currentSize : 23 <-- 0.113882 s
currentSize : 24 <-- 0.114062 s
currentSize : 25 <-- 0.119892 s
currentSize : 26 <-- 0.328097 s
currentSize : 27 <-- 0.328160 s
currentSize : 28 <-- 5.304337 s
currentSize : 29 <-- 32.547039 s

TIMEOUT
maxsize : 29
nodes : 128983212.000000
filtered : 6905850265.000000
time : 1000.000061


Display solution 

0 --> 20
2 --> 8
5 --> 34
6 --> 5
7 --> 33
8 --> 12
9 --> 6
12 --> 17
15 --> 45
16 --> 13
17 --> 27
18 --> 25
20 --> 30
21 --> 31
24 --> 35
26 --> 16
27 --> 11
29 --> 14
30 --> 4
31 --> 21
32 --> 26
33 --> 22
34 --> 10
35 --> 3
41 --> 32
42 --> 19
44 --> 15
48 --> 38
49 --> 0
