Parameters: GAD=1 vflib=1 dir=0 label=0 lowerbound=1 fileNameGp=../../cp2016-max-common-connected-subgraph-paper/datasets/graphsdb/mcs70/m2D/m2Dr6/mcs70_m2Dr6_s40.A07 fileNameGt=../../cp2016-max-common-connected-subgraph-paper/datasets/graphsdb/mcs70/m2D/m2Dr6/mcs70_m2Dr6_s40.B07
Reading graphs...
40 :  90
40 :  86
Initializing...
maxdom : 40
D->valSize : 1600
Solving...
Blb : 2 (clique : 20)
currentSize : 20 <-- 0.034846 s
currentSize : 21 <-- 0.035057 s
currentSize : 22 <-- 0.035537 s
currentSize : 23 <-- 0.108687 s
currentSize : 24 <-- 0.556136 s
currentSize : 25 <-- 41.818447 s
currentSize : 26 <-- 78.427719 s

TIMEOUT
maxsize : 26
nodes : 156153807.000000
filtered : 6654666245.000000
time : 1000.000000


Display solution 

0 --> 3
1 --> 23
2 --> 30
5 --> 39
6 --> 20
8 --> 21
9 --> 17
11 --> 7
12 --> 15
14 --> 24
16 --> 18
17 --> 37
19 --> 11
20 --> 33
21 --> 31
22 --> 19
24 --> 2
25 --> 14
26 --> 32
32 --> 34
33 --> 29
35 --> 25
36 --> 0
37 --> 6
38 --> 9
39 --> 16
