Parameters: GAD=1 vflib=1 dir=0 label=0 lowerbound=1 fileNameGp=../../cp2016-max-common-connected-subgraph-paper/datasets/graphsdb/mcs70/m2D/m2Dr4/mcs70_m2Dr4_s50.A04 fileNameGt=../../cp2016-max-common-connected-subgraph-paper/datasets/graphsdb/mcs70/m2D/m2Dr4/mcs70_m2Dr4_s50.B04
Reading graphs...
50 :  105
50 :  104
Initializing...
maxdom : 50
D->valSize : 2500
Solving...
Blb : 2 (clique : 25)
currentSize : 25 <-- 0.111863 s
currentSize : 27 <-- 0.112212 s
currentSize : 28 <-- 0.112307 s
currentSize : 29 <-- 0.112399 s
currentSize : 30 <-- 0.117401 s
currentSize : 31 <-- 0.209841 s
currentSize : 32 <-- 1.538891 s

TIMEOUT
maxsize : 32
nodes : 138912562.000000
filtered : 6019534111.000000
time : 1000.000000


Display solution 

0 --> 31
1 --> 48
2 --> 29
4 --> 33
5 --> 14
6 --> 43
9 --> 30
10 --> 12
11 --> 40
12 --> 26
13 --> 35
14 --> 46
15 --> 34
16 --> 44
20 --> 20
22 --> 3
23 --> 32
24 --> 15
29 --> 1
30 --> 47
31 --> 11
33 --> 21
35 --> 19
36 --> 13
37 --> 9
39 --> 38
40 --> 16
41 --> 17
42 --> 22
43 --> 42
47 --> 8
49 --> 39
