Parameters: GAD=1 vflib=1 dir=0 label=0 lowerbound=1 fileNameGp=../../cp2016-max-common-connected-subgraph-paper/datasets/graphsdb/mcs70/bvg/b06m/mcs70_b06m_s50.A03 fileNameGt=../../cp2016-max-common-connected-subgraph-paper/datasets/graphsdb/mcs70/bvg/b06m/mcs70_b06m_s50.B03
Reading graphs...
50 :  149
50 :  148
Initializing...
maxdom : 50
D->valSize : 2500
Solving...
Blb : 2 (clique : 21)
currentSize : 21 <-- 0.090714 s
currentSize : 22 <-- 0.091030 s
currentSize : 23 <-- 0.091077 s
currentSize : 24 <-- 0.091818 s
currentSize : 25 <-- 0.092469 s
currentSize : 26 <-- 0.095481 s
currentSize : 27 <-- 0.109952 s
currentSize : 28 <-- 7.102139 s

TIMEOUT
maxsize : 28
nodes : 153364916.000000
filtered : 6266833584.000000
time : 1000.000061


Display solution 

0 --> 46
1 --> 1
2 --> 39
4 --> 2
6 --> 12
7 --> 41
8 --> 37
9 --> 36
11 --> 45
14 --> 48
15 --> 18
16 --> 7
19 --> 6
21 --> 11
24 --> 17
26 --> 31
28 --> 5
30 --> 21
33 --> 3
34 --> 28
35 --> 43
36 --> 20
37 --> 25
38 --> 34
42 --> 32
46 --> 8
48 --> 30
49 --> 35
