Parameters: GAD=1 vflib=1 dir=0 label=0 lowerbound=1 fileNameGp=../../cp2016-max-common-connected-subgraph-paper/datasets/graphsdb/mcs70/m3D/m3Dr2/mcs70_m3Dr2_s35.A03 fileNameGt=../../cp2016-max-common-connected-subgraph-paper/datasets/graphsdb/mcs70/m3D/m3Dr2/mcs70_m3Dr2_s35.B03
Reading graphs...
35 :  79
35 :  77
Initializing...
maxdom : 35
D->valSize : 1225
Solving...
Blb : 2 (clique : 17)
currentSize : 17 <-- 0.022475 s
currentSize : 18 <-- 0.022630 s
currentSize : 19 <-- 0.024257 s
currentSize : 20 <-- 0.040288 s
currentSize : 21 <-- 0.168162 s
currentSize : 22 <-- 1.836376 s
currentSize : 23 <-- 10.287697 s
currentSize : 24 <-- 10.334216 s
currentSize : 25 <-- 10.351970 s
currentSize : 28 <-- 59.615601 s

maxsize : 28
nodes : 11237843.000000
filtered : 391738360.000000
time : 64.364746


Display solution 

0 --> 12
1 --> 32
2 --> 27
3 --> 33
4 --> 8
5 --> 4
7 --> 20
9 --> 2
11 --> 23
12 --> 9
13 --> 31
14 --> 13
15 --> 17
16 --> 24
17 --> 11
18 --> 3
19 --> 16
21 --> 25
22 --> 28
23 --> 29
24 --> 30
25 --> 15
27 --> 10
28 --> 19
30 --> 5
31 --> 22
32 --> 0
34 --> 1
