Parameters: GAD=1 vflib=1 dir=0 label=0 lowerbound=1 fileNameGp=../../cp2016-max-common-connected-subgraph-paper/datasets/graphsdb/mcs70/m2D/m2Dr2/mcs70_m2Dr2_s50.A02 fileNameGt=../../cp2016-max-common-connected-subgraph-paper/datasets/graphsdb/mcs70/m2D/m2Dr2/mcs70_m2Dr2_s50.B02
Reading graphs...
50 :  94
50 :  94
Initializing...
maxdom : 50
D->valSize : 2500
Solving...
Blb : 2 (clique : 26)
currentSize : 26 <-- 0.095339 s
currentSize : 28 <-- 0.095699 s
currentSize : 29 <-- 0.095849 s
currentSize : 30 <-- 0.125980 s
currentSize : 31 <-- 0.126118 s
currentSize : 32 <-- 0.469831 s
currentSize : 33 <-- 13.860496 s
currentSize : 34 <-- 198.164215 s

TIMEOUT
maxsize : 34
nodes : 122856259.000000
filtered : 5722391132.000000
time : 1000.000000


Display solution 

0 --> 37
1 --> 0
2 --> 18
4 --> 43
5 --> 22
6 --> 15
7 --> 27
8 --> 34
11 --> 42
13 --> 19
14 --> 9
15 --> 7
17 --> 30
18 --> 16
20 --> 31
21 --> 25
22 --> 1
23 --> 21
24 --> 28
25 --> 10
26 --> 47
27 --> 49
28 --> 20
29 --> 14
31 --> 8
32 --> 24
35 --> 41
36 --> 32
38 --> 46
40 --> 33
43 --> 36
46 --> 17
48 --> 3
49 --> 39
