Parameters: GAD=1 vflib=1 dir=0 label=0 lowerbound=1 fileNameGp=../../cp2016-max-common-connected-subgraph-paper/datasets/graphsdb/mcs70/m3D/m3Dr4/mcs70_m3Dr4_s40.A02 fileNameGt=../../cp2016-max-common-connected-subgraph-paper/datasets/graphsdb/mcs70/m3D/m3Dr4/mcs70_m3Dr4_s40.B02
Reading graphs...
40 :  99
40 :  98
Initializing...
maxdom : 40
D->valSize : 1600
Solving...
Blb : 2 (clique : 21)
currentSize : 21 <-- 0.061199 s
currentSize : 22 <-- 0.119767 s
currentSize : 23 <-- 0.123732 s
currentSize : 24 <-- 6.409890 s
currentSize : 25 <-- 955.293579 s

TIMEOUT
maxsize : 25
nodes : 163997725.000000
filtered : 6699258938.000000
time : 1000.000000


Display solution 

0 --> 9
1 --> 31
2 --> 14
3 --> 36
5 --> 18
9 --> 24
11 --> 0
13 --> 12
14 --> 37
15 --> 1
17 --> 7
18 --> 30
19 --> 8
23 --> 16
24 --> 22
26 --> 5
30 --> 3
31 --> 17
32 --> 11
33 --> 34
34 --> 27
35 --> 20
36 --> 15
37 --> 23
38 --> 21
