Parameters: GAD=1 vflib=1 dir=0 label=0 lowerbound=1 fileNameGp=../../cp2016-max-common-connected-subgraph-paper/datasets/graphsdb/mcs70/rand/r02/mcs70_r02_s40.A02 fileNameGt=../../cp2016-max-common-connected-subgraph-paper/datasets/graphsdb/mcs70/rand/r02/mcs70_r02_s40.B02
Reading graphs...
40 :  286
40 :  277
Initializing...
maxdom : 40
D->valSize : 1600
Solving...
Blb : 2 (clique : 11)
currentSize : 11 <-- 0.051095 s
currentSize : 13 <-- 0.051319 s
currentSize : 14 <-- 0.054704 s
currentSize : 15 <-- 0.666250 s
currentSize : 16 <-- 14.509007 s
currentSize : 17 <-- 110.893333 s
currentSize : 18 <-- 624.681519 s
currentSize : 19 <-- 847.935486 s

TIMEOUT
maxsize : 19
nodes : 239911018.000000
filtered : 3629881557.000000
time : 1000.000000


Display solution 

0 --> 38
1 --> 30
3 --> 29
6 --> 35
9 --> 8
11 --> 2
12 --> 3
13 --> 13
14 --> 1
16 --> 17
17 --> 36
19 --> 37
20 --> 20
22 --> 6
26 --> 31
27 --> 33
28 --> 18
33 --> 34
34 --> 7
