Parameters: GAD=1 vflib=1 dir=0 label=0 lowerbound=1 fileNameGp=../../cp2016-max-common-connected-subgraph-paper/datasets/graphsdb/mcs70/m2D/m2Dr2/mcs70_m2Dr2_s35.A04 fileNameGt=../../cp2016-max-common-connected-subgraph-paper/datasets/graphsdb/mcs70/m2D/m2Dr2/mcs70_m2Dr2_s35.B04
Reading graphs...
35 :  65
35 :  65
Initializing...
maxdom : 35
D->valSize : 1225
Solving...
Blb : 2 (clique : 21)
currentSize : 21 <-- 0.036038 s
currentSize : 22 <-- 0.057616 s
currentSize : 23 <-- 0.672179 s
currentSize : 24 <-- 1.299983 s
currentSize : 25 <-- 1.721450 s

TIMEOUT
maxsize : 25
nodes : 153221635.000000
filtered : 6515106364.000000
time : 1000.000000


Display solution 

0 --> 24
1 --> 13
4 --> 12
5 --> 6
6 --> 2
7 --> 15
8 --> 30
11 --> 18
14 --> 9
16 --> 22
17 --> 32
18 --> 11
19 --> 31
20 --> 5
21 --> 0
23 --> 10
24 --> 3
25 --> 28
26 --> 23
28 --> 19
29 --> 33
30 --> 21
31 --> 4
32 --> 26
33 --> 20
