Parameters: GAD=1 vflib=1 dir=0 label=0 lowerbound=1 fileNameGp=../../cp2016-max-common-connected-subgraph-paper/datasets/graphsdb/mcs70/m2D/m2Dr6/mcs70_m2Dr6_s25.A00 fileNameGt=../../cp2016-max-common-connected-subgraph-paper/datasets/graphsdb/mcs70/m2D/m2Dr6/mcs70_m2Dr6_s25.B00
Reading graphs...
25 :  52
25 :  52
Initializing...
maxdom : 25
D->valSize : 625
Solving...
Blb : 2 (clique : 13)
currentSize : 13 <-- 0.009286 s
currentSize : 14 <-- 0.010173 s
currentSize : 15 <-- 0.025299 s
currentSize : 16 <-- 0.093965 s
currentSize : 17 <-- 0.695445 s

maxsize : 17
nodes : 2077194.000000
filtered : 44564665.000000
time : 8.284979


Display solution 

0 --> 15
2 --> 20
3 --> 2
5 --> 5
8 --> 18
9 --> 12
10 --> 11
11 --> 22
12 --> 9
13 --> 16
14 --> 21
15 --> 14
16 --> 8
18 --> 3
20 --> 7
22 --> 1
23 --> 6
