Parameters: GAD=1 vflib=1 dir=0 label=0 lowerbound=1 fileNameGp=../../cp2016-max-common-connected-subgraph-paper/datasets/graphsdb/mcs70/m3D/m3Dr4/mcs70_m3Dr4_s40.A04 fileNameGt=../../cp2016-max-common-connected-subgraph-paper/datasets/graphsdb/mcs70/m3D/m3Dr4/mcs70_m3Dr4_s40.B04
Reading graphs...
40 :  97
40 :  96
Initializing...
maxdom : 40
D->valSize : 1600
Solving...
Blb : 2 (clique : 18)
currentSize : 18 <-- 0.034396 s
currentSize : 21 <-- 0.034584 s
currentSize : 22 <-- 0.037129 s
currentSize : 23 <-- 0.041209 s
currentSize : 24 <-- 0.225690 s
currentSize : 25 <-- 20.026424 s
currentSize : 26 <-- 93.498245 s
currentSize : 28 <-- 93.498314 s

TIMEOUT
maxsize : 28
nodes : 143695329.000000
filtered : 6371569371.000000
time : 1000.000000


Display solution 

0 --> 14
1 --> 10
2 --> 12
5 --> 36
7 --> 32
8 --> 28
10 --> 39
11 --> 13
12 --> 16
13 --> 21
15 --> 18
16 --> 34
17 --> 33
18 --> 3
19 --> 27
21 --> 15
23 --> 19
24 --> 9
25 --> 24
26 --> 2
27 --> 26
28 --> 35
29 --> 6
30 --> 1
31 --> 17
32 --> 5
33 --> 7
37 --> 31
