Parameters: GAD=1 vflib=1 dir=0 label=0 lowerbound=1 fileNameGp=../../cp2016-max-common-connected-subgraph-paper/datasets/graphsdb/mcs70/bvg/b06m/mcs70_b06m_s35.A05 fileNameGt=../../cp2016-max-common-connected-subgraph-paper/datasets/graphsdb/mcs70/bvg/b06m/mcs70_b06m_s35.B05
Reading graphs...
35 :  104
35 :  102
Initializing...
maxdom : 35
D->valSize : 1225
Solving...
Blb : 5 (clique : 16)
currentSize : 16 <-- 0.019457 s
currentSize : 17 <-- 0.019818 s
currentSize : 18 <-- 0.034042 s
currentSize : 19 <-- 3.160477 s
currentSize : 20 <-- 12.339925 s
currentSize : 21 <-- 288.573639 s
currentSize : 22 <-- 968.194824 s
currentSize : 25 <-- 968.280884 s

maxsize : 25
nodes : 187503719.000000
filtered : 5956697886.000000
time : 990.877686


Display solution 

0 --> 30
1 --> 16
2 --> 7
3 --> 26
5 --> 18
6 --> 31
7 --> 29
8 --> 17
9 --> 10
10 --> 12
13 --> 1
14 --> 32
16 --> 19
17 --> 8
18 --> 14
20 --> 5
21 --> 25
22 --> 28
23 --> 22
25 --> 27
27 --> 20
28 --> 9
29 --> 3
31 --> 2
34 --> 6
