Parameters: GAD=1 vflib=1 dir=0 label=0 lowerbound=1 fileNameGp=../../cp2016-max-common-connected-subgraph-paper/datasets/graphsdb/mcs70/bvg/b06/mcs70_b06_s40.A03 fileNameGt=../../cp2016-max-common-connected-subgraph-paper/datasets/graphsdb/mcs70/bvg/b06/mcs70_b06_s40.B03
Reading graphs...
40 :  119
40 :  119
Initializing...
maxdom : 40
D->valSize : 1600
Solving...
Blb : 2 (clique : 22)
currentSize : 22 <-- 0.033488 s
currentSize : 23 <-- 0.271581 s
currentSize : 24 <-- 0.374560 s
currentSize : 25 <-- 0.383738 s
currentSize : 26 <-- 0.388343 s
currentSize : 28 <-- 2.232354 s
currentSize : 29 <-- 5.769954 s
currentSize : 30 <-- 5.771784 s

maxsize : 30
nodes : 18235620.000000
filtered : 1289359987.000000
time : 174.415771


Display solution 

0 --> 11
3 --> 36
4 --> 19
6 --> 18
7 --> 14
8 --> 39
9 --> 29
10 --> 13
11 --> 5
13 --> 37
14 --> 35
15 --> 3
16 --> 28
17 --> 34
19 --> 26
20 --> 6
21 --> 0
22 --> 25
23 --> 17
26 --> 21
27 --> 8
29 --> 24
30 --> 32
31 --> 38
32 --> 2
34 --> 7
36 --> 23
37 --> 15
38 --> 22
39 --> 33
