Parameters: GAD=1 vflib=1 dir=0 label=0 lowerbound=1 fileNameGp=../../cp2016-max-common-connected-subgraph-paper/datasets/graphsdb/mcs70/m3D/m3Dr6/mcs70_m3Dr6_s35.A09 fileNameGt=../../cp2016-max-common-connected-subgraph-paper/datasets/graphsdb/mcs70/m3D/m3Dr6/mcs70_m3Dr6_s35.B09
Reading graphs...
35 :  92
35 :  91
Initializing...
maxdom : 35
D->valSize : 1225
Solving...
Blb : 2 (clique : 18)
currentSize : 18 <-- 0.019372 s
currentSize : 19 <-- 0.025159 s
currentSize : 20 <-- 0.027311 s
currentSize : 21 <-- 0.072790 s
currentSize : 23 <-- 0.095275 s
currentSize : 25 <-- 0.164448 s
currentSize : 26 <-- 0.164474 s
currentSize : 27 <-- 0.164503 s

maxsize : 27
nodes : 867166.000000
filtered : 49683146.000000
time : 6.599663


Display solution 

0 --> 11
1 --> 32
2 --> 30
3 --> 29
4 --> 12
5 --> 10
6 --> 28
8 --> 5
9 --> 2
11 --> 25
12 --> 22
13 --> 21
15 --> 13
16 --> 20
17 --> 7
18 --> 16
19 --> 1
20 --> 14
21 --> 24
23 --> 9
26 --> 0
27 --> 33
29 --> 18
30 --> 3
32 --> 19
33 --> 31
34 --> 23
