Parameters: GAD=1 vflib=1 dir=0 label=0 lowerbound=1 fileNameGp=../../cp2016-max-common-connected-subgraph-paper/datasets/graphsdb/mcs70/bvg/b03m/mcs70_b03m_s35.A05 fileNameGt=../../cp2016-max-common-connected-subgraph-paper/datasets/graphsdb/mcs70/bvg/b03m/mcs70_b03m_s35.B05
Reading graphs...
35 :  52
35 :  52
Initializing...
maxdom : 35
D->valSize : 1225
Solving...
Blb : 2 (clique : 21)
currentSize : 21 <-- 0.021056 s
currentSize : 22 <-- 0.143731 s
currentSize : 23 <-- 0.145986 s
currentSize : 24 <-- 0.208890 s
currentSize : 25 <-- 0.214833 s
currentSize : 26 <-- 8.669402 s
currentSize : 27 <-- 11.177157 s
currentSize : 28 <-- 410.839905 s

maxsize : 28
nodes : 67173047.000000
filtered : 3496002744.000000
time : 538.075256


Display solution 

0 --> 23
1 --> 0
2 --> 18
3 --> 9
4 --> 14
5 --> 29
6 --> 22
8 --> 28
9 --> 6
10 --> 12
11 --> 3
12 --> 8
13 --> 1
14 --> 7
15 --> 24
17 --> 17
18 --> 4
20 --> 21
21 --> 27
22 --> 19
23 --> 2
24 --> 11
26 --> 30
29 --> 31
30 --> 5
32 --> 33
33 --> 13
34 --> 26
