Parameters: GAD=1 vflib=1 dir=0 label=0 lowerbound=1 fileNameGp=../../cp2016-max-common-connected-subgraph-paper/datasets/graphsdb/mcs70/bvg/b09m/mcs70_b09m_s40.A07 fileNameGt=../../cp2016-max-common-connected-subgraph-paper/datasets/graphsdb/mcs70/bvg/b09m/mcs70_b09m_s40.B07
Reading graphs...
40 :  171
40 :  174
Initializing...
maxdom : 40
D->valSize : 1600
Solving...
Blb : 2 (clique : 14)
currentSize : 14 <-- 0.032042 s
currentSize : 15 <-- 0.032236 s
currentSize : 16 <-- 0.032244 s
currentSize : 17 <-- 0.032448 s
currentSize : 18 <-- 0.085813 s
currentSize : 19 <-- 24.662785 s
currentSize : 20 <-- 680.934814 s

TIMEOUT
maxsize : 20
nodes : 211675789.000000
filtered : 5022734218.000000
time : 1000.000000


Display solution 

0 --> 31
1 --> 38
3 --> 17
5 --> 33
6 --> 37
8 --> 22
10 --> 36
13 --> 4
16 --> 30
18 --> 8
19 --> 24
20 --> 19
24 --> 25
26 --> 21
27 --> 10
28 --> 23
29 --> 9
33 --> 18
37 --> 28
39 --> 1
