Parameters: GAD=1 vflib=1 dir=0 label=0 lowerbound=1 fileNameGp=../../cp2016-max-common-connected-subgraph-paper/datasets/graphsdb/mcs70/bvg/b03m/mcs70_b03m_s50.A09 fileNameGt=../../cp2016-max-common-connected-subgraph-paper/datasets/graphsdb/mcs70/bvg/b03m/mcs70_b03m_s50.B09
Reading graphs...
50 :  75
50 :  75
Initializing...
maxdom : 50
D->valSize : 2500
Solving...
Blb : 5 (clique : 30)
currentSize : 30 <-- 0.097137 s
currentSize : 31 <-- 0.097529 s
currentSize : 32 <-- 0.097698 s
currentSize : 33 <-- 0.254351 s
currentSize : 34 <-- 10.770100 s
currentSize : 35 <-- 45.010208 s
currentSize : 36 <-- 49.464100 s

TIMEOUT
maxsize : 36
nodes : 120851247.000000
filtered : 6159699686.000000
time : 1000.000061


Display solution 

0 --> 5
1 --> 39
2 --> 15
4 --> 49
5 --> 1
6 --> 12
7 --> 23
8 --> 9
10 --> 22
11 --> 25
14 --> 45
15 --> 0
16 --> 6
17 --> 10
18 --> 17
20 --> 8
21 --> 46
22 --> 34
23 --> 33
24 --> 24
25 --> 32
26 --> 27
28 --> 4
30 --> 43
31 --> 31
32 --> 47
33 --> 18
34 --> 19
35 --> 36
36 --> 13
38 --> 20
39 --> 40
45 --> 28
46 --> 30
47 --> 14
49 --> 38
