Parameters: GAD=1 vflib=1 dir=0 label=0 lowerbound=1 fileNameGp=../../cp2016-max-common-connected-subgraph-paper/datasets/graphsdb/mcs70/rand/r01/mcs70_r01_s15.A06 fileNameGt=../../cp2016-max-common-connected-subgraph-paper/datasets/graphsdb/mcs70/rand/r01/mcs70_r01_s15.B06
Reading graphs...
15 :  21
15 :  21
Initializing...
maxdom : 15
D->valSize : 225
Solving...
Blb : 2 (clique : 9)
currentSize : 9 <-- 0.001557 s
currentSize : 10 <-- 0.001605 s
currentSize : 11 <-- 0.002952 s
currentSize : 12 <-- 0.022784 s

maxsize : 12
nodes : 5404.000000
filtered : 87856.000000
time : 0.023565


Display solution 

1 --> 9
2 --> 14
3 --> 7
4 --> 13
5 --> 5
6 --> 1
7 --> 3
8 --> 4
9 --> 0
10 --> 11
11 --> 12
14 --> 8
