Parameters: GAD=1 vflib=1 dir=0 label=0 lowerbound=1 fileNameGp=../../cp2016-max-common-connected-subgraph-paper/datasets/graphsdb/mcs70/m3D/m3D/mcs70_m3D_s40.A08 fileNameGt=../../cp2016-max-common-connected-subgraph-paper/datasets/graphsdb/mcs70/m3D/m3D/mcs70_m3D_s40.B08
Reading graphs...
40 :  84
40 :  83
Initializing...
maxdom : 40
D->valSize : 1600
Solving...
Blb : 2 (clique : 21)
currentSize : 21 <-- 0.058397 s
currentSize : 22 <-- 0.058677 s
currentSize : 23 <-- 0.073018 s
currentSize : 24 <-- 0.186143 s
currentSize : 25 <-- 0.282020 s
currentSize : 26 <-- 0.637138 s
currentSize : 27 <-- 22.120136 s
currentSize : 28 <-- 35.966530 s
currentSize : 29 <-- 671.404541 s
currentSize : 30 <-- 750.184204 s

TIMEOUT
maxsize : 30
nodes : 144533290.000000
filtered : 6320509621.000000
time : 1000.000061


Display solution 

0 --> 26
1 --> 15
2 --> 4
3 --> 0
4 --> 20
6 --> 33
7 --> 1
8 --> 6
9 --> 25
11 --> 9
15 --> 2
16 --> 12
17 --> 19
19 --> 24
20 --> 5
22 --> 32
23 --> 36
24 --> 38
25 --> 22
26 --> 31
27 --> 3
28 --> 34
29 --> 18
30 --> 23
31 --> 28
32 --> 17
34 --> 21
35 --> 11
36 --> 10
39 --> 14
