Parameters: GAD=1 vflib=1 dir=0 label=0 lowerbound=1 fileNameGp=../../cp2016-max-common-connected-subgraph-paper/datasets/graphsdb/mcs70/m2D/m2D/mcs70_m2D_s15.A03 fileNameGt=../../cp2016-max-common-connected-subgraph-paper/datasets/graphsdb/mcs70/m2D/m2D/mcs70_m2D_s15.B03
Reading graphs...
15 :  22
15 :  22
Initializing...
maxdom : 15
D->valSize : 225
Solving...
Blb : 2 (clique : 9)
currentSize : 9 <-- 0.001561 s
currentSize : 10 <-- 0.001880 s
currentSize : 11 <-- 0.006863 s
currentSize : 12 <-- 0.012273 s

maxsize : 12
nodes : 3880.000000
filtered : 44912.000000
time : 0.015978


Display solution 

0 --> 8
1 --> 9
3 --> 3
4 --> 13
5 --> 12
6 --> 1
7 --> 14
8 --> 6
9 --> 4
10 --> 0
11 --> 11
12 --> 5
