Parameters: GAD=1 vflib=1 dir=0 label=0 lowerbound=1 fileNameGp=../../cp2016-max-common-connected-subgraph-paper/datasets/graphsdb/mcs70/m3D/m3Dr4/mcs70_m3Dr4_s35.A08 fileNameGt=../../cp2016-max-common-connected-subgraph-paper/datasets/graphsdb/mcs70/m3D/m3Dr4/mcs70_m3Dr4_s35.B08
Reading graphs...
35 :  86
35 :  86
Initializing...
maxdom : 35
D->valSize : 1225
Solving...
Blb : 2 (clique : 16)
currentSize : 16 <-- 0.019671 s
currentSize : 19 <-- 0.019819 s
currentSize : 20 <-- 0.019839 s
currentSize : 21 <-- 0.019896 s
currentSize : 22 <-- 0.243116 s
currentSize : 23 <-- 230.266785 s
currentSize : 24 <-- 230.269318 s
currentSize : 25 <-- 230.269897 s
currentSize : 28 <-- 230.269943 s

maxsize : 28
nodes : 42158354.000000
filtered : 1550619235.000000
time : 234.668488


Display solution 

0 --> 7
1 --> 21
2 --> 6
5 --> 10
7 --> 19
8 --> 27
9 --> 13
12 --> 3
13 --> 12
14 --> 31
15 --> 30
16 --> 0
17 --> 20
18 --> 16
19 --> 32
21 --> 23
22 --> 14
23 --> 34
25 --> 11
26 --> 28
27 --> 2
28 --> 1
29 --> 26
30 --> 17
31 --> 29
32 --> 33
33 --> 5
34 --> 8
