Parameters: GAD=1 vflib=1 dir=0 label=0 lowerbound=1 fileNameGp=../../cp2016-max-common-connected-subgraph-paper/datasets/graphsdb/mcs70/m3D/m3Dr2/mcs70_m3Dr2_s35.A08 fileNameGt=../../cp2016-max-common-connected-subgraph-paper/datasets/graphsdb/mcs70/m3D/m3Dr2/mcs70_m3Dr2_s35.B08
Reading graphs...
35 :  78
35 :  79
Initializing...
maxdom : 35
D->valSize : 1225
Solving...
Blb : 2 (clique : 16)
currentSize : 16 <-- 0.019983 s
currentSize : 18 <-- 0.020143 s
currentSize : 19 <-- 0.024198 s
currentSize : 20 <-- 0.024811 s
currentSize : 21 <-- 0.073028 s
currentSize : 22 <-- 0.179071 s
currentSize : 23 <-- 196.631287 s
currentSize : 24 <-- 204.142853 s
currentSize : 25 <-- 251.829483 s
currentSize : 26 <-- 290.031708 s
currentSize : 27 <-- 290.031799 s

maxsize : 27
nodes : 56031096.000000
filtered : 1934285318.000000
time : 317.095154


Display solution 

0 --> 18
1 --> 16
2 --> 11
4 --> 1
5 --> 5
6 --> 12
7 --> 9
10 --> 7
11 --> 31
12 --> 19
13 --> 20
14 --> 6
16 --> 2
17 --> 33
18 --> 14
20 --> 23
22 --> 30
23 --> 10
24 --> 26
26 --> 25
27 --> 15
28 --> 0
29 --> 28
30 --> 4
32 --> 8
33 --> 3
34 --> 32
