Parameters: GAD=1 vflib=1 dir=0 label=0 lowerbound=1 fileNameGp=../../cp2016-max-common-connected-subgraph-paper/datasets/graphsdb/mcs70/m2D/m2Dr4/mcs70_m2Dr4_s35.A07 fileNameGt=../../cp2016-max-common-connected-subgraph-paper/datasets/graphsdb/mcs70/m2D/m2Dr4/mcs70_m2Dr4_s35.B07
Reading graphs...
35 :  72
35 :  72
Initializing...
maxdom : 35
D->valSize : 1225
Solving...
Blb : 5 (clique : 18)
currentSize : 18 <-- 0.020257 s
currentSize : 19 <-- 0.020436 s
currentSize : 20 <-- 0.020555 s
currentSize : 21 <-- 0.020630 s
currentSize : 22 <-- 0.044341 s
currentSize : 23 <-- 0.502774 s
currentSize : 24 <-- 270.412231 s

TIMEOUT
maxsize : 24
nodes : 164877686.000000
filtered : 6069918229.000000
time : 1000.000000


Display solution 

0 --> 24
2 --> 29
5 --> 1
7 --> 25
8 --> 20
9 --> 13
10 --> 14
11 --> 17
12 --> 8
14 --> 6
15 --> 23
17 --> 26
19 --> 7
21 --> 27
22 --> 12
23 --> 15
24 --> 31
25 --> 10
26 --> 4
27 --> 5
28 --> 34
29 --> 3
32 --> 28
33 --> 2
