Parameters: GAD=1 vflib=1 dir=0 label=0 lowerbound=1 fileNameGp=../../cp2016-max-common-connected-subgraph-paper/datasets/graphsdb/mcs70/rand/r005/mcs70_r005_s50.A00 fileNameGt=../../cp2016-max-common-connected-subgraph-paper/datasets/graphsdb/mcs70/rand/r005/mcs70_r005_s50.B00
Reading graphs...
50 :  118
50 :  119
Initializing...
maxdom : 50
D->valSize : 2500
Solving...
Blb : 2 (clique : 27)
currentSize : 27 <-- 0.093254 s
currentSize : 28 <-- 0.490186 s
currentSize : 29 <-- 4.142942 s
currentSize : 30 <-- 10.197911 s
currentSize : 31 <-- 212.733154 s

TIMEOUT
maxsize : 31
nodes : 115005386.000000
filtered : 6141969273.000000
time : 1000.000061


Display solution 

0 --> 3
1 --> 7
2 --> 15
3 --> 19
4 --> 25
5 --> 0
7 --> 47
8 --> 21
10 --> 11
11 --> 49
16 --> 41
18 --> 42
19 --> 39
20 --> 12
21 --> 10
23 --> 16
24 --> 22
26 --> 33
27 --> 48
28 --> 38
29 --> 31
35 --> 45
36 --> 13
39 --> 43
40 --> 18
41 --> 40
42 --> 2
43 --> 46
44 --> 27
45 --> 6
47 --> 36
