Parameters: GAD=1 vflib=1 dir=0 label=0 lowerbound=1 fileNameGp=../../cp2016-max-common-connected-subgraph-paper/datasets/graphsdb/mcs70/m4D/m4Dr4/mcs70_m4Dr4_s25.A04 fileNameGt=../../cp2016-max-common-connected-subgraph-paper/datasets/graphsdb/mcs70/m4D/m4Dr4/mcs70_m4Dr4_s25.B04
Reading graphs...
25 :  55
25 :  57
Initializing...
maxdom : 25
D->valSize : 625
Solving...
Blb : 2 (clique : 14)
currentSize : 14 <-- 0.005107 s
currentSize : 15 <-- 0.008168 s
currentSize : 16 <-- 0.020521 s
currentSize : 17 <-- 0.249169 s
currentSize : 18 <-- 1.402250 s

maxsize : 18
nodes : 582926.000000
filtered : 18086779.000000
time : 2.712481


Display solution 

0 --> 4
2 --> 11
4 --> 24
5 --> 1
6 --> 17
7 --> 5
8 --> 16
9 --> 8
13 --> 20
15 --> 18
16 --> 7
17 --> 0
18 --> 23
19 --> 15
20 --> 22
21 --> 3
22 --> 14
24 --> 21
