Parameters: GAD=1 vflib=1 dir=0 label=0 lowerbound=1 fileNameGp=../../cp2016-max-common-connected-subgraph-paper/datasets/graphsdb/mcs70/bvg/b06/mcs70_b06_s10.A01 fileNameGt=../../cp2016-max-common-connected-subgraph-paper/datasets/graphsdb/mcs70/bvg/b06/mcs70_b06_s10.B01
Reading graphs...
10 :  30
10 :  29
Initializing...
maxdom : 10
D->valSize : 100
Solving...
Blb : 2 (clique : 7)
currentSize : 7 <-- 0.000723 s
currentSize : 8 <-- 0.000764 s
currentSize : 9 <-- 0.000899 s

maxsize : 9
nodes : 105.000000
filtered : 1170.000000
time : 0.000987


Display solution 

0 --> 5
1 --> 2
2 --> 1
3 --> 8
4 --> 7
6 --> 9
7 --> 6
8 --> 4
9 --> 3
