Parameters: GAD=1 vflib=1 dir=0 label=0 lowerbound=1 fileNameGp=../../cp2016-max-common-connected-subgraph-paper/datasets/graphsdb/mcs70/bvg/b09m/mcs70_b09m_s50.A02 fileNameGt=../../cp2016-max-common-connected-subgraph-paper/datasets/graphsdb/mcs70/bvg/b09m/mcs70_b09m_s50.B02
Reading graphs...
50 :  221
50 :  221
Initializing...
maxdom : 50
D->valSize : 2500
Solving...
Blb : 2 (clique : 17)
currentSize : 17 <-- 0.085045 s
currentSize : 19 <-- 0.085504 s
currentSize : 20 <-- 0.090715 s
currentSize : 21 <-- 0.112610 s
currentSize : 22 <-- 0.843400 s
currentSize : 23 <-- 2.835640 s
currentSize : 24 <-- 851.055725 s

TIMEOUT
maxsize : 24
nodes : 188354295.000000
filtered : 4314403137.000000
time : 1000.000000


Display solution 

0 --> 24
1 --> 46
2 --> 22
9 --> 31
11 --> 13
12 --> 33
14 --> 30
15 --> 34
16 --> 40
18 --> 21
22 --> 1
25 --> 17
26 --> 4
30 --> 3
33 --> 32
36 --> 19
37 --> 7
39 --> 10
41 --> 47
42 --> 44
45 --> 6
46 --> 12
47 --> 23
48 --> 5
