Parameters: GAD=1 vflib=1 dir=0 label=0 lowerbound=1 fileNameGp=../../cp2016-max-common-connected-subgraph-paper/datasets/graphsdb/mcs70/m2D/m2Dr4/mcs70_m2Dr4_s15.A05 fileNameGt=../../cp2016-max-common-connected-subgraph-paper/datasets/graphsdb/mcs70/m2D/m2Dr4/mcs70_m2Dr4_s15.B05
Reading graphs...
15 :  28
15 :  26
Initializing...
maxdom : 15
D->valSize : 225
Solving...
Blb : 2 (clique : 9)
currentSize : 9 <-- 0.001065 s
currentSize : 10 <-- 0.001173 s
currentSize : 11 <-- 0.006087 s

maxsize : 11
nodes : 5684.000000
filtered : 69156.000000
time : 0.014954


Display solution 

0 --> 4
1 --> 0
2 --> 7
4 --> 1
6 --> 5
7 --> 8
8 --> 3
9 --> 14
10 --> 10
12 --> 6
14 --> 11
