Parameters: GAD=1 vflib=1 dir=0 label=0 lowerbound=1 fileNameGp=../../cp2016-max-common-connected-subgraph-paper/datasets/graphsdb/mcs70/bvg/b06/mcs70_b06_s35.A06 fileNameGt=../../cp2016-max-common-connected-subgraph-paper/datasets/graphsdb/mcs70/bvg/b06/mcs70_b06_s35.B06
Reading graphs...
35 :  104
35 :  104
Initializing...
maxdom : 35
D->valSize : 1225
Solving...
Blb : 2 (clique : 16)
currentSize : 16 <-- 0.019365 s
currentSize : 17 <-- 0.023247 s
currentSize : 18 <-- 0.030439 s
currentSize : 19 <-- 0.085591 s
currentSize : 20 <-- 0.817778 s
currentSize : 21 <-- 6.210447 s
currentSize : 22 <-- 13.177354 s
currentSize : 23 <-- 13.186409 s
currentSize : 24 <-- 13.303290 s
currentSize : 25 <-- 44.659889 s
currentSize : 26 <-- 45.096848 s

maxsize : 26
nodes : 9414018.000000
filtered : 437240397.000000
time : 62.296726


Display solution 

0 --> 11
1 --> 9
4 --> 21
5 --> 28
6 --> 25
7 --> 20
8 --> 8
9 --> 30
10 --> 18
12 --> 27
13 --> 15
14 --> 14
15 --> 4
16 --> 34
22 --> 10
23 --> 7
24 --> 2
26 --> 6
27 --> 33
28 --> 31
29 --> 0
30 --> 32
31 --> 29
32 --> 26
33 --> 22
34 --> 1
