Parameters: GAD=1 vflib=1 dir=0 label=0 lowerbound=1 fileNameGp=../../cp2016-max-common-connected-subgraph-paper/datasets/graphsdb/mcs70/m2D/m2Dr6/mcs70_m2Dr6_s35.A00 fileNameGt=../../cp2016-max-common-connected-subgraph-paper/datasets/graphsdb/mcs70/m2D/m2Dr6/mcs70_m2Dr6_s35.B00
Reading graphs...
35 :  78
35 :  77
Initializing...
maxdom : 35
D->valSize : 1225
Solving...
Blb : 2 (clique : 18)
currentSize : 18 <-- 0.019995 s
currentSize : 19 <-- 0.021498 s
currentSize : 20 <-- 0.023052 s
currentSize : 21 <-- 0.023941 s
currentSize : 22 <-- 2.844429 s
currentSize : 23 <-- 5.903678 s
currentSize : 24 <-- 34.585758 s
currentSize : 25 <-- 35.638161 s

maxsize : 25
nodes : 95307130.000000
filtered : 4535505384.000000
time : 649.286865


Display solution 

0 --> 15
2 --> 22
3 --> 29
4 --> 34
7 --> 16
10 --> 27
11 --> 2
12 --> 25
15 --> 10
16 --> 28
17 --> 4
18 --> 18
19 --> 32
20 --> 9
21 --> 6
22 --> 20
24 --> 5
25 --> 3
26 --> 23
27 --> 0
28 --> 12
29 --> 17
31 --> 8
33 --> 14
34 --> 19
