Parameters: GAD=1 vflib=1 dir=0 label=0 lowerbound=1 fileNameGp=../../cp2016-max-common-connected-subgraph-paper/datasets/graphsdb/mcs70/bvg/b06/mcs70_b06_s50.A00 fileNameGt=../../cp2016-max-common-connected-subgraph-paper/datasets/graphsdb/mcs70/bvg/b06/mcs70_b06_s50.B00
Reading graphs...
50 :  150
50 :  149
Initializing...
maxdom : 50
D->valSize : 2500
Solving...
Blb : 2 (clique : 23)
currentSize : 23 <-- 0.090175 s
currentSize : 25 <-- 0.090505 s
currentSize : 26 <-- 0.092695 s
currentSize : 27 <-- 0.101629 s
currentSize : 28 <-- 0.317877 s
currentSize : 29 <-- 0.466885 s
currentSize : 31 <-- 2.266201 s
currentSize : 32 <-- 2.296325 s
currentSize : 33 <-- 25.439766 s
currentSize : 34 <-- 62.721436 s
currentSize : 35 <-- 982.507629 s

TIMEOUT
maxsize : 35
nodes : 90026627.000000
filtered : 7942731115.000000
time : 1000.000000


Display solution 

0 --> 5
1 --> 42
2 --> 19
3 --> 49
4 --> 30
5 --> 13
6 --> 17
7 --> 26
9 --> 12
10 --> 43
11 --> 4
12 --> 2
13 --> 11
15 --> 36
16 --> 8
18 --> 38
19 --> 40
20 --> 16
21 --> 41
22 --> 31
23 --> 48
24 --> 1
25 --> 15
26 --> 47
27 --> 21
28 --> 44
29 --> 34
31 --> 37
32 --> 33
34 --> 7
39 --> 23
40 --> 14
42 --> 18
43 --> 0
44 --> 9
