Parameters: GAD=1 vflib=1 dir=0 label=0 lowerbound=1 fileNameGp=../../cp2016-max-common-connected-subgraph-paper/datasets/graphsdb/mcs70/m3D/m3Dr6/mcs70_m3Dr6_s35.A01 fileNameGt=../../cp2016-max-common-connected-subgraph-paper/datasets/graphsdb/mcs70/m3D/m3Dr6/mcs70_m3Dr6_s35.B01
Reading graphs...
35 :  90
35 :  90
Initializing...
maxdom : 35
D->valSize : 1225
Solving...
Blb : 2 (clique : 17)
currentSize : 17 <-- 0.019541 s
currentSize : 18 <-- 0.019753 s
currentSize : 19 <-- 0.026048 s
currentSize : 20 <-- 0.210986 s
currentSize : 21 <-- 2.186952 s
currentSize : 22 <-- 45.891567 s
currentSize : 23 <-- 45.898514 s
currentSize : 24 <-- 47.049839 s
currentSize : 26 <-- 47.050262 s
currentSize : 27 <-- 90.290337 s

maxsize : 27
nodes : 17145698.000000
filtered : 598061716.000000
time : 96.629250


Display solution 

1 --> 6
2 --> 12
3 --> 21
4 --> 11
5 --> 29
7 --> 9
8 --> 8
9 --> 16
10 --> 31
11 --> 3
12 --> 0
13 --> 5
16 --> 13
17 --> 10
18 --> 24
19 --> 34
20 --> 22
21 --> 7
22 --> 18
25 --> 25
26 --> 30
27 --> 17
29 --> 4
30 --> 15
31 --> 33
33 --> 32
34 --> 1
