Parameters: GAD=1 vflib=1 dir=0 label=0 lowerbound=1 fileNameGp=../../cp2016-max-common-connected-subgraph-paper/datasets/graphsdb/mcs70/bvg/b06/mcs70_b06_s15.A05 fileNameGt=../../cp2016-max-common-connected-subgraph-paper/datasets/graphsdb/mcs70/bvg/b06/mcs70_b06_s15.B05
Reading graphs...
15 :  44
15 :  45
Initializing...
maxdom : 15
D->valSize : 225
Solving...
Blb : 2 (clique : 9)
currentSize : 9 <-- 0.001063 s
currentSize : 10 <-- 0.001293 s
currentSize : 11 <-- 0.001548 s

maxsize : 11
nodes : 3180.000000
filtered : 54593.000000
time : 0.010301


Display solution 

0 --> 9
1 --> 3
3 --> 0
4 --> 8
5 --> 2
6 --> 5
8 --> 4
9 --> 14
11 --> 6
12 --> 10
13 --> 7
