Parameters: GAD=1 vflib=1 dir=0 label=0 lowerbound=1 fileNameGp=../../cp2016-max-common-connected-subgraph-paper/datasets/graphsdb/mcs70/m2D/m2Dr6/mcs70_m2Dr6_s35.A05 fileNameGt=../../cp2016-max-common-connected-subgraph-paper/datasets/graphsdb/mcs70/m2D/m2Dr6/mcs70_m2Dr6_s35.B05
Reading graphs...
35 :  78
35 :  76
Initializing...
maxdom : 35
D->valSize : 1225
Solving...
Blb : 5 (clique : 17)
currentSize : 17 <-- 0.020149 s
currentSize : 19 <-- 0.020301 s
currentSize : 20 <-- 0.020518 s
currentSize : 21 <-- 0.042202 s
currentSize : 22 <-- 1.182328 s
currentSize : 23 <-- 59.902458 s
currentSize : 24 <-- 352.224152 s
currentSize : 27 <-- 354.554901 s

maxsize : 27
nodes : 62933601.000000
filtered : 2399481324.000000
time : 373.142975


Display solution 

0 --> 11
1 --> 9
2 --> 24
3 --> 15
4 --> 31
5 --> 21
7 --> 6
8 --> 18
9 --> 13
10 --> 2
11 --> 3
12 --> 23
13 --> 8
15 --> 34
16 --> 26
17 --> 33
20 --> 10
23 --> 17
25 --> 19
26 --> 25
27 --> 22
28 --> 27
30 --> 12
31 --> 16
32 --> 1
33 --> 30
34 --> 32
