Parameters: GAD=1 vflib=1 dir=0 label=0 lowerbound=1 fileNameGp=../../cp2016-max-common-connected-subgraph-paper/datasets/graphsdb/mcs70/m3D/m3Dr6/mcs70_m3Dr6_s35.A03 fileNameGt=../../cp2016-max-common-connected-subgraph-paper/datasets/graphsdb/mcs70/m3D/m3Dr6/mcs70_m3Dr6_s35.B03
Reading graphs...
35 :  89
35 :  88
Initializing...
maxdom : 35
D->valSize : 1225
Solving...
Blb : 2 (clique : 18)
currentSize : 18 <-- 0.019820 s
currentSize : 19 <-- 0.035186 s
currentSize : 20 <-- 0.053112 s
currentSize : 21 <-- 0.576219 s
currentSize : 22 <-- 11.127277 s
currentSize : 23 <-- 40.727104 s
currentSize : 24 <-- 51.922112 s
currentSize : 26 <-- 68.366837 s
currentSize : 27 <-- 68.367500 s

maxsize : 27
nodes : 13275581.000000
filtered : 468090653.000000
time : 75.777992


Display solution 

0 --> 3
1 --> 33
2 --> 21
3 --> 13
5 --> 4
6 --> 2
7 --> 18
8 --> 10
10 --> 24
12 --> 26
13 --> 16
14 --> 1
15 --> 17
16 --> 14
17 --> 15
19 --> 0
21 --> 20
22 --> 9
23 --> 34
24 --> 11
25 --> 19
26 --> 29
27 --> 28
30 --> 23
31 --> 7
33 --> 30
34 --> 6
