Parameters: GAD=1 vflib=1 dir=0 label=0 lowerbound=1 fileNameGp=../../cp2016-max-common-connected-subgraph-paper/datasets/graphsdb/mcs70/bvg/b06/mcs70_b06_s40.A08 fileNameGt=../../cp2016-max-common-connected-subgraph-paper/datasets/graphsdb/mcs70/bvg/b06/mcs70_b06_s40.B08
Reading graphs...
40 :  119
40 :  119
Initializing...
maxdom : 40
D->valSize : 1600
Solving...
Blb : 5 (clique : 20)
currentSize : 20 <-- 0.057797 s
currentSize : 21 <-- 0.217463 s
currentSize : 22 <-- 0.714588 s
currentSize : 23 <-- 1.423179 s
currentSize : 24 <-- 16.251400 s
currentSize : 25 <-- 16.660156 s
currentSize : 26 <-- 20.623175 s
currentSize : 27 <-- 21.700291 s
currentSize : 28 <-- 21.746847 s
currentSize : 30 <-- 29.488407 s
currentSize : 31 <-- 46.744614 s

maxsize : 31
nodes : 10078926.000000
filtered : 585463744.000000
time : 78.212051


Display solution 

0 --> 12
1 --> 36
3 --> 33
4 --> 11
5 --> 39
9 --> 24
10 --> 2
11 --> 30
12 --> 28
13 --> 8
15 --> 19
16 --> 14
17 --> 29
18 --> 20
19 --> 16
20 --> 6
21 --> 18
22 --> 26
23 --> 9
24 --> 37
25 --> 32
26 --> 35
28 --> 10
30 --> 22
31 --> 21
32 --> 5
33 --> 15
34 --> 23
36 --> 0
37 --> 4
38 --> 31
