Parameters: GAD=1 vflib=1 dir=0 label=0 lowerbound=1 fileNameGp=../../cp2016-max-common-connected-subgraph-paper/datasets/graphsdb/mcs70/bvg/b09m/mcs70_b09m_s30.A05 fileNameGt=../../cp2016-max-common-connected-subgraph-paper/datasets/graphsdb/mcs70/bvg/b09m/mcs70_b09m_s30.B05
Reading graphs...
30 :  130
30 :  131
Initializing...
maxdom : 30
D->valSize : 900
Solving...
Blb : 2 (clique : 11)
currentSize : 11 <-- 0.016939 s
currentSize : 12 <-- 0.017167 s
currentSize : 13 <-- 0.017371 s
currentSize : 14 <-- 0.697942 s
currentSize : 15 <-- 2.681497 s
currentSize : 16 <-- 33.567780 s
currentSize : 19 <-- 33.750267 s
currentSize : 20 <-- 33.750317 s

maxsize : 20
nodes : 10668472.000000
filtered : 169263124.000000
time : 39.683079


Display solution 

0 --> 12
1 --> 28
2 --> 14
3 --> 8
5 --> 24
6 --> 2
7 --> 26
9 --> 20
10 --> 18
12 --> 25
13 --> 21
15 --> 11
16 --> 23
17 --> 1
18 --> 29
19 --> 4
20 --> 7
21 --> 6
23 --> 27
26 --> 3
