Parameters: GAD=1 vflib=1 dir=0 label=0 lowerbound=1 fileNameGp=../../cp2016-max-common-connected-subgraph-paper/datasets/graphsdb/mcs70/rand/r01/mcs70_r01_s30.A00 fileNameGt=../../cp2016-max-common-connected-subgraph-paper/datasets/graphsdb/mcs70/rand/r01/mcs70_r01_s30.B00
Reading graphs...
30 :  83
30 :  82
Initializing...
maxdom : 30
D->valSize : 900
Solving...
Blb : 2 (clique : 13)
currentSize : 13 <-- 0.018317 s
currentSize : 14 <-- 0.018807 s
currentSize : 15 <-- 0.019714 s
currentSize : 16 <-- 0.045061 s
currentSize : 17 <-- 0.077274 s
currentSize : 18 <-- 0.092343 s
currentSize : 19 <-- 1.355872 s
currentSize : 20 <-- 60.993633 s
currentSize : 21 <-- 66.497414 s

maxsize : 21
nodes : 13068670.000000
filtered : 453792576.000000
time : 68.346115


Display solution 

2 --> 11
4 --> 14
5 --> 16
7 --> 15
8 --> 8
9 --> 1
10 --> 6
11 --> 10
12 --> 0
13 --> 28
15 --> 9
16 --> 19
17 --> 26
19 --> 5
20 --> 4
21 --> 2
25 --> 22
26 --> 29
27 --> 7
28 --> 20
29 --> 21
