Parameters: GAD=1 vflib=1 dir=0 label=0 lowerbound=1 fileNameGp=../../cp2016-max-common-connected-subgraph-paper/datasets/graphsdb/mcs70/m3D/m3Dr4/mcs70_m3Dr4_s40.A01 fileNameGt=../../cp2016-max-common-connected-subgraph-paper/datasets/graphsdb/mcs70/m3D/m3Dr4/mcs70_m3Dr4_s40.B01
Reading graphs...
40 :  98
40 :  98
Initializing...
maxdom : 40
D->valSize : 1600
Solving...
Blb : 2 (clique : 20)
currentSize : 20 <-- 0.034401 s
currentSize : 21 <-- 0.035323 s
currentSize : 22 <-- 0.057974 s
currentSize : 23 <-- 2.613185 s
currentSize : 24 <-- 11.473574 s
currentSize : 25 <-- 155.769577 s

TIMEOUT
maxsize : 25
nodes : 168194060.000000
filtered : 5699626030.000000
time : 1000.000000


Display solution 

0 --> 7
2 --> 14
3 --> 39
4 --> 35
5 --> 5
6 --> 27
7 --> 25
8 --> 33
12 --> 38
13 --> 15
14 --> 6
18 --> 36
19 --> 9
20 --> 10
21 --> 23
23 --> 29
24 --> 37
26 --> 28
29 --> 17
30 --> 26
31 --> 30
35 --> 21
37 --> 22
38 --> 24
39 --> 4
