Parameters: GAD=1 vflib=1 dir=0 label=0 lowerbound=1 fileNameGp=../../cp2016-max-common-connected-subgraph-paper/datasets/graphsdb/mcs90/bvg/b03m/mcs90_b03m_s10.A08 fileNameGt=../../cp2016-max-common-connected-subgraph-paper/datasets/graphsdb/mcs90/bvg/b03m/mcs90_b03m_s10.B08
Reading graphs...
10 :  15
10 :  15
Initializing...
maxdom : 10
D->valSize : 100
Solving...
Blb : 2 (clique : 6)
currentSize : 6 <-- 0.000464 s
currentSize : 7 <-- 0.000504 s
currentSize : 8 <-- 0.000621 s

maxsize : 8
nodes : 241.000000
filtered : 2498.000000
time : 0.001030


Display solution 

0 --> 1
2 --> 0
3 --> 4
4 --> 5
5 --> 7
6 --> 9
8 --> 2
9 --> 3
