Parameters: GAD=1 vflib=1 dir=0 label=0 lowerbound=1 fileNameGp=../../cp2016-max-common-connected-subgraph-paper/datasets/graphsdb/mcs90/m2D/m2D/mcs90_m2D_s40.A09 fileNameGt=../../cp2016-max-common-connected-subgraph-paper/datasets/graphsdb/mcs90/m2D/m2D/mcs90_m2D_s40.B09
Reading graphs...
40 :  67
40 :  67
Initializing...
maxdom : 40
D->valSize : 1600
Solving...
Blb : 2 (clique : 27)
currentSize : 27 <-- 0.035980 s
currentSize : 28 <-- 0.438847 s
currentSize : 29 <-- 0.673134 s
currentSize : 31 <-- 0.673216 s
currentSize : 32 <-- 0.673465 s
currentSize : 33 <-- 0.738604 s
currentSize : 36 <-- 0.741624 s

maxsize : 36
nodes : 237763.000000
filtered : 6273101.000000
time : 1.354513


Display solution 

0 --> 28
1 --> 11
2 --> 36
3 --> 4
4 --> 22
5 --> 33
6 --> 39
7 --> 1
8 --> 17
9 --> 6
11 --> 25
12 --> 0
13 --> 26
14 --> 2
16 --> 12
17 --> 23
19 --> 20
20 --> 16
21 --> 14
22 --> 9
23 --> 30
24 --> 10
25 --> 29
26 --> 32
27 --> 7
28 --> 5
29 --> 27
30 --> 21
31 --> 34
33 --> 3
34 --> 13
35 --> 19
36 --> 18
37 --> 24
38 --> 37
39 --> 15
