Parameters: GAD=1 vflib=1 dir=0 label=0 lowerbound=1 fileNameGp=../../cp2016-max-common-connected-subgraph-paper/datasets/graphsdb/mcs90/rand/r02/mcs90_r02_s50.A09 fileNameGt=../../cp2016-max-common-connected-subgraph-paper/datasets/graphsdb/mcs90/rand/r02/mcs90_r02_s50.B09
Reading graphs...
50 :  436
50 :  435
Initializing...
maxdom : 50
D->valSize : 2500
Solving...
Blb : 2 (clique : 12)
currentSize : 12 <-- 0.074386 s
currentSize : 13 <-- 0.074673 s
currentSize : 14 <-- 0.077963 s
currentSize : 15 <-- 0.211909 s
currentSize : 16 <-- 0.240916 s
currentSize : 17 <-- 552.959595 s

TIMEOUT
maxsize : 17
nodes : 260553704.000000
filtered : 2441601573.000000
time : 1000.000000


Display solution 

0 --> 25
1 --> 6
2 --> 41
4 --> 33
5 --> 22
10 --> 47
11 --> 15
15 --> 12
16 --> 17
23 --> 43
28 --> 24
37 --> 32
38 --> 21
39 --> 3
43 --> 44
47 --> 30
49 --> 20
