Parameters: GAD=1 vflib=1 dir=0 label=0 lowerbound=1 fileNameGp=../../cp2016-max-common-connected-subgraph-paper/datasets/graphsdb/mcs90/m2D/m2Dr2/mcs90_m2Dr2_s50.A09 fileNameGt=../../cp2016-max-common-connected-subgraph-paper/datasets/graphsdb/mcs90/m2D/m2Dr2/mcs90_m2Dr2_s50.B09
Reading graphs...
50 :  95
50 :  95
Initializing...
maxdom : 50
D->valSize : 2500
Solving...
Blb : 2 (clique : 30)
currentSize : 30 <-- 0.095476 s
currentSize : 31 <-- 0.095907 s
currentSize : 32 <-- 0.096302 s
currentSize : 33 <-- 0.098010 s
currentSize : 34 <-- 0.429337 s
currentSize : 35 <-- 155.300034 s
currentSize : 36 <-- 992.188477 s

TIMEOUT
maxsize : 36
nodes : 134807335.000000
filtered : 5673694758.000000
time : 1000.000000


Display solution 

0 --> 39
2 --> 17
3 --> 41
4 --> 34
5 --> 29
6 --> 33
7 --> 14
9 --> 36
11 --> 45
12 --> 2
13 --> 42
15 --> 47
16 --> 35
17 --> 13
18 --> 23
19 --> 31
21 --> 21
22 --> 22
23 --> 12
24 --> 1
29 --> 25
31 --> 20
32 --> 7
33 --> 38
35 --> 37
36 --> 5
37 --> 11
39 --> 0
40 --> 27
41 --> 19
42 --> 30
43 --> 10
44 --> 43
45 --> 49
46 --> 3
47 --> 4
