Parameters: GAD=1 vflib=1 dir=0 label=0 lowerbound=1 fileNameGp=../../cp2016-max-common-connected-subgraph-paper/datasets/graphsdb/mcs90/rand/r005/mcs90_r005_s35.A06 fileNameGt=../../cp2016-max-common-connected-subgraph-paper/datasets/graphsdb/mcs90/rand/r005/mcs90_r005_s35.B06
Reading graphs...
35 :  58
35 :  57
Initializing...
maxdom : 35
D->valSize : 1225
Solving...
Blb : 2 (clique : 22)
currentSize : 22 <-- 0.020841 s
currentSize : 23 <-- 0.021086 s
currentSize : 24 <-- 1.414540 s
currentSize : 25 <-- 8.986286 s
currentSize : 26 <-- 72.743416 s
currentSize : 27 <-- 113.157326 s
currentSize : 28 <-- 113.157745 s
currentSize : 29 <-- 113.157913 s
currentSize : 31 <-- 114.431213 s

maxsize : 31
nodes : 18516104.000000
filtered : 723375764.000000
time : 114.528061


Display solution 

0 --> 33
1 --> 9
3 --> 26
4 --> 29
5 --> 10
7 --> 16
8 --> 4
9 --> 18
11 --> 28
12 --> 25
13 --> 1
14 --> 13
15 --> 14
16 --> 21
17 --> 7
18 --> 19
19 --> 23
20 --> 6
21 --> 27
22 --> 3
23 --> 22
24 --> 34
25 --> 30
26 --> 12
27 --> 15
28 --> 5
29 --> 8
30 --> 31
32 --> 0
33 --> 11
34 --> 32
