Parameters: GAD=1 vflib=1 dir=0 label=0 lowerbound=1 fileNameGp=../../cp2016-max-common-connected-subgraph-paper/datasets/graphsdb/mcs90/bvg/b06m/mcs90_b06m_s35.A04 fileNameGt=../../cp2016-max-common-connected-subgraph-paper/datasets/graphsdb/mcs90/bvg/b06m/mcs90_b06m_s35.B04
Reading graphs...
35 :  103
35 :  104
Initializing...
maxdom : 35
D->valSize : 1225
Solving...
Blb : 2 (clique : 16)
currentSize : 16 <-- 0.019230 s
currentSize : 18 <-- 0.019384 s
currentSize : 19 <-- 0.019742 s
currentSize : 20 <-- 0.020117 s
currentSize : 21 <-- 0.020523 s
currentSize : 22 <-- 0.041203 s
currentSize : 23 <-- 0.041223 s
currentSize : 24 <-- 0.042132 s
currentSize : 26 <-- 0.044252 s
currentSize : 28 <-- 0.044522 s
currentSize : 31 <-- 0.055823 s

maxsize : 31
nodes : 13166.000000
filtered : 1002452.000000
time : 0.140524


Display solution 

0 --> 5
1 --> 15
2 --> 9
3 --> 2
4 --> 13
5 --> 25
6 --> 31
7 --> 1
8 --> 4
9 --> 19
10 --> 28
12 --> 7
13 --> 6
14 --> 23
15 --> 18
16 --> 21
17 --> 0
18 --> 17
19 --> 26
21 --> 29
22 --> 11
23 --> 30
24 --> 3
25 --> 20
26 --> 22
27 --> 12
29 --> 33
30 --> 34
31 --> 8
32 --> 16
34 --> 32
