Parameters: GAD=1 vflib=1 dir=0 label=0 lowerbound=1 fileNameGp=../../cp2016-max-common-connected-subgraph-paper/datasets/graphsdb/mcs90/bvg/b06m/mcs90_b06m_s40.A05 fileNameGt=../../cp2016-max-common-connected-subgraph-paper/datasets/graphsdb/mcs90/bvg/b06m/mcs90_b06m_s40.B05
Reading graphs...
40 :  117
40 :  117
Initializing...
maxdom : 40
D->valSize : 1600
Solving...
Blb : 5 (clique : 20)
currentSize : 20 <-- 0.033578 s
currentSize : 21 <-- 0.084791 s
currentSize : 22 <-- 0.332724 s
currentSize : 23 <-- 15.406734 s
currentSize : 24 <-- 60.918743 s
currentSize : 25 <-- 94.347076 s
currentSize : 26 <-- 94.347130 s
currentSize : 27 <-- 98.829697 s
currentSize : 28 <-- 103.843239 s
currentSize : 30 <-- 109.996567 s
currentSize : 31 <-- 109.996666 s
currentSize : 36 <-- 109.998199 s

maxsize : 36
nodes : 19549972.000000
filtered : 703029958.000000
time : 110.111649


Display solution 

0 --> 30
1 --> 14
2 --> 21
3 --> 18
4 --> 4
5 --> 7
6 --> 11
7 --> 39
8 --> 24
9 --> 34
10 --> 23
11 --> 9
12 --> 20
13 --> 32
14 --> 35
15 --> 5
16 --> 28
18 --> 37
19 --> 36
21 --> 16
22 --> 15
23 --> 26
25 --> 6
26 --> 0
28 --> 19
29 --> 13
30 --> 31
31 --> 8
32 --> 12
33 --> 38
34 --> 29
35 --> 22
36 --> 25
37 --> 10
38 --> 33
39 --> 1
