Parameters: GAD=1 vflib=1 dir=0 label=0 lowerbound=1 fileNameGp=../../cp2016-max-common-connected-subgraph-paper/datasets/graphsdb/mcs90/rand/r005/mcs90_r005_s35.A03 fileNameGt=../../cp2016-max-common-connected-subgraph-paper/datasets/graphsdb/mcs90/rand/r005/mcs90_r005_s35.B03
Reading graphs...
35 :  58
35 :  58
Initializing...
maxdom : 35
D->valSize : 1225
Solving...
Blb : 2 (clique : 21)
currentSize : 21 <-- 0.036344 s
currentSize : 22 <-- 0.036750 s
currentSize : 23 <-- 0.086560 s
currentSize : 24 <-- 0.147499 s
currentSize : 25 <-- 2.965510 s
currentSize : 26 <-- 25.408915 s
currentSize : 27 <-- 29.607985 s
currentSize : 28 <-- 29.630608 s
currentSize : 29 <-- 29.630625 s
currentSize : 30 <-- 29.670704 s
currentSize : 31 <-- 29.670780 s

maxsize : 31
nodes : 4848039.000000
filtered : 199668559.000000
time : 29.798843


Display solution 

0 --> 19
1 --> 32
2 --> 26
4 --> 7
5 --> 23
6 --> 3
7 --> 20
8 --> 15
10 --> 22
11 --> 8
12 --> 31
13 --> 33
14 --> 14
15 --> 16
16 --> 30
17 --> 2
18 --> 27
19 --> 6
20 --> 25
21 --> 11
22 --> 9
23 --> 24
24 --> 5
25 --> 18
26 --> 1
28 --> 21
29 --> 10
30 --> 17
31 --> 12
32 --> 4
34 --> 13
