Parameters: GAD=1 vflib=1 dir=0 label=0 lowerbound=1 fileNameGp=../../cp2016-max-common-connected-subgraph-paper/datasets/graphsdb/mcs90/rand/r02/mcs90_r02_s20.A03 fileNameGt=../../cp2016-max-common-connected-subgraph-paper/datasets/graphsdb/mcs90/rand/r02/mcs90_r02_s20.B03
Reading graphs...
20 :  71
20 :  72
Initializing...
maxdom : 20
D->valSize : 400
Solving...
Blb : 2 (clique : 8)
currentSize : 8 <-- 0.002090 s
currentSize : 9 <-- 0.002138 s
currentSize : 10 <-- 0.002168 s
currentSize : 11 <-- 0.003119 s
currentSize : 12 <-- 0.006880 s
currentSize : 13 <-- 0.069582 s
currentSize : 18 <-- 0.070289 s

maxsize : 18
nodes : 22341.000000
filtered : 347878.000000
time : 0.071429


Display solution 

0 --> 16
1 --> 8
2 --> 0
3 --> 3
4 --> 1
5 --> 4
6 --> 15
7 --> 19
9 --> 6
10 --> 17
11 --> 9
13 --> 7
14 --> 13
15 --> 18
16 --> 10
17 --> 14
18 --> 11
19 --> 12
