Parameters: GAD=1 vflib=1 dir=0 label=0 lowerbound=1 fileNameGp=../../cp2016-max-common-connected-subgraph-paper/datasets/graphsdb/mcs90/bvg/b06/mcs90_b06_s35.A09 fileNameGt=../../cp2016-max-common-connected-subgraph-paper/datasets/graphsdb/mcs90/bvg/b06/mcs90_b06_s35.B09
Reading graphs...
35 :  104
35 :  103
Initializing...
maxdom : 35
D->valSize : 1225
Solving...
Blb : 2 (clique : 21)
currentSize : 21 <-- 0.033289 s
currentSize : 22 <-- 0.062522 s
currentSize : 23 <-- 0.068812 s
currentSize : 24 <-- 0.068853 s
currentSize : 26 <-- 0.068895 s
currentSize : 27 <-- 0.082984 s
currentSize : 28 <-- 0.135947 s
currentSize : 29 <-- 0.533123 s
currentSize : 30 <-- 1.131057 s
currentSize : 31 <-- 1.131508 s

maxsize : 31
nodes : 156385.000000
filtered : 5517127.000000
time : 1.204850


Display solution 

1 --> 5
2 --> 34
3 --> 22
4 --> 0
5 --> 13
6 --> 23
7 --> 2
8 --> 4
9 --> 29
11 --> 32
13 --> 3
14 --> 8
15 --> 9
16 --> 25
17 --> 31
18 --> 6
19 --> 33
20 --> 1
21 --> 7
22 --> 26
23 --> 21
24 --> 12
25 --> 27
26 --> 24
27 --> 15
28 --> 14
30 --> 11
31 --> 20
32 --> 10
33 --> 19
34 --> 30
