Parameters: GAD=1 vflib=1 dir=0 label=0 lowerbound=1 fileNameGp=../../cp2016-max-common-connected-subgraph-paper/datasets/graphsdb/mcs90/m2D/m2D/mcs90_m2D_s50.A09 fileNameGt=../../cp2016-max-common-connected-subgraph-paper/datasets/graphsdb/mcs90/m2D/m2D/mcs90_m2D_s50.B09
Reading graphs...
50 :  85
50 :  85
Initializing...
maxdom : 50
D->valSize : 2500
Solving...
Blb : 2 (clique : 38)
currentSize : 38 <-- 0.096494 s
currentSize : 39 <-- 0.165686 s
currentSize : 40 <-- 2.012877 s
currentSize : 41 <-- 2.517069 s
currentSize : 42 <-- 6.092285 s
currentSize : 43 <-- 7.352852 s
currentSize : 44 <-- 8.237948 s
currentSize : 45 <-- 8.273588 s
currentSize : 49 <-- 9.082989 s

maxsize : 49
nodes : 1084400.000000
filtered : 49360465.000000
time : 9.104541


Display solution 

0 --> 7
1 --> 31
2 --> 5
3 --> 16
4 --> 24
5 --> 37
6 --> 33
7 --> 27
8 --> 26
9 --> 0
10 --> 3
11 --> 14
12 --> 19
13 --> 29
14 --> 44
15 --> 10
16 --> 6
17 --> 34
18 --> 11
19 --> 2
20 --> 9
21 --> 32
22 --> 22
23 --> 39
24 --> 43
25 --> 47
26 --> 4
27 --> 13
28 --> 15
29 --> 20
30 --> 35
31 --> 45
32 --> 18
33 --> 21
34 --> 8
35 --> 28
36 --> 30
37 --> 38
38 --> 17
39 --> 1
41 --> 41
42 --> 46
43 --> 48
44 --> 12
45 --> 25
46 --> 49
47 --> 23
48 --> 42
49 --> 40
