Parameters: GAD=1 vflib=1 dir=0 label=0 lowerbound=1 fileNameGp=../../cp2016-max-common-connected-subgraph-paper/datasets/graphsdb/mcs90/bvg/b03/mcs90_b03_s35.A08 fileNameGt=../../cp2016-max-common-connected-subgraph-paper/datasets/graphsdb/mcs90/bvg/b03/mcs90_b03_s35.B08
Reading graphs...
35 :  52
35 :  52
Initializing...
maxdom : 35
D->valSize : 1225
Solving...
Blb : 2 (clique : 24)
currentSize : 24 <-- 0.036601 s
currentSize : 25 <-- 0.036981 s
currentSize : 26 <-- 0.055391 s
currentSize : 27 <-- 0.055430 s
currentSize : 28 <-- 0.256625 s
currentSize : 29 <-- 0.261492 s
currentSize : 30 <-- 0.264841 s
currentSize : 31 <-- 0.744558 s

maxsize : 31
nodes : 153712.000000
filtered : 5152675.000000
time : 1.042704


Display solution 

0 --> 20
1 --> 29
2 --> 19
3 --> 24
4 --> 33
6 --> 2
7 --> 5
8 --> 10
9 --> 4
10 --> 7
11 --> 11
12 --> 8
13 --> 31
14 --> 21
15 --> 0
16 --> 28
17 --> 9
18 --> 1
19 --> 26
20 --> 16
22 --> 14
23 --> 12
24 --> 32
26 --> 30
27 --> 3
28 --> 18
29 --> 23
30 --> 25
31 --> 15
33 --> 27
34 --> 17
