Parameters: GAD=1 vflib=1 dir=0 label=0 lowerbound=1 fileNameGp=../../cp2016-max-common-connected-subgraph-paper/datasets/graphsdb/mcs90/bvg/b09/mcs90_b09_s30.A02 fileNameGt=../../cp2016-max-common-connected-subgraph-paper/datasets/graphsdb/mcs90/bvg/b09/mcs90_b09_s30.B02
Reading graphs...
30 :  135
30 :  135
Initializing...
maxdom : 30
D->valSize : 900
Solving...
Blb : 2 (clique : 11)
currentSize : 11 <-- 0.009787 s
currentSize : 12 <-- 0.011518 s
currentSize : 13 <-- 0.011728 s
currentSize : 14 <-- 0.048647 s
currentSize : 15 <-- 0.133130 s
currentSize : 16 <-- 0.291518 s
currentSize : 18 <-- 0.292314 s
currentSize : 19 <-- 0.295479 s
currentSize : 20 <-- 0.295528 s
currentSize : 22 <-- 0.298126 s
currentSize : 26 <-- 0.303660 s

maxsize : 26
nodes : 108360.000000
filtered : 2246840.000000
time : 0.440524


Display solution 

0 --> 9
1 --> 6
2 --> 0
3 --> 27
4 --> 23
5 --> 13
6 --> 22
7 --> 29
8 --> 26
9 --> 19
10 --> 2
11 --> 14
13 --> 3
15 --> 7
16 --> 20
17 --> 12
19 --> 10
20 --> 21
21 --> 25
22 --> 15
23 --> 11
24 --> 28
25 --> 24
26 --> 5
28 --> 18
29 --> 17
