Parameters: GAD=1 vflib=1 dir=0 label=0 lowerbound=1 fileNameGp=../../cp2016-max-common-connected-subgraph-paper/datasets/graphsdb/mcs90/rand/r02/mcs90_r02_s35.A03 fileNameGt=../../cp2016-max-common-connected-subgraph-paper/datasets/graphsdb/mcs90/rand/r02/mcs90_r02_s35.B03
Reading graphs...
35 :  216
35 :  216
Initializing...
maxdom : 35
D->valSize : 1225
Solving...
Blb : 5 (clique : 12)
currentSize : 12 <-- 0.017196 s
currentSize : 13 <-- 0.020960 s
currentSize : 14 <-- 0.074554 s
currentSize : 15 <-- 0.124765 s
currentSize : 16 <-- 0.174673 s
currentSize : 18 <-- 0.174876 s
currentSize : 19 <-- 0.346631 s
currentSize : 21 <-- 0.346902 s
currentSize : 31 <-- 0.347252 s

maxsize : 31
nodes : 100725.000000
filtered : 2034311.000000
time : 0.443519


Display solution 

0 --> 0
1 --> 23
2 --> 19
3 --> 6
4 --> 13
5 --> 2
6 --> 34
7 --> 16
8 --> 5
9 --> 21
10 --> 33
11 --> 9
12 --> 10
13 --> 32
14 --> 17
15 --> 26
16 --> 12
18 --> 22
20 --> 27
21 --> 1
22 --> 29
23 --> 11
24 --> 20
26 --> 24
27 --> 7
28 --> 15
30 --> 28
31 --> 25
32 --> 31
33 --> 4
34 --> 3
