Parameters: GAD=1 vflib=1 dir=0 label=0 lowerbound=1 fileNameGp=../../cp2016-max-common-connected-subgraph-paper/datasets/graphsdb/mcs90/m2D/m2Dr4/mcs90_m2Dr4_s20.A05 fileNameGt=../../cp2016-max-common-connected-subgraph-paper/datasets/graphsdb/mcs90/m2D/m2Dr4/mcs90_m2Dr4_s20.B05
Reading graphs...
20 :  39
20 :  38
Initializing...
maxdom : 20
D->valSize : 400
Solving...
Blb : 2 (clique : 11)
currentSize : 11 <-- 0.004011 s
currentSize : 12 <-- 0.004120 s
currentSize : 13 <-- 0.011966 s
currentSize : 14 <-- 0.031213 s
currentSize : 16 <-- 0.394498 s

maxsize : 16
nodes : 112202.000000
filtered : 1978989.000000
time : 0.403662


Display solution 

1 --> 14
2 --> 12
3 --> 13
4 --> 4
5 --> 6
7 --> 10
8 --> 17
9 --> 16
11 --> 8
12 --> 19
13 --> 9
14 --> 7
15 --> 1
16 --> 18
17 --> 11
18 --> 0
