Parameters: GAD=1 vflib=1 dir=0 label=0 lowerbound=1 fileNameGp=../../cp2016-max-common-connected-subgraph-paper/datasets/graphsdb/mcs90/bvg/b06/mcs90_b06_s40.A07 fileNameGt=../../cp2016-max-common-connected-subgraph-paper/datasets/graphsdb/mcs90/bvg/b06/mcs90_b06_s40.B07
Reading graphs...
40 :  120
40 :  120
Initializing...
maxdom : 40
D->valSize : 1600
Solving...
Blb : 2 (clique : 20)
currentSize : 20 <-- 0.033457 s
currentSize : 21 <-- 0.033666 s
currentSize : 22 <-- 0.033712 s
currentSize : 23 <-- 0.034453 s
currentSize : 24 <-- 0.034690 s
currentSize : 25 <-- 0.034840 s
currentSize : 26 <-- 0.035959 s
currentSize : 27 <-- 0.052914 s
currentSize : 28 <-- 0.078305 s
currentSize : 29 <-- 0.078328 s
currentSize : 30 <-- 0.082228 s
currentSize : 31 <-- 0.088459 s
currentSize : 32 <-- 0.094862 s
currentSize : 33 <-- 0.098262 s
currentSize : 34 <-- 0.098582 s
currentSize : 36 <-- 0.129323 s
currentSize : 37 <-- 0.254239 s

maxsize : 37
nodes : 44119.000000
filtered : 1533409.000000
time : 0.320608


Display solution 

0 --> 26
1 --> 35
2 --> 15
3 --> 31
4 --> 7
5 --> 20
6 --> 1
7 --> 27
8 --> 22
9 --> 39
10 --> 24
11 --> 5
12 --> 17
13 --> 32
14 --> 33
15 --> 13
17 --> 2
18 --> 30
19 --> 6
20 --> 23
21 --> 12
22 --> 3
23 --> 18
24 --> 8
25 --> 28
26 --> 25
27 --> 38
28 --> 14
29 --> 19
30 --> 29
31 --> 4
32 --> 21
34 --> 0
36 --> 34
37 --> 36
38 --> 11
39 --> 16
