Parameters: GAD=1 vflib=1 dir=0 label=0 lowerbound=1 fileNameGp=../../cp2016-max-common-connected-subgraph-paper/datasets/graphsdb/mcs90/rand/r02/mcs90_r02_s35.A01 fileNameGt=../../cp2016-max-common-connected-subgraph-paper/datasets/graphsdb/mcs90/rand/r02/mcs90_r02_s35.B01
Reading graphs...
35 :  209
35 :  212
Initializing...
maxdom : 35
D->valSize : 1225
Solving...
Blb : 2 (clique : 11)
currentSize : 11 <-- 0.029974 s
currentSize : 12 <-- 0.030360 s
currentSize : 13 <-- 0.038483 s
currentSize : 14 <-- 0.048811 s
currentSize : 15 <-- 9.545204 s
currentSize : 21 <-- 9.547290 s
currentSize : 31 <-- 36.674103 s

maxsize : 31
nodes : 7813442.000000
filtered : 176479158.000000
time : 36.747520


Display solution 

0 --> 23
1 --> 21
2 --> 27
3 --> 13
4 --> 17
5 --> 30
6 --> 33
7 --> 34
8 --> 2
9 --> 0
10 --> 1
11 --> 26
12 --> 7
14 --> 19
15 --> 20
16 --> 8
17 --> 12
18 --> 10
20 --> 29
21 --> 22
22 --> 3
23 --> 18
26 --> 6
27 --> 5
28 --> 14
29 --> 9
30 --> 24
31 --> 28
32 --> 4
33 --> 15
34 --> 11
