Parameters: GAD=1 vflib=1 dir=0 label=0 lowerbound=1 fileNameGp=../../cp2016-max-common-connected-subgraph-paper/datasets/graphsdb/mcs90/m3D/m3Dr4/mcs90_m3Dr4_s30.A04 fileNameGt=../../cp2016-max-common-connected-subgraph-paper/datasets/graphsdb/mcs90/m3D/m3Dr4/mcs90_m3Dr4_s30.B04
Reading graphs...
30 :  73
30 :  73
Initializing...
maxdom : 30
D->valSize : 900
Solving...
Blb : 2 (clique : 13)
currentSize : 13 <-- 0.010751 s
currentSize : 14 <-- 0.010882 s
currentSize : 15 <-- 0.010988 s
currentSize : 16 <-- 0.011003 s
currentSize : 17 <-- 0.024919 s
currentSize : 18 <-- 0.315444 s
currentSize : 19 <-- 0.703314 s
currentSize : 20 <-- 3.897592 s
currentSize : 23 <-- 5.117450 s
currentSize : 25 <-- 5.529397 s
currentSize : 27 <-- 5.687652 s

maxsize : 27
nodes : 1356117.000000
filtered : 30501048.000000
time : 5.691239


Display solution 

1 --> 28
2 --> 14
3 --> 21
4 --> 16
5 --> 18
6 --> 7
7 --> 22
8 --> 23
9 --> 24
10 --> 4
11 --> 10
12 --> 11
13 --> 17
15 --> 13
16 --> 19
17 --> 27
18 --> 5
19 --> 26
20 --> 29
22 --> 15
23 --> 0
24 --> 1
25 --> 20
26 --> 12
27 --> 8
28 --> 6
29 --> 3
