Parameters: GAD=1 vflib=1 dir=0 label=0 lowerbound=1 fileNameGp=../../cp2016-max-common-connected-subgraph-paper/datasets/graphsdb/mcs90/m2D/m2D/mcs90_m2D_s40.A05 fileNameGt=../../cp2016-max-common-connected-subgraph-paper/datasets/graphsdb/mcs90/m2D/m2D/mcs90_m2D_s40.B05
Reading graphs...
40 :  67
40 :  67
Initializing...
maxdom : 40
D->valSize : 1600
Solving...
Blb : 2 (clique : 27)
currentSize : 27 <-- 0.055841 s
currentSize : 28 <-- 0.059152 s
currentSize : 29 <-- 0.060242 s
currentSize : 30 <-- 0.062827 s
currentSize : 32 <-- 0.063723 s
currentSize : 33 <-- 0.592664 s
currentSize : 34 <-- 0.756289 s
currentSize : 36 <-- 0.757131 s
currentSize : 37 <-- 0.818778 s

maxsize : 37
nodes : 92028.000000
filtered : 5840198.000000
time : 0.932645


Display solution 

0 --> 35
1 --> 8
2 --> 30
3 --> 16
4 --> 22
5 --> 0
6 --> 1
7 --> 15
9 --> 23
10 --> 33
11 --> 5
13 --> 4
14 --> 9
15 --> 11
16 --> 2
17 --> 36
18 --> 12
19 --> 25
20 --> 7
21 --> 14
22 --> 17
23 --> 39
24 --> 10
25 --> 21
26 --> 3
27 --> 18
28 --> 32
29 --> 34
30 --> 38
31 --> 24
32 --> 26
33 --> 27
34 --> 37
35 --> 20
37 --> 28
38 --> 6
39 --> 31
