Parameters: GAD=1 vflib=1 dir=0 label=0 lowerbound=1 fileNameGp=../../cp2016-max-common-connected-subgraph-paper/datasets/graphsdb/mcs90/bvg/b09m/mcs90_b09m_s40.A01 fileNameGt=../../cp2016-max-common-connected-subgraph-paper/datasets/graphsdb/mcs90/bvg/b09m/mcs90_b09m_s40.B01
Reading graphs...
40 :  177
40 :  176
Initializing...
maxdom : 40
D->valSize : 1600
Solving...
Blb : 2 (clique : 14)
currentSize : 14 <-- 0.031718 s
currentSize : 15 <-- 0.031880 s
currentSize : 17 <-- 0.031956 s
currentSize : 18 <-- 0.364641 s
currentSize : 19 <-- 84.286682 s
currentSize : 20 <-- 751.637146 s
currentSize : 22 <-- 751.657776 s
currentSize : 23 <-- 869.757568 s
currentSize : 25 <-- 872.774841 s
currentSize : 26 <-- 873.231384 s
currentSize : 30 <-- 873.234985 s
currentSize : 31 <-- 873.882935 s
currentSize : 36 <-- 873.908386 s

maxsize : 36
nodes : 194558949.000000
filtered : 4084053019.000000
time : 874.008667


Display solution 

0 --> 25
1 --> 30
2 --> 26
3 --> 22
4 --> 38
5 --> 27
6 --> 17
7 --> 21
8 --> 2
9 --> 23
10 --> 29
12 --> 9
13 --> 12
14 --> 20
15 --> 36
16 --> 16
17 --> 34
18 --> 3
19 --> 33
20 --> 24
22 --> 32
24 --> 19
26 --> 8
27 --> 14
28 --> 0
29 --> 39
30 --> 10
31 --> 31
32 --> 6
33 --> 11
34 --> 1
35 --> 18
36 --> 5
37 --> 37
38 --> 15
39 --> 28
