Parameters: GAD=1 vflib=1 dir=0 label=0 lowerbound=1 fileNameGp=../../cp2016-max-common-connected-subgraph-paper/datasets/graphsdb/mcs90/bvg/b09/mcs90_b09_s50.A04 fileNameGt=../../cp2016-max-common-connected-subgraph-paper/datasets/graphsdb/mcs90/bvg/b09/mcs90_b09_s50.B04
Reading graphs...
50 :  224
50 :  225
Initializing...
maxdom : 50
D->valSize : 2500
Solving...
Blb : 2 (clique : 26)
currentSize : 26 <-- 0.145323 s
currentSize : 27 <-- 0.145790 s
currentSize : 28 <-- 0.145919 s
currentSize : 31 <-- 0.146060 s
currentSize : 33 <-- 0.146190 s
currentSize : 34 <-- 0.147256 s
currentSize : 35 <-- 0.147407 s
currentSize : 36 <-- 0.147614 s
currentSize : 37 <-- 0.148812 s
currentSize : 39 <-- 0.151186 s
currentSize : 40 <-- 0.151392 s
currentSize : 44 <-- 0.388449 s

maxsize : 44
nodes : 456663.000000
filtered : 41095937.000000
time : 5.553737


Display solution 

0 --> 17
1 --> 32
2 --> 44
3 --> 10
4 --> 45
5 --> 2
6 --> 48
7 --> 1
8 --> 29
9 --> 18
10 --> 3
11 --> 36
12 --> 34
13 --> 8
14 --> 5
15 --> 4
16 --> 30
17 --> 31
19 --> 23
20 --> 6
21 --> 33
22 --> 26
24 --> 22
25 --> 20
26 --> 19
27 --> 38
28 --> 37
30 --> 43
31 --> 39
32 --> 12
33 --> 16
34 --> 35
35 --> 25
37 --> 0
38 --> 24
40 --> 9
41 --> 27
43 --> 41
44 --> 15
45 --> 21
46 --> 14
47 --> 49
48 --> 7
49 --> 11
