Parameters: GAD=1 vflib=1 dir=0 label=0 lowerbound=1 fileNameGp=../../cp2016-max-common-connected-subgraph-paper/datasets/graphsdb/mcs90/rand/r02/mcs90_r02_s40.A09 fileNameGt=../../cp2016-max-common-connected-subgraph-paper/datasets/graphsdb/mcs90/rand/r02/mcs90_r02_s40.B09
Reading graphs...
40 :  285
40 :  285
Initializing...
maxdom : 40
D->valSize : 1600
Solving...
Blb : 2 (clique : 12)
currentSize : 12 <-- 0.029119 s
currentSize : 13 <-- 0.030459 s
currentSize : 14 <-- 0.122973 s
currentSize : 15 <-- 2.133466 s
currentSize : 16 <-- 50.091312 s
currentSize : 18 <-- 51.991463 s
currentSize : 21 <-- 51.992313 s
currentSize : 25 <-- 90.182114 s
currentSize : 36 <-- 93.478981 s

maxsize : 36
nodes : 22399334.000000
filtered : 349590900.000000
time : 93.602135


Display solution 

0 --> 29
1 --> 36
2 --> 31
3 --> 26
4 --> 15
5 --> 21
6 --> 33
7 --> 20
8 --> 25
9 --> 18
10 --> 6
12 --> 3
13 --> 34
14 --> 19
16 --> 2
17 --> 39
18 --> 27
19 --> 4
20 --> 10
21 --> 14
22 --> 32
24 --> 1
25 --> 13
26 --> 0
27 --> 37
28 --> 28
29 --> 16
30 --> 24
31 --> 23
32 --> 35
33 --> 12
34 --> 38
35 --> 22
36 --> 11
37 --> 5
39 --> 17
