Parameters: GAD=1 vflib=1 dir=0 label=0 lowerbound=1 fileNameGp=../../cp2016-max-common-connected-subgraph-paper/datasets/graphsdb/mcs90/rand/r01/mcs90_r01_s25.A01 fileNameGt=../../cp2016-max-common-connected-subgraph-paper/datasets/graphsdb/mcs90/rand/r01/mcs90_r01_s25.B01
Reading graphs...
25 :  58
25 :  57
Initializing...
maxdom : 25
D->valSize : 625
Solving...
Blb : 2 (clique : 12)
currentSize : 12 <-- 0.008944 s
currentSize : 13 <-- 0.009141 s
currentSize : 14 <-- 0.009429 s
currentSize : 15 <-- 0.009757 s
currentSize : 16 <-- 0.019052 s
currentSize : 18 <-- 1.995609 s
currentSize : 20 <-- 1.996102 s
currentSize : 22 <-- 1.996310 s

maxsize : 22
nodes : 533032.000000
filtered : 10749742.000000
time : 2.006512


Display solution 

0 --> 16
1 --> 2
2 --> 5
3 --> 22
4 --> 1
6 --> 15
7 --> 20
9 --> 0
10 --> 13
11 --> 23
12 --> 14
13 --> 9
14 --> 8
15 --> 6
16 --> 4
17 --> 18
19 --> 19
20 --> 11
21 --> 10
22 --> 7
23 --> 3
24 --> 21
