Parameters: GAD=1 vflib=1 dir=0 label=0 lowerbound=1 fileNameGp=../../cp2016-max-common-connected-subgraph-paper/datasets/graphsdb/mcs90/rand/r02/mcs90_r02_s25.A03 fileNameGt=../../cp2016-max-common-connected-subgraph-paper/datasets/graphsdb/mcs90/rand/r02/mcs90_r02_s25.B03
Reading graphs...
25 :  103
25 :  105
Initializing...
maxdom : 25
D->valSize : 625
Solving...
Blb : 2 (clique : 10)
currentSize : 10 <-- 0.004795 s
currentSize : 11 <-- 0.005936 s
currentSize : 12 <-- 0.010128 s
currentSize : 13 <-- 0.047587 s
currentSize : 14 <-- 0.425747 s
currentSize : 15 <-- 0.828706 s
currentSize : 16 <-- 1.104811 s
currentSize : 17 <-- 1.140450 s
currentSize : 22 <-- 1.142246 s

maxsize : 22
nodes : 324702.000000
filtered : 5211974.000000
time : 1.149414


Display solution 

0 --> 22
1 --> 13
2 --> 2
3 --> 9
4 --> 17
5 --> 16
6 --> 18
7 --> 14
8 --> 10
9 --> 8
11 --> 1
12 --> 0
13 --> 21
14 --> 4
15 --> 15
16 --> 23
17 --> 12
18 --> 6
19 --> 3
20 --> 19
23 --> 11
24 --> 7
