Parameters: GAD=1 vflib=1 dir=0 label=0 lowerbound=1 fileNameGp=../../cp2016-max-common-connected-subgraph-paper/datasets/graphsdb/mcs90/m3D/m3Dr6/mcs90_m3Dr6_s10.A00 fileNameGt=../../cp2016-max-common-connected-subgraph-paper/datasets/graphsdb/mcs90/m3D/m3Dr6/mcs90_m3Dr6_s10.B00
Reading graphs...
10 :  21
10 :  18
Initializing...
maxdom : 10
D->valSize : 100
Solving...
Blb : 2 (clique : 6)
currentSize : 6 <-- 0.000601 s
currentSize : 7 <-- 0.000704 s
currentSize : 8 <-- 0.002379 s

maxsize : 8
nodes : 670.000000
filtered : 5341.000000
time : 0.002445


Display solution 

2 --> 8
3 --> 5
4 --> 2
5 --> 4
6 --> 9
7 --> 3
8 --> 7
9 --> 0
