Parameters: GAD=1 vflib=1 dir=0 label=0 lowerbound=1 fileNameGp=../../cp2016-max-common-connected-subgraph-paper/datasets/graphsdb/mcs90/m3D/m3Dr6/mcs90_m3Dr6_s30.A03 fileNameGt=../../cp2016-max-common-connected-subgraph-paper/datasets/graphsdb/mcs90/m3D/m3Dr6/mcs90_m3Dr6_s30.B03
Reading graphs...
30 :  78
30 :  76
Initializing...
maxdom : 30
D->valSize : 900
Solving...
Blb : 2 (clique : 16)
currentSize : 16 <-- 0.010483 s
currentSize : 17 <-- 0.011025 s
currentSize : 18 <-- 0.062883 s
currentSize : 19 <-- 18.001324 s
currentSize : 20 <-- 20.112324 s
currentSize : 21 <-- 23.508860 s
currentSize : 22 <-- 24.443764 s
currentSize : 27 <-- 24.470291 s

maxsize : 27
nodes : 5889333.000000
filtered : 127083824.000000
time : 24.513426


Display solution 

0 --> 28
1 --> 1
3 --> 12
4 --> 17
5 --> 9
6 --> 23
7 --> 13
10 --> 18
11 --> 29
12 --> 22
13 --> 0
14 --> 25
15 --> 26
16 --> 16
17 --> 19
18 --> 21
19 --> 2
20 --> 10
21 --> 8
22 --> 15
23 --> 20
24 --> 4
25 --> 27
26 --> 6
27 --> 24
28 --> 3
29 --> 11
