Parameters: GAD=1 vflib=1 dir=0 label=0 lowerbound=1 fileNameGp=../../cp2016-max-common-connected-subgraph-paper/datasets/graphsdb/mcs90/bvg/b03/mcs90_b03_s15.A09 fileNameGt=../../cp2016-max-common-connected-subgraph-paper/datasets/graphsdb/mcs90/bvg/b03/mcs90_b03_s15.B09
Reading graphs...
15 :  22
15 :  22
Initializing...
maxdom : 15
D->valSize : 225
Solving...
Blb : 2 (clique : 10)
currentSize : 10 <-- 0.001549 s
currentSize : 11 <-- 0.001657 s
currentSize : 12 <-- 0.002036 s
currentSize : 13 <-- 0.002313 s

maxsize : 13
nodes : 1081.000000
filtered : 16818.000000
time : 0.005789


Display solution 

0 --> 12
1 --> 9
2 --> 1
3 --> 13
4 --> 10
6 --> 11
7 --> 7
9 --> 0
10 --> 3
11 --> 6
12 --> 5
13 --> 4
14 --> 2
