Parameters: GAD=1 vflib=1 dir=0 label=0 lowerbound=1 fileNameGp=../../cp2016-max-common-connected-subgraph-paper/datasets/graphsdb/mcs90/rand/r02/mcs90_r02_s30.A00 fileNameGt=../../cp2016-max-common-connected-subgraph-paper/datasets/graphsdb/mcs90/rand/r02/mcs90_r02_s30.B00
Reading graphs...
30 :  159
30 :  158
Initializing...
maxdom : 30
D->valSize : 900
Solving...
Blb : 2 (clique : 11)
currentSize : 11 <-- 0.016135 s
currentSize : 12 <-- 0.016917 s
currentSize : 13 <-- 0.022166 s
currentSize : 14 <-- 0.512071 s
currentSize : 16 <-- 0.513928 s
currentSize : 18 <-- 2.667341 s
currentSize : 20 <-- 2.691638 s
currentSize : 27 <-- 3.160072 s

maxsize : 27
nodes : 807165.000000
filtered : 13838810.000000
time : 3.179655


Display solution 

0 --> 4
1 --> 9
3 --> 18
4 --> 10
5 --> 29
6 --> 24
7 --> 26
8 --> 17
9 --> 11
10 --> 8
11 --> 22
13 --> 2
14 --> 7
15 --> 28
16 --> 27
17 --> 13
18 --> 21
19 --> 0
20 --> 23
21 --> 15
22 --> 16
23 --> 20
24 --> 14
26 --> 1
27 --> 19
28 --> 3
29 --> 5
