Parameters: GAD=1 vflib=1 dir=0 label=0 lowerbound=1 fileNameGp=../../cp2016-max-common-connected-subgraph-paper/datasets/graphsdb/mcs90/m2D/m2Dr4/mcs90_m2Dr4_s50.A06 fileNameGt=../../cp2016-max-common-connected-subgraph-paper/datasets/graphsdb/mcs90/m2D/m2Dr4/mcs90_m2Dr4_s50.B06
Reading graphs...
50 :  104
50 :  102
Initializing...
maxdom : 50
D->valSize : 2500
Solving...
Blb : 2 (clique : 26)
currentSize : 26 <-- 0.095089 s
currentSize : 27 <-- 0.095447 s
currentSize : 28 <-- 0.096102 s
currentSize : 29 <-- 0.112104 s
currentSize : 30 <-- 0.553081 s
currentSize : 31 <-- 2.438972 s
currentSize : 32 <-- 16.587128 s
currentSize : 33 <-- 17.850737 s
currentSize : 34 <-- 18.861719 s
currentSize : 35 <-- 23.900936 s
currentSize : 36 <-- 30.815632 s
currentSize : 37 <-- 30.843143 s
currentSize : 39 <-- 30.991571 s
currentSize : 40 <-- 31.030516 s
currentSize : 41 <-- 31.042845 s
currentSize : 42 <-- 31.149288 s
currentSize : 49 <-- 31.234688 s

maxsize : 49
nodes : 4277297.000000
filtered : 157187447.000000
time : 31.237452


Display solution 

0 --> 31
1 --> 6
2 --> 10
3 --> 44
4 --> 1
5 --> 12
6 --> 48
7 --> 28
8 --> 15
9 --> 49
10 --> 23
11 --> 42
12 --> 17
13 --> 3
14 --> 36
15 --> 11
16 --> 25
17 --> 8
18 --> 37
19 --> 40
20 --> 32
21 --> 22
22 --> 21
23 --> 24
24 --> 5
25 --> 38
26 --> 41
27 --> 26
28 --> 20
30 --> 33
31 --> 13
32 --> 9
33 --> 35
34 --> 39
35 --> 29
36 --> 45
37 --> 4
38 --> 16
39 --> 2
40 --> 14
41 --> 19
42 --> 34
43 --> 47
44 --> 30
45 --> 43
46 --> 0
47 --> 46
48 --> 7
49 --> 18
