Parameters: GAD=1 vflib=1 dir=0 label=0 lowerbound=1 fileNameGp=../../cp2016-max-common-connected-subgraph-paper/datasets/graphsdb/mcs90/bvg/b03m/mcs90_b03m_s40.A08 fileNameGt=../../cp2016-max-common-connected-subgraph-paper/datasets/graphsdb/mcs90/bvg/b03m/mcs90_b03m_s40.B08
Reading graphs...
40 :  60
40 :  60
Initializing...
maxdom : 40
D->valSize : 1600
Solving...
Blb : 2 (clique : 23)
currentSize : 23 <-- 0.036413 s
currentSize : 24 <-- 0.036827 s
currentSize : 25 <-- 0.037115 s
currentSize : 26 <-- 0.042877 s
currentSize : 27 <-- 0.074569 s
currentSize : 28 <-- 7.411429 s
currentSize : 29 <-- 143.260559 s
currentSize : 30 <-- 205.354721 s

TIMEOUT
maxsize : 30
nodes : 141958166.000000
filtered : 6413344480.000000
time : 1000.000000


Display solution 

0 --> 12
1 --> 17
2 --> 22
3 --> 38
4 --> 11
6 --> 26
7 --> 4
8 --> 37
11 --> 6
12 --> 24
13 --> 1
14 --> 27
17 --> 18
18 --> 16
19 --> 30
20 --> 21
22 --> 2
23 --> 14
24 --> 36
25 --> 28
26 --> 25
27 --> 20
29 --> 15
30 --> 34
31 --> 35
32 --> 9
33 --> 5
35 --> 23
37 --> 39
38 --> 7
