Parameters: GAD=1 vflib=1 dir=0 label=0 lowerbound=1 fileNameGp=../../cp2016-max-common-connected-subgraph-paper/datasets/graphsdb/mcs90/bvg/b03m/mcs90_b03m_s50.A00 fileNameGt=../../cp2016-max-common-connected-subgraph-paper/datasets/graphsdb/mcs90/bvg/b03m/mcs90_b03m_s50.B00
Reading graphs...
50 :  74
50 :  74
Initializing...
maxdom : 50
D->valSize : 2500
Solving...
Blb : 2 (clique : 32)
currentSize : 32 <-- 0.097980 s
currentSize : 33 <-- 0.098442 s
currentSize : 34 <-- 0.100636 s
currentSize : 35 <-- 0.195636 s
currentSize : 36 <-- 0.195938 s
currentSize : 37 <-- 1.244187 s
currentSize : 38 <-- 1.738021 s
currentSize : 39 <-- 5.561445 s
currentSize : 40 <-- 121.884995 s
currentSize : 41 <-- 263.899750 s
currentSize : 42 <-- 263.920349 s
currentSize : 43 <-- 264.012604 s
currentSize : 44 <-- 264.016632 s

maxsize : 44
nodes : 27261080.000000
filtered : 2195775175.000000
time : 350.780823


Display solution 

0 --> 26
1 --> 30
3 --> 22
4 --> 10
5 --> 31
6 --> 41
7 --> 1
8 --> 15
9 --> 45
10 --> 7
11 --> 5
12 --> 44
13 --> 19
14 --> 48
16 --> 16
18 --> 21
19 --> 11
20 --> 24
21 --> 13
22 --> 18
23 --> 34
25 --> 6
27 --> 39
28 --> 20
29 --> 35
30 --> 42
31 --> 27
32 --> 47
33 --> 25
34 --> 9
35 --> 12
36 --> 8
37 --> 33
39 --> 37
40 --> 46
41 --> 14
42 --> 17
43 --> 2
44 --> 28
45 --> 4
46 --> 36
47 --> 40
48 --> 32
49 --> 38
