Parameters: GAD=1 vflib=1 dir=0 label=0 lowerbound=1 fileNameGp=../../cp2016-max-common-connected-subgraph-paper/datasets/graphsdb/mcs90/m3D/m3Dr4/mcs90_m3Dr4_s30.A05 fileNameGt=../../cp2016-max-common-connected-subgraph-paper/datasets/graphsdb/mcs90/m3D/m3Dr4/mcs90_m3Dr4_s30.B05
Reading graphs...
30 :  73
30 :  73
Initializing...
maxdom : 30
D->valSize : 900
Solving...
Blb : 2 (clique : 15)
currentSize : 15 <-- 0.010654 s
currentSize : 16 <-- 0.010775 s
currentSize : 17 <-- 0.011387 s
currentSize : 18 <-- 0.330356 s
currentSize : 19 <-- 5.789587 s
currentSize : 20 <-- 13.029498 s
currentSize : 21 <-- 23.432695 s
currentSize : 22 <-- 23.432735 s
currentSize : 25 <-- 28.299383 s
currentSize : 27 <-- 28.300276 s

maxsize : 27
nodes : 6286399.000000
filtered : 149286325.000000
time : 28.321917


Display solution 

0 --> 20
1 --> 25
2 --> 16
3 --> 17
4 --> 26
6 --> 28
8 --> 21
9 --> 3
10 --> 10
12 --> 2
13 --> 24
14 --> 11
15 --> 29
16 --> 14
17 --> 4
18 --> 7
19 --> 5
20 --> 18
21 --> 0
22 --> 9
23 --> 1
24 --> 13
25 --> 8
26 --> 12
27 --> 23
28 --> 19
29 --> 22
