Parameters: GAD=1 vflib=1 dir=0 label=0 lowerbound=1 fileNameGp=../../cp2016-max-common-connected-subgraph-paper/datasets/graphsdb/mcs90/rand/r005/mcs90_r005_s25.A05 fileNameGt=../../cp2016-max-common-connected-subgraph-paper/datasets/graphsdb/mcs90/rand/r005/mcs90_r005_s25.B05
Reading graphs...
25 :  28
25 :  29
Initializing...
maxdom : 25
D->valSize : 625
Solving...
Blb : 5 (clique : 17)
currentSize : 17 <-- 0.005894 s
currentSize : 19 <-- 0.005990 s
currentSize : 20 <-- 0.006038 s
currentSize : 21 <-- 0.007391 s
currentSize : 22 <-- 0.007938 s

maxsize : 22
nodes : 8683.000000
filtered : 321357.000000
time : 0.051646


Display solution 

0 --> 4
2 --> 6
3 --> 18
4 --> 0
5 --> 8
6 --> 5
7 --> 7
8 --> 10
9 --> 1
10 --> 24
11 --> 19
12 --> 2
13 --> 20
14 --> 14
15 --> 12
16 --> 17
17 --> 11
18 --> 15
19 --> 13
20 --> 23
23 --> 22
24 --> 21
