Parameters: GAD=1 vflib=1 dir=0 label=0 lowerbound=1 fileNameGp=../../cp2016-max-common-connected-subgraph-paper/datasets/graphsdb/mcs90/bvg/b09m/mcs90_b09m_s35.A01 fileNameGt=../../cp2016-max-common-connected-subgraph-paper/datasets/graphsdb/mcs90/bvg/b09m/mcs90_b09m_s35.B01
Reading graphs...
35 :  156
35 :  156
Initializing...
maxdom : 35
D->valSize : 1225
Solving...
Blb : 2 (clique : 14)
currentSize : 14 <-- 0.031833 s
currentSize : 15 <-- 0.055512 s
currentSize : 16 <-- 0.106079 s
currentSize : 17 <-- 6.691538 s
currentSize : 18 <-- 10.683917 s
currentSize : 20 <-- 13.444427 s
currentSize : 21 <-- 31.677866 s
currentSize : 24 <-- 31.680857 s
currentSize : 25 <-- 35.987099 s
currentSize : 26 <-- 35.993530 s
currentSize : 30 <-- 35.993584 s

maxsize : 30
nodes : 7305723.000000
filtered : 197226578.000000
time : 36.219200


Display solution 

0 --> 5
1 --> 15
2 --> 11
3 --> 22
4 --> 17
5 --> 24
6 --> 7
7 --> 6
10 --> 13
12 --> 29
13 --> 12
14 --> 21
15 --> 19
16 --> 10
17 --> 4
18 --> 9
19 --> 0
20 --> 25
23 --> 16
24 --> 26
25 --> 28
26 --> 20
27 --> 33
28 --> 2
29 --> 1
30 --> 23
31 --> 18
32 --> 27
33 --> 31
34 --> 32
