Parameters: GAD=1 vflib=1 dir=0 label=0 lowerbound=1 fileNameGp=../../cp2016-max-common-connected-subgraph-paper/datasets/graphsdb/mcs90/rand/r02/mcs90_r02_s50.A05 fileNameGt=../../cp2016-max-common-connected-subgraph-paper/datasets/graphsdb/mcs90/rand/r02/mcs90_r02_s50.B05
Reading graphs...
50 :  439
50 :  437
Initializing...
maxdom : 50
D->valSize : 2500
Solving...
Blb : 2 (clique : 13)
currentSize : 13 <-- 0.074286 s
currentSize : 14 <-- 0.075109 s
currentSize : 15 <-- 0.291031 s
currentSize : 16 <-- 2.599115 s
currentSize : 17 <-- 474.482666 s
currentSize : 18 <-- 479.756348 s
currentSize : 19 <-- 479.756897 s
currentSize : 20 <-- 517.439331 s
currentSize : 21 <-- 539.124146 s
currentSize : 25 <-- 575.335022 s
currentSize : 32 <-- 703.840698 s

TIMEOUT
maxsize : 32
nodes : 201160813.000000
filtered : 4169924815.000000
time : 1000.000061


Display solution 

0 --> 49
1 --> 27
3 --> 40
4 --> 11
5 --> 43
7 --> 0
8 --> 17
9 --> 6
10 --> 13
15 --> 24
18 --> 21
20 --> 16
21 --> 10
22 --> 3
23 --> 15
24 --> 23
29 --> 25
30 --> 2
32 --> 34
35 --> 38
36 --> 42
37 --> 39
38 --> 36
39 --> 37
40 --> 32
41 --> 31
42 --> 22
43 --> 26
44 --> 4
45 --> 30
47 --> 8
48 --> 12
