Parameters: GAD=1 vflib=1 dir=0 label=0 lowerbound=1 fileNameGp=../../cp2016-max-common-connected-subgraph-paper/datasets/graphsdb/mcs90/m2D/m2Dr2/mcs90_m2Dr2_s50.A04 fileNameGt=../../cp2016-max-common-connected-subgraph-paper/datasets/graphsdb/mcs90/m2D/m2Dr2/mcs90_m2Dr2_s50.B04
Reading graphs...
50 :  94
50 :  94
Initializing...
maxdom : 50
D->valSize : 2500
Solving...
Blb : 2 (clique : 27)
currentSize : 27 <-- 0.095130 s
currentSize : 28 <-- 0.095552 s
currentSize : 29 <-- 0.096901 s
currentSize : 30 <-- 0.098216 s
currentSize : 31 <-- 0.123427 s
currentSize : 32 <-- 0.263669 s
currentSize : 33 <-- 0.360223 s
currentSize : 34 <-- 1.290698 s
currentSize : 35 <-- 143.376022 s
currentSize : 36 <-- 220.437515 s
currentSize : 37 <-- 255.039993 s
currentSize : 38 <-- 294.384735 s
currentSize : 39 <-- 736.416077 s
currentSize : 40 <-- 757.174805 s
currentSize : 41 <-- 837.528381 s
currentSize : 42 <-- 837.599548 s
currentSize : 43 <-- 845.168945 s
currentSize : 45 <-- 861.208923 s
currentSize : 47 <-- 861.288025 s
currentSize : 49 <-- 861.308044 s

maxsize : 49
nodes : 88528233.000000
filtered : 4590497788.000000
time : 861.311035


Display solution 

0 --> 8
1 --> 33
2 --> 42
3 --> 25
4 --> 49
5 --> 38
6 --> 15
7 --> 30
8 --> 23
9 --> 5
10 --> 39
11 --> 27
12 --> 47
13 --> 1
14 --> 46
15 --> 34
16 --> 10
17 --> 48
18 --> 3
20 --> 18
21 --> 9
22 --> 45
23 --> 37
24 --> 0
25 --> 19
26 --> 36
27 --> 20
28 --> 32
29 --> 41
30 --> 26
31 --> 40
32 --> 44
33 --> 12
34 --> 6
35 --> 14
36 --> 2
37 --> 28
38 --> 13
39 --> 11
40 --> 21
41 --> 35
42 --> 17
43 --> 22
44 --> 4
45 --> 24
46 --> 43
47 --> 29
48 --> 16
49 --> 31
