Parameters: GAD=1 vflib=1 dir=0 label=0 lowerbound=1 fileNameGp=../../cp2016-max-common-connected-subgraph-paper/datasets/graphsdb/mcs90/m2D/m2Dr6/mcs90_m2Dr6_s40.A01 fileNameGt=../../cp2016-max-common-connected-subgraph-paper/datasets/graphsdb/mcs90/m2D/m2Dr6/mcs90_m2Dr6_s40.B01
Reading graphs...
40 :  90
40 :  87
Initializing...
maxdom : 40
D->valSize : 1600
Solving...
Blb : 2 (clique : 21)
currentSize : 21 <-- 0.034867 s
currentSize : 22 <-- 0.035101 s
currentSize : 23 <-- 0.035280 s
currentSize : 24 <-- 0.038739 s
currentSize : 25 <-- 0.039064 s
currentSize : 26 <-- 0.051801 s
currentSize : 28 <-- 238.971497 s
currentSize : 29 <-- 239.481903 s
currentSize : 30 <-- 440.220337 s
currentSize : 33 <-- 440.238953 s
currentSize : 36 <-- 440.460541 s

maxsize : 36
nodes : 63522953.000000
filtered : 2717922195.000000
time : 440.653870


Display solution 

0 --> 6
2 --> 23
3 --> 21
4 --> 10
5 --> 31
6 --> 9
7 --> 28
8 --> 12
9 --> 36
10 --> 29
11 --> 0
12 --> 37
13 --> 13
14 --> 14
15 --> 24
16 --> 15
17 --> 35
18 --> 30
19 --> 38
20 --> 22
21 --> 1
22 --> 39
23 --> 33
24 --> 32
26 --> 34
27 --> 11
28 --> 27
29 --> 26
30 --> 19
31 --> 7
32 --> 17
33 --> 18
35 --> 20
36 --> 4
38 --> 5
39 --> 16
