Parameters: GAD=1 vflib=1 dir=0 label=0 lowerbound=1 fileNameGp=../../cp2016-max-common-connected-subgraph-paper/datasets/graphsdb/mcs90/bvg/b09/mcs90_b09_s35.A08 fileNameGt=../../cp2016-max-common-connected-subgraph-paper/datasets/graphsdb/mcs90/bvg/b09/mcs90_b09_s35.B08
Reading graphs...
35 :  157
35 :  155
Initializing...
maxdom : 35
D->valSize : 1225
Solving...
Blb : 3 (clique : 13)
currentSize : 13 <-- 0.018647 s
currentSize : 14 <-- 0.031537 s
currentSize : 15 <-- 0.037318 s
currentSize : 16 <-- 0.038126 s
currentSize : 17 <-- 0.054093 s
currentSize : 18 <-- 0.121975 s
currentSize : 19 <-- 0.132816 s
currentSize : 21 <-- 0.253146 s
currentSize : 22 <-- 0.272869 s
currentSize : 24 <-- 0.272959 s
currentSize : 25 <-- 0.273120 s
currentSize : 26 <-- 0.273173 s
currentSize : 28 <-- 0.293996 s
currentSize : 30 <-- 0.294075 s

maxsize : 30
nodes : 135685.000000
filtered : 6120355.000000
time : 0.843615


Display solution 

0 --> 28
1 --> 20
2 --> 29
4 --> 24
5 --> 18
6 --> 3
8 --> 6
9 --> 32
10 --> 4
11 --> 21
12 --> 25
13 --> 12
14 --> 17
15 --> 19
16 --> 34
17 --> 27
18 --> 15
19 --> 9
21 --> 23
22 --> 5
23 --> 30
24 --> 7
25 --> 8
27 --> 33
29 --> 0
30 --> 1
31 --> 14
32 --> 13
33 --> 26
34 --> 16
