Parameters: GAD=1 vflib=1 dir=0 label=0 lowerbound=1 fileNameGp=../../cp2016-max-common-connected-subgraph-paper/datasets/graphsdb/mcs90/rand/r005/mcs90_r005_s40.A02 fileNameGt=../../cp2016-max-common-connected-subgraph-paper/datasets/graphsdb/mcs90/rand/r005/mcs90_r005_s40.B02
Reading graphs...
40 :  76
40 :  76
Initializing...
maxdom : 40
D->valSize : 1600
Solving...
Blb : 2 (clique : 24)
currentSize : 24 <-- 0.035259 s
currentSize : 25 <-- 0.250801 s
currentSize : 26 <-- 0.370963 s
currentSize : 27 <-- 1.085665 s
currentSize : 28 <-- 12.444694 s
currentSize : 29 <-- 89.544380 s
currentSize : 30 <-- 108.126343 s
currentSize : 31 <-- 108.126389 s
currentSize : 32 <-- 132.005249 s
currentSize : 34 <-- 139.652466 s
currentSize : 36 <-- 139.652863 s

maxsize : 36
nodes : 20664706.000000
filtered : 784151353.000000
time : 139.797058


Display solution 

0 --> 18
1 --> 16
2 --> 32
3 --> 35
5 --> 5
6 --> 17
7 --> 3
8 --> 28
9 --> 9
10 --> 11
11 --> 21
12 --> 22
14 --> 25
16 --> 8
17 --> 2
18 --> 38
19 --> 10
20 --> 0
21 --> 34
22 --> 31
23 --> 13
24 --> 19
25 --> 24
26 --> 1
27 --> 36
28 --> 29
29 --> 33
30 --> 30
31 --> 26
32 --> 4
33 --> 15
34 --> 7
35 --> 20
36 --> 14
37 --> 6
39 --> 12
