Parameters: GAD=1 vflib=1 dir=0 label=0 lowerbound=1 fileNameGp=../../cp2016-max-common-connected-subgraph-paper/datasets/graphsdb/mcs90/bvg/b06m/mcs90_b06m_s50.A08 fileNameGt=../../cp2016-max-common-connected-subgraph-paper/datasets/graphsdb/mcs90/bvg/b06m/mcs90_b06m_s50.B08
Reading graphs...
50 :  150
50 :  150
Initializing...
maxdom : 50
D->valSize : 2500
Solving...
Blb : 2 (clique : 22)
currentSize : 22 <-- 0.090848 s
currentSize : 23 <-- 0.091184 s
currentSize : 24 <-- 0.092483 s
currentSize : 25 <-- 0.105472 s
currentSize : 26 <-- 0.123875 s
currentSize : 27 <-- 0.139110 s
currentSize : 28 <-- 1.654799 s
currentSize : 29 <-- 98.350487 s
currentSize : 30 <-- 328.143829 s

TIMEOUT
maxsize : 30
nodes : 134383277.000000
filtered : 6487228658.000000
time : 1000.000061


Display solution 

0 --> 21
1 --> 33
3 --> 26
4 --> 44
5 --> 8
6 --> 25
7 --> 48
8 --> 4
9 --> 15
12 --> 20
13 --> 5
15 --> 13
17 --> 1
20 --> 38
21 --> 32
23 --> 10
25 --> 3
28 --> 37
31 --> 35
32 --> 36
34 --> 45
35 --> 47
36 --> 31
38 --> 6
39 --> 0
40 --> 29
41 --> 49
44 --> 9
45 --> 2
48 --> 14
