Parameters: GAD=1 vflib=1 dir=0 label=0 lowerbound=1 fileNameGp=../../cp2016-max-common-connected-subgraph-paper/datasets/graphsdb/mcs90/rand/r01/mcs90_r01_s35.A05 fileNameGt=../../cp2016-max-common-connected-subgraph-paper/datasets/graphsdb/mcs90/rand/r01/mcs90_r01_s35.B05
Reading graphs...
35 :  108
35 :  108
Initializing...
maxdom : 35
D->valSize : 1225
Solving...
Blb : 2 (clique : 16)
currentSize : 16 <-- 0.019166 s
currentSize : 17 <-- 0.020944 s
currentSize : 18 <-- 0.063460 s
currentSize : 19 <-- 3.669267 s
currentSize : 20 <-- 9.544105 s
currentSize : 21 <-- 12.921061 s
currentSize : 22 <-- 25.792967 s
currentSize : 23 <-- 34.452343 s
currentSize : 24 <-- 34.697529 s
currentSize : 26 <-- 34.705994 s
currentSize : 28 <-- 34.713570 s
currentSize : 31 <-- 34.713638 s

maxsize : 31
nodes : 7161467.000000
filtered : 184888946.000000
time : 34.798149


Display solution 

0 --> 27
1 --> 29
3 --> 14
5 --> 23
6 --> 31
7 --> 12
8 --> 3
9 --> 10
10 --> 7
11 --> 33
12 --> 11
13 --> 32
14 --> 34
16 --> 4
17 --> 0
18 --> 18
19 --> 26
20 --> 5
21 --> 20
22 --> 6
23 --> 16
24 --> 17
25 --> 15
26 --> 25
27 --> 9
28 --> 2
30 --> 1
31 --> 24
32 --> 13
33 --> 30
34 --> 19
