Parameters: GAD=1 vflib=1 dir=0 label=0 lowerbound=1 fileNameGp=../../cp2016-max-common-connected-subgraph-paper/datasets/graphsdb/mcs90/bvg/b06m/mcs90_b06m_s30.A01 fileNameGt=../../cp2016-max-common-connected-subgraph-paper/datasets/graphsdb/mcs90/bvg/b06m/mcs90_b06m_s30.B01
Reading graphs...
30 :  88
30 :  88
Initializing...
maxdom : 30
D->valSize : 900
Solving...
Blb : 2 (clique : 15)
currentSize : 15 <-- 0.018197 s
currentSize : 16 <-- 0.044924 s
currentSize : 17 <-- 0.057894 s
currentSize : 18 <-- 0.072737 s
currentSize : 19 <-- 0.073127 s
currentSize : 20 <-- 2.533758 s
currentSize : 21 <-- 2.540552 s
currentSize : 22 <-- 2.913415 s
currentSize : 24 <-- 3.223833 s
currentSize : 25 <-- 3.224558 s
currentSize : 27 <-- 3.224669 s

maxsize : 27
nodes : 599028.000000
filtered : 21738480.000000
time : 3.242720


Display solution 

0 --> 16
1 --> 14
2 --> 28
3 --> 17
4 --> 11
6 --> 10
7 --> 19
8 --> 27
9 --> 2
10 --> 7
11 --> 0
12 --> 18
13 --> 15
15 --> 3
16 --> 29
17 --> 21
18 --> 8
20 --> 4
21 --> 12
22 --> 23
23 --> 26
24 --> 22
25 --> 1
26 --> 25
27 --> 13
28 --> 5
29 --> 6
