Parameters: GAD=1 vflib=1 dir=0 label=0 lowerbound=1 fileNameGp=../../cp2016-max-common-connected-subgraph-paper/datasets/graphsdb/mcs90/m2D/m2Dr4/mcs90_m2Dr4_s40.A03 fileNameGt=../../cp2016-max-common-connected-subgraph-paper/datasets/graphsdb/mcs90/m2D/m2Dr4/mcs90_m2Dr4_s40.B03
Reading graphs...
40 :  82
40 :  82
Initializing...
maxdom : 40
D->valSize : 1600
Solving...
Blb : 2 (clique : 20)
currentSize : 20 <-- 0.035110 s
currentSize : 21 <-- 0.035329 s
currentSize : 22 <-- 0.036147 s
currentSize : 23 <-- 0.036460 s
currentSize : 24 <-- 0.053613 s
currentSize : 25 <-- 0.153789 s
currentSize : 26 <-- 2.631283 s
currentSize : 27 <-- 11.013529 s
currentSize : 28 <-- 34.404064 s
currentSize : 29 <-- 34.406487 s
currentSize : 31 <-- 36.602577 s
currentSize : 32 <-- 37.262089 s
currentSize : 33 <-- 61.206310 s
currentSize : 36 <-- 61.207245 s

maxsize : 36
nodes : 8692251.000000
filtered : 380032526.000000
time : 61.309212


Display solution 

0 --> 0
1 --> 19
2 --> 25
3 --> 36
4 --> 21
5 --> 10
6 --> 14
7 --> 38
9 --> 2
11 --> 18
12 --> 16
13 --> 1
14 --> 5
15 --> 37
16 --> 15
17 --> 23
18 --> 35
19 --> 9
20 --> 20
21 --> 33
22 --> 26
23 --> 13
24 --> 27
26 --> 31
27 --> 4
28 --> 28
29 --> 3
30 --> 7
31 --> 6
32 --> 12
33 --> 29
35 --> 32
36 --> 24
37 --> 17
38 --> 39
39 --> 22
