Parameters: GAD=1 vflib=1 dir=0 label=0 lowerbound=1 fileNameGp=../../cp2016-max-common-connected-subgraph-paper/datasets/graphsdb/mcs90/bvg/b06/mcs90_b06_s40.A05 fileNameGt=../../cp2016-max-common-connected-subgraph-paper/datasets/graphsdb/mcs90/bvg/b06/mcs90_b06_s40.B05
Reading graphs...
40 :  120
40 :  120
Initializing...
maxdom : 40
D->valSize : 1600
Solving...
Blb : 2 (clique : 26)
currentSize : 26 <-- 0.033272 s
currentSize : 27 <-- 0.215880 s
currentSize : 29 <-- 0.261505 s
currentSize : 30 <-- 0.262325 s
currentSize : 31 <-- 0.322575 s
currentSize : 32 <-- 0.340745 s
currentSize : 34 <-- 0.388422 s
currentSize : 35 <-- 0.388964 s
currentSize : 36 <-- 0.388993 s
currentSize : 37 <-- 0.435442 s

maxsize : 37
nodes : 81335.000000
filtered : 2211781.000000
time : 0.480611


Display solution 

0 --> 35
1 --> 32
2 --> 33
3 --> 24
4 --> 13
5 --> 27
6 --> 31
8 --> 23
9 --> 8
10 --> 1
12 --> 26
13 --> 25
14 --> 28
15 --> 21
16 --> 14
17 --> 3
18 --> 12
19 --> 38
20 --> 36
21 --> 4
22 --> 30
23 --> 20
24 --> 22
25 --> 5
26 --> 37
27 --> 17
28 --> 7
29 --> 10
30 --> 34
31 --> 0
32 --> 16
33 --> 6
34 --> 2
36 --> 18
37 --> 9
38 --> 19
39 --> 15
