Parameters: GAD=1 vflib=1 dir=0 label=0 lowerbound=1 fileNameGp=../../cp2016-max-common-connected-subgraph-paper/datasets/graphsdb/mcs90/rand/r005/mcs90_r005_s40.A07 fileNameGt=../../cp2016-max-common-connected-subgraph-paper/datasets/graphsdb/mcs90/rand/r005/mcs90_r005_s40.B07
Reading graphs...
40 :  73
40 :  72
Initializing...
maxdom : 40
D->valSize : 1600
Solving...
Blb : 2 (clique : 22)
currentSize : 22 <-- 0.035981 s
currentSize : 23 <-- 0.037714 s
currentSize : 24 <-- 0.039144 s
currentSize : 25 <-- 0.078066 s
currentSize : 26 <-- 0.614019 s
currentSize : 27 <-- 19.243528 s
currentSize : 28 <-- 389.742432 s
currentSize : 29 <-- 596.197083 s
currentSize : 31 <-- 613.294983 s
currentSize : 32 <-- 613.295044 s
currentSize : 33 <-- 627.342041 s
currentSize : 34 <-- 632.582703 s
currentSize : 35 <-- 633.738525 s
currentSize : 36 <-- 633.738586 s

maxsize : 36
nodes : 90304017.000000
filtered : 3903069191.000000
time : 633.877319


Display solution 

0 --> 33
1 --> 38
2 --> 5
3 --> 34
4 --> 17
5 --> 36
6 --> 39
7 --> 22
8 --> 12
9 --> 1
11 --> 18
12 --> 19
13 --> 3
14 --> 37
15 --> 35
16 --> 10
18 --> 23
19 --> 8
20 --> 6
21 --> 7
22 --> 29
23 --> 13
24 --> 27
25 --> 4
26 --> 30
27 --> 14
28 --> 9
29 --> 28
30 --> 15
31 --> 0
33 --> 26
34 --> 25
35 --> 21
36 --> 11
38 --> 16
39 --> 2
