Parameters: GAD=1 vflib=1 dir=0 label=0 lowerbound=1 fileNameGp=../../cp2016-max-common-connected-subgraph-paper/datasets/graphsdb/mcs90/bvg/b03m/mcs90_b03m_s40.A01 fileNameGt=../../cp2016-max-common-connected-subgraph-paper/datasets/graphsdb/mcs90/bvg/b03m/mcs90_b03m_s40.B01
Reading graphs...
40 :  60
40 :  60
Initializing...
maxdom : 40
D->valSize : 1600
Solving...
Blb : 2 (clique : 26)
currentSize : 26 <-- 0.037006 s
currentSize : 27 <-- 0.037404 s
currentSize : 28 <-- 0.040827 s
currentSize : 29 <-- 0.188084 s
currentSize : 30 <-- 382.104156 s
currentSize : 31 <-- 455.507812 s
currentSize : 32 <-- 556.890076 s
currentSize : 33 <-- 558.001648 s
currentSize : 34 <-- 580.715332 s
currentSize : 36 <-- 580.761536 s
currentSize : 37 <-- 580.763306 s

maxsize : 37
nodes : 80366658.000000
filtered : 3628362369.000000
time : 580.831116


Display solution 

0 --> 13
1 --> 24
2 --> 4
3 --> 37
4 --> 26
5 --> 35
6 --> 38
7 --> 2
8 --> 39
9 --> 31
10 --> 10
12 --> 23
13 --> 22
14 --> 20
15 --> 12
16 --> 6
17 --> 5
18 --> 27
19 --> 36
21 --> 32
22 --> 7
23 --> 25
24 --> 17
25 --> 29
26 --> 8
27 --> 16
28 --> 30
29 --> 11
30 --> 0
31 --> 9
32 --> 3
33 --> 34
34 --> 1
35 --> 33
36 --> 21
37 --> 19
39 --> 18
