Parameters: GAD=1 vflib=1 dir=0 label=0 lowerbound=1 fileNameGp=../../cp2016-max-common-connected-subgraph-paper/datasets/graphsdb/mcs90/bvg/b09/mcs90_b09_s50.A07 fileNameGt=../../cp2016-max-common-connected-subgraph-paper/datasets/graphsdb/mcs90/bvg/b09/mcs90_b09_s50.B07
Reading graphs...
50 :  224
50 :  225
Initializing...
maxdom : 50
D->valSize : 2500
Solving...
Blb : 5 (clique : 18)
currentSize : 18 <-- 0.084378 s
currentSize : 19 <-- 0.084645 s
currentSize : 20 <-- 0.084722 s
currentSize : 21 <-- 0.088333 s
currentSize : 22 <-- 0.093066 s
currentSize : 23 <-- 0.093375 s
currentSize : 24 <-- 0.093390 s
currentSize : 25 <-- 10.025112 s
currentSize : 26 <-- 43.956783 s
currentSize : 27 <-- 46.241562 s
currentSize : 28 <-- 47.211346 s
currentSize : 29 <-- 47.211445 s
currentSize : 30 <-- 67.908089 s
currentSize : 31 <-- 127.180717 s
currentSize : 32 <-- 134.787872 s
currentSize : 33 <-- 225.368484 s
currentSize : 34 <-- 226.251129 s
currentSize : 36 <-- 226.437790 s
currentSize : 38 <-- 227.218613 s
currentSize : 39 <-- 240.795670 s
currentSize : 41 <-- 276.315094 s
currentSize : 43 <-- 276.323669 s
currentSize : 44 <-- 276.586853 s

maxsize : 44
nodes : 35321909.000000
filtered : 1632031291.000000
time : 279.504150


Display solution 

1 --> 33
2 --> 31
3 --> 12
5 --> 10
6 --> 25
7 --> 2
8 --> 37
9 --> 15
10 --> 48
12 --> 14
13 --> 38
14 --> 5
15 --> 18
16 --> 24
17 --> 44
18 --> 22
20 --> 1
21 --> 30
22 --> 36
23 --> 43
24 --> 17
26 --> 16
27 --> 7
28 --> 0
29 --> 8
30 --> 4
31 --> 40
32 --> 42
33 --> 41
34 --> 34
35 --> 23
36 --> 28
37 --> 9
38 --> 47
39 --> 45
40 --> 21
41 --> 11
42 --> 3
43 --> 6
45 --> 13
46 --> 49
47 --> 32
48 --> 35
49 --> 20
