Parameters: GAD=1 vflib=1 dir=0 label=0 lowerbound=1 fileNameGp=../../cp2016-max-common-connected-subgraph-paper/datasets/graphsdb/mcs90/m2D/m2Dr4/mcs90_m2Dr4_s30.A03 fileNameGt=../../cp2016-max-common-connected-subgraph-paper/datasets/graphsdb/mcs90/m2D/m2Dr4/mcs90_m2Dr4_s30.B03
Reading graphs...
30 :  59
30 :  59
Initializing...
maxdom : 30
D->valSize : 900
Solving...
Blb : 2 (clique : 18)
currentSize : 18 <-- 0.011036 s
currentSize : 19 <-- 0.015223 s
currentSize : 20 <-- 0.018269 s
currentSize : 21 <-- 2.466443 s
currentSize : 22 <-- 4.734355 s
currentSize : 23 <-- 5.937306 s
currentSize : 24 <-- 6.054369 s
currentSize : 25 <-- 6.499998 s

maxsize : 25
nodes : 1349996.000000
filtered : 44214087.000000
time : 6.817074


Display solution 

0 --> 17
1 --> 9
2 --> 28
4 --> 11
5 --> 25
6 --> 15
7 --> 6
8 --> 8
9 --> 26
11 --> 7
12 --> 3
13 --> 20
14 --> 14
17 --> 18
18 --> 5
19 --> 10
20 --> 29
21 --> 23
22 --> 4
23 --> 19
24 --> 27
25 --> 13
26 --> 0
27 --> 24
28 --> 1
