Parameters: GAD=1 vflib=1 dir=0 label=0 lowerbound=1 fileNameGp=../../cp2016-max-common-connected-subgraph-paper/datasets/graphsdb/mcs90/m2D/m2Dr2/mcs90_m2Dr2_s40.A04 fileNameGt=../../cp2016-max-common-connected-subgraph-paper/datasets/graphsdb/mcs90/m2D/m2Dr2/mcs90_m2Dr2_s40.B04
Reading graphs...
40 :  75
40 :  75
Initializing...
maxdom : 40
D->valSize : 1600
Solving...
Blb : 2 (clique : 25)
currentSize : 25 <-- 0.035487 s
currentSize : 26 <-- 0.124759 s
currentSize : 27 <-- 0.184857 s
currentSize : 28 <-- 18.696352 s
currentSize : 29 <-- 124.896317 s
currentSize : 30 <-- 833.698608 s
currentSize : 31 <-- 985.854614 s
currentSize : 33 <-- 997.460999 s
currentSize : 34 <-- 997.461060 s
currentSize : 35 <-- 997.796326 s
currentSize : 36 <-- 997.796509 s

maxsize : 36
nodes : 130527750.000000
filtered : 6319299424.000000
time : 998.061035


Display solution 

0 --> 21
1 --> 26
3 --> 15
4 --> 0
5 --> 19
6 --> 24
7 --> 30
8 --> 20
9 --> 7
10 --> 29
11 --> 17
12 --> 39
14 --> 37
15 --> 23
16 --> 33
17 --> 27
18 --> 22
19 --> 6
20 --> 3
21 --> 14
22 --> 31
23 --> 1
24 --> 8
25 --> 10
26 --> 9
28 --> 28
29 --> 38
30 --> 2
31 --> 34
32 --> 13
33 --> 16
34 --> 32
35 --> 12
36 --> 4
37 --> 35
38 --> 18
