Parameters: GAD=1 vflib=1 dir=0 label=0 lowerbound=1 fileNameGp=../../cp2016-max-common-connected-subgraph-paper/datasets/graphsdb/mcs90/m2D/m2D/mcs90_m2D_s50.A05 fileNameGt=../../cp2016-max-common-connected-subgraph-paper/datasets/graphsdb/mcs90/m2D/m2D/mcs90_m2D_s50.B05
Reading graphs...
50 :  85
50 :  85
Initializing...
maxdom : 50
D->valSize : 2500
Solving...
Blb : 2 (clique : 33)
currentSize : 33 <-- 0.117084 s
currentSize : 37 <-- 0.117516 s
currentSize : 38 <-- 0.117589 s
currentSize : 39 <-- 0.382300 s
currentSize : 40 <-- 0.398423 s
currentSize : 41 <-- 0.632721 s
currentSize : 43 <-- 1.000618 s
currentSize : 44 <-- 1.377977 s
currentSize : 45 <-- 1.447957 s
currentSize : 46 <-- 1.468666 s
currentSize : 47 <-- 1.994208 s
currentSize : 49 <-- 1.995812 s

maxsize : 49
nodes : 189721.000000
filtered : 7349638.000000
time : 1.996928


Display solution 

0 --> 29
1 --> 9
2 --> 13
3 --> 48
4 --> 10
5 --> 23
6 --> 18
7 --> 21
8 --> 46
9 --> 33
10 --> 1
11 --> 47
12 --> 11
13 --> 7
14 --> 36
15 --> 27
16 --> 0
17 --> 8
18 --> 37
19 --> 30
20 --> 28
21 --> 32
22 --> 20
23 --> 4
24 --> 31
25 --> 2
26 --> 44
27 --> 14
29 --> 35
30 --> 5
31 --> 24
32 --> 26
33 --> 49
34 --> 12
35 --> 17
36 --> 43
37 --> 3
38 --> 25
39 --> 15
40 --> 39
41 --> 45
42 --> 38
43 --> 41
44 --> 40
45 --> 22
46 --> 42
47 --> 19
48 --> 34
49 --> 16
