Parameters: GAD=1 vflib=1 dir=0 label=0 lowerbound=1 fileNameGp=../../cp2016-max-common-connected-subgraph-paper/datasets/graphsdb/mcs90/bvg/b03/mcs90_b03_s50.A07 fileNameGt=../../cp2016-max-common-connected-subgraph-paper/datasets/graphsdb/mcs90/bvg/b03/mcs90_b03_s50.B07
Reading graphs...
50 :  75
50 :  75
Initializing...
maxdom : 50
D->valSize : 2500
Solving...
Blb : 2 (clique : 39)
currentSize : 39 <-- 0.097335 s
currentSize : 41 <-- 0.097833 s
currentSize : 42 <-- 0.184886 s
currentSize : 43 <-- 0.189548 s
currentSize : 44 <-- 4.237183 s
currentSize : 45 <-- 5.372665 s
currentSize : 46 <-- 7.756285 s

maxsize : 46
nodes : 620133.000000
filtered : 48383682.000000
time : 9.055203


Display solution 

0 --> 40
2 --> 23
3 --> 7
4 --> 48
5 --> 8
6 --> 33
7 --> 16
8 --> 26
10 --> 49
11 --> 37
12 --> 0
13 --> 25
14 --> 20
15 --> 31
16 --> 34
17 --> 24
18 --> 43
20 --> 30
21 --> 29
22 --> 6
24 --> 17
25 --> 45
26 --> 10
27 --> 44
28 --> 47
29 --> 27
30 --> 3
31 --> 36
32 --> 21
33 --> 18
34 --> 15
35 --> 38
36 --> 39
37 --> 13
38 --> 4
39 --> 28
40 --> 9
41 --> 5
42 --> 41
43 --> 46
44 --> 42
45 --> 1
46 --> 12
47 --> 32
48 --> 19
49 --> 14
