Parameters: GAD=1 vflib=1 dir=0 label=0 lowerbound=1 fileNameGp=../../cp2016-max-common-connected-subgraph-paper/datasets/graphsdb/mcs90/m2D/m2D/mcs90_m2D_s40.A00 fileNameGt=../../cp2016-max-common-connected-subgraph-paper/datasets/graphsdb/mcs90/m2D/m2D/mcs90_m2D_s40.B00
Reading graphs...
40 :  67
40 :  67
Initializing...
maxdom : 40
D->valSize : 1600
Solving...
Blb : 2 (clique : 25)
currentSize : 25 <-- 0.064792 s
currentSize : 26 <-- 0.065200 s
currentSize : 27 <-- 0.065503 s
currentSize : 28 <-- 0.351274 s
currentSize : 29 <-- 0.445707 s
currentSize : 30 <-- 1.105700 s
currentSize : 31 <-- 2.253321 s
currentSize : 32 <-- 9.417436 s
currentSize : 33 <-- 10.078896 s
currentSize : 34 <-- 32.771397 s
currentSize : 35 <-- 32.905602 s
currentSize : 36 <-- 32.905659 s

maxsize : 36
nodes : 4286106.000000
filtered : 196802952.000000
time : 33.452038


Display solution 

0 --> 24
1 --> 9
2 --> 36
3 --> 13
4 --> 8
5 --> 25
6 --> 33
7 --> 3
8 --> 10
9 --> 30
11 --> 29
12 --> 12
14 --> 17
15 --> 2
16 --> 16
17 --> 22
19 --> 35
20 --> 19
21 --> 15
22 --> 20
23 --> 7
24 --> 1
25 --> 11
26 --> 0
28 --> 18
29 --> 28
30 --> 31
31 --> 39
32 --> 14
33 --> 34
34 --> 21
35 --> 23
36 --> 26
37 --> 6
38 --> 32
39 --> 4
