Parameters: GAD=1 vflib=1 dir=0 label=0 lowerbound=1 fileNameGp=../../cp2016-max-common-connected-subgraph-paper/datasets/graphsdb/mcs90/bvg/b03m/mcs90_b03m_s35.A07 fileNameGt=../../cp2016-max-common-connected-subgraph-paper/datasets/graphsdb/mcs90/bvg/b03m/mcs90_b03m_s35.B07
Reading graphs...
35 :  50
35 :  50
Initializing...
maxdom : 35
D->valSize : 1225
Solving...
Blb : 2 (clique : 22)
currentSize : 22 <-- 0.036889 s
currentSize : 23 <-- 0.040565 s
currentSize : 24 <-- 0.055249 s
currentSize : 25 <-- 0.346629 s
currentSize : 26 <-- 1.631261 s
currentSize : 27 <-- 2.317551 s
currentSize : 28 <-- 2.498036 s
currentSize : 30 <-- 2.527491 s

maxsize : 30
nodes : 648220.000000
filtered : 23772485.000000
time : 3.916705


Display solution 

0 --> 19
1 --> 30
3 --> 15
4 --> 5
5 --> 22
6 --> 26
7 --> 29
8 --> 1
10 --> 21
11 --> 18
12 --> 23
13 --> 9
14 --> 34
15 --> 25
16 --> 11
17 --> 33
18 --> 7
19 --> 17
21 --> 4
22 --> 14
23 --> 0
24 --> 27
25 --> 28
27 --> 6
28 --> 8
29 --> 20
30 --> 2
32 --> 16
33 --> 10
34 --> 24
