Parameters: GAD=1 vflib=1 dir=0 label=0 lowerbound=1 fileNameGp=../../cp2016-max-common-connected-subgraph-paper/datasets/graphsdb/mcs90/rand/r005/mcs90_r005_s35.A02 fileNameGt=../../cp2016-max-common-connected-subgraph-paper/datasets/graphsdb/mcs90/rand/r005/mcs90_r005_s35.B02
Reading graphs...
35 :  56
35 :  56
Initializing...
maxdom : 35
D->valSize : 1225
Solving...
Blb : 5 (clique : 20)
currentSize : 20 <-- 0.021025 s
currentSize : 21 <-- 0.021214 s
currentSize : 22 <-- 0.030306 s
currentSize : 23 <-- 0.111982 s
currentSize : 24 <-- 0.333121 s
currentSize : 25 <-- 12.374052 s
currentSize : 26 <-- 37.726826 s
currentSize : 27 <-- 456.541016 s
currentSize : 28 <-- 457.126923 s
currentSize : 29 <-- 460.396332 s
currentSize : 30 <-- 460.396667 s
currentSize : 31 <-- 460.396667 s

maxsize : 31
nodes : 62668997.000000
filtered : 3323866669.000000
time : 460.632996


Display solution 

0 --> 20
1 --> 10
2 --> 25
3 --> 8
4 --> 26
5 --> 27
6 --> 6
7 --> 30
9 --> 9
10 --> 29
11 --> 28
12 --> 21
14 --> 33
16 --> 24
18 --> 31
19 --> 22
20 --> 17
21 --> 15
22 --> 7
23 --> 3
24 --> 14
25 --> 11
26 --> 18
27 --> 34
28 --> 1
29 --> 12
30 --> 0
31 --> 4
32 --> 23
33 --> 5
34 --> 19
