Parameters: GAD=1 vflib=1 dir=0 label=0 lowerbound=1 fileNameGp=../../cp2016-max-common-connected-subgraph-paper/datasets/graphsdb/mcs90/m2D/m2D/mcs90_m2D_s30.A03 fileNameGt=../../cp2016-max-common-connected-subgraph-paper/datasets/graphsdb/mcs90/m2D/m2D/mcs90_m2D_s30.B03
Reading graphs...
30 :  49
30 :  49
Initializing...
maxdom : 30
D->valSize : 900
Solving...
Blb : 2 (clique : 20)
currentSize : 20 <-- 0.011011 s
currentSize : 21 <-- 0.121438 s
currentSize : 22 <-- 0.128400 s
currentSize : 23 <-- 0.677117 s
currentSize : 25 <-- 4.618212 s
currentSize : 27 <-- 4.633421 s

maxsize : 27
nodes : 931277.000000
filtered : 29768368.000000
time : 4.667966


Display solution 

0 --> 6
1 --> 9
2 --> 19
3 --> 20
4 --> 21
5 --> 23
6 --> 17
7 --> 25
8 --> 0
9 --> 2
10 --> 16
11 --> 22
12 --> 11
13 --> 15
14 --> 8
15 --> 28
16 --> 26
17 --> 13
18 --> 18
20 --> 5
21 --> 27
22 --> 29
23 --> 4
24 --> 10
26 --> 24
28 --> 3
29 --> 12
