Parameters: GAD=1 vflib=1 dir=0 label=0 lowerbound=1 fileNameGp=../../cp2016-max-common-connected-subgraph-paper/datasets/graphsdb/mcs90/rand/r02/mcs90_r02_s40.A06 fileNameGt=../../cp2016-max-common-connected-subgraph-paper/datasets/graphsdb/mcs90/rand/r02/mcs90_r02_s40.B06
Reading graphs...
40 :  286
40 :  285
Initializing...
maxdom : 40
D->valSize : 1600
Solving...
Blb : 3 (clique : 13)
currentSize : 13 <-- 0.029328 s
currentSize : 14 <-- 0.069323 s
currentSize : 15 <-- 15.779226 s
currentSize : 16 <-- 55.925411 s
currentSize : 17 <-- 59.930202 s
currentSize : 18 <-- 152.264511 s
currentSize : 20 <-- 340.481720 s
currentSize : 21 <-- 341.288971 s
currentSize : 23 <-- 341.402130 s
currentSize : 36 <-- 341.507263 s

maxsize : 36
nodes : 84457230.000000
filtered : 1153478688.000000
time : 341.695831


Display solution 

0 --> 38
1 --> 1
2 --> 20
3 --> 16
4 --> 29
5 --> 32
6 --> 23
7 --> 35
8 --> 22
9 --> 0
10 --> 12
11 --> 34
12 --> 13
13 --> 26
14 --> 7
16 --> 6
17 --> 21
18 --> 11
20 --> 18
21 --> 25
22 --> 2
23 --> 15
24 --> 17
25 --> 36
26 --> 28
27 --> 31
28 --> 33
29 --> 10
30 --> 37
31 --> 19
32 --> 14
33 --> 24
34 --> 3
36 --> 8
37 --> 39
39 --> 9
