Parameters: GAD=1 vflib=1 dir=0 label=0 lowerbound=1 fileNameGp=../../cp2016-max-common-connected-subgraph-paper/datasets/graphsdb/mcs90/m2D/m2Dr4/mcs90_m2Dr4_s40.A07 fileNameGt=../../cp2016-max-common-connected-subgraph-paper/datasets/graphsdb/mcs90/m2D/m2Dr4/mcs90_m2Dr4_s40.B07
Reading graphs...
40 :  81
40 :  81
Initializing...
maxdom : 40
D->valSize : 1600
Solving...
Blb : 2 (clique : 23)
currentSize : 23 <-- 0.035251 s
currentSize : 24 <-- 0.035484 s
currentSize : 25 <-- 0.266208 s
currentSize : 26 <-- 0.392567 s
currentSize : 27 <-- 2.236812 s
currentSize : 28 <-- 240.796768 s
currentSize : 29 <-- 359.681671 s
currentSize : 30 <-- 433.105499 s
currentSize : 31 <-- 434.536194 s
currentSize : 32 <-- 434.540436 s
currentSize : 36 <-- 449.894196 s

maxsize : 36
nodes : 62550646.000000
filtered : 2818737328.000000
time : 450.094330


Display solution 

0 --> 18
1 --> 10
2 --> 13
3 --> 27
4 --> 33
5 --> 35
6 --> 26
7 --> 4
8 --> 2
9 --> 36
11 --> 34
12 --> 15
13 --> 23
14 --> 22
15 --> 17
16 --> 6
17 --> 28
18 --> 39
19 --> 7
20 --> 30
21 --> 24
22 --> 21
23 --> 29
24 --> 31
25 --> 11
26 --> 20
27 --> 9
28 --> 12
30 --> 16
32 --> 38
33 --> 5
34 --> 32
35 --> 8
37 --> 3
38 --> 0
39 --> 37
