Parameters: GAD=1 vflib=1 dir=0 label=0 lowerbound=1 fileNameGp=../../cp2016-max-common-connected-subgraph-paper/datasets/graphsdb/mcs90/m2D/m2Dr6/mcs90_m2Dr6_s40.A08 fileNameGt=../../cp2016-max-common-connected-subgraph-paper/datasets/graphsdb/mcs90/m2D/m2Dr6/mcs90_m2Dr6_s40.B08
Reading graphs...
40 :  91
40 :  91
Initializing...
maxdom : 40
D->valSize : 1600
Solving...
Blb : 2 (clique : 19)
currentSize : 19 <-- 0.034744 s
currentSize : 21 <-- 0.034948 s
currentSize : 22 <-- 0.035164 s
currentSize : 23 <-- 0.036431 s
currentSize : 24 <-- 0.096255 s
currentSize : 25 <-- 0.611304 s
currentSize : 26 <-- 0.611341 s
currentSize : 27 <-- 355.958405 s
currentSize : 28 <-- 544.687988 s
currentSize : 29 <-- 755.219727 s
currentSize : 30 <-- 755.322937 s
currentSize : 31 <-- 770.623230 s
currentSize : 32 <-- 775.695557 s
currentSize : 36 <-- 777.259460 s

maxsize : 36
nodes : 116676879.000000
filtered : 5246142717.000000
time : 777.488281


Display solution 

0 --> 26
1 --> 24
2 --> 12
4 --> 32
5 --> 38
6 --> 2
7 --> 33
8 --> 1
9 --> 34
10 --> 11
11 --> 7
12 --> 17
13 --> 16
14 --> 37
15 --> 6
16 --> 9
17 --> 15
18 --> 27
19 --> 8
20 --> 25
21 --> 36
22 --> 28
23 --> 0
24 --> 23
25 --> 20
26 --> 31
27 --> 30
28 --> 14
30 --> 21
31 --> 4
32 --> 19
35 --> 35
36 --> 13
37 --> 5
38 --> 3
39 --> 22
