Parameters: GAD=1 vflib=1 dir=0 label=0 lowerbound=1 fileNameGp=../../cp2016-max-common-connected-subgraph-paper/datasets/graphsdb/mcs90/rand/r01/mcs90_r01_s50.A00 fileNameGt=../../cp2016-max-common-connected-subgraph-paper/datasets/graphsdb/mcs90/rand/r01/mcs90_r01_s50.B00
Reading graphs...
50 :  228
50 :  230
Initializing...
maxdom : 50
D->valSize : 2500
Solving...
Blb : 2 (clique : 19)
currentSize : 19 <-- 0.084345 s
currentSize : 20 <-- 0.086610 s
currentSize : 21 <-- 0.162652 s
currentSize : 22 <-- 1.295171 s
currentSize : 23 <-- 36.637562 s
currentSize : 24 <-- 52.666042 s
currentSize : 25 <-- 52.666111 s
currentSize : 26 <-- 105.144974 s
currentSize : 27 <-- 172.563477 s
currentSize : 28 <-- 325.882263 s
currentSize : 29 <-- 325.882355 s
currentSize : 30 <-- 364.510956 s
currentSize : 32 <-- 364.898621 s
currentSize : 34 <-- 481.584961 s
currentSize : 35 <-- 492.394806 s
currentSize : 37 <-- 492.486633 s
currentSize : 39 <-- 495.008057 s
currentSize : 45 <-- 507.972229 s

maxsize : 45
nodes : 65020716.000000
filtered : 3131756541.000000
time : 508.234894


Display solution 

0 --> 4
2 --> 19
3 --> 5
4 --> 21
5 --> 36
7 --> 26
8 --> 30
9 --> 15
10 --> 33
11 --> 49
12 --> 39
13 --> 32
14 --> 8
15 --> 22
16 --> 2
17 --> 45
18 --> 12
20 --> 23
21 --> 14
22 --> 0
23 --> 9
24 --> 24
25 --> 11
26 --> 37
27 --> 20
28 --> 35
29 --> 25
30 --> 42
32 --> 48
33 --> 43
34 --> 13
35 --> 47
36 --> 27
37 --> 7
38 --> 31
39 --> 38
40 --> 17
41 --> 1
42 --> 40
43 --> 41
45 --> 44
46 --> 18
47 --> 3
48 --> 16
49 --> 29
