Parameters: GAD=1 vflib=1 dir=0 label=0 lowerbound=1 fileNameGp=../../cp2016-max-common-connected-subgraph-paper/datasets/graphsdb/mcs90/rand/r01/mcs90_r01_s35.A07 fileNameGt=../../cp2016-max-common-connected-subgraph-paper/datasets/graphsdb/mcs90/rand/r01/mcs90_r01_s35.B07
Reading graphs...
35 :  112
35 :  112
Initializing...
maxdom : 35
D->valSize : 1225
Solving...
Blb : 2 (clique : 14)
currentSize : 14 <-- 0.019282 s
currentSize : 16 <-- 0.019419 s
currentSize : 17 <-- 0.021088 s
currentSize : 18 <-- 0.028723 s
currentSize : 19 <-- 1.459414 s
currentSize : 20 <-- 21.866510 s
currentSize : 21 <-- 45.087692 s
currentSize : 23 <-- 92.608879 s
currentSize : 25 <-- 92.660812 s
currentSize : 26 <-- 92.662865 s
currentSize : 31 <-- 92.663849 s

maxsize : 31
nodes : 19278056.000000
filtered : 466704406.000000
time : 92.725571


Display solution 

0 --> 24
1 --> 11
2 --> 8
3 --> 33
4 --> 9
5 --> 21
6 --> 0
7 --> 13
9 --> 1
10 --> 2
11 --> 27
12 --> 26
14 --> 25
15 --> 18
16 --> 17
17 --> 34
18 --> 6
19 --> 28
20 --> 12
21 --> 29
22 --> 23
23 --> 5
24 --> 30
25 --> 22
26 --> 3
28 --> 20
29 --> 31
30 --> 32
31 --> 19
33 --> 16
34 --> 4
