Parameters: GAD=1 vflib=1 dir=0 label=0 lowerbound=1 fileNameGp=../../cp2016-max-common-connected-subgraph-paper/datasets/graphsdb/mcs90/bvg/b09m/mcs90_b09m_s30.A01 fileNameGt=../../cp2016-max-common-connected-subgraph-paper/datasets/graphsdb/mcs90/bvg/b09m/mcs90_b09m_s30.B01
Reading graphs...
30 :  131
30 :  131
Initializing...
maxdom : 30
D->valSize : 900
Solving...
Blb : 2 (clique : 11)
currentSize : 11 <-- 0.009677 s
currentSize : 12 <-- 0.009808 s
currentSize : 13 <-- 0.010216 s
currentSize : 14 <-- 0.051605 s
currentSize : 15 <-- 0.107535 s
currentSize : 16 <-- 0.107560 s
currentSize : 17 <-- 0.107610 s
currentSize : 18 <-- 0.277123 s
currentSize : 19 <-- 2.786923 s
currentSize : 20 <-- 2.786972 s
currentSize : 26 <-- 2.795409 s

maxsize : 26
nodes : 595628.000000
filtered : 16642433.000000
time : 2.849459


Display solution 

0 --> 7
1 --> 26
2 --> 21
3 --> 28
4 --> 14
5 --> 22
6 --> 12
7 --> 23
8 --> 9
9 --> 17
12 --> 3
13 --> 1
14 --> 18
15 --> 20
16 --> 29
18 --> 4
19 --> 5
20 --> 16
21 --> 24
22 --> 0
24 --> 11
25 --> 19
26 --> 15
27 --> 25
28 --> 8
29 --> 6
