Parameters: GAD=1 vflib=1 dir=0 label=0 lowerbound=1 fileNameGp=../../cp2016-max-common-connected-subgraph-paper/datasets/graphsdb/mcs90/rand/r005/mcs90_r005_s35.A00 fileNameGt=../../cp2016-max-common-connected-subgraph-paper/datasets/graphsdb/mcs90/rand/r005/mcs90_r005_s35.B00
Reading graphs...
35 :  57
35 :  56
Initializing...
maxdom : 35
D->valSize : 1225
Solving...
Blb : 5 (clique : 21)
currentSize : 21 <-- 0.036331 s
currentSize : 22 <-- 0.042883 s
currentSize : 23 <-- 0.182582 s
currentSize : 24 <-- 1.580626 s
currentSize : 25 <-- 6.727651 s
currentSize : 26 <-- 11.972629 s
currentSize : 27 <-- 29.144823 s
currentSize : 28 <-- 60.480507 s
currentSize : 29 <-- 69.209000 s
currentSize : 30 <-- 83.498199 s
currentSize : 31 <-- 83.509819 s

maxsize : 31
nodes : 10663635.000000
filtered : 626304586.000000
time : 84.605026


Display solution 

0 --> 21
1 --> 3
2 --> 6
3 --> 27
4 --> 24
5 --> 8
6 --> 28
7 --> 30
8 --> 25
9 --> 29
10 --> 18
12 --> 13
14 --> 31
15 --> 11
16 --> 10
17 --> 32
18 --> 22
20 --> 0
21 --> 17
22 --> 23
23 --> 20
25 --> 4
26 --> 14
27 --> 1
28 --> 7
29 --> 9
30 --> 15
31 --> 5
32 --> 33
33 --> 12
34 --> 26
