Parameters: GAD=1 vflib=1 dir=0 label=0 lowerbound=1 fileNameGp=../../cp2016-max-common-connected-subgraph-paper/datasets/graphsdb/mcs90/bvg/b03m/mcs90_b03m_s20.A02 fileNameGt=../../cp2016-max-common-connected-subgraph-paper/datasets/graphsdb/mcs90/bvg/b03m/mcs90_b03m_s20.B02
Reading graphs...
20 :  29
20 :  29
Initializing...
maxdom : 20
D->valSize : 400
Solving...
Blb : 2 (clique : 12)
currentSize : 12 <-- 0.002370 s
currentSize : 13 <-- 0.002460 s
currentSize : 14 <-- 0.002818 s
currentSize : 15 <-- 0.003524 s
currentSize : 16 <-- 0.066392 s
currentSize : 17 <-- 0.086223 s
currentSize : 18 <-- 0.086655 s

maxsize : 18
nodes : 24967.000000
filtered : 515547.000000
time : 0.087576


Display solution 

0 --> 17
1 --> 10
2 --> 16
3 --> 7
4 --> 13
5 --> 1
6 --> 15
7 --> 6
9 --> 19
10 --> 14
11 --> 18
12 --> 12
13 --> 8
14 --> 0
15 --> 4
16 --> 9
17 --> 11
18 --> 3
