Parameters: GAD=1 vflib=1 dir=0 label=0 lowerbound=1 fileNameGp=../../cp2016-max-common-connected-subgraph-paper/datasets/graphsdb/mcs90/bvg/b06m/mcs90_b06m_s50.A05 fileNameGt=../../cp2016-max-common-connected-subgraph-paper/datasets/graphsdb/mcs90/bvg/b06m/mcs90_b06m_s50.B05
Reading graphs...
50 :  150
50 :  150
Initializing...
maxdom : 50
D->valSize : 2500
Solving...
Blb : 2 (clique : 22)
currentSize : 22 <-- 0.121663 s
currentSize : 23 <-- 0.122062 s
currentSize : 24 <-- 0.128500 s
currentSize : 25 <-- 0.128607 s
currentSize : 26 <-- 2.782881 s
currentSize : 27 <-- 17.611893 s
currentSize : 28 <-- 18.407764 s
currentSize : 29 <-- 116.696434 s
currentSize : 30 <-- 394.987793 s
currentSize : 31 <-- 400.213684 s
currentSize : 32 <-- 404.674164 s
currentSize : 34 <-- 406.966003 s
currentSize : 36 <-- 437.013855 s
currentSize : 37 <-- 439.419708 s
currentSize : 40 <-- 439.513702 s
currentSize : 42 <-- 447.319458 s
currentSize : 45 <-- 447.322968 s

maxsize : 45
nodes : 61572623.000000
filtered : 2726634990.000000
time : 447.871918


Display solution 

0 --> 25
1 --> 38
2 --> 48
3 --> 20
4 --> 49
5 --> 36
6 --> 28
7 --> 34
8 --> 47
9 --> 10
10 --> 24
11 --> 45
12 --> 12
14 --> 4
15 --> 8
16 --> 43
17 --> 23
18 --> 44
19 --> 35
20 --> 21
21 --> 32
23 --> 5
24 --> 33
25 --> 15
26 --> 18
27 --> 26
28 --> 27
30 --> 17
31 --> 14
32 --> 31
33 --> 2
34 --> 30
35 --> 13
36 --> 1
37 --> 29
38 --> 7
39 --> 19
40 --> 42
41 --> 16
42 --> 46
43 --> 3
44 --> 6
45 --> 22
46 --> 11
48 --> 40
