Parameters: GAD=1 vflib=1 dir=0 label=0 lowerbound=1 fileNameGp=../../cp2016-max-common-connected-subgraph-paper/datasets/graphsdb/mcs90/bvg/b06m/mcs90_b06m_s40.A00 fileNameGt=../../cp2016-max-common-connected-subgraph-paper/datasets/graphsdb/mcs90/bvg/b06m/mcs90_b06m_s40.B00
Reading graphs...
40 :  120
40 :  120
Initializing...
maxdom : 40
D->valSize : 1600
Solving...
Blb : 2 (clique : 19)
currentSize : 19 <-- 0.033244 s
currentSize : 20 <-- 0.034559 s
currentSize : 21 <-- 0.035122 s
currentSize : 22 <-- 0.036038 s
currentSize : 23 <-- 0.069430 s
currentSize : 24 <-- 52.256634 s
currentSize : 25 <-- 66.310951 s
currentSize : 26 <-- 81.476410 s
currentSize : 27 <-- 81.476463 s
currentSize : 28 <-- 176.380112 s
currentSize : 29 <-- 209.780334 s
currentSize : 30 <-- 209.786026 s
currentSize : 33 <-- 212.789749 s
currentSize : 34 <-- 212.789795 s
currentSize : 36 <-- 212.789856 s

maxsize : 36
nodes : 29201736.000000
filtered : 1510817239.000000
time : 212.891205


Display solution 

0 --> 11
2 --> 22
3 --> 6
4 --> 19
5 --> 17
6 --> 34
7 --> 18
8 --> 36
9 --> 37
10 --> 24
11 --> 2
12 --> 3
13 --> 31
14 --> 32
15 --> 7
16 --> 4
17 --> 14
18 --> 25
19 --> 35
21 --> 30
22 --> 21
23 --> 29
24 --> 20
25 --> 1
26 --> 15
27 --> 13
28 --> 12
30 --> 10
31 --> 0
32 --> 8
33 --> 33
35 --> 26
36 --> 5
37 --> 39
38 --> 28
39 --> 9
