Parameters: GAD=1 vflib=1 dir=0 label=0 lowerbound=1 fileNameGp=../../cp2016-max-common-connected-subgraph-paper/datasets/graphsdb/mcs90/rand/r005/mcs90_r005_s20.A09 fileNameGt=../../cp2016-max-common-connected-subgraph-paper/datasets/graphsdb/mcs90/rand/r005/mcs90_r005_s20.B09
Reading graphs...
20 :  21
20 :  21
Initializing...
maxdom : 20
D->valSize : 400
Solving...
Blb : 2 (clique : 14)
currentSize : 14 <-- 0.004211 s
currentSize : 15 <-- 0.007145 s
currentSize : 16 <-- 0.016022 s
currentSize : 17 <-- 0.016298 s
currentSize : 18 <-- 0.044154 s

maxsize : 18
nodes : 7326.000000
filtered : 153812.000000
time : 0.045800


Display solution 

0 --> 7
1 --> 3
2 --> 4
3 --> 1
4 --> 6
5 --> 18
6 --> 19
7 --> 11
9 --> 13
10 --> 9
11 --> 2
12 --> 15
13 --> 12
14 --> 5
15 --> 0
16 --> 8
17 --> 10
19 --> 17
