Parameters: GAD=1 vflib=1 dir=0 label=0 lowerbound=1 fileNameGp=../../cp2016-max-common-connected-subgraph-paper/datasets/graphsdb/mcs90/rand/r02/mcs90_r02_s25.A04 fileNameGt=../../cp2016-max-common-connected-subgraph-paper/datasets/graphsdb/mcs90/rand/r02/mcs90_r02_s25.B04
Reading graphs...
25 :  107
25 :  108
Initializing...
maxdom : 25
D->valSize : 625
Solving...
Blb : 2 (clique : 9)
currentSize : 9 <-- 0.008195 s
currentSize : 10 <-- 0.008316 s
currentSize : 11 <-- 0.008393 s
currentSize : 12 <-- 0.010560 s
currentSize : 13 <-- 0.202250 s
currentSize : 14 <-- 1.236406 s
currentSize : 22 <-- 2.190228 s

maxsize : 22
nodes : 678362.000000
filtered : 8586321.000000
time : 2.201346


Display solution 

0 --> 17
1 --> 15
2 --> 8
3 --> 11
4 --> 20
5 --> 18
6 --> 6
7 --> 0
8 --> 16
9 --> 5
10 --> 1
11 --> 22
12 --> 7
13 --> 2
14 --> 9
16 --> 3
19 --> 21
20 --> 23
21 --> 13
22 --> 10
23 --> 12
24 --> 19
