Parameters: GAD=1 vflib=1 dir=0 label=0 lowerbound=1 fileNameGp=../../cp2016-max-common-connected-subgraph-paper/datasets/graphsdb/mcs90/bvg/b09m/mcs90_b09m_s30.A00 fileNameGt=../../cp2016-max-common-connected-subgraph-paper/datasets/graphsdb/mcs90/bvg/b09m/mcs90_b09m_s30.B00
Reading graphs...
30 :  128
30 :  129
Initializing...
maxdom : 30
D->valSize : 900
Solving...
Blb : 5 (clique : 12)
currentSize : 12 <-- 0.009879 s
currentSize : 13 <-- 0.011092 s
currentSize : 14 <-- 0.017284 s
currentSize : 15 <-- 0.019447 s
currentSize : 16 <-- 0.819049 s
currentSize : 17 <-- 2.543120 s
currentSize : 18 <-- 4.555314 s
currentSize : 26 <-- 6.750407 s

maxsize : 26
nodes : 1632898.000000
filtered : 33774418.000000
time : 6.815232


Display solution 

0 --> 8
1 --> 26
2 --> 1
3 --> 6
4 --> 13
5 --> 5
6 --> 19
7 --> 0
8 --> 16
9 --> 23
10 --> 18
11 --> 21
12 --> 7
13 --> 11
14 --> 20
16 --> 14
17 --> 29
18 --> 10
19 --> 12
20 --> 24
22 --> 17
23 --> 22
24 --> 3
25 --> 28
26 --> 4
29 --> 9
