Parameters: GAD=1 vflib=1 dir=0 label=0 lowerbound=1 fileNameGp=../../cp2016-max-common-connected-subgraph-paper/datasets/graphsdb/mcs90/m2D/m2Dr2/mcs90_m2Dr2_s30.A07 fileNameGt=../../cp2016-max-common-connected-subgraph-paper/datasets/graphsdb/mcs90/m2D/m2Dr2/mcs90_m2Dr2_s30.B07
Reading graphs...
30 :  54
30 :  52
Initializing...
maxdom : 30
D->valSize : 900
Solving...
Blb : 2 (clique : 17)
currentSize : 17 <-- 0.011091 s
currentSize : 18 <-- 0.011229 s
currentSize : 19 <-- 0.011504 s
currentSize : 20 <-- 0.040800 s
currentSize : 21 <-- 0.093942 s
currentSize : 22 <-- 0.237382 s
currentSize : 23 <-- 5.968458 s
currentSize : 25 <-- 6.244062 s

maxsize : 25
nodes : 1367706.000000
filtered : 45226497.000000
time : 7.060761


Display solution 

0 --> 14
1 --> 8
2 --> 17
3 --> 6
4 --> 10
5 --> 26
7 --> 19
8 --> 4
9 --> 20
10 --> 15
11 --> 5
12 --> 2
13 --> 7
14 --> 12
15 --> 29
16 --> 18
18 --> 24
19 --> 1
20 --> 3
21 --> 25
23 --> 27
24 --> 9
25 --> 16
26 --> 13
28 --> 28
