Parameters: GAD=1 vflib=1 dir=0 label=0 lowerbound=1 fileNameGp=../../cp2016-max-common-connected-subgraph-paper/datasets/graphsdb/mcs90/rand/r02/mcs90_r02_s10.A08 fileNameGt=../../cp2016-max-common-connected-subgraph-paper/datasets/graphsdb/mcs90/rand/r02/mcs90_r02_s10.B08
Reading graphs...
10 :  16
10 :  16
Initializing...
maxdom : 10
D->valSize : 100
Solving...
Blb : 5 (clique : 6)
currentSize : 6 <-- 0.000492 s
currentSize : 7 <-- 0.000895 s
currentSize : 8 <-- 0.000988 s
currentSize : 9 <-- 0.001099 s

maxsize : 9
nodes : 387.000000
filtered : 2504.000000
time : 0.001142


Display solution 

0 --> 7
2 --> 9
3 --> 4
4 --> 6
5 --> 8
6 --> 0
7 --> 5
8 --> 3
9 --> 1
