Parameters: GAD=1 vflib=1 dir=0 label=0 lowerbound=1 fileNameGp=../../cp2016-max-common-connected-subgraph-paper/datasets/graphsdb/mcs90/bvg/b03m/mcs90_b03m_s50.A04 fileNameGt=../../cp2016-max-common-connected-subgraph-paper/datasets/graphsdb/mcs90/bvg/b03m/mcs90_b03m_s50.B04
Reading graphs...
50 :  74
50 :  74
Initializing...
maxdom : 50
D->valSize : 2500
Solving...
Blb : 2 (clique : 31)
currentSize : 31 <-- 0.124951 s
currentSize : 32 <-- 0.125385 s
currentSize : 33 <-- 0.133738 s
currentSize : 34 <-- 0.345993 s
currentSize : 35 <-- 2.290059 s
currentSize : 36 <-- 2.559293 s
currentSize : 37 <-- 19.737091 s
currentSize : 38 <-- 915.314636 s
currentSize : 39 <-- 945.336853 s
currentSize : 40 <-- 953.243591 s

TIMEOUT
maxsize : 40
nodes : 125560165.000000
filtered : 6126984589.000000
time : 1000.000000


Display solution 

0 --> 0
1 --> 26
2 --> 31
3 --> 35
5 --> 33
6 --> 28
7 --> 44
9 --> 42
10 --> 5
11 --> 40
12 --> 12
13 --> 38
14 --> 34
15 --> 48
17 --> 17
21 --> 29
22 --> 8
25 --> 3
26 --> 11
27 --> 46
28 --> 18
29 --> 39
30 --> 21
31 --> 37
32 --> 36
33 --> 20
34 --> 47
35 --> 22
36 --> 30
37 --> 2
38 --> 27
39 --> 19
40 --> 16
41 --> 23
42 --> 14
43 --> 4
44 --> 6
45 --> 10
46 --> 15
49 --> 45
