Parameters: GAD=1 vflib=1 dir=0 label=0 lowerbound=1 fileNameGp=../../cp2016-max-common-connected-subgraph-paper/datasets/graphsdb/mcs90/bvg/b09/mcs90_b09_s35.A05 fileNameGt=../../cp2016-max-common-connected-subgraph-paper/datasets/graphsdb/mcs90/bvg/b09/mcs90_b09_s35.B05
Reading graphs...
35 :  157
35 :  156
Initializing...
maxdom : 35
D->valSize : 1225
Solving...
Blb : 2 (clique : 13)
currentSize : 13 <-- 0.018172 s
currentSize : 15 <-- 0.018297 s
currentSize : 16 <-- 0.018857 s
currentSize : 17 <-- 0.020057 s
currentSize : 18 <-- 0.023389 s
currentSize : 19 <-- 0.118911 s
currentSize : 20 <-- 0.150599 s
currentSize : 21 <-- 0.189442 s
currentSize : 22 <-- 0.208424 s
currentSize : 24 <-- 0.224433 s
currentSize : 26 <-- 0.290282 s
currentSize : 30 <-- 0.319859 s

maxsize : 30
nodes : 114949.000000
filtered : 5133089.000000
time : 0.726871


Display solution 

0 --> 18
1 --> 16
2 --> 23
3 --> 28
4 --> 19
5 --> 7
7 --> 8
9 --> 0
10 --> 13
11 --> 5
12 --> 3
13 --> 1
14 --> 24
15 --> 6
17 --> 21
18 --> 26
19 --> 22
20 --> 12
21 --> 25
22 --> 15
23 --> 9
24 --> 2
25 --> 20
27 --> 32
29 --> 27
30 --> 11
31 --> 17
32 --> 14
33 --> 4
34 --> 29
