Parameters: GAD=1 vflib=1 dir=0 label=0 lowerbound=1 fileNameGp=../../cp2016-max-common-connected-subgraph-paper/datasets/graphsdb/mcs90/bvg/b09/mcs90_b09_s35.A06 fileNameGt=../../cp2016-max-common-connected-subgraph-paper/datasets/graphsdb/mcs90/bvg/b09/mcs90_b09_s35.B06
Reading graphs...
35 :  156
35 :  157
Initializing...
maxdom : 35
D->valSize : 1225
Solving...
Blb : 2 (clique : 15)
currentSize : 15 <-- 0.031380 s
currentSize : 16 <-- 0.031598 s
currentSize : 17 <-- 0.031942 s
currentSize : 18 <-- 0.032615 s
currentSize : 19 <-- 0.414412 s
currentSize : 20 <-- 0.416757 s
currentSize : 21 <-- 0.647993 s
currentSize : 23 <-- 0.648021 s
currentSize : 27 <-- 0.648471 s
currentSize : 30 <-- 0.648553 s

maxsize : 30
nodes : 186247.000000
filtered : 6868620.000000
time : 1.078310


Display solution 

0 --> 5
1 --> 34
2 --> 23
3 --> 12
4 --> 20
5 --> 1
7 --> 11
8 --> 7
9 --> 26
10 --> 22
11 --> 14
15 --> 8
16 --> 3
17 --> 31
18 --> 13
19 --> 9
20 --> 18
22 --> 30
23 --> 25
24 --> 17
25 --> 27
26 --> 24
27 --> 19
28 --> 10
29 --> 21
30 --> 29
31 --> 6
32 --> 32
33 --> 28
34 --> 33
