Parameters: GAD=1 vflib=1 dir=0 label=0 lowerbound=1 fileNameGp=../../cp2016-max-common-connected-subgraph-paper/datasets/graphsdb/mcs90/m2D/m2Dr4/mcs90_m2Dr4_s40.A05 fileNameGt=../../cp2016-max-common-connected-subgraph-paper/datasets/graphsdb/mcs90/m2D/m2Dr4/mcs90_m2Dr4_s40.B05
Reading graphs...
40 :  83
40 :  81
Initializing...
maxdom : 40
D->valSize : 1600
Solving...
Blb : 2 (clique : 23)
currentSize : 23 <-- 0.035718 s
currentSize : 24 <-- 0.035959 s
currentSize : 25 <-- 0.112099 s
currentSize : 26 <-- 0.167377 s
currentSize : 27 <-- 2.115952 s
currentSize : 28 <-- 342.878845 s
currentSize : 29 <-- 518.552551 s
currentSize : 30 <-- 624.991882 s
currentSize : 31 <-- 629.821716 s
currentSize : 32 <-- 660.516418 s
currentSize : 35 <-- 662.337341 s
currentSize : 36 <-- 662.337463 s

maxsize : 36
nodes : 97632008.000000
filtered : 4239549455.000000
time : 662.664978


Display solution 

0 --> 19
1 --> 3
2 --> 9
3 --> 12
4 --> 16
5 --> 10
6 --> 31
7 --> 34
8 --> 28
9 --> 35
10 --> 13
11 --> 22
12 --> 37
13 --> 29
14 --> 14
15 --> 7
16 --> 18
17 --> 6
18 --> 2
19 --> 38
21 --> 33
22 --> 20
24 --> 26
25 --> 4
26 --> 24
27 --> 5
29 --> 25
30 --> 21
31 --> 32
33 --> 0
34 --> 36
35 --> 15
36 --> 30
37 --> 17
38 --> 39
39 --> 27
