Parameters: GAD=1 vflib=1 dir=0 label=0 lowerbound=1 fileNameGp=../../cp2016-max-common-connected-subgraph-paper/datasets/graphsdb/mcs90/bvg/b09/mcs90_b09_s30.A07 fileNameGt=../../cp2016-max-common-connected-subgraph-paper/datasets/graphsdb/mcs90/bvg/b09/mcs90_b09_s30.B07
Reading graphs...
30 :  135
30 :  135
Initializing...
maxdom : 30
D->valSize : 900
Solving...
Blb : 2 (clique : 13)
currentSize : 13 <-- 0.009765 s
currentSize : 17 <-- 0.009870 s
currentSize : 21 <-- 0.009906 s
currentSize : 22 <-- 0.010057 s
currentSize : 23 <-- 0.023032 s
currentSize : 26 <-- 0.023092 s

maxsize : 26
nodes : 23666.000000
filtered : 1397259.000000
time : 0.175156


Display solution 

0 --> 29
1 --> 12
2 --> 13
3 --> 28
4 --> 9
5 --> 2
7 --> 26
8 --> 8
9 --> 18
10 --> 17
11 --> 5
12 --> 0
14 --> 4
15 --> 21
16 --> 1
17 --> 20
18 --> 27
19 --> 15
21 --> 3
22 --> 7
23 --> 22
24 --> 16
25 --> 6
26 --> 14
27 --> 11
28 --> 10
