Parameters: GAD=1 vflib=1 dir=0 label=0 lowerbound=1 fileNameGp=../../cp2016-max-common-connected-subgraph-paper/datasets/graphsdb/mcs90/m2D/m2Dr6/mcs90_m2Dr6_s40.A07 fileNameGt=../../cp2016-max-common-connected-subgraph-paper/datasets/graphsdb/mcs90/m2D/m2Dr6/mcs90_m2Dr6_s40.B07
Reading graphs...
40 :  91
40 :  88
Initializing...
maxdom : 40
D->valSize : 1600
Solving...
Blb : 2 (clique : 21)
currentSize : 21 <-- 0.034799 s
currentSize : 22 <-- 0.035007 s
currentSize : 23 <-- 0.036338 s
currentSize : 24 <-- 0.271065 s
currentSize : 25 <-- 30.296574 s
currentSize : 26 <-- 131.712296 s
currentSize : 28 <-- 201.953644 s
currentSize : 30 <-- 230.404556 s
currentSize : 31 <-- 230.814117 s
currentSize : 32 <-- 230.814148 s
currentSize : 36 <-- 231.869812 s

maxsize : 36
nodes : 40963900.000000
filtered : 1363505337.000000
time : 232.300400


Display solution 

0 --> 6
1 --> 9
2 --> 17
3 --> 21
4 --> 7
5 --> 22
6 --> 24
7 --> 26
8 --> 33
9 --> 38
10 --> 37
11 --> 15
12 --> 31
13 --> 25
14 --> 18
15 --> 3
16 --> 1
17 --> 23
18 --> 28
19 --> 2
20 --> 14
21 --> 30
22 --> 5
23 --> 35
25 --> 36
26 --> 8
27 --> 32
28 --> 10
29 --> 12
31 --> 19
32 --> 4
35 --> 0
36 --> 11
37 --> 27
38 --> 39
39 --> 13
