Parameters: GAD=1 vflib=1 dir=0 label=0 lowerbound=1 fileNameGp=../../cp2016-max-common-connected-subgraph-paper/datasets/graphsdb/mcs90/rand/r01/mcs90_r01_s20.A01 fileNameGt=../../cp2016-max-common-connected-subgraph-paper/datasets/graphsdb/mcs90/rand/r01/mcs90_r01_s20.B01
Reading graphs...
20 :  36
20 :  36
Initializing...
maxdom : 20
D->valSize : 400
Solving...
Blb : 2 (clique : 11)
currentSize : 11 <-- 0.003949 s
currentSize : 12 <-- 0.004426 s
currentSize : 13 <-- 0.005063 s
currentSize : 14 <-- 0.005716 s
currentSize : 15 <-- 0.006459 s
currentSize : 16 <-- 0.007819 s
currentSize : 18 <-- 0.045309 s

maxsize : 18
nodes : 6715.000000
filtered : 180459.000000
time : 0.045776


Display solution 

1 --> 5
2 --> 18
3 --> 15
4 --> 3
5 --> 2
6 --> 10
7 --> 12
8 --> 17
9 --> 14
10 --> 6
11 --> 1
12 --> 16
13 --> 19
14 --> 11
15 --> 9
16 --> 7
18 --> 13
19 --> 4
