Parameters: GAD=1 vflib=1 dir=0 label=0 lowerbound=1 fileNameGp=../../cp2016-max-common-connected-subgraph-paper/datasets/graphsdb/mcs90/rand/r02/mcs90_r02_s40.A05 fileNameGt=../../cp2016-max-common-connected-subgraph-paper/datasets/graphsdb/mcs90/rand/r02/mcs90_r02_s40.B05
Reading graphs...
40 :  283
40 :  287
Initializing...
maxdom : 40
D->valSize : 1600
Solving...
Blb : 2 (clique : 10)
currentSize : 10 <-- 0.029198 s
currentSize : 12 <-- 0.029342 s
currentSize : 13 <-- 0.031027 s
currentSize : 14 <-- 0.167569 s
currentSize : 15 <-- 4.976439 s
currentSize : 17 <-- 40.736320 s
currentSize : 18 <-- 174.319580 s
currentSize : 19 <-- 241.308304 s
currentSize : 23 <-- 242.204636 s
currentSize : 28 <-- 308.529053 s
currentSize : 36 <-- 313.401550 s

maxsize : 36
nodes : 69806585.000000
filtered : 1280333507.000000
time : 313.491577


Display solution 

1 --> 16
2 --> 35
3 --> 23
4 --> 29
5 --> 3
6 --> 20
7 --> 1
8 --> 37
9 --> 24
10 --> 17
11 --> 15
12 --> 10
13 --> 39
14 --> 27
15 --> 38
16 --> 19
17 --> 18
19 --> 5
20 --> 33
21 --> 9
22 --> 13
23 --> 22
24 --> 7
25 --> 28
26 --> 32
27 --> 30
30 --> 11
31 --> 25
32 --> 2
33 --> 31
34 --> 0
35 --> 4
36 --> 8
37 --> 34
38 --> 12
39 --> 6
