Parameters: GAD=1 vflib=1 dir=0 label=0 lowerbound=1 fileNameGp=../../cp2016-max-common-connected-subgraph-paper/datasets/graphsdb/mcs90/bvg/b03m/mcs90_b03m_s30.A02 fileNameGt=../../cp2016-max-common-connected-subgraph-paper/datasets/graphsdb/mcs90/bvg/b03m/mcs90_b03m_s30.B02
Reading graphs...
30 :  45
30 :  45
Initializing...
maxdom : 30
D->valSize : 900
Solving...
Blb : 2 (clique : 19)
currentSize : 19 <-- 0.011261 s
currentSize : 20 <-- 0.011982 s
currentSize : 21 <-- 0.014919 s
currentSize : 22 <-- 0.073472 s
currentSize : 23 <-- 2.176423 s
currentSize : 24 <-- 5.345307 s
currentSize : 25 <-- 6.447216 s
currentSize : 26 <-- 6.906212 s
currentSize : 27 <-- 6.967086 s

maxsize : 27
nodes : 1319788.000000
filtered : 43085294.000000
time : 6.976999


Display solution 

1 --> 10
2 --> 4
3 --> 1
4 --> 13
5 --> 19
6 --> 11
7 --> 6
9 --> 12
10 --> 23
11 --> 0
12 --> 20
13 --> 18
14 --> 22
16 --> 17
17 --> 3
18 --> 9
19 --> 8
20 --> 16
21 --> 25
22 --> 26
23 --> 14
24 --> 15
25 --> 2
26 --> 28
27 --> 24
28 --> 5
29 --> 27
