Parameters: GAD=1 vflib=1 dir=0 label=0 lowerbound=1 fileNameGp=../../cp2016-max-common-connected-subgraph-paper/datasets/graphsdb/mcs90/m2D/m2Dr6/mcs90_m2Dr6_s50.A02 fileNameGt=../../cp2016-max-common-connected-subgraph-paper/datasets/graphsdb/mcs90/m2D/m2Dr6/mcs90_m2Dr6_s50.B02
Reading graphs...
50 :  114
50 :  113
Initializing...
maxdom : 50
D->valSize : 2500
Solving...
Blb : 2 (clique : 26)
currentSize : 26 <-- 0.160348 s
currentSize : 27 <-- 0.160933 s
currentSize : 28 <-- 0.161175 s
currentSize : 29 <-- 0.163068 s
currentSize : 30 <-- 0.163333 s
currentSize : 31 <-- 0.773070 s
currentSize : 32 <-- 131.509109 s
currentSize : 33 <-- 184.843475 s
currentSize : 34 <-- 368.155029 s
currentSize : 35 <-- 375.933777 s
currentSize : 36 <-- 375.933838 s
currentSize : 37 <-- 378.033539 s
currentSize : 38 <-- 378.480896 s
currentSize : 40 <-- 378.495026 s
currentSize : 41 <-- 378.776672 s
currentSize : 42 <-- 378.886230 s
currentSize : 45 <-- 378.920807 s
currentSize : 49 <-- 378.929443 s

maxsize : 49
nodes : 52567366.000000
filtered : 2614821931.000000
time : 378.933685


Display solution 

0 --> 18
1 --> 15
2 --> 31
3 --> 0
5 --> 13
6 --> 14
7 --> 4
8 --> 6
9 --> 3
10 --> 35
11 --> 38
12 --> 7
13 --> 41
14 --> 23
15 --> 44
16 --> 19
17 --> 40
18 --> 49
19 --> 42
20 --> 25
21 --> 48
22 --> 30
23 --> 28
24 --> 29
25 --> 39
26 --> 16
27 --> 27
28 --> 37
29 --> 21
30 --> 43
31 --> 32
32 --> 10
33 --> 12
34 --> 34
35 --> 5
36 --> 9
37 --> 47
38 --> 20
39 --> 11
40 --> 8
41 --> 17
42 --> 2
43 --> 24
44 --> 1
45 --> 36
46 --> 26
47 --> 33
48 --> 45
49 --> 22
