Parameters: GAD=1 vflib=1 dir=0 label=0 lowerbound=1 fileNameGp=../../cp2016-max-common-connected-subgraph-paper/datasets/graphsdb/mcs90/m2D/m2Dr2/mcs90_m2Dr2_s50.A05 fileNameGt=../../cp2016-max-common-connected-subgraph-paper/datasets/graphsdb/mcs90/m2D/m2Dr2/mcs90_m2Dr2_s50.B05
Reading graphs...
50 :  95
50 :  94
Initializing...
maxdom : 50
D->valSize : 2500
Solving...
Blb : 2 (clique : 29)
currentSize : 29 <-- 0.096215 s
currentSize : 30 <-- 0.105052 s
currentSize : 31 <-- 0.106283 s
currentSize : 32 <-- 0.582023 s
currentSize : 33 <-- 0.975134 s
currentSize : 34 <-- 1.056048 s
currentSize : 35 <-- 1.076573 s
currentSize : 36 <-- 1.354247 s
currentSize : 37 <-- 1.356944 s
currentSize : 38 <-- 4.509935 s
currentSize : 39 <-- 10.052186 s
currentSize : 40 <-- 10.052521 s
currentSize : 41 <-- 10.215885 s
currentSize : 42 <-- 12.707485 s
currentSize : 44 <-- 18.551104 s
currentSize : 45 <-- 18.585011 s
currentSize : 46 <-- 20.114632 s
currentSize : 49 <-- 20.115309 s

maxsize : 49
nodes : 2032128.000000
filtered : 112908902.000000
time : 20.117519


Display solution 

0 --> 28
1 --> 20
2 --> 15
3 --> 37
4 --> 39
5 --> 45
6 --> 30
7 --> 40
8 --> 13
9 --> 24
10 --> 16
11 --> 27
12 --> 18
14 --> 41
15 --> 35
16 --> 3
17 --> 2
18 --> 6
19 --> 7
20 --> 21
21 --> 9
22 --> 42
23 --> 5
24 --> 8
25 --> 31
26 --> 12
27 --> 23
28 --> 49
29 --> 19
30 --> 47
31 --> 26
32 --> 33
33 --> 36
34 --> 10
35 --> 38
36 --> 0
37 --> 25
38 --> 34
39 --> 29
40 --> 11
41 --> 22
42 --> 32
43 --> 1
44 --> 48
45 --> 44
46 --> 14
47 --> 4
48 --> 43
49 --> 46
