Parameters: GAD=1 vflib=1 dir=0 label=0 lowerbound=1 fileNameGp=../../cp2016-max-common-connected-subgraph-paper/datasets/graphsdb/mcs90/bvg/b06m/mcs90_b06m_s40.A07 fileNameGt=../../cp2016-max-common-connected-subgraph-paper/datasets/graphsdb/mcs90/bvg/b06m/mcs90_b06m_s40.B07
Reading graphs...
40 :  119
40 :  119
Initializing...
maxdom : 40
D->valSize : 1600
Solving...
Blb : 2 (clique : 18)
currentSize : 18 <-- 0.033706 s
currentSize : 19 <-- 0.034244 s
currentSize : 20 <-- 0.066729 s
currentSize : 21 <-- 0.066789 s
currentSize : 22 <-- 4.014800 s
currentSize : 23 <-- 4.397679 s
currentSize : 24 <-- 29.520920 s
currentSize : 25 <-- 58.248173 s
currentSize : 26 <-- 199.617691 s
currentSize : 27 <-- 276.822876 s
currentSize : 28 <-- 426.181915 s
currentSize : 29 <-- 428.512390 s
currentSize : 30 <-- 441.560211 s
currentSize : 31 <-- 441.560394 s
currentSize : 32 <-- 444.120331 s
currentSize : 36 <-- 444.850708 s

maxsize : 36
nodes : 58499006.000000
filtered : 3132663936.000000
time : 444.935333


Display solution 

0 --> 11
1 --> 13
2 --> 31
3 --> 9
4 --> 37
5 --> 20
6 --> 6
8 --> 2
9 --> 25
10 --> 34
12 --> 36
13 --> 8
14 --> 26
15 --> 7
16 --> 1
17 --> 27
18 --> 19
19 --> 16
20 --> 38
21 --> 17
22 --> 12
24 --> 5
25 --> 33
26 --> 4
27 --> 29
28 --> 39
29 --> 15
30 --> 24
31 --> 18
32 --> 3
33 --> 22
35 --> 21
36 --> 0
37 --> 10
38 --> 14
39 --> 23
