Parameters: GAD=1 vflib=1 dir=0 label=0 lowerbound=1 fileNameGp=../../cp2016-max-common-connected-subgraph-paper/datasets/graphsdb/mcs90/bvg/b09m/mcs90_b09m_s35.A08 fileNameGt=../../cp2016-max-common-connected-subgraph-paper/datasets/graphsdb/mcs90/bvg/b09m/mcs90_b09m_s35.B08
Reading graphs...
35 :  151
35 :  151
Initializing...
maxdom : 35
D->valSize : 1225
Solving...
Blb : 2 (clique : 12)
currentSize : 12 <-- 0.018110 s
currentSize : 13 <-- 0.020074 s
currentSize : 14 <-- 0.020402 s
currentSize : 15 <-- 0.060168 s
currentSize : 16 <-- 0.319870 s
currentSize : 17 <-- 2.305433 s
currentSize : 18 <-- 3.061492 s
currentSize : 19 <-- 3.436170 s
currentSize : 20 <-- 3.696414 s
currentSize : 21 <-- 4.963637 s
currentSize : 22 <-- 5.558338 s
currentSize : 23 <-- 5.558379 s
currentSize : 30 <-- 6.824217 s

maxsize : 30
nodes : 1440977.000000
filtered : 37662728.000000
time : 7.051750


Display solution 

0 --> 30
1 --> 23
2 --> 17
3 --> 27
4 --> 26
5 --> 16
6 --> 14
7 --> 0
8 --> 13
9 --> 33
10 --> 4
11 --> 25
12 --> 34
13 --> 19
15 --> 8
16 --> 3
17 --> 20
18 --> 12
19 --> 6
20 --> 32
22 --> 29
24 --> 1
25 --> 11
26 --> 22
28 --> 15
29 --> 31
30 --> 7
31 --> 28
32 --> 10
34 --> 2
