Parameters: GAD=1 vflib=1 dir=0 label=0 lowerbound=1 fileNameGp=../../cp2016-max-common-connected-subgraph-paper/datasets/graphsdb/mcs90/m2D/m2Dr4/mcs90_m2Dr4_s50.A03 fileNameGt=../../cp2016-max-common-connected-subgraph-paper/datasets/graphsdb/mcs90/m2D/m2Dr4/mcs90_m2Dr4_s50.B03
Reading graphs...
50 :  103
50 :  100
Initializing...
maxdom : 50
D->valSize : 2500
Solving...
Blb : 2 (clique : 27)
currentSize : 27 <-- 0.095052 s
currentSize : 28 <-- 0.095418 s
currentSize : 29 <-- 0.095436 s
currentSize : 30 <-- 0.108740 s
currentSize : 31 <-- 0.175331 s
currentSize : 32 <-- 1.424583 s
currentSize : 33 <-- 4.871240 s
currentSize : 34 <-- 56.953369 s
currentSize : 35 <-- 224.967865 s
currentSize : 36 <-- 703.127014 s
currentSize : 37 <-- 703.157959 s
currentSize : 38 <-- 706.318787 s
currentSize : 39 <-- 706.336487 s
currentSize : 40 <-- 707.493958 s
currentSize : 41 <-- 725.850830 s
currentSize : 42 <-- 725.904785 s
currentSize : 43 <-- 725.980164 s
currentSize : 45 <-- 732.832275 s
currentSize : 49 <-- 733.438599 s

maxsize : 49
nodes : 79861993.000000
filtered : 4450996716.000000
time : 733.442810


Display solution 

0 --> 13
1 --> 28
2 --> 14
3 --> 41
4 --> 18
5 --> 9
6 --> 36
7 --> 39
8 --> 40
9 --> 16
10 --> 8
11 --> 38
12 --> 17
13 --> 29
15 --> 49
16 --> 11
17 --> 22
18 --> 25
19 --> 21
20 --> 48
21 --> 34
22 --> 43
23 --> 7
24 --> 44
25 --> 15
26 --> 26
27 --> 1
28 --> 24
29 --> 46
30 --> 20
31 --> 6
32 --> 12
33 --> 2
34 --> 4
35 --> 5
36 --> 10
37 --> 35
38 --> 23
39 --> 32
40 --> 30
41 --> 0
42 --> 45
43 --> 42
44 --> 33
45 --> 27
46 --> 47
47 --> 3
48 --> 31
49 --> 37
