Parameters: GAD=1 vflib=1 dir=0 label=0 lowerbound=1 fileNameGp=../../cp2016-max-common-connected-subgraph-paper/datasets/graphsdb/mcs90/m2D/m2Dr6/mcs90_m2Dr6_s40.A06 fileNameGt=../../cp2016-max-common-connected-subgraph-paper/datasets/graphsdb/mcs90/m2D/m2Dr6/mcs90_m2Dr6_s40.B06
Reading graphs...
40 :  91
40 :  90
Initializing...
maxdom : 40
D->valSize : 1600
Solving...
Blb : 2 (clique : 20)
currentSize : 20 <-- 0.035290 s
currentSize : 21 <-- 0.038988 s
currentSize : 22 <-- 0.040387 s
currentSize : 23 <-- 0.076277 s
currentSize : 24 <-- 0.593404 s
currentSize : 25 <-- 77.913750 s
currentSize : 26 <-- 248.926758 s
currentSize : 27 <-- 524.631897 s
currentSize : 28 <-- 649.637512 s
currentSize : 29 <-- 650.143066 s
currentSize : 30 <-- 703.965515 s
currentSize : 31 <-- 747.397583 s
currentSize : 36 <-- 753.154053 s

maxsize : 36
nodes : 117690820.000000
filtered : 4726524668.000000
time : 753.358704


Display solution 

0 --> 19
1 --> 7
2 --> 11
3 --> 31
4 --> 18
5 --> 4
6 --> 21
7 --> 14
8 --> 32
10 --> 39
11 --> 1
13 --> 5
14 --> 2
15 --> 3
16 --> 35
17 --> 8
18 --> 26
19 --> 20
20 --> 36
21 --> 27
22 --> 17
23 --> 37
24 --> 12
26 --> 10
27 --> 30
28 --> 22
30 --> 6
31 --> 28
32 --> 25
33 --> 0
34 --> 9
35 --> 24
36 --> 33
37 --> 38
38 --> 23
39 --> 16
