Parameters: GAD=1 vflib=1 dir=0 label=0 lowerbound=1 fileNameGp=../../cp2016-max-common-connected-subgraph-paper/datasets/graphsdb/mcs90/rand/r02/mcs90_r02_s30.A03 fileNameGt=../../cp2016-max-common-connected-subgraph-paper/datasets/graphsdb/mcs90/rand/r02/mcs90_r02_s30.B03
Reading graphs...
30 :  157
30 :  155
Initializing...
maxdom : 30
D->valSize : 900
Solving...
Blb : 5 (clique : 11)
currentSize : 11 <-- 0.016396 s
currentSize : 12 <-- 0.016669 s
currentSize : 13 <-- 0.021407 s
currentSize : 14 <-- 0.417886 s
currentSize : 16 <-- 0.498208 s
currentSize : 19 <-- 1.960851 s
currentSize : 27 <-- 1.961471 s

maxsize : 27
nodes : 539800.000000
filtered : 7304517.000000
time : 1.980636


Display solution 

0 --> 9
1 --> 23
2 --> 7
3 --> 8
4 --> 18
5 --> 20
6 --> 28
7 --> 16
8 --> 4
9 --> 0
10 --> 6
11 --> 2
12 --> 19
13 --> 13
14 --> 29
16 --> 25
17 --> 17
18 --> 14
19 --> 11
21 --> 27
23 --> 22
24 --> 10
25 --> 3
26 --> 26
27 --> 24
28 --> 12
29 --> 1
