Parameters: GAD=1 vflib=1 dir=0 label=0 lowerbound=1 fileNameGp=../../cp2016-max-common-connected-subgraph-paper/datasets/graphsdb/mcs90/bvg/b06m/mcs90_b06m_s25.A06 fileNameGt=../../cp2016-max-common-connected-subgraph-paper/datasets/graphsdb/mcs90/bvg/b06m/mcs90_b06m_s25.B06
Reading graphs...
25 :  74
25 :  74
Initializing...
maxdom : 25
D->valSize : 625
Solving...
Blb : 2 (clique : 12)
currentSize : 12 <-- 0.004879 s
currentSize : 13 <-- 0.015093 s
currentSize : 14 <-- 0.029162 s
currentSize : 15 <-- 0.061480 s
currentSize : 16 <-- 1.106461 s
currentSize : 22 <-- 1.145961 s

maxsize : 22
nodes : 311187.000000
filtered : 6111955.000000
time : 1.160560


Display solution 

0 --> 9
1 --> 17
2 --> 18
3 --> 13
4 --> 7
5 --> 15
6 --> 4
7 --> 2
8 --> 12
9 --> 10
10 --> 19
12 --> 14
13 --> 5
15 --> 1
16 --> 22
17 --> 21
18 --> 11
20 --> 16
21 --> 0
22 --> 20
23 --> 6
24 --> 23
