Parameters: GAD=1 vflib=1 dir=0 label=0 lowerbound=1 fileNameGp=../../cp2016-max-common-connected-subgraph-paper/datasets/graphsdb/mcs90/rand/r01/mcs90_r01_s25.A09 fileNameGt=../../cp2016-max-common-connected-subgraph-paper/datasets/graphsdb/mcs90/rand/r01/mcs90_r01_s25.B09
Reading graphs...
25 :  57
25 :  54
Initializing...
maxdom : 25
D->valSize : 625
Solving...
Blb : 2 (clique : 14)
currentSize : 14 <-- 0.005263 s
currentSize : 15 <-- 0.005339 s
currentSize : 16 <-- 0.005393 s
currentSize : 17 <-- 0.005871 s
currentSize : 20 <-- 0.011280 s
currentSize : 22 <-- 0.013626 s

maxsize : 22
nodes : 2951.000000
filtered : 92937.000000
time : 0.018588


Display solution 

0 --> 5
2 --> 17
3 --> 21
4 --> 6
5 --> 1
6 --> 24
8 --> 12
9 --> 15
10 --> 8
12 --> 9
13 --> 14
14 --> 2
15 --> 11
16 --> 22
17 --> 13
18 --> 4
19 --> 19
20 --> 20
21 --> 7
22 --> 0
23 --> 3
24 --> 18
