Parameters: GAD=1 vflib=1 dir=0 label=0 lowerbound=1 fileNameGp=../../cp2016-max-common-connected-subgraph-paper/datasets/graphsdb/mcs90/bvg/b09m/mcs90_b09m_s30.A05 fileNameGt=../../cp2016-max-common-connected-subgraph-paper/datasets/graphsdb/mcs90/bvg/b09m/mcs90_b09m_s30.B05
Reading graphs...
30 :  132
30 :  132
Initializing...
maxdom : 30
D->valSize : 900
Solving...
Blb : 2 (clique : 12)
currentSize : 12 <-- 0.016791 s
currentSize : 13 <-- 0.027018 s
currentSize : 14 <-- 0.327258 s
currentSize : 16 <-- 0.439847 s
currentSize : 19 <-- 0.468042 s
currentSize : 21 <-- 1.350914 s
currentSize : 26 <-- 2.059550 s

maxsize : 26
nodes : 398022.000000
filtered : 12354194.000000
time : 2.093796


Display solution 

0 --> 9
1 --> 28
2 --> 16
3 --> 2
4 --> 7
5 --> 19
6 --> 27
7 --> 10
8 --> 18
9 --> 13
10 --> 0
11 --> 29
12 --> 25
13 --> 12
14 --> 4
15 --> 24
16 --> 6
17 --> 20
18 --> 14
20 --> 22
21 --> 26
23 --> 17
24 --> 15
26 --> 11
27 --> 5
29 --> 23
