Parameters: GAD=1 vflib=1 dir=0 label=0 lowerbound=1 fileNameGp=../../cp2016-max-common-connected-subgraph-paper/datasets/graphsdb/mcs90/bvg/b09/mcs90_b09_s35.A04 fileNameGt=../../cp2016-max-common-connected-subgraph-paper/datasets/graphsdb/mcs90/bvg/b09/mcs90_b09_s35.B04
Reading graphs...
35 :  156
35 :  157
Initializing...
maxdom : 35
D->valSize : 1225
Solving...
Blb : 2 (clique : 13)
currentSize : 13 <-- 0.018094 s
currentSize : 15 <-- 0.018291 s
currentSize : 17 <-- 0.018583 s
currentSize : 18 <-- 0.019208 s
currentSize : 19 <-- 0.019243 s
currentSize : 20 <-- 0.019293 s
currentSize : 21 <-- 0.019382 s
currentSize : 22 <-- 0.019440 s
currentSize : 24 <-- 0.020342 s
currentSize : 26 <-- 0.020435 s
currentSize : 30 <-- 0.024131 s

maxsize : 30
nodes : 54692.000000
filtered : 3939862.000000
time : 0.465808


Display solution 

0 --> 29
1 --> 19
3 --> 16
4 --> 18
5 --> 13
6 --> 1
8 --> 15
9 --> 30
10 --> 24
11 --> 22
13 --> 6
14 --> 11
16 --> 9
17 --> 17
18 --> 0
19 --> 4
20 --> 25
21 --> 3
22 --> 7
23 --> 26
24 --> 5
25 --> 31
26 --> 14
27 --> 28
28 --> 23
29 --> 8
30 --> 27
31 --> 21
32 --> 2
34 --> 12
