Parameters: GAD=1 vflib=1 dir=0 label=0 lowerbound=1 fileNameGp=../../cp2016-max-common-connected-subgraph-paper/datasets/graphsdb/mcs90/bvg/b09m/mcs90_b09m_s40.A02 fileNameGt=../../cp2016-max-common-connected-subgraph-paper/datasets/graphsdb/mcs90/bvg/b09m/mcs90_b09m_s40.B02
Reading graphs...
40 :  175
40 :  176
Initializing...
maxdom : 40
D->valSize : 1600
Solving...
Blb : 2 (clique : 15)
currentSize : 15 <-- 0.031742 s
currentSize : 16 <-- 0.033620 s
currentSize : 17 <-- 0.069761 s
currentSize : 18 <-- 0.141671 s
currentSize : 19 <-- 0.142816 s
currentSize : 20 <-- 31.191132 s
currentSize : 23 <-- 61.045433 s
currentSize : 24 <-- 80.017860 s
currentSize : 29 <-- 84.075630 s
currentSize : 36 <-- 90.381577 s

maxsize : 36
nodes : 17261527.000000
filtered : 491263456.000000
time : 90.471931


Display solution 

0 --> 24
2 --> 4
3 --> 38
4 --> 12
5 --> 37
6 --> 36
7 --> 30
8 --> 7
9 --> 18
10 --> 39
11 --> 22
12 --> 26
15 --> 25
16 --> 3
17 --> 9
18 --> 34
19 --> 29
20 --> 16
21 --> 2
22 --> 8
23 --> 19
24 --> 21
25 --> 35
26 --> 23
27 --> 10
28 --> 6
29 --> 14
30 --> 17
32 --> 28
33 --> 32
34 --> 27
35 --> 15
36 --> 33
37 --> 13
38 --> 5
39 --> 0
