Parameters: GAD=1 vflib=1 dir=0 label=0 lowerbound=1 fileNameGp=../../cp2016-max-common-connected-subgraph-paper/datasets/graphsdb/mcs90/m3D/m3Dr6/mcs90_m3Dr6_s30.A00 fileNameGt=../../cp2016-max-common-connected-subgraph-paper/datasets/graphsdb/mcs90/m3D/m3Dr6/mcs90_m3Dr6_s30.B00
Reading graphs...
30 :  77
30 :  76
Initializing...
maxdom : 30
D->valSize : 900
Solving...
Blb : 2 (clique : 14)
currentSize : 14 <-- 0.010482 s
currentSize : 17 <-- 0.010592 s
currentSize : 18 <-- 0.010786 s
currentSize : 19 <-- 0.013770 s
currentSize : 20 <-- 1.568415 s
currentSize : 21 <-- 1.690070 s
currentSize : 23 <-- 1.690328 s
currentSize : 25 <-- 3.218556 s
currentSize : 27 <-- 3.240855 s

maxsize : 27
nodes : 653065.000000
filtered : 19479303.000000
time : 3.250527


Display solution 

1 --> 17
2 --> 3
3 --> 22
4 --> 1
5 --> 16
6 --> 0
7 --> 5
8 --> 14
9 --> 9
10 --> 2
11 --> 11
13 --> 4
14 --> 21
15 --> 20
16 --> 7
17 --> 8
18 --> 18
19 --> 15
20 --> 6
21 --> 19
22 --> 24
24 --> 28
25 --> 12
26 --> 27
27 --> 25
28 --> 10
29 --> 26
