Parameters: GAD=1 vflib=1 dir=0 label=0 lowerbound=1 fileNameGp=../../cp2016-max-common-connected-subgraph-paper/datasets/graphsdb/mcs90/bvg/b06/mcs90_b06_s50.A01 fileNameGt=../../cp2016-max-common-connected-subgraph-paper/datasets/graphsdb/mcs90/bvg/b06/mcs90_b06_s50.B01
Reading graphs...
50 :  149
50 :  150
Initializing...
maxdom : 50
D->valSize : 2500
Solving...
Blb : 2 (clique : 32)
currentSize : 32 <-- 0.154127 s
currentSize : 33 <-- 0.531835 s
currentSize : 35 <-- 0.531898 s
currentSize : 36 <-- 0.531955 s
currentSize : 37 <-- 0.761602 s
currentSize : 38 <-- 1.262716 s
currentSize : 39 <-- 1.264689 s
currentSize : 41 <-- 1.268599 s
currentSize : 43 <-- 1.509997 s
currentSize : 45 <-- 1.576950 s

maxsize : 45
nodes : 381363.000000
filtered : 18835726.000000
time : 3.967390


Display solution 

0 --> 30
1 --> 48
3 --> 41
4 --> 47
5 --> 19
6 --> 10
7 --> 14
8 --> 13
9 --> 16
10 --> 12
11 --> 17
12 --> 3
13 --> 21
15 --> 49
16 --> 22
17 --> 31
18 --> 43
20 --> 23
21 --> 8
22 --> 7
23 --> 4
24 --> 33
25 --> 46
26 --> 24
28 --> 45
29 --> 28
30 --> 32
31 --> 36
32 --> 0
33 --> 42
34 --> 20
35 --> 37
36 --> 34
38 --> 40
39 --> 27
40 --> 18
41 --> 15
42 --> 44
43 --> 2
44 --> 35
45 --> 39
46 --> 5
47 --> 1
48 --> 6
49 --> 38
