Parameters: GAD=1 vflib=1 dir=0 label=0 lowerbound=1 fileNameGp=../../cp2016-max-common-connected-subgraph-paper/datasets/graphsdb/mcs90/bvg/b03m/mcs90_b03m_s20.A09 fileNameGt=../../cp2016-max-common-connected-subgraph-paper/datasets/graphsdb/mcs90/bvg/b03m/mcs90_b03m_s20.B09
Reading graphs...
20 :  29
20 :  29
Initializing...
maxdom : 20
D->valSize : 400
Solving...
Blb : 2 (clique : 13)
currentSize : 13 <-- 0.004043 s
currentSize : 14 <-- 0.004218 s
currentSize : 15 <-- 0.004302 s
currentSize : 17 <-- 0.006602 s
currentSize : 18 <-- 0.006810 s

maxsize : 18
nodes : 1022.000000
filtered : 20901.000000
time : 0.009348


Display solution 

0 --> 8
1 --> 0
2 --> 16
5 --> 3
6 --> 7
7 --> 1
8 --> 5
9 --> 19
10 --> 2
11 --> 6
12 --> 17
13 --> 9
14 --> 18
15 --> 13
16 --> 12
17 --> 15
18 --> 11
19 --> 4
