Parameters: GAD=1 vflib=1 dir=0 label=0 lowerbound=1 fileNameGp=../../cp2016-max-common-connected-subgraph-paper/datasets/graphsdb/mcs90/bvg/b06m/mcs90_b06m_s40.A02 fileNameGt=../../cp2016-max-common-connected-subgraph-paper/datasets/graphsdb/mcs90/bvg/b06m/mcs90_b06m_s40.B02
Reading graphs...
40 :  120
40 :  120
Initializing...
maxdom : 40
D->valSize : 1600
Solving...
Blb : 3 (clique : 21)
currentSize : 21 <-- 0.033596 s
currentSize : 22 <-- 1.112971 s
currentSize : 23 <-- 30.247774 s
currentSize : 24 <-- 150.777206 s
currentSize : 25 <-- 193.378632 s
currentSize : 26 <-- 250.361588 s
currentSize : 27 <-- 250.441025 s
currentSize : 28 <-- 265.704285 s
currentSize : 30 <-- 276.087677 s
currentSize : 36 <-- 276.172455 s

maxsize : 36
nodes : 44067116.000000
filtered : 1745003563.000000
time : 276.293365


Display solution 

0 --> 36
1 --> 24
2 --> 25
3 --> 3
4 --> 18
5 --> 20
6 --> 0
7 --> 33
8 --> 14
9 --> 17
10 --> 19
11 --> 11
13 --> 26
14 --> 22
15 --> 6
16 --> 28
18 --> 5
19 --> 16
20 --> 37
21 --> 21
22 --> 29
23 --> 34
24 --> 23
25 --> 10
26 --> 13
27 --> 8
28 --> 7
29 --> 2
30 --> 4
31 --> 31
33 --> 12
34 --> 32
35 --> 30
36 --> 1
37 --> 38
39 --> 35
