Parameters: GAD=1 vflib=1 dir=0 label=0 lowerbound=1 fileNameGp=../../cp2016-max-common-connected-subgraph-paper/datasets/graphsdb/mcs90/m2D/m2D/mcs90_m2D_s20.A00 fileNameGt=../../cp2016-max-common-connected-subgraph-paper/datasets/graphsdb/mcs90/m2D/m2D/mcs90_m2D_s20.B00
Reading graphs...
20 :  31
20 :  31
Initializing...
maxdom : 20
D->valSize : 400
Solving...
Blb : 2 (clique : 13)
currentSize : 13 <-- 0.004062 s
currentSize : 14 <-- 0.004200 s
currentSize : 15 <-- 0.008834 s
currentSize : 16 <-- 0.011164 s
currentSize : 17 <-- 0.011205 s

maxsize : 17
nodes : 3850.000000
filtered : 89711.000000
time : 0.027052


Display solution 

0 --> 4
1 --> 18
2 --> 3
3 --> 8
4 --> 6
5 --> 17
6 --> 7
7 --> 14
8 --> 5
9 --> 16
11 --> 1
12 --> 11
13 --> 9
14 --> 12
16 --> 2
17 --> 0
19 --> 19
