Parameters: GAD=1 vflib=1 dir=0 label=0 lowerbound=1 fileNameGp=../../cp2016-max-common-connected-subgraph-paper/datasets/graphsdb/mcs90/bvg/b06/mcs90_b06_s30.A05 fileNameGt=../../cp2016-max-common-connected-subgraph-paper/datasets/graphsdb/mcs90/bvg/b06/mcs90_b06_s30.B05
Reading graphs...
30 :  90
30 :  89
Initializing...
maxdom : 30
D->valSize : 900
Solving...
Blb : 2 (clique : 19)
currentSize : 19 <-- 0.010493 s
currentSize : 20 <-- 0.012057 s
currentSize : 21 <-- 0.012320 s
currentSize : 22 <-- 0.012685 s
currentSize : 23 <-- 0.012804 s
currentSize : 24 <-- 0.017515 s
currentSize : 25 <-- 0.021178 s
currentSize : 26 <-- 0.047877 s
currentSize : 27 <-- 0.067881 s

maxsize : 27
nodes : 12291.000000
filtered : 465023.000000
time : 0.081436


Display solution 

1 --> 12
2 --> 14
3 --> 1
4 --> 11
6 --> 23
7 --> 15
8 --> 21
9 --> 29
10 --> 5
11 --> 18
12 --> 0
13 --> 20
15 --> 19
16 --> 10
17 --> 6
18 --> 4
19 --> 7
20 --> 22
21 --> 13
22 --> 28
23 --> 8
24 --> 9
25 --> 25
26 --> 16
27 --> 2
28 --> 26
29 --> 3
