Parameters: GAD=1 vflib=1 dir=0 label=0 lowerbound=1 fileNameGp=../../cp2016-max-common-connected-subgraph-paper/datasets/graphsdb/mcs90/rand/r01/mcs90_r01_s40.A09 fileNameGt=../../cp2016-max-common-connected-subgraph-paper/datasets/graphsdb/mcs90/rand/r01/mcs90_r01_s40.B09
Reading graphs...
40 :  144
40 :  141
Initializing...
maxdom : 40
D->valSize : 1600
Solving...
Blb : 2 (clique : 16)
currentSize : 16 <-- 0.032767 s
currentSize : 17 <-- 0.032953 s
currentSize : 18 <-- 0.032971 s
currentSize : 19 <-- 0.033024 s
currentSize : 20 <-- 0.090532 s
currentSize : 21 <-- 18.604708 s
currentSize : 23 <-- 25.275438 s
currentSize : 24 <-- 79.336441 s
currentSize : 28 <-- 128.540955 s
currentSize : 36 <-- 148.544144 s

maxsize : 36
nodes : 26147876.000000
filtered : 866559005.000000
time : 148.793884


Display solution 

0 --> 0
1 --> 17
2 --> 7
3 --> 8
4 --> 27
5 --> 32
6 --> 22
7 --> 19
8 --> 26
9 --> 5
10 --> 25
11 --> 21
12 --> 28
13 --> 36
14 --> 1
15 --> 23
16 --> 24
17 --> 6
18 --> 33
19 --> 20
21 --> 12
22 --> 10
23 --> 2
24 --> 4
25 --> 18
26 --> 31
27 --> 29
29 --> 37
30 --> 39
31 --> 13
33 --> 15
34 --> 16
36 --> 30
37 --> 9
38 --> 11
39 --> 3
