Parameters: GAD=1 vflib=1 dir=0 label=0 lowerbound=1 fileNameGp=../../cp2016-max-common-connected-subgraph-paper/datasets/graphsdb/mcs90/bvg/b06/mcs90_b06_s35.A03 fileNameGt=../../cp2016-max-common-connected-subgraph-paper/datasets/graphsdb/mcs90/bvg/b06/mcs90_b06_s35.B03
Reading graphs...
35 :  105
35 :  105
Initializing...
maxdom : 35
D->valSize : 1225
Solving...
Blb : 2 (clique : 17)
currentSize : 17 <-- 0.019478 s
currentSize : 18 <-- 0.019624 s
currentSize : 19 <-- 0.019650 s
currentSize : 20 <-- 0.025874 s
currentSize : 21 <-- 0.054834 s
currentSize : 22 <-- 0.090156 s
currentSize : 23 <-- 0.318332 s
currentSize : 24 <-- 0.877261 s
currentSize : 25 <-- 0.877645 s
currentSize : 26 <-- 0.879087 s
currentSize : 28 <-- 0.883205 s
currentSize : 29 <-- 0.905615 s
currentSize : 31 <-- 0.906836 s

maxsize : 31
nodes : 213238.000000
filtered : 5762200.000000
time : 1.057731


Display solution 

0 --> 25
2 --> 19
3 --> 11
4 --> 26
5 --> 0
6 --> 9
7 --> 33
9 --> 27
10 --> 18
11 --> 6
12 --> 32
13 --> 3
15 --> 15
16 --> 7
17 --> 20
18 --> 21
19 --> 4
20 --> 14
21 --> 1
23 --> 8
24 --> 28
25 --> 34
26 --> 16
27 --> 10
28 --> 5
29 --> 2
30 --> 13
31 --> 29
32 --> 12
33 --> 23
34 --> 17
