Parameters: GAD=1 vflib=1 dir=0 label=0 lowerbound=1 fileNameGp=../../cp2016-max-common-connected-subgraph-paper/datasets/graphsdb/mcs90/rand/r01/mcs90_r01_s25.A04 fileNameGt=../../cp2016-max-common-connected-subgraph-paper/datasets/graphsdb/mcs90/rand/r01/mcs90_r01_s25.B04
Reading graphs...
25 :  58
25 :  58
Initializing...
maxdom : 25
D->valSize : 625
Solving...
Blb : 2 (clique : 13)
currentSize : 13 <-- 0.005071 s
currentSize : 14 <-- 0.005176 s
currentSize : 15 <-- 0.009343 s
currentSize : 16 <-- 0.011945 s
currentSize : 17 <-- 0.027920 s
currentSize : 22 <-- 0.027994 s

maxsize : 22
nodes : 9230.000000
filtered : 216041.000000
time : 0.041400


Display solution 

0 --> 6
1 --> 14
3 --> 15
4 --> 12
5 --> 10
6 --> 9
7 --> 5
9 --> 23
10 --> 11
12 --> 24
13 --> 3
14 --> 22
15 --> 1
16 --> 0
17 --> 8
18 --> 19
19 --> 17
20 --> 4
21 --> 21
22 --> 7
23 --> 20
24 --> 13
