Parameters: GAD=1 vflib=1 dir=0 label=0 lowerbound=1 fileNameGp=../../cp2016-max-common-connected-subgraph-paper/datasets/graphsdb/mcs90/m2D/m2Dr2/mcs90_m2Dr2_s50.A08 fileNameGt=../../cp2016-max-common-connected-subgraph-paper/datasets/graphsdb/mcs90/m2D/m2Dr2/mcs90_m2Dr2_s50.B08
Reading graphs...
50 :  95
50 :  95
Initializing...
maxdom : 50
D->valSize : 2500
Solving...
Blb : 2 (clique : 32)
currentSize : 32 <-- 0.114481 s
currentSize : 33 <-- 0.256574 s
currentSize : 34 <-- 0.656152 s
currentSize : 35 <-- 1.273779 s
currentSize : 36 <-- 18.566906 s
currentSize : 37 <-- 126.341011 s
currentSize : 38 <-- 127.099434 s
currentSize : 39 <-- 960.213013 s

TIMEOUT
maxsize : 39
nodes : 93615185.000000
filtered : 6239864910.000000
time : 1000.000000


Display solution 

0 --> 3
1 --> 30
2 --> 25
3 --> 32
4 --> 9
5 --> 28
6 --> 19
7 --> 49
8 --> 24
9 --> 40
10 --> 11
11 --> 38
12 --> 33
13 --> 16
14 --> 45
15 --> 46
16 --> 20
17 --> 4
19 --> 21
20 --> 44
22 --> 8
23 --> 36
25 --> 42
26 --> 5
27 --> 2
28 --> 7
29 --> 10
30 --> 29
32 --> 26
34 --> 43
36 --> 6
37 --> 34
40 --> 17
41 --> 1
42 --> 41
43 --> 23
44 --> 22
45 --> 13
48 --> 37
