Parameters: GAD=1 vflib=1 dir=0 label=0 lowerbound=1 fileNameGp=../../cp2016-max-common-connected-subgraph-paper/datasets/graphsdb/mcs90/bvg/b03m/mcs90_b03m_s40.A06 fileNameGt=../../cp2016-max-common-connected-subgraph-paper/datasets/graphsdb/mcs90/bvg/b03m/mcs90_b03m_s40.B06
Reading graphs...
40 :  60
40 :  60
Initializing...
maxdom : 40
D->valSize : 1600
Solving...
Blb : 2 (clique : 25)
currentSize : 25 <-- 0.051731 s
currentSize : 26 <-- 0.051985 s
currentSize : 27 <-- 0.052213 s
currentSize : 28 <-- 0.078911 s
currentSize : 29 <-- 25.254684 s
currentSize : 30 <-- 269.734619 s
currentSize : 31 <-- 270.656128 s
currentSize : 32 <-- 295.818451 s
currentSize : 34 <-- 295.819000 s
currentSize : 35 <-- 295.822540 s
currentSize : 36 <-- 299.917053 s

maxsize : 36
nodes : 45046546.000000
filtered : 1710078237.000000
time : 299.998962


Display solution 

1 --> 25
2 --> 8
4 --> 35
5 --> 22
6 --> 20
7 --> 9
9 --> 30
10 --> 33
11 --> 39
12 --> 13
13 --> 18
14 --> 23
15 --> 11
16 --> 14
17 --> 34
18 --> 5
19 --> 0
20 --> 38
21 --> 10
22 --> 36
24 --> 15
25 --> 37
26 --> 4
27 --> 32
28 --> 12
29 --> 28
30 --> 3
31 --> 26
32 --> 16
33 --> 21
34 --> 29
35 --> 7
36 --> 24
37 --> 17
38 --> 27
39 --> 31
