Parameters: GAD=1 vflib=1 dir=0 label=0 lowerbound=1 fileNameGp=../../cp2016-max-common-connected-subgraph-paper/datasets/graphsdb/mcs90/bvg/b06m/mcs90_b06m_s35.A06 fileNameGt=../../cp2016-max-common-connected-subgraph-paper/datasets/graphsdb/mcs90/bvg/b06m/mcs90_b06m_s35.B06
Reading graphs...
35 :  104
35 :  104
Initializing...
maxdom : 35
D->valSize : 1225
Solving...
Blb : 3 (clique : 17)
currentSize : 17 <-- 0.033732 s
currentSize : 18 <-- 0.034800 s
currentSize : 19 <-- 0.044617 s
currentSize : 20 <-- 3.381283 s
currentSize : 21 <-- 10.277589 s
currentSize : 22 <-- 25.460098 s
currentSize : 23 <-- 27.265387 s
currentSize : 24 <-- 46.797276 s
currentSize : 26 <-- 46.797340 s
currentSize : 27 <-- 46.797417 s
currentSize : 28 <-- 48.788109 s
currentSize : 31 <-- 48.788460 s

maxsize : 31
nodes : 8496093.000000
filtered : 328620355.000000
time : 48.849117


Display solution 

0 --> 4
1 --> 24
4 --> 10
5 --> 12
6 --> 19
7 --> 1
8 --> 20
9 --> 8
11 --> 26
12 --> 6
14 --> 21
15 --> 27
16 --> 17
17 --> 34
18 --> 3
19 --> 5
20 --> 11
21 --> 16
22 --> 7
23 --> 30
24 --> 23
25 --> 2
26 --> 28
27 --> 22
28 --> 25
29 --> 29
30 --> 31
31 --> 14
32 --> 32
33 --> 33
34 --> 9
