Parameters: GAD=1 vflib=1 dir=0 label=0 lowerbound=1 fileNameGp=../../cp2016-max-common-connected-subgraph-paper/datasets/graphsdb/mcs90/rand/r005/mcs90_r005_s40.A00 fileNameGt=../../cp2016-max-common-connected-subgraph-paper/datasets/graphsdb/mcs90/rand/r005/mcs90_r005_s40.B00
Reading graphs...
40 :  77
40 :  77
Initializing...
maxdom : 40
D->valSize : 1600
Solving...
Blb : 2 (clique : 22)
currentSize : 22 <-- 0.062679 s
currentSize : 23 <-- 0.063038 s
currentSize : 24 <-- 0.063152 s
currentSize : 25 <-- 0.063340 s
currentSize : 26 <-- 0.142454 s
currentSize : 27 <-- 3.810966 s
currentSize : 28 <-- 5.400991 s
currentSize : 29 <-- 11.860332 s
currentSize : 30 <-- 14.741529 s
currentSize : 31 <-- 15.273755 s
currentSize : 33 <-- 15.737820 s
currentSize : 36 <-- 16.622173 s

maxsize : 36
nodes : 2537941.000000
filtered : 102336244.000000
time : 16.746908


Display solution 

0 --> 32
1 --> 24
2 --> 11
3 --> 38
6 --> 34
7 --> 31
8 --> 39
9 --> 3
10 --> 13
11 --> 27
12 --> 0
13 --> 6
14 --> 19
15 --> 5
16 --> 30
17 --> 12
18 --> 4
19 --> 1
20 --> 37
21 --> 14
22 --> 35
24 --> 17
25 --> 10
26 --> 23
27 --> 25
28 --> 8
29 --> 26
30 --> 28
31 --> 29
32 --> 16
33 --> 36
35 --> 20
36 --> 2
37 --> 22
38 --> 7
39 --> 9
