Parameters: GAD=1 vflib=1 dir=0 label=0 lowerbound=1 fileNameGp=../../cp2016-max-common-connected-subgraph-paper/datasets/graphsdb/mcs90/bvg/b03m/mcs90_b03m_s25.A00 fileNameGt=../../cp2016-max-common-connected-subgraph-paper/datasets/graphsdb/mcs90/bvg/b03m/mcs90_b03m_s25.B00
Reading graphs...
25 :  36
25 :  36
Initializing...
maxdom : 25
D->valSize : 625
Solving...
Blb : 2 (clique : 15)
currentSize : 15 <-- 0.009424 s
currentSize : 16 <-- 0.009578 s
currentSize : 17 <-- 0.009613 s
currentSize : 18 <-- 0.009633 s
currentSize : 19 <-- 0.016443 s
currentSize : 20 <-- 0.490478 s
currentSize : 21 <-- 0.491169 s
currentSize : 23 <-- 0.492937 s

maxsize : 23
nodes : 105313.000000
filtered : 2955815.000000
time : 0.496082


Display solution 

0 --> 14
1 --> 3
2 --> 6
3 --> 0
4 --> 17
5 --> 24
6 --> 16
7 --> 2
8 --> 10
9 --> 21
10 --> 8
11 --> 13
12 --> 1
13 --> 5
14 --> 9
15 --> 23
17 --> 20
18 --> 7
20 --> 22
21 --> 12
22 --> 4
23 --> 19
24 --> 15
