Parameters: GAD=1 vflib=1 dir=0 label=0 lowerbound=1 fileNameGp=../../cp2016-max-common-connected-subgraph-paper/datasets/graphsdb/mcs90/bvg/b09m/mcs90_b09m_s35.A06 fileNameGt=../../cp2016-max-common-connected-subgraph-paper/datasets/graphsdb/mcs90/bvg/b09m/mcs90_b09m_s35.B06
Reading graphs...
35 :  154
35 :  154
Initializing...
maxdom : 35
D->valSize : 1225
Solving...
Blb : 2 (clique : 14)
currentSize : 14 <-- 0.031823 s
currentSize : 15 <-- 0.032734 s
currentSize : 16 <-- 0.202475 s
currentSize : 17 <-- 3.873764 s
currentSize : 18 <-- 8.321509 s
currentSize : 19 <-- 44.826500 s
currentSize : 22 <-- 46.653721 s
currentSize : 23 <-- 50.082691 s
currentSize : 26 <-- 50.972641 s
currentSize : 30 <-- 50.972729 s

maxsize : 30
nodes : 10900322.000000
filtered : 269598911.000000
time : 51.177559


Display solution 

0 --> 3
1 --> 18
2 --> 12
3 --> 15
4 --> 4
5 --> 31
6 --> 32
7 --> 16
12 --> 9
13 --> 11
14 --> 23
15 --> 27
16 --> 25
17 --> 33
18 --> 22
19 --> 8
20 --> 17
21 --> 28
22 --> 0
23 --> 6
24 --> 5
25 --> 10
26 --> 1
27 --> 2
28 --> 7
29 --> 13
30 --> 26
31 --> 19
33 --> 24
34 --> 34
