Parameters: GAD=1 vflib=1 dir=0 label=0 lowerbound=1 fileNameGp=../../cp2016-max-common-connected-subgraph-paper/datasets/graphsdb/mcs90/rand/r02/mcs90_r02_s15.A03 fileNameGt=../../cp2016-max-common-connected-subgraph-paper/datasets/graphsdb/mcs90/rand/r02/mcs90_r02_s15.B03
Reading graphs...
15 :  37
15 :  37
Initializing...
maxdom : 15
D->valSize : 225
Solving...
Blb : 2 (clique : 8)
currentSize : 8 <-- 0.001476 s
currentSize : 9 <-- 0.001636 s
currentSize : 13 <-- 0.004754 s

maxsize : 13
nodes : 1124.000000
filtered : 14206.000000
time : 0.005693


Display solution 

0 --> 2
1 --> 4
2 --> 3
3 --> 6
4 --> 11
5 --> 0
6 --> 1
7 --> 9
8 --> 13
9 --> 14
11 --> 10
13 --> 8
14 --> 5
