Parameters: GAD=1 vflib=1 dir=0 label=0 lowerbound=1 fileNameGp=../../cp2016-max-common-connected-subgraph-paper/datasets/graphsdb/mcs90/rand/r005/mcs90_r005_s30.A08 fileNameGt=../../cp2016-max-common-connected-subgraph-paper/datasets/graphsdb/mcs90/rand/r005/mcs90_r005_s30.B08
Reading graphs...
30 :  41
30 :  42
Initializing...
maxdom : 30
D->valSize : 900
Solving...
Blb : 2 (clique : 20)
currentSize : 20 <-- 0.011466 s
currentSize : 21 <-- 0.011992 s
currentSize : 22 <-- 0.463350 s
currentSize : 23 <-- 0.778751 s
currentSize : 24 <-- 0.804997 s
currentSize : 25 <-- 0.992752 s
currentSize : 26 <-- 1.107423 s
currentSize : 27 <-- 1.107526 s

maxsize : 27
nodes : 310193.000000
filtered : 6902786.000000
time : 1.130991


Display solution 

0 --> 19
1 --> 4
2 --> 27
3 --> 15
4 --> 24
5 --> 23
6 --> 26
8 --> 13
9 --> 0
10 --> 3
11 --> 8
12 --> 14
13 --> 11
14 --> 28
15 --> 18
16 --> 17
17 --> 16
18 --> 21
19 --> 7
20 --> 5
22 --> 6
23 --> 22
24 --> 29
25 --> 20
26 --> 1
27 --> 9
29 --> 10
