Parameters: GAD=1 vflib=1 dir=0 label=0 lowerbound=1 fileNameGp=../../cp2016-max-common-connected-subgraph-paper/datasets/graphsdb/mcs90/rand/r005/mcs90_r005_s40.A03 fileNameGt=../../cp2016-max-common-connected-subgraph-paper/datasets/graphsdb/mcs90/rand/r005/mcs90_r005_s40.B03
Reading graphs...
40 :  75
40 :  75
Initializing...
maxdom : 40
D->valSize : 1600
Solving...
Blb : 2 (clique : 22)
currentSize : 22 <-- 0.063125 s
currentSize : 23 <-- 0.063488 s
currentSize : 24 <-- 0.063719 s
currentSize : 25 <-- 0.067758 s
currentSize : 26 <-- 0.318437 s
currentSize : 27 <-- 1.982758 s
currentSize : 28 <-- 1.991116 s
currentSize : 29 <-- 176.948395 s
currentSize : 30 <-- 176.948441 s
currentSize : 32 <-- 234.080643 s
currentSize : 33 <-- 234.080872 s
currentSize : 34 <-- 234.158157 s
currentSize : 36 <-- 234.158234 s

maxsize : 36
nodes : 34057191.000000
filtered : 1364059768.000000
time : 234.396393


Display solution 

0 --> 18
1 --> 29
2 --> 23
3 --> 28
4 --> 32
5 --> 9
6 --> 3
7 --> 22
8 --> 30
9 --> 37
10 --> 1
11 --> 11
12 --> 0
13 --> 5
14 --> 31
15 --> 20
16 --> 38
17 --> 8
18 --> 17
21 --> 16
22 --> 33
23 --> 21
25 --> 6
26 --> 34
27 --> 19
28 --> 15
29 --> 13
30 --> 25
31 --> 10
32 --> 24
33 --> 27
34 --> 26
36 --> 14
37 --> 2
38 --> 7
39 --> 12
