Parameters: GAD=1 vflib=1 dir=0 label=0 lowerbound=1 fileNameGp=../../cp2016-max-common-connected-subgraph-paper/datasets/graphsdb/mcs90/bvg/b06/mcs90_b06_s35.A02 fileNameGt=../../cp2016-max-common-connected-subgraph-paper/datasets/graphsdb/mcs90/bvg/b06/mcs90_b06_s35.B02
Reading graphs...
35 :  105
35 :  105
Initializing...
maxdom : 35
D->valSize : 1225
Solving...
Blb : 2 (clique : 19)
currentSize : 19 <-- 0.034006 s
currentSize : 20 <-- 0.035989 s
currentSize : 21 <-- 0.045534 s
currentSize : 22 <-- 0.060687 s
currentSize : 23 <-- 0.064812 s
currentSize : 24 <-- 0.065077 s
currentSize : 25 <-- 0.066456 s
currentSize : 26 <-- 0.068170 s
currentSize : 27 <-- 0.068274 s
currentSize : 28 <-- 0.070320 s
currentSize : 29 <-- 0.071376 s
currentSize : 31 <-- 0.075524 s
currentSize : 32 <-- 0.096394 s

maxsize : 32
nodes : 19836.000000
filtered : 679929.000000
time : 0.153762


Display solution 

0 --> 20
1 --> 11
2 --> 13
3 --> 8
4 --> 23
6 --> 32
7 --> 14
8 --> 27
9 --> 7
10 --> 22
11 --> 6
12 --> 10
13 --> 9
14 --> 12
16 --> 21
17 --> 33
18 --> 3
19 --> 16
20 --> 25
22 --> 2
23 --> 5
24 --> 29
25 --> 15
26 --> 19
27 --> 17
28 --> 4
29 --> 30
30 --> 24
31 --> 26
32 --> 28
33 --> 1
34 --> 0
