Parameters: GAD=1 vflib=1 dir=0 label=0 lowerbound=1 fileNameGp=../../cp2016-max-common-connected-subgraph-paper/datasets/graphsdb/mcs90/m2D/m2D/mcs90_m2D_s20.A01 fileNameGt=../../cp2016-max-common-connected-subgraph-paper/datasets/graphsdb/mcs90/m2D/m2D/mcs90_m2D_s20.B01
Reading graphs...
20 :  31
20 :  31
Initializing...
maxdom : 20
D->valSize : 400
Solving...
Blb : 2 (clique : 13)
currentSize : 13 <-- 0.003364 s
currentSize : 14 <-- 0.004154 s
currentSize : 15 <-- 0.008529 s
currentSize : 16 <-- 0.041025 s
currentSize : 17 <-- 0.042604 s

maxsize : 17
nodes : 13320.000000
filtered : 301219.000000
time : 0.051012


Display solution 

0 --> 8
3 --> 4
4 --> 13
5 --> 10
6 --> 11
7 --> 14
8 --> 6
10 --> 1
11 --> 16
12 --> 5
13 --> 9
14 --> 2
15 --> 0
16 --> 3
17 --> 7
18 --> 15
19 --> 18
