Parameters: GAD=1 vflib=1 dir=0 label=0 lowerbound=1 fileNameGp=../../cp2016-max-common-connected-subgraph-paper/datasets/graphsdb/mcs90/bvg/b09/mcs90_b09_s50.A09 fileNameGt=../../cp2016-max-common-connected-subgraph-paper/datasets/graphsdb/mcs90/bvg/b09/mcs90_b09_s50.B09
Reading graphs...
50 :  224
50 :  225
Initializing...
maxdom : 50
D->valSize : 2500
Solving...
Blb : 2 (clique : 31)
currentSize : 31 <-- 0.085065 s
currentSize : 32 <-- 74.485687 s
currentSize : 34 <-- 74.501091 s
currentSize : 35 <-- 75.037994 s
currentSize : 36 <-- 75.190529 s
currentSize : 38 <-- 75.198181 s
currentSize : 40 <-- 75.755440 s
currentSize : 44 <-- 75.756134 s

maxsize : 44
nodes : 10461096.000000
filtered : 506504161.000000
time : 80.500847


Display solution 

0 --> 4
1 --> 45
2 --> 48
3 --> 39
4 --> 34
5 --> 31
7 --> 13
8 --> 36
9 --> 30
10 --> 5
11 --> 35
12 --> 43
13 --> 44
14 --> 37
15 --> 6
16 --> 32
17 --> 40
18 --> 20
20 --> 18
21 --> 23
22 --> 33
23 --> 0
24 --> 47
25 --> 15
26 --> 8
27 --> 19
28 --> 21
29 --> 12
30 --> 42
31 --> 1
33 --> 7
34 --> 28
35 --> 41
36 --> 16
37 --> 38
39 --> 22
40 --> 46
41 --> 27
42 --> 2
43 --> 3
44 --> 24
46 --> 10
47 --> 11
48 --> 29
