Parameters: GAD=1 vflib=1 dir=0 label=0 lowerbound=1 fileNameGp=../../cp2016-max-common-connected-subgraph-paper/datasets/graphsdb/mcs90/rand/r02/mcs90_r02_s35.A04 fileNameGt=../../cp2016-max-common-connected-subgraph-paper/datasets/graphsdb/mcs90/rand/r02/mcs90_r02_s35.B04
Reading graphs...
35 :  218
35 :  216
Initializing...
maxdom : 35
D->valSize : 1225
Solving...
Blb : 2 (clique : 11)
currentSize : 11 <-- 0.017350 s
currentSize : 12 <-- 0.019789 s
currentSize : 13 <-- 0.052646 s
currentSize : 14 <-- 0.076519 s
currentSize : 15 <-- 0.443219 s
currentSize : 18 <-- 0.446257 s
currentSize : 20 <-- 0.706179 s
currentSize : 31 <-- 0.712951 s

maxsize : 31
nodes : 200416.000000
filtered : 3227170.000000
time : 0.792763


Display solution 

0 --> 26
1 --> 18
2 --> 17
3 --> 28
4 --> 0
5 --> 11
6 --> 8
8 --> 4
9 --> 25
11 --> 20
13 --> 23
14 --> 7
15 --> 13
16 --> 14
18 --> 32
19 --> 3
20 --> 15
21 --> 29
22 --> 27
23 --> 22
24 --> 12
25 --> 30
26 --> 6
27 --> 31
28 --> 19
29 --> 1
30 --> 10
31 --> 24
32 --> 16
33 --> 34
34 --> 21
