Parameters: GAD=1 vflib=1 dir=0 label=0 lowerbound=1 fileNameGp=../../cp2016-max-common-connected-subgraph-paper/datasets/graphsdb/mcs90/rand/r02/mcs90_r02_s40.A01 fileNameGt=../../cp2016-max-common-connected-subgraph-paper/datasets/graphsdb/mcs90/rand/r02/mcs90_r02_s40.B01
Reading graphs...
40 :  287
40 :  283
Initializing...
maxdom : 40
D->valSize : 1600
Solving...
Blb : 2 (clique : 12)
currentSize : 12 <-- 0.050541 s
currentSize : 13 <-- 0.057363 s
currentSize : 14 <-- 0.104301 s
currentSize : 15 <-- 2.057664 s
currentSize : 16 <-- 3.411324 s
currentSize : 18 <-- 18.427437 s
currentSize : 19 <-- 171.114304 s
currentSize : 22 <-- 171.114380 s
currentSize : 23 <-- 211.744293 s
currentSize : 24 <-- 243.004211 s
currentSize : 36 <-- 243.011398 s

maxsize : 36
nodes : 54327473.000000
filtered : 936964926.000000
time : 243.106979


Display solution 

0 --> 12
2 --> 17
3 --> 21
4 --> 15
5 --> 34
6 --> 36
7 --> 2
8 --> 22
9 --> 10
10 --> 20
11 --> 29
12 --> 9
13 --> 0
14 --> 13
15 --> 37
16 --> 27
17 --> 8
19 --> 26
20 --> 25
21 --> 16
23 --> 7
24 --> 38
25 --> 19
26 --> 35
27 --> 11
28 --> 30
29 --> 28
30 --> 6
31 --> 33
32 --> 18
34 --> 32
35 --> 1
36 --> 39
37 --> 4
38 --> 23
39 --> 3
