Parameters: GAD=1 vflib=1 dir=0 label=0 lowerbound=1 fileNameGp=../../cp2016-max-common-connected-subgraph-paper/datasets/graphsdb/mcs90/bvg/b09m/mcs90_b09m_s40.A00 fileNameGt=../../cp2016-max-common-connected-subgraph-paper/datasets/graphsdb/mcs90/bvg/b09m/mcs90_b09m_s40.B00
Reading graphs...
40 :  175
40 :  176
Initializing...
maxdom : 40
D->valSize : 1600
Solving...
Blb : 5 (clique : 15)
currentSize : 15 <-- 0.031338 s
currentSize : 16 <-- 0.031526 s
currentSize : 17 <-- 0.038856 s
currentSize : 18 <-- 0.508388 s
currentSize : 19 <-- 5.802528 s
currentSize : 20 <-- 224.821381 s
currentSize : 21 <-- 520.265137 s
currentSize : 22 <-- 541.828735 s
currentSize : 24 <-- 586.881226 s
currentSize : 25 <-- 586.917542 s
currentSize : 26 <-- 603.451965 s
currentSize : 30 <-- 606.430054 s
currentSize : 31 <-- 607.055176 s
currentSize : 36 <-- 607.057800 s

maxsize : 36
nodes : 126670035.000000
filtered : 3057607762.000000
time : 607.204651


Display solution 

0 --> 4
1 --> 27
3 --> 33
4 --> 31
5 --> 36
6 --> 13
7 --> 2
8 --> 0
9 --> 39
10 --> 22
11 --> 10
12 --> 35
13 --> 23
14 --> 26
15 --> 9
16 --> 20
17 --> 17
18 --> 8
19 --> 3
20 --> 18
21 --> 25
22 --> 19
23 --> 37
24 --> 24
25 --> 5
26 --> 1
27 --> 21
28 --> 30
30 --> 15
31 --> 12
32 --> 16
33 --> 34
34 --> 28
35 --> 29
37 --> 38
39 --> 11
