Parameters: GAD=1 vflib=1 dir=0 label=0 lowerbound=1 fileNameGp=../../cp2016-max-common-connected-subgraph-paper/datasets/graphsdb/mcs90/rand/r02/mcs90_r02_s50.A03 fileNameGt=../../cp2016-max-common-connected-subgraph-paper/datasets/graphsdb/mcs90/rand/r02/mcs90_r02_s50.B03
Reading graphs...
50 :  435
50 :  437
Initializing...
maxdom : 50
D->valSize : 2500
Solving...
Blb : 5 (clique : 12)
currentSize : 12 <-- 0.074509 s
currentSize : 13 <-- 0.074727 s
currentSize : 14 <-- 0.075100 s
currentSize : 15 <-- 0.264801 s
currentSize : 16 <-- 3.014902 s
currentSize : 17 <-- 236.743713 s
currentSize : 18 <-- 513.526123 s

TIMEOUT
maxsize : 18
nodes : 245618833.000000
filtered : 2718060420.000000
time : 1000.000000


Display solution 

0 --> 48
1 --> 25
2 --> 3
3 --> 43
13 --> 26
16 --> 39
17 --> 23
18 --> 4
19 --> 16
20 --> 21
24 --> 42
27 --> 7
28 --> 15
35 --> 29
36 --> 20
42 --> 31
44 --> 6
45 --> 10
