Parameters: GAD=1 vflib=1 dir=0 label=0 lowerbound=1 fileNameGp=../../cp2016-max-common-connected-subgraph-paper/datasets/graphsdb/mcs90/bvg/b06m/mcs90_b06m_s50.A01 fileNameGt=../../cp2016-max-common-connected-subgraph-paper/datasets/graphsdb/mcs90/bvg/b06m/mcs90_b06m_s50.B01
Reading graphs...
50 :  147
50 :  147
Initializing...
maxdom : 50
D->valSize : 2500
Solving...
Blb : 2 (clique : 21)
currentSize : 21 <-- 0.112089 s
currentSize : 24 <-- 0.112379 s
currentSize : 25 <-- 0.112459 s
currentSize : 26 <-- 0.113147 s
currentSize : 27 <-- 0.123765 s
currentSize : 28 <-- 0.124067 s
currentSize : 29 <-- 0.132326 s
currentSize : 30 <-- 0.150219 s
currentSize : 31 <-- 0.150262 s
currentSize : 32 <-- 179.960098 s
currentSize : 33 <-- 179.963440 s
currentSize : 34 <-- 179.998047 s
currentSize : 37 <-- 190.761917 s
currentSize : 45 <-- 191.069839 s

maxsize : 45
nodes : 22582927.000000
filtered : 1341738037.000000
time : 191.756958


Display solution 

0 --> 18
1 --> 27
2 --> 47
3 --> 45
4 --> 30
5 --> 19
6 --> 41
7 --> 13
8 --> 2
9 --> 32
10 --> 24
11 --> 33
12 --> 36
13 --> 35
14 --> 5
16 --> 23
17 --> 28
18 --> 42
19 --> 39
20 --> 11
21 --> 1
22 --> 21
23 --> 16
24 --> 25
25 --> 12
26 --> 48
27 --> 38
28 --> 14
29 --> 26
30 --> 29
32 --> 44
33 --> 49
34 --> 40
35 --> 8
38 --> 9
39 --> 20
41 --> 22
42 --> 15
43 --> 4
44 --> 0
45 --> 17
46 --> 6
47 --> 10
48 --> 37
49 --> 3
