Parameters: GAD=1 vflib=1 dir=0 label=0 lowerbound=1 fileNameGp=../../cp2016-max-common-connected-subgraph-paper/datasets/graphsdb/mcs90/bvg/b03m/mcs90_b03m_s35.A08 fileNameGt=../../cp2016-max-common-connected-subgraph-paper/datasets/graphsdb/mcs90/bvg/b03m/mcs90_b03m_s35.B08
Reading graphs...
35 :  51
35 :  51
Initializing...
maxdom : 35
D->valSize : 1225
Solving...
Blb : 2 (clique : 23)
currentSize : 23 <-- 0.021007 s
currentSize : 24 <-- 0.695181 s
currentSize : 25 <-- 0.891134 s
currentSize : 26 <-- 14.067312 s
currentSize : 27 <-- 95.481499 s
currentSize : 28 <-- 146.134903 s
currentSize : 30 <-- 146.361740 s

maxsize : 30
nodes : 24366339.000000
filtered : 923234142.000000
time : 148.260345


Display solution 

0 --> 1
1 --> 28
2 --> 12
3 --> 32
4 --> 34
5 --> 24
6 --> 4
7 --> 30
8 --> 21
9 --> 25
10 --> 0
11 --> 29
12 --> 18
14 --> 17
15 --> 2
16 --> 19
17 --> 16
18 --> 8
19 --> 26
20 --> 5
21 --> 33
22 --> 3
23 --> 11
25 --> 9
26 --> 6
27 --> 23
28 --> 15
30 --> 14
31 --> 20
33 --> 31
