Parameters: GAD=1 vflib=1 dir=0 label=0 lowerbound=1 fileNameGp=../../cp2016-max-common-connected-subgraph-paper/datasets/graphsdb/mcs90/rand/r01/mcs90_r01_s30.A09 fileNameGt=../../cp2016-max-common-connected-subgraph-paper/datasets/graphsdb/mcs90/rand/r01/mcs90_r01_s30.B09
Reading graphs...
30 :  82
30 :  82
Initializing...
maxdom : 30
D->valSize : 900
Solving...
Blb : 2 (clique : 14)
currentSize : 14 <-- 0.018303 s
currentSize : 15 <-- 0.018811 s
currentSize : 16 <-- 0.019839 s
currentSize : 17 <-- 0.129784 s
currentSize : 18 <-- 1.270094 s
currentSize : 19 <-- 2.425539 s
currentSize : 20 <-- 2.807792 s
currentSize : 21 <-- 15.028664 s
currentSize : 22 <-- 17.102571 s
currentSize : 25 <-- 17.841408 s
currentSize : 27 <-- 17.842527 s

maxsize : 27
nodes : 3730164.000000
filtered : 100998564.000000
time : 17.849901


Display solution 

1 --> 8
2 --> 6
3 --> 27
4 --> 18
5 --> 16
6 --> 24
7 --> 14
8 --> 13
9 --> 7
10 --> 12
11 --> 9
12 --> 28
13 --> 20
15 --> 21
16 --> 15
17 --> 19
18 --> 10
19 --> 25
20 --> 17
21 --> 11
22 --> 4
23 --> 29
24 --> 1
25 --> 5
26 --> 2
28 --> 0
29 --> 22
