Parameters: GAD=1 vflib=1 dir=0 label=0 lowerbound=1 fileNameGp=../../cp2016-max-common-connected-subgraph-paper/datasets/graphsdb/mcs90/m2D/m2Dr4/mcs90_m2Dr4_s40.A04 fileNameGt=../../cp2016-max-common-connected-subgraph-paper/datasets/graphsdb/mcs90/m2D/m2Dr4/mcs90_m2Dr4_s40.B04
Reading graphs...
40 :  81
40 :  80
Initializing...
maxdom : 40
D->valSize : 1600
Solving...
Blb : 2 (clique : 21)
currentSize : 21 <-- 0.035343 s
currentSize : 22 <-- 0.035570 s
currentSize : 23 <-- 0.035629 s
currentSize : 24 <-- 0.035676 s
currentSize : 25 <-- 0.050152 s
currentSize : 26 <-- 0.128311 s
currentSize : 27 <-- 26.396852 s
currentSize : 28 <-- 28.146481 s
currentSize : 29 <-- 182.224274 s
currentSize : 30 <-- 208.684753 s
currentSize : 31 <-- 280.912079 s
currentSize : 32 <-- 307.553741 s
currentSize : 33 <-- 314.673340 s
currentSize : 36 <-- 315.295258 s

maxsize : 36
nodes : 43919525.000000
filtered : 1937408949.000000
time : 315.438568


Display solution 

0 --> 33
1 --> 23
2 --> 25
3 --> 2
4 --> 10
6 --> 35
7 --> 15
8 --> 28
9 --> 24
10 --> 38
11 --> 12
12 --> 13
13 --> 7
14 --> 22
15 --> 26
16 --> 27
17 --> 14
18 --> 8
20 --> 21
21 --> 39
22 --> 37
23 --> 6
24 --> 4
25 --> 29
26 --> 34
28 --> 36
29 --> 31
30 --> 11
31 --> 0
32 --> 30
33 --> 20
34 --> 17
35 --> 19
37 --> 5
38 --> 3
39 --> 32
