Parameters: GAD=1 vflib=1 dir=0 label=0 lowerbound=1 fileNameGp=../../cp2016-max-common-connected-subgraph-paper/datasets/graphsdb/mcs90/m2D/m2Dr6/mcs90_m2Dr6_s30.A06 fileNameGt=../../cp2016-max-common-connected-subgraph-paper/datasets/graphsdb/mcs90/m2D/m2Dr6/mcs90_m2Dr6_s30.B06
Reading graphs...
30 :  65
30 :  64
Initializing...
maxdom : 30
D->valSize : 900
Solving...
Blb : 5 (clique : 16)
currentSize : 16 <-- 0.010770 s
currentSize : 17 <-- 0.011696 s
currentSize : 18 <-- 0.017787 s
currentSize : 19 <-- 0.813431 s
currentSize : 20 <-- 0.991922 s
currentSize : 21 <-- 20.072748 s
currentSize : 22 <-- 21.916943 s
currentSize : 24 <-- 21.920748 s
currentSize : 25 <-- 22.423624 s

maxsize : 25
nodes : 4372824.000000
filtered : 149628847.000000
time : 22.516781


Display solution 

1 --> 16
2 --> 13
3 --> 7
4 --> 3
6 --> 25
7 --> 28
8 --> 18
9 --> 23
10 --> 4
11 --> 15
12 --> 2
13 --> 6
14 --> 5
15 --> 14
17 --> 9
18 --> 26
20 --> 20
21 --> 29
22 --> 21
23 --> 8
24 --> 11
25 --> 0
27 --> 10
28 --> 24
29 --> 12
