Parameters: GAD=1 vflib=1 dir=0 label=0 lowerbound=1 fileNameGp=../../cp2016-max-common-connected-subgraph-paper/datasets/graphsdb/mcs90/bvg/b06/mcs90_b06_s50.A03 fileNameGt=../../cp2016-max-common-connected-subgraph-paper/datasets/graphsdb/mcs90/bvg/b06/mcs90_b06_s50.B03
Reading graphs...
50 :  149
50 :  150
Initializing...
maxdom : 50
D->valSize : 2500
Solving...
Blb : 2 (clique : 31)
currentSize : 31 <-- 0.090959 s
currentSize : 32 <-- 0.092232 s
currentSize : 33 <-- 0.094397 s
currentSize : 34 <-- 0.189853 s
currentSize : 35 <-- 0.214011 s
currentSize : 36 <-- 0.214240 s
currentSize : 37 <-- 0.214946 s
currentSize : 38 <-- 0.215410 s
currentSize : 39 <-- 0.215651 s
currentSize : 40 <-- 0.215941 s
currentSize : 41 <-- 0.218344 s
currentSize : 42 <-- 0.222911 s
currentSize : 44 <-- 0.228033 s
currentSize : 46 <-- 0.228977 s

maxsize : 46
nodes : 64808.000000
filtered : 3603580.000000
time : 0.750772


Display solution 

0 --> 20
1 --> 48
2 --> 42
3 --> 16
4 --> 15
5 --> 18
6 --> 4
7 --> 43
8 --> 45
10 --> 30
11 --> 21
12 --> 1
13 --> 7
14 --> 44
15 --> 34
16 --> 31
18 --> 46
19 --> 9
20 --> 24
21 --> 11
22 --> 28
23 --> 41
24 --> 19
25 --> 8
27 --> 26
28 --> 47
29 --> 37
30 --> 25
31 --> 13
32 --> 12
33 --> 35
34 --> 38
35 --> 0
36 --> 2
37 --> 39
38 --> 32
39 --> 36
40 --> 5
41 --> 10
42 --> 49
43 --> 33
44 --> 14
46 --> 29
47 --> 22
48 --> 3
49 --> 17
