Parameters: GAD=1 vflib=1 dir=0 label=0 lowerbound=1 fileNameGp=../../cp2016-max-common-connected-subgraph-paper/datasets/graphsdb/mcs90/m2D/m2Dr6/mcs90_m2Dr6_s30.A04 fileNameGt=../../cp2016-max-common-connected-subgraph-paper/datasets/graphsdb/mcs90/m2D/m2Dr6/mcs90_m2Dr6_s30.B04
Reading graphs...
30 :  67
30 :  67
Initializing...
maxdom : 30
D->valSize : 900
Solving...
Blb : 2 (clique : 14)
currentSize : 14 <-- 0.010704 s
currentSize : 15 <-- 0.010810 s
currentSize : 16 <-- 0.010944 s
currentSize : 17 <-- 0.011297 s
currentSize : 18 <-- 0.013963 s
currentSize : 19 <-- 0.030503 s
currentSize : 20 <-- 2.614462 s
currentSize : 21 <-- 3.996037 s
currentSize : 23 <-- 3.996119 s
currentSize : 25 <-- 8.262013 s

maxsize : 25
nodes : 1611790.000000
filtered : 52631317.000000
time : 8.323592


Display solution 

1 --> 16
2 --> 14
3 --> 27
4 --> 8
5 --> 24
6 --> 11
7 --> 1
8 --> 12
9 --> 15
11 --> 17
12 --> 13
13 --> 29
14 --> 20
15 --> 4
16 --> 19
18 --> 25
19 --> 21
20 --> 2
21 --> 0
23 --> 9
24 --> 5
25 --> 6
26 --> 18
27 --> 28
28 --> 26
