Parameters: GAD=1 vflib=1 dir=0 label=0 lowerbound=1 fileNameGp=../../cp2016-max-common-connected-subgraph-paper/datasets/graphsdb/mcs90/rand/r01/mcs90_r01_s25.A05 fileNameGt=../../cp2016-max-common-connected-subgraph-paper/datasets/graphsdb/mcs90/rand/r01/mcs90_r01_s25.B05
Reading graphs...
25 :  58
25 :  59
Initializing...
maxdom : 25
D->valSize : 625
Solving...
Blb : 2 (clique : 12)
currentSize : 12 <-- 0.008983 s
currentSize : 13 <-- 0.009102 s
currentSize : 14 <-- 0.009322 s
currentSize : 15 <-- 0.009819 s
currentSize : 16 <-- 0.022753 s
currentSize : 18 <-- 0.031680 s
currentSize : 19 <-- 0.036370 s
currentSize : 20 <-- 0.036853 s
currentSize : 22 <-- 0.036889 s

maxsize : 22
nodes : 7583.000000
filtered : 179506.000000
time : 0.048920


Display solution 

0 --> 1
1 --> 21
2 --> 8
3 --> 23
4 --> 18
6 --> 12
7 --> 16
8 --> 19
9 --> 24
10 --> 6
11 --> 2
12 --> 10
13 --> 20
14 --> 14
16 --> 7
18 --> 4
19 --> 11
20 --> 17
21 --> 0
22 --> 3
23 --> 5
24 --> 15
