Parameters: GAD=1 vflib=1 dir=0 label=0 lowerbound=1 fileNameGp=../../cp2016-max-common-connected-subgraph-paper/datasets/graphsdb/mcs90/rand/r01/mcs90_r01_s50.A04 fileNameGt=../../cp2016-max-common-connected-subgraph-paper/datasets/graphsdb/mcs90/rand/r01/mcs90_r01_s50.B04
Reading graphs...
50 :  226
50 :  228
Initializing...
maxdom : 50
D->valSize : 2500
Solving...
Blb : 2 (clique : 16)
currentSize : 16 <-- 0.144731 s
currentSize : 18 <-- 0.145113 s
currentSize : 19 <-- 0.145248 s
currentSize : 20 <-- 0.241764 s
currentSize : 21 <-- 1.150872 s
currentSize : 22 <-- 9.650241 s
currentSize : 24 <-- 28.628868 s
currentSize : 25 <-- 30.375277 s
currentSize : 26 <-- 40.501968 s
currentSize : 27 <-- 58.893139 s
currentSize : 28 <-- 61.802643 s
currentSize : 29 <-- 85.151344 s
currentSize : 31 <-- 105.851097 s
currentSize : 33 <-- 105.864426 s
currentSize : 34 <-- 120.197968 s
currentSize : 45 <-- 120.338715 s

maxsize : 45
nodes : 19385449.000000
filtered : 692016533.000000
time : 121.044487


Display solution 

0 --> 10
1 --> 5
2 --> 11
3 --> 19
4 --> 39
5 --> 34
6 --> 0
7 --> 32
8 --> 45
9 --> 38
10 --> 3
11 --> 22
12 --> 14
13 --> 15
14 --> 27
15 --> 46
17 --> 8
18 --> 44
19 --> 24
20 --> 17
21 --> 28
22 --> 41
23 --> 36
24 --> 12
25 --> 20
26 --> 29
27 --> 33
28 --> 35
29 --> 21
30 --> 2
31 --> 47
32 --> 4
33 --> 16
34 --> 18
35 --> 48
36 --> 49
37 --> 43
38 --> 26
39 --> 9
40 --> 7
41 --> 6
42 --> 31
43 --> 23
46 --> 42
47 --> 13
