Parameters: GAD=1 vflib=1 dir=0 label=0 lowerbound=1 fileNameGp=../../cp2016-max-common-connected-subgraph-paper/datasets/graphsdb/mcs90/m2D/m2Dr2/mcs90_m2Dr2_s10.A05 fileNameGt=../../cp2016-max-common-connected-subgraph-paper/datasets/graphsdb/mcs90/m2D/m2Dr2/mcs90_m2Dr2_s10.B05
Reading graphs...
10 :  15
10 :  15
Initializing...
maxdom : 10
D->valSize : 100
Solving...
Blb : 2 (clique : 7)
currentSize : 7 <-- 0.000564 s
currentSize : 8 <-- 0.000592 s
currentSize : 9 <-- 0.000645 s

maxsize : 9
nodes : 94.000000
filtered : 1183.000000
time : 0.000722


Display solution 

0 --> 3
1 --> 0
2 --> 2
3 --> 1
5 --> 6
6 --> 5
7 --> 7
8 --> 9
9 --> 4
