Parameters: GAD=1 vflib=1 dir=0 label=0 lowerbound=1 fileNameGp=../../cp2016-max-common-connected-subgraph-paper/datasets/graphsdb/mcs90/rand/r02/mcs90_r02_s35.A08 fileNameGt=../../cp2016-max-common-connected-subgraph-paper/datasets/graphsdb/mcs90/rand/r02/mcs90_r02_s35.B08
Reading graphs...
35 :  217
35 :  215
Initializing...
maxdom : 35
D->valSize : 1225
Solving...
Blb : 2 (clique : 12)
currentSize : 12 <-- 0.017265 s
currentSize : 13 <-- 0.018492 s
currentSize : 14 <-- 0.078503 s
currentSize : 15 <-- 6.259208 s
currentSize : 16 <-- 52.580902 s
currentSize : 17 <-- 52.580971 s
currentSize : 18 <-- 52.737839 s
currentSize : 21 <-- 52.974361 s
currentSize : 23 <-- 52.977951 s
currentSize : 31 <-- 52.978374 s

maxsize : 31
nodes : 14789657.000000
filtered : 168557573.000000
time : 53.077507


Display solution 

0 --> 9
1 --> 8
2 --> 7
3 --> 30
4 --> 16
5 --> 17
6 --> 33
7 --> 14
8 --> 21
9 --> 28
10 --> 12
11 --> 27
12 --> 20
13 --> 22
14 --> 29
15 --> 10
17 --> 32
18 --> 6
19 --> 15
21 --> 25
22 --> 2
23 --> 13
24 --> 4
25 --> 19
26 --> 23
27 --> 3
28 --> 0
29 --> 5
30 --> 24
31 --> 1
34 --> 18
