Parameters: GAD=1 vflib=1 dir=0 label=0 lowerbound=1 fileNameGp=../../cp2016-max-common-connected-subgraph-paper/datasets/graphsdb/mcs90/m2D/m2Dr4/mcs90_m2Dr4_s50.A02 fileNameGt=../../cp2016-max-common-connected-subgraph-paper/datasets/graphsdb/mcs90/m2D/m2Dr4/mcs90_m2Dr4_s50.B02
Reading graphs...
50 :  104
50 :  101
Initializing...
maxdom : 50
D->valSize : 2500
Solving...
Blb : 2 (clique : 26)
currentSize : 26 <-- 0.094591 s
currentSize : 29 <-- 0.094982 s
currentSize : 30 <-- 0.095067 s
currentSize : 31 <-- 0.108357 s
currentSize : 32 <-- 0.113958 s
currentSize : 33 <-- 0.114247 s
currentSize : 34 <-- 467.240173 s
currentSize : 35 <-- 540.199829 s
currentSize : 36 <-- 540.201782 s
currentSize : 38 <-- 551.102234 s
currentSize : 39 <-- 610.745605 s
currentSize : 40 <-- 746.293396 s
currentSize : 41 <-- 750.057922 s
currentSize : 42 <-- 760.387939 s
currentSize : 43 <-- 764.089966 s
currentSize : 44 <-- 767.284241 s
currentSize : 45 <-- 767.284912 s
currentSize : 49 <-- 767.293213 s

maxsize : 49
nodes : 100706857.000000
filtered : 4786912196.000000
time : 767.297180


Display solution 

0 --> 32
1 --> 9
2 --> 44
3 --> 7
4 --> 6
5 --> 37
6 --> 18
7 --> 3
8 --> 41
9 --> 40
10 --> 36
11 --> 15
12 --> 47
13 --> 45
14 --> 16
15 --> 8
16 --> 26
17 --> 28
18 --> 2
19 --> 22
20 --> 19
21 --> 48
22 --> 27
23 --> 11
24 --> 25
25 --> 38
26 --> 5
27 --> 35
28 --> 23
29 --> 33
30 --> 43
31 --> 34
32 --> 42
33 --> 12
34 --> 0
35 --> 20
36 --> 29
37 --> 30
38 --> 31
39 --> 13
40 --> 39
41 --> 21
42 --> 49
43 --> 14
44 --> 1
46 --> 10
47 --> 17
48 --> 46
49 --> 4
