Parameters: GAD=1 vflib=1 dir=0 label=0 lowerbound=1 fileNameGp=../../cp2016-max-common-connected-subgraph-paper/datasets/graphsdb/mcs90/m2D/m2Dr4/mcs90_m2Dr4_s30.A05 fileNameGt=../../cp2016-max-common-connected-subgraph-paper/datasets/graphsdb/mcs90/m2D/m2Dr4/mcs90_m2Dr4_s30.B05
Reading graphs...
30 :  60
30 :  59
Initializing...
maxdom : 30
D->valSize : 900
Solving...
Blb : 2 (clique : 15)
currentSize : 15 <-- 0.010828 s
currentSize : 16 <-- 0.010957 s
currentSize : 17 <-- 0.011745 s
currentSize : 18 <-- 0.020912 s
currentSize : 19 <-- 0.078509 s
currentSize : 20 <-- 0.084756 s
currentSize : 21 <-- 0.489167 s
currentSize : 22 <-- 1.695554 s
currentSize : 24 <-- 3.573126 s
currentSize : 25 <-- 5.387254 s

maxsize : 25
nodes : 921959.000000
filtered : 37050984.000000
time : 5.429829


Display solution 

2 --> 21
4 --> 2
5 --> 15
6 --> 22
7 --> 8
8 --> 27
10 --> 26
12 --> 23
13 --> 24
14 --> 25
15 --> 19
16 --> 5
17 --> 17
18 --> 14
19 --> 6
20 --> 29
21 --> 4
22 --> 18
23 --> 13
24 --> 1
25 --> 7
26 --> 10
27 --> 3
28 --> 0
29 --> 20
