Parameters: GAD=1 vflib=1 dir=0 label=0 lowerbound=1 fileNameGp=../../cp2016-max-common-connected-subgraph-paper/datasets/graphsdb/mcs90/bvg/b09m/mcs90_b09m_s30.A02 fileNameGt=../../cp2016-max-common-connected-subgraph-paper/datasets/graphsdb/mcs90/bvg/b09m/mcs90_b09m_s30.B02
Reading graphs...
30 :  131
30 :  131
Initializing...
maxdom : 30
D->valSize : 900
Solving...
Blb : 2 (clique : 11)
currentSize : 11 <-- 0.010420 s
currentSize : 12 <-- 0.010560 s
currentSize : 13 <-- 0.011834 s
currentSize : 14 <-- 0.082385 s
currentSize : 15 <-- 0.979966 s
currentSize : 16 <-- 7.641873 s
currentSize : 17 <-- 11.693237 s
currentSize : 18 <-- 16.554504 s
currentSize : 19 <-- 17.589643 s
currentSize : 26 <-- 17.646978 s

maxsize : 26
nodes : 4478137.000000
filtered : 76618339.000000
time : 17.725332


Display solution 

0 --> 8
1 --> 18
2 --> 27
3 --> 3
4 --> 11
5 --> 1
6 --> 14
7 --> 21
9 --> 16
10 --> 10
11 --> 29
12 --> 9
13 --> 20
14 --> 6
15 --> 2
16 --> 0
17 --> 25
18 --> 22
20 --> 23
22 --> 7
23 --> 15
25 --> 5
26 --> 26
27 --> 19
28 --> 13
29 --> 12
