Parameters: GAD=1 vflib=1 dir=0 label=0 lowerbound=1 fileNameGp=../../cp2016-max-common-connected-subgraph-paper/datasets/graphsdb/mcs90/bvg/b09m/mcs90_b09m_s40.A03 fileNameGt=../../cp2016-max-common-connected-subgraph-paper/datasets/graphsdb/mcs90/bvg/b09m/mcs90_b09m_s40.B03
Reading graphs...
40 :  175
40 :  176
Initializing...
maxdom : 40
D->valSize : 1600
Solving...
Blb : 3 (clique : 16)
currentSize : 16 <-- 0.055618 s
currentSize : 17 <-- 0.056627 s
currentSize : 18 <-- 0.056932 s
currentSize : 19 <-- 0.059132 s
currentSize : 20 <-- 0.059274 s
currentSize : 21 <-- 0.062545 s
currentSize : 22 <-- 0.068665 s
currentSize : 23 <-- 0.074810 s
currentSize : 24 <-- 0.083300 s
currentSize : 28 <-- 0.085183 s
currentSize : 33 <-- 0.090897 s
currentSize : 36 <-- 0.090977 s

maxsize : 36
nodes : 15911.000000
filtered : 1827441.000000
time : 0.249046


Display solution 

0 --> 25
1 --> 22
2 --> 29
3 --> 28
4 --> 30
5 --> 13
6 --> 17
7 --> 3
9 --> 33
10 --> 5
11 --> 36
12 --> 7
13 --> 16
14 --> 37
15 --> 14
16 --> 11
17 --> 24
18 --> 18
20 --> 8
21 --> 1
22 --> 26
23 --> 20
24 --> 2
25 --> 39
26 --> 6
27 --> 35
28 --> 4
29 --> 27
30 --> 34
32 --> 21
33 --> 12
34 --> 31
35 --> 9
36 --> 19
38 --> 0
39 --> 23
