Parameters: GAD=1 vflib=1 dir=0 label=0 lowerbound=1 fileNameGp=../../cp2016-max-common-connected-subgraph-paper/datasets/graphsdb/mcs90/m2D/m2D/mcs90_m2D_s40.A02 fileNameGt=../../cp2016-max-common-connected-subgraph-paper/datasets/graphsdb/mcs90/m2D/m2D/mcs90_m2D_s40.B02
Reading graphs...
40 :  67
40 :  67
Initializing...
maxdom : 40
D->valSize : 1600
Solving...
Blb : 2 (clique : 25)
currentSize : 25 <-- 0.062918 s
currentSize : 26 <-- 0.066619 s
currentSize : 27 <-- 0.098031 s
currentSize : 28 <-- 0.321640 s
currentSize : 29 <-- 0.795607 s
currentSize : 30 <-- 1.378652 s
currentSize : 31 <-- 1.413648 s
currentSize : 32 <-- 1.688249 s
currentSize : 33 <-- 1.773891 s
currentSize : 34 <-- 2.154644 s
currentSize : 35 <-- 2.166230 s
currentSize : 36 <-- 2.166246 s

maxsize : 36
nodes : 374189.000000
filtered : 14227280.000000
time : 2.571502


Display solution 

0 --> 25
2 --> 4
3 --> 37
4 --> 8
5 --> 28
6 --> 10
9 --> 33
10 --> 34
11 --> 7
12 --> 13
13 --> 12
15 --> 19
16 --> 3
17 --> 15
18 --> 38
19 --> 23
20 --> 16
21 --> 1
22 --> 20
23 --> 26
24 --> 24
25 --> 14
26 --> 18
27 --> 35
28 --> 32
29 --> 31
30 --> 11
31 --> 17
32 --> 2
33 --> 29
34 --> 9
35 --> 5
36 --> 0
37 --> 21
38 --> 36
39 --> 27
