Parameters: GAD=1 vflib=1 dir=0 label=0 lowerbound=1 fileNameGp=../../cp2016-max-common-connected-subgraph-paper/datasets/graphsdb/mcs90/bvg/b06/mcs90_b06_s50.A02 fileNameGt=../../cp2016-max-common-connected-subgraph-paper/datasets/graphsdb/mcs90/bvg/b06/mcs90_b06_s50.B02
Reading graphs...
50 :  150
50 :  150
Initializing...
maxdom : 50
D->valSize : 2500
Solving...
Blb : 2 (clique : 27)
currentSize : 27 <-- 0.090131 s
currentSize : 30 <-- 0.090506 s
currentSize : 31 <-- 0.090734 s
currentSize : 32 <-- 0.091150 s
currentSize : 33 <-- 0.098853 s
currentSize : 34 <-- 0.098997 s
currentSize : 35 <-- 0.279864 s
currentSize : 36 <-- 0.392830 s
currentSize : 37 <-- 0.459285 s
currentSize : 38 <-- 4.776778 s
currentSize : 39 <-- 4.796026 s
currentSize : 45 <-- 5.631485 s
currentSize : 46 <-- 5.957221 s

maxsize : 46
nodes : 629646.000000
filtered : 33600480.000000
time : 6.513961


Display solution 

0 --> 25
1 --> 15
2 --> 14
3 --> 7
4 --> 9
5 --> 40
6 --> 35
7 --> 23
8 --> 36
9 --> 16
10 --> 49
12 --> 12
13 --> 4
14 --> 26
15 --> 31
16 --> 39
17 --> 30
18 --> 27
19 --> 38
20 --> 42
21 --> 21
22 --> 37
23 --> 20
24 --> 19
25 --> 17
26 --> 24
27 --> 47
28 --> 5
29 --> 33
31 --> 28
32 --> 43
34 --> 10
35 --> 48
36 --> 11
38 --> 0
39 --> 44
40 --> 45
41 --> 6
42 --> 1
43 --> 46
44 --> 34
45 --> 3
46 --> 8
47 --> 2
48 --> 32
49 --> 18
