Parameters: GAD=1 vflib=1 dir=0 label=0 lowerbound=1 fileNameGp=../../cp2016-max-common-connected-subgraph-paper/datasets/graphsdb/mcs90/bvg/b03m/mcs90_b03m_s35.A09 fileNameGt=../../cp2016-max-common-connected-subgraph-paper/datasets/graphsdb/mcs90/bvg/b03m/mcs90_b03m_s35.B09
Reading graphs...
35 :  52
35 :  52
Initializing...
maxdom : 35
D->valSize : 1225
Solving...
Blb : 2 (clique : 22)
currentSize : 22 <-- 0.021337 s
currentSize : 23 <-- 0.024126 s
currentSize : 24 <-- 0.084360 s
currentSize : 25 <-- 0.305771 s
currentSize : 26 <-- 2.186924 s
currentSize : 27 <-- 90.341377 s
currentSize : 28 <-- 90.530540 s
currentSize : 29 <-- 91.021156 s
currentSize : 30 <-- 91.021217 s

maxsize : 30
nodes : 15349164.000000
filtered : 535018289.000000
time : 92.136414


Display solution 

0 --> 11
1 --> 21
2 --> 13
4 --> 28
5 --> 14
6 --> 4
7 --> 2
8 --> 3
9 --> 17
10 --> 34
11 --> 8
12 --> 0
13 --> 29
14 --> 9
15 --> 32
16 --> 6
17 --> 1
18 --> 18
19 --> 12
20 --> 15
23 --> 26
24 --> 24
25 --> 23
27 --> 31
28 --> 5
30 --> 10
31 --> 27
32 --> 16
33 --> 25
34 --> 7
