Parameters: GAD=1 vflib=1 dir=0 label=0 lowerbound=1 fileNameGp=../../cp2016-max-common-connected-subgraph-paper/datasets/graphsdb/mcs90/bvg/b09m/mcs90_b09m_s50.A00 fileNameGt=../../cp2016-max-common-connected-subgraph-paper/datasets/graphsdb/mcs90/bvg/b09m/mcs90_b09m_s50.B00
Reading graphs...
50 :  219
50 :  219
Initializing...
maxdom : 50
D->valSize : 2500
Solving...
Blb : 5 (clique : 17)
currentSize : 17 <-- 0.108174 s
currentSize : 19 <-- 0.108440 s
currentSize : 20 <-- 0.108525 s
currentSize : 21 <-- 0.116184 s
currentSize : 22 <-- 0.195531 s
currentSize : 23 <-- 123.111885 s

TIMEOUT
maxsize : 23
nodes : 186437685.000000
filtered : 5478949995.000000
time : 1000.000000


Display solution 

0 --> 38
1 --> 28
2 --> 36
8 --> 4
10 --> 40
11 --> 7
12 --> 15
13 --> 30
14 --> 35
15 --> 44
20 --> 49
21 --> 0
23 --> 47
27 --> 14
28 --> 23
30 --> 9
31 --> 34
36 --> 46
40 --> 41
41 --> 21
43 --> 16
45 --> 8
47 --> 33
