Parameters: GAD=1 vflib=1 dir=0 label=0 lowerbound=1 fileNameGp=../../cp2016-max-common-connected-subgraph-paper/datasets/graphsdb/mcs90/m2D/m2Dr4/mcs90_m2Dr4_s50.A04 fileNameGt=../../cp2016-max-common-connected-subgraph-paper/datasets/graphsdb/mcs90/m2D/m2Dr4/mcs90_m2Dr4_s50.B04
Reading graphs...
50 :  105
50 :  104
Initializing...
maxdom : 50
D->valSize : 2500
Solving...
Blb : 2 (clique : 28)
currentSize : 28 <-- 0.098407 s
currentSize : 30 <-- 0.098769 s
currentSize : 31 <-- 0.105275 s
currentSize : 32 <-- 4.432289 s
currentSize : 33 <-- 701.611755 s

TIMEOUT
maxsize : 33
nodes : 140938858.000000
filtered : 5861809654.000000
time : 1000.000000


Display solution 

0 --> 0
1 --> 10
2 --> 46
3 --> 48
4 --> 42
6 --> 9
9 --> 35
10 --> 24
13 --> 37
15 --> 44
16 --> 18
17 --> 45
19 --> 43
20 --> 22
21 --> 36
22 --> 2
23 --> 38
24 --> 31
25 --> 12
27 --> 49
29 --> 3
30 --> 6
31 --> 19
33 --> 27
34 --> 16
35 --> 28
37 --> 41
38 --> 7
39 --> 40
40 --> 39
41 --> 14
42 --> 26
48 --> 47
