Parameters: GAD=1 vflib=1 dir=0 label=0 lowerbound=1 fileNameGp=../../cp2016-max-common-connected-subgraph-paper/datasets/graphsdb/mcs90/bvg/b06m/mcs90_b06m_s30.A04 fileNameGt=../../cp2016-max-common-connected-subgraph-paper/datasets/graphsdb/mcs90/bvg/b06m/mcs90_b06m_s30.B04
Reading graphs...
30 :  88
30 :  88
Initializing...
maxdom : 30
D->valSize : 900
Solving...
Blb : 2 (clique : 14)
currentSize : 14 <-- 0.018026 s
currentSize : 15 <-- 0.018282 s
currentSize : 16 <-- 0.044209 s
currentSize : 17 <-- 0.073904 s
currentSize : 18 <-- 3.022185 s
currentSize : 19 <-- 4.284169 s
currentSize : 20 <-- 7.925833 s
currentSize : 21 <-- 7.926979 s
currentSize : 24 <-- 8.021809 s
currentSize : 27 <-- 8.207232 s

maxsize : 27
nodes : 1889563.000000
filtered : 46791271.000000
time : 8.217536


Display solution 

0 --> 11
1 --> 18
2 --> 7
4 --> 1
5 --> 17
6 --> 29
7 --> 8
8 --> 19
9 --> 2
10 --> 13
12 --> 25
13 --> 15
14 --> 6
15 --> 3
16 --> 27
17 --> 0
18 --> 10
19 --> 5
20 --> 16
21 --> 20
22 --> 28
23 --> 22
24 --> 24
26 --> 26
27 --> 4
28 --> 9
29 --> 21
