Parameters: GAD=1 vflib=1 dir=0 label=0 lowerbound=1 fileNameGp=../../cp2016-max-common-connected-subgraph-paper/datasets/graphsdb/mcs90/bvg/b03m/mcs90_b03m_s30.A05 fileNameGt=../../cp2016-max-common-connected-subgraph-paper/datasets/graphsdb/mcs90/bvg/b03m/mcs90_b03m_s30.B05
Reading graphs...
30 :  45
30 :  45
Initializing...
maxdom : 30
D->valSize : 900
Solving...
Blb : 2 (clique : 16)
currentSize : 16 <-- 0.011164 s
currentSize : 17 <-- 0.011301 s
currentSize : 18 <-- 0.011376 s
currentSize : 19 <-- 0.011421 s
currentSize : 20 <-- 0.011542 s
currentSize : 21 <-- 0.016937 s
currentSize : 22 <-- 0.079627 s
currentSize : 23 <-- 0.102642 s
currentSize : 24 <-- 5.726829 s
currentSize : 26 <-- 5.732331 s

maxsize : 26
nodes : 1050154.000000
filtered : 37975480.000000
time : 5.882970


Display solution 

0 --> 29
1 --> 0
2 --> 22
3 --> 13
4 --> 12
5 --> 5
6 --> 21
8 --> 26
10 --> 15
11 --> 28
12 --> 23
13 --> 24
14 --> 11
15 --> 2
16 --> 8
17 --> 3
18 --> 19
19 --> 20
20 --> 6
21 --> 14
22 --> 10
23 --> 7
24 --> 16
25 --> 25
28 --> 17
29 --> 27
