Parameters: GAD=1 vflib=1 dir=0 label=0 lowerbound=1 fileNameGp=../../cp2016-max-common-connected-subgraph-paper/datasets/graphsdb/mcs90/rand/r005/mcs90_r005_s50.A09 fileNameGt=../../cp2016-max-common-connected-subgraph-paper/datasets/graphsdb/mcs90/rand/r005/mcs90_r005_s50.B09
Reading graphs...
50 :  117
50 :  116
Initializing...
maxdom : 50
D->valSize : 2500
Solving...
Blb : 2 (clique : 28)
currentSize : 28 <-- 0.160424 s
currentSize : 29 <-- 0.163541 s
currentSize : 30 <-- 0.234070 s
currentSize : 31 <-- 56.196362 s
currentSize : 32 <-- 107.148094 s
currentSize : 33 <-- 107.189072 s
currentSize : 34 <-- 322.002777 s
currentSize : 35 <-- 322.026062 s
currentSize : 36 <-- 322.242065 s
currentSize : 37 <-- 322.242706 s
currentSize : 41 <-- 343.451782 s
currentSize : 45 <-- 343.451904 s

maxsize : 45
nodes : 38942937.000000
filtered : 2188938649.000000
time : 344.082214


Display solution 

0 --> 24
1 --> 14
2 --> 3
3 --> 13
4 --> 31
5 --> 48
6 --> 43
7 --> 33
8 --> 47
9 --> 20
10 --> 21
11 --> 35
12 --> 34
13 --> 26
14 --> 23
15 --> 44
16 --> 32
17 --> 18
18 --> 16
19 --> 12
20 --> 38
21 --> 0
23 --> 39
24 --> 36
26 --> 45
27 --> 19
28 --> 41
29 --> 17
30 --> 11
31 --> 22
32 --> 29
33 --> 46
34 --> 1
35 --> 15
37 --> 10
38 --> 37
40 --> 25
41 --> 4
42 --> 9
44 --> 5
45 --> 28
46 --> 2
47 --> 40
48 --> 42
49 --> 6
