Parameters: GAD=1 vflib=1 dir=0 label=0 lowerbound=1 fileNameGp=../../cp2016-max-common-connected-subgraph-paper/datasets/graphsdb/mcs90/m2D/m2Dr4/mcs90_m2Dr4_s30.A07 fileNameGt=../../cp2016-max-common-connected-subgraph-paper/datasets/graphsdb/mcs90/m2D/m2Dr4/mcs90_m2Dr4_s30.B07
Reading graphs...
30 :  61
30 :  60
Initializing...
maxdom : 30
D->valSize : 900
Solving...
Blb : 2 (clique : 17)
currentSize : 17 <-- 0.011403 s
currentSize : 18 <-- 0.011876 s
currentSize : 19 <-- 0.012615 s
currentSize : 20 <-- 0.012722 s
currentSize : 21 <-- 3.437014 s
currentSize : 24 <-- 11.703440 s
currentSize : 25 <-- 11.848516 s
currentSize : 26 <-- 12.044969 s

maxsize : 26
nodes : 2508460.000000
filtered : 75521923.000000
time : 12.119739


Display solution 

0 --> 19
1 --> 24
2 --> 25
3 --> 4
4 --> 0
5 --> 7
7 --> 3
9 --> 9
10 --> 21
11 --> 29
12 --> 17
13 --> 26
14 --> 15
15 --> 28
16 --> 18
17 --> 27
19 --> 14
20 --> 13
21 --> 12
22 --> 8
24 --> 16
25 --> 10
26 --> 23
27 --> 20
28 --> 6
29 --> 2
