Parameters: GAD=1 vflib=1 dir=0 label=0 lowerbound=1 fileNameGp=../../cp2016-max-common-connected-subgraph-paper/datasets/graphsdb/mcs90/rand/r01/mcs90_r01_s40.A00 fileNameGt=../../cp2016-max-common-connected-subgraph-paper/datasets/graphsdb/mcs90/rand/r01/mcs90_r01_s40.B00
Reading graphs...
40 :  144
40 :  143
Initializing...
maxdom : 40
D->valSize : 1600
Solving...
Blb : 2 (clique : 15)
currentSize : 15 <-- 0.032568 s
currentSize : 16 <-- 0.032744 s
currentSize : 17 <-- 0.032874 s
currentSize : 18 <-- 0.033788 s
currentSize : 19 <-- 0.047326 s
currentSize : 20 <-- 0.056799 s
currentSize : 21 <-- 24.236046 s
currentSize : 22 <-- 226.341629 s
currentSize : 23 <-- 378.095642 s
currentSize : 24 <-- 404.385620 s
currentSize : 25 <-- 407.850647 s
currentSize : 26 <-- 457.798492 s
currentSize : 28 <-- 519.117981 s
currentSize : 29 <-- 532.780762 s
currentSize : 30 <-- 541.551147 s
currentSize : 33 <-- 541.640869 s
currentSize : 36 <-- 541.644653 s

maxsize : 36
nodes : 99279494.000000
filtered : 2941195155.000000
time : 541.767273


Display solution 

0 --> 5
1 --> 23
2 --> 25
3 --> 24
4 --> 17
5 --> 20
6 --> 9
7 --> 32
8 --> 19
9 --> 12
10 --> 2
11 --> 16
12 --> 34
13 --> 35
14 --> 4
15 --> 37
16 --> 39
17 --> 28
18 --> 30
19 --> 14
20 --> 15
21 --> 6
22 --> 26
23 --> 11
24 --> 22
25 --> 3
27 --> 18
28 --> 13
29 --> 21
31 --> 38
32 --> 0
33 --> 7
34 --> 1
35 --> 36
37 --> 27
38 --> 33
