Parameters: GAD=1 vflib=1 dir=0 label=0 lowerbound=1 fileNameGp=../../cp2016-max-common-connected-subgraph-paper/datasets/graphsdb/mcs90/m2D/m2Dr4/mcs90_m2Dr4_s40.A01 fileNameGt=../../cp2016-max-common-connected-subgraph-paper/datasets/graphsdb/mcs90/m2D/m2Dr4/mcs90_m2Dr4_s40.B01
Reading graphs...
40 :  83
40 :  82
Initializing...
maxdom : 40
D->valSize : 1600
Solving...
Blb : 2 (clique : 21)
currentSize : 21 <-- 0.035263 s
currentSize : 23 <-- 0.035472 s
currentSize : 24 <-- 0.051339 s
currentSize : 25 <-- 0.759743 s
currentSize : 26 <-- 9.495575 s
currentSize : 27 <-- 59.078808 s

TIMEOUT
maxsize : 27
nodes : 151746680.000000
filtered : 6396056508.000000
time : 1000.000000


Display solution 

0 --> 9
1 --> 20
2 --> 7
3 --> 37
4 --> 36
5 --> 34
7 --> 33
8 --> 1
9 --> 11
10 --> 2
12 --> 18
16 --> 23
18 --> 10
20 --> 27
21 --> 0
22 --> 5
23 --> 8
25 --> 22
26 --> 31
28 --> 3
29 --> 32
31 --> 12
32 --> 29
33 --> 28
35 --> 13
36 --> 38
38 --> 21
