Parameters: GAD=1 vflib=1 dir=0 label=0 lowerbound=1 fileNameGp=../../cp2016-max-common-connected-subgraph-paper/datasets/graphsdb/mcs90/rand/r005/mcs90_r005_s40.A09 fileNameGt=../../cp2016-max-common-connected-subgraph-paper/datasets/graphsdb/mcs90/rand/r005/mcs90_r005_s40.B09
Reading graphs...
40 :  75
40 :  74
Initializing...
maxdom : 40
D->valSize : 1600
Solving...
Blb : 2 (clique : 24)
currentSize : 24 <-- 0.035488 s
currentSize : 25 <-- 0.038268 s
currentSize : 26 <-- 0.070508 s
currentSize : 27 <-- 0.226214 s
currentSize : 28 <-- 8.050461 s
currentSize : 29 <-- 98.786018 s
currentSize : 30 <-- 427.254425 s
currentSize : 31 <-- 526.594482 s
currentSize : 32 <-- 574.262085 s
currentSize : 34 <-- 576.170654 s
currentSize : 36 <-- 578.260437 s

maxsize : 36
nodes : 76243125.000000
filtered : 3677779004.000000
time : 578.679565


Display solution 

0 --> 8
1 --> 38
2 --> 2
4 --> 6
5 --> 4
6 --> 37
7 --> 33
8 --> 18
9 --> 28
10 --> 35
11 --> 15
12 --> 27
13 --> 22
14 --> 11
15 --> 34
16 --> 3
17 --> 10
18 --> 17
19 --> 25
20 --> 31
21 --> 26
22 --> 9
23 --> 12
24 --> 39
25 --> 5
26 --> 20
27 --> 1
28 --> 36
29 --> 0
30 --> 24
31 --> 21
33 --> 30
34 --> 32
37 --> 14
38 --> 16
39 --> 19
