Parameters: GAD=1 vflib=1 dir=0 label=0 lowerbound=1 fileNameGp=../../cp2016-max-common-connected-subgraph-paper/datasets/graphsdb/mcs90/bvg/b09/mcs90_b09_s50.A03 fileNameGt=../../cp2016-max-common-connected-subgraph-paper/datasets/graphsdb/mcs90/bvg/b09/mcs90_b09_s50.B03
Reading graphs...
50 :  224
50 :  222
Initializing...
maxdom : 50
D->valSize : 2500
Solving...
Blb : 2 (clique : 21)
currentSize : 21 <-- 0.085401 s
currentSize : 24 <-- 0.085694 s
currentSize : 26 <-- 0.085790 s
currentSize : 27 <-- 0.089706 s
currentSize : 28 <-- 0.089731 s
currentSize : 29 <-- 0.089880 s
currentSize : 30 <-- 0.094084 s
currentSize : 31 <-- 0.094982 s
currentSize : 32 <-- 0.095893 s
currentSize : 33 <-- 0.095951 s
currentSize : 34 <-- 0.097786 s
currentSize : 36 <-- 0.097826 s
currentSize : 37 <-- 0.113933 s
currentSize : 38 <-- 0.114227 s
currentSize : 40 <-- 0.593349 s
currentSize : 44 <-- 0.655501 s

maxsize : 44
nodes : 269395.000000
filtered : 26631967.000000
time : 3.452716


Display solution 

0 --> 37
3 --> 16
4 --> 8
5 --> 15
6 --> 1
7 --> 21
8 --> 0
9 --> 13
10 --> 43
11 --> 27
12 --> 3
13 --> 48
14 --> 32
15 --> 12
16 --> 40
17 --> 28
19 --> 44
21 --> 49
22 --> 23
24 --> 30
25 --> 7
26 --> 19
27 --> 38
28 --> 24
29 --> 4
30 --> 20
31 --> 2
32 --> 46
34 --> 5
35 --> 17
36 --> 34
37 --> 39
38 --> 31
39 --> 18
40 --> 11
41 --> 26
42 --> 9
43 --> 6
44 --> 33
45 --> 22
46 --> 14
47 --> 10
48 --> 45
49 --> 25
