Parameters: GAD=1 vflib=1 dir=0 label=0 lowerbound=1 fileNameGp=../../cp2016-max-common-connected-subgraph-paper/datasets/graphsdb/mcs90/bvg/b09/mcs90_b09_s40.A02 fileNameGt=../../cp2016-max-common-connected-subgraph-paper/datasets/graphsdb/mcs90/bvg/b09/mcs90_b09_s40.B02
Reading graphs...
40 :  179
40 :  180
Initializing...
maxdom : 40
D->valSize : 1600
Solving...
Blb : 2 (clique : 16)
currentSize : 16 <-- 0.031590 s
currentSize : 17 <-- 0.034599 s
currentSize : 18 <-- 0.073853 s
currentSize : 19 <-- 0.074803 s
currentSize : 20 <-- 0.120372 s
currentSize : 22 <-- 0.258336 s
currentSize : 23 <-- 2.792051 s
currentSize : 24 <-- 3.257222 s
currentSize : 25 <-- 3.257254 s
currentSize : 27 <-- 3.259495 s
currentSize : 28 <-- 3.261311 s
currentSize : 29 <-- 3.264209 s
currentSize : 32 <-- 3.264290 s
currentSize : 33 <-- 3.264851 s
currentSize : 34 <-- 3.264920 s
currentSize : 36 <-- 3.265038 s

maxsize : 36
nodes : 640246.000000
filtered : 21838822.000000
time : 3.592697


Display solution 

0 --> 33
1 --> 0
2 --> 14
3 --> 3
4 --> 1
5 --> 22
7 --> 34
8 --> 35
9 --> 27
10 --> 10
11 --> 38
12 --> 13
13 --> 25
14 --> 5
15 --> 4
16 --> 30
17 --> 39
18 --> 6
20 --> 8
21 --> 17
22 --> 19
23 --> 9
24 --> 31
25 --> 11
28 --> 21
29 --> 2
30 --> 24
31 --> 26
32 --> 15
33 --> 37
34 --> 16
35 --> 7
36 --> 36
37 --> 29
38 --> 18
39 --> 23
