Parameters: GAD=1 vflib=1 dir=0 label=0 lowerbound=1 fileNameGp=../../cp2016-max-common-connected-subgraph-paper/datasets/graphsdb/mcs90/bvg/b09/mcs90_b09_s30.A04 fileNameGt=../../cp2016-max-common-connected-subgraph-paper/datasets/graphsdb/mcs90/bvg/b09/mcs90_b09_s30.B04
Reading graphs...
30 :  135
30 :  135
Initializing...
maxdom : 30
D->valSize : 900
Solving...
Blb : 3 (clique : 13)
currentSize : 13 <-- 0.010411 s
currentSize : 14 <-- 0.015314 s
currentSize : 15 <-- 0.038587 s
currentSize : 16 <-- 0.038651 s
currentSize : 17 <-- 0.038768 s
currentSize : 18 <-- 0.038918 s
currentSize : 19 <-- 0.039103 s
currentSize : 22 <-- 0.039461 s
currentSize : 23 <-- 0.039937 s
currentSize : 26 <-- 0.046150 s

maxsize : 26
nodes : 29897.000000
filtered : 1160981.000000
time : 0.171427


Display solution 

0 --> 10
1 --> 13
3 --> 15
4 --> 5
5 --> 27
6 --> 6
7 --> 26
8 --> 1
9 --> 11
10 --> 22
11 --> 17
12 --> 16
13 --> 7
14 --> 20
15 --> 19
16 --> 14
18 --> 8
19 --> 21
20 --> 4
21 --> 24
23 --> 0
24 --> 9
25 --> 18
26 --> 3
28 --> 12
29 --> 28
