Parameters: GAD=1 vflib=1 dir=0 label=0 lowerbound=1 fileNameGp=../../cp2016-max-common-connected-subgraph-paper/datasets/graphsdb/mcs90/bvg/b09/mcs90_b09_s40.A08 fileNameGt=../../cp2016-max-common-connected-subgraph-paper/datasets/graphsdb/mcs90/bvg/b09/mcs90_b09_s40.B08
Reading graphs...
40 :  179
40 :  179
Initializing...
maxdom : 40
D->valSize : 1600
Solving...
Blb : 2 (clique : 14)
currentSize : 14 <-- 0.031379 s
currentSize : 16 <-- 0.031598 s
currentSize : 17 <-- 0.031716 s
currentSize : 18 <-- 0.032554 s
currentSize : 19 <-- 0.040166 s
currentSize : 21 <-- 0.044511 s
currentSize : 22 <-- 0.050693 s
currentSize : 23 <-- 0.053028 s
currentSize : 24 <-- 0.054405 s
currentSize : 25 <-- 0.054822 s
currentSize : 26 <-- 0.060057 s
currentSize : 27 <-- 0.062525 s
currentSize : 29 <-- 0.081247 s
currentSize : 32 <-- 0.100587 s
currentSize : 36 <-- 0.107442 s

maxsize : 36
nodes : 54303.000000
filtered : 4110323.000000
time : 0.511950


Display solution 

0 --> 32
1 --> 9
2 --> 17
3 --> 22
4 --> 20
5 --> 0
6 --> 3
7 --> 10
9 --> 36
10 --> 1
11 --> 18
12 --> 29
13 --> 39
14 --> 38
15 --> 14
16 --> 23
17 --> 6
18 --> 8
19 --> 12
20 --> 24
21 --> 16
23 --> 4
24 --> 25
25 --> 26
26 --> 11
27 --> 33
28 --> 15
29 --> 27
32 --> 2
33 --> 19
34 --> 7
35 --> 21
36 --> 35
37 --> 30
38 --> 37
39 --> 28
