Parameters: GAD=1 vflib=1 dir=0 label=0 lowerbound=1 fileNameGp=../../cp2016-max-common-connected-subgraph-paper/datasets/graphsdb/mcs90/m2D/m2D/mcs90_m2D_s40.A01 fileNameGt=../../cp2016-max-common-connected-subgraph-paper/datasets/graphsdb/mcs90/m2D/m2D/mcs90_m2D_s40.B01
Reading graphs...
40 :  67
40 :  67
Initializing...
maxdom : 40
D->valSize : 1600
Solving...
Blb : 2 (clique : 28)
currentSize : 28 <-- 0.046365 s
currentSize : 29 <-- 0.780093 s
currentSize : 30 <-- 1.826624 s
currentSize : 32 <-- 9.969825 s
currentSize : 33 <-- 10.515468 s
currentSize : 36 <-- 13.376757 s

maxsize : 36
nodes : 2010226.000000
filtered : 85409714.000000
time : 13.849645


Display solution 

0 --> 30
1 --> 31
2 --> 6
3 --> 25
4 --> 38
5 --> 35
6 --> 36
7 --> 10
8 --> 3
9 --> 28
10 --> 15
11 --> 34
12 --> 37
13 --> 16
14 --> 33
15 --> 8
16 --> 4
18 --> 1
19 --> 24
20 --> 22
22 --> 0
23 --> 18
24 --> 27
25 --> 23
26 --> 19
28 --> 7
29 --> 9
31 --> 32
32 --> 5
33 --> 12
34 --> 39
35 --> 2
36 --> 11
37 --> 13
38 --> 29
39 --> 21
