Parameters: GAD=1 vflib=1 dir=0 label=0 lowerbound=1 fileNameGp=../../cp2016-max-common-connected-subgraph-paper/datasets/graphsdb/mcs90/m2D/m2Dr4/mcs90_m2Dr4_s40.A08 fileNameGt=../../cp2016-max-common-connected-subgraph-paper/datasets/graphsdb/mcs90/m2D/m2Dr4/mcs90_m2Dr4_s40.B08
Reading graphs...
40 :  82
40 :  82
Initializing...
maxdom : 40
D->valSize : 1600
Solving...
Blb : 2 (clique : 23)
currentSize : 23 <-- 0.062481 s
currentSize : 24 <-- 0.064503 s
currentSize : 25 <-- 0.125481 s
currentSize : 26 <-- 3.775551 s
currentSize : 27 <-- 5.312799 s
currentSize : 28 <-- 975.048218 s
currentSize : 29 <-- 997.255920 s

TIMEOUT
maxsize : 29
nodes : 151537805.000000
filtered : 6652025820.000000
time : 1000.000000


Display solution 

0 --> 3
1 --> 9
2 --> 36
5 --> 31
6 --> 19
7 --> 25
8 --> 5
10 --> 2
12 --> 8
14 --> 13
15 --> 29
16 --> 18
18 --> 33
19 --> 0
20 --> 26
21 --> 23
23 --> 28
24 --> 38
25 --> 22
26 --> 30
27 --> 27
28 --> 24
29 --> 10
30 --> 39
32 --> 11
34 --> 6
36 --> 32
37 --> 7
38 --> 16
