Parameters: GAD=1 vflib=1 dir=0 label=0 lowerbound=1 fileNameGp=../../cp2016-max-common-connected-subgraph-paper/datasets/graphsdb/mcs90/m3D/m3Dr2/mcs90_m3Dr2_s30.A02 fileNameGt=../../cp2016-max-common-connected-subgraph-paper/datasets/graphsdb/mcs90/m3D/m3Dr2/mcs90_m3Dr2_s30.B02
Reading graphs...
30 :  67
30 :  66
Initializing...
maxdom : 30
D->valSize : 900
Solving...
Blb : 2 (clique : 17)
currentSize : 17 <-- 0.010708 s
currentSize : 18 <-- 0.115064 s
currentSize : 19 <-- 3.265038 s
currentSize : 20 <-- 6.455363 s
currentSize : 21 <-- 10.183244 s
currentSize : 22 <-- 10.330302 s
currentSize : 23 <-- 10.867265 s
currentSize : 25 <-- 10.898343 s
currentSize : 27 <-- 10.929200 s

maxsize : 27
nodes : 2846704.000000
filtered : 47634407.000000
time : 10.974359


Display solution 

0 --> 6
1 --> 2
2 --> 12
3 --> 19
4 --> 9
5 --> 25
7 --> 14
8 --> 20
9 --> 3
10 --> 1
11 --> 29
12 --> 22
13 --> 5
14 --> 10
15 --> 16
16 --> 18
17 --> 0
18 --> 15
20 --> 7
21 --> 11
22 --> 27
23 --> 21
24 --> 4
25 --> 26
26 --> 28
28 --> 13
29 --> 24
