Parameters: GAD=1 vflib=1 dir=0 label=0 lowerbound=1 fileNameGp=../../cp2016-max-common-connected-subgraph-paper/datasets/graphsdb/mcs90/rand/r02/mcs90_r02_s50.A07 fileNameGt=../../cp2016-max-common-connected-subgraph-paper/datasets/graphsdb/mcs90/rand/r02/mcs90_r02_s50.B07
Reading graphs...
50 :  444
50 :  440
Initializing...
maxdom : 50
D->valSize : 2500
Solving...
Blb : 2 (clique : 12)
currentSize : 12 <-- 0.074255 s
currentSize : 13 <-- 0.074661 s
currentSize : 14 <-- 0.075207 s
currentSize : 15 <-- 0.078939 s
currentSize : 16 <-- 0.095570 s
currentSize : 17 <-- 1.463772 s
currentSize : 18 <-- 2.014034 s
currentSize : 19 <-- 2.021451 s
currentSize : 21 <-- 2.460258 s
currentSize : 22 <-- 251.899719 s
currentSize : 25 <-- 592.367920 s
currentSize : 31 <-- 907.804199 s
currentSize : 32 <-- 908.418762 s
currentSize : 45 <-- 908.646729 s

maxsize : 45
nodes : 168565371.000000
filtered : 3761177981.000000
time : 909.077942


Display solution 

0 --> 44
1 --> 31
2 --> 38
3 --> 28
5 --> 12
6 --> 11
7 --> 35
8 --> 20
9 --> 10
10 --> 5
11 --> 21
12 --> 2
13 --> 13
14 --> 16
16 --> 1
17 --> 42
18 --> 24
19 --> 29
20 --> 7
21 --> 46
22 --> 49
23 --> 8
24 --> 17
25 --> 19
26 --> 6
27 --> 25
28 --> 33
29 --> 41
30 --> 39
31 --> 18
32 --> 40
33 --> 9
34 --> 15
35 --> 26
36 --> 14
38 --> 45
39 --> 47
40 --> 30
42 --> 43
43 --> 3
44 --> 27
45 --> 34
47 --> 48
48 --> 4
49 --> 36
