Parameters: GAD=1 vflib=1 dir=0 label=0 lowerbound=1 fileNameGp=../../cp2016-max-common-connected-subgraph-paper/datasets/graphsdb/mcs90/rand/r01/mcs90_r01_s30.A00 fileNameGt=../../cp2016-max-common-connected-subgraph-paper/datasets/graphsdb/mcs90/rand/r01/mcs90_r01_s30.B00
Reading graphs...
30 :  84
30 :  84
Initializing...
maxdom : 30
D->valSize : 900
Solving...
Blb : 2 (clique : 15)
currentSize : 15 <-- 0.010437 s
currentSize : 16 <-- 0.012466 s
currentSize : 17 <-- 0.050140 s
currentSize : 18 <-- 4.536206 s
currentSize : 19 <-- 11.465160 s
currentSize : 20 <-- 11.487370 s
currentSize : 22 <-- 11.979548 s
currentSize : 23 <-- 12.416007 s
currentSize : 24 <-- 12.565859 s
currentSize : 26 <-- 12.573618 s
currentSize : 27 <-- 12.573649 s

maxsize : 27
nodes : 3000073.000000
filtered : 62633576.000000
time : 12.579153


Display solution 

1 --> 22
2 --> 18
3 --> 4
4 --> 1
5 --> 2
6 --> 29
7 --> 13
8 --> 27
9 --> 14
10 --> 3
11 --> 28
12 --> 16
13 --> 15
14 --> 26
15 --> 12
16 --> 9
19 --> 10
20 --> 7
21 --> 25
22 --> 6
23 --> 17
24 --> 0
25 --> 11
26 --> 5
27 --> 24
28 --> 23
29 --> 20
