Parameters: GAD=1 vflib=1 dir=0 label=0 lowerbound=1 fileNameGp=../../cp2016-max-common-connected-subgraph-paper/datasets/graphsdb/mcs90/bvg/b09/mcs90_b09_s40.A06 fileNameGt=../../cp2016-max-common-connected-subgraph-paper/datasets/graphsdb/mcs90/bvg/b09/mcs90_b09_s40.B06
Reading graphs...
40 :  180
40 :  179
Initializing...
maxdom : 40
D->valSize : 1600
Solving...
Blb : 2 (clique : 15)
currentSize : 15 <-- 0.031180 s
currentSize : 16 <-- 0.031356 s
currentSize : 17 <-- 0.031940 s
currentSize : 18 <-- 0.097604 s
currentSize : 19 <-- 0.383089 s
currentSize : 20 <-- 1.284333 s
currentSize : 21 <-- 1.496559 s
currentSize : 22 <-- 1.673885 s
currentSize : 23 <-- 2.255667 s
currentSize : 25 <-- 2.321258 s
currentSize : 28 <-- 2.321486 s
currentSize : 32 <-- 2.321604 s
currentSize : 33 <-- 2.325893 s
currentSize : 36 <-- 2.326078 s

maxsize : 36
nodes : 579403.000000
filtered : 12961643.000000
time : 2.736547


Display solution 

0 --> 5
1 --> 26
2 --> 16
3 --> 27
4 --> 25
5 --> 29
7 --> 24
8 --> 0
9 --> 32
10 --> 21
11 --> 23
12 --> 10
13 --> 31
14 --> 33
15 --> 37
16 --> 8
17 --> 13
18 --> 3
19 --> 39
20 --> 11
22 --> 6
23 --> 14
24 --> 7
25 --> 12
26 --> 28
28 --> 34
29 --> 19
30 --> 2
31 --> 35
32 --> 30
33 --> 17
34 --> 9
35 --> 1
37 --> 22
38 --> 36
39 --> 4
