Parameters: GAD=1 vflib=1 dir=0 label=0 lowerbound=1 fileNameGp=../../cp2016-max-common-connected-subgraph-paper/datasets/graphsdb/mcs90/bvg/b09/mcs90_b09_s40.A03 fileNameGt=../../cp2016-max-common-connected-subgraph-paper/datasets/graphsdb/mcs90/bvg/b09/mcs90_b09_s40.B03
Reading graphs...
40 :  180
40 :  180
Initializing...
maxdom : 40
D->valSize : 1600
Solving...
Blb : 2 (clique : 17)
currentSize : 17 <-- 0.031355 s
currentSize : 18 <-- 0.031527 s
currentSize : 19 <-- 0.032294 s
currentSize : 20 <-- 0.032316 s
currentSize : 21 <-- 0.097619 s
currentSize : 22 <-- 0.098912 s
currentSize : 23 <-- 0.302375 s
currentSize : 25 <-- 0.375723 s
currentSize : 32 <-- 0.376273 s
currentSize : 36 <-- 0.416043 s

maxsize : 36
nodes : 119011.000000
filtered : 4677489.000000
time : 0.753301


Display solution 

0 --> 8
1 --> 22
2 --> 2
3 --> 14
4 --> 25
5 --> 20
6 --> 1
7 --> 9
9 --> 28
11 --> 31
12 --> 30
13 --> 0
14 --> 7
15 --> 10
16 --> 39
17 --> 13
18 --> 36
20 --> 33
21 --> 32
22 --> 26
23 --> 23
24 --> 12
25 --> 24
26 --> 38
27 --> 21
28 --> 18
29 --> 3
30 --> 4
31 --> 15
32 --> 34
33 --> 29
35 --> 27
36 --> 16
37 --> 37
38 --> 11
39 --> 5
